Log file open, 12/30/21 09:11:32
LogInit: Display: Running engine for game: UnrealCppProject2
LogPlatformFile: Not using cached read wrapper
LogTaskGraph: Started task graph with 5 named threads and 20 total threads with 3 sets of task threads.
LogStats: Stats thread started at 0.171713
LogD3D11RHI: Loaded GFSDK_Aftermath_Lib.x64.dll
LogICUInternationalization: ICU TimeZone Detection - Raw Offset: +9:00, Platform Override: ''
LogPluginManager: Mounting plugin Paper2D
LogPluginManager: Mounting plugin AISupport
LogPluginManager: Mounting plugin LightPropagationVolume
LogPluginManager: Mounting plugin CameraShakePreviewer
LogPluginManager: Mounting plugin ActorLayerUtilities
LogPluginManager: Mounting plugin AnimationSharing
LogPluginManager: Mounting plugin CLionSourceCodeAccess
LogPluginManager: Mounting plugin CodeLiteSourceCodeAccess
LogPluginManager: Mounting plugin GitSourceControl
LogPluginManager: Mounting plugin KDevelopSourceCodeAccess
LogPluginManager: Mounting plugin NullSourceCodeAccess
LogPluginManager: Mounting plugin PerforceSourceControl
LogPluginManager: Mounting plugin PlasticSourceControl
LogPluginManager: Mounting plugin RiderSourceCodeAccess
LogPluginManager: Mounting plugin SubversionSourceControl
LogPluginManager: Mounting plugin UObjectPlugin
LogPluginManager: Mounting plugin VisualStudioCodeSourceCodeAccess
LogPluginManager: Mounting plugin VisualStudioSourceCodeAccess
LogPluginManager: Mounting plugin XCodeSourceCodeAccess
LogPluginManager: Mounting plugin AssetManagerEditor
LogPluginManager: Mounting plugin CryptoKeys
LogPluginManager: Mounting plugin CurveEditorTools
LogPluginManager: Mounting plugin DataValidation
LogPluginManager: Mounting plugin EditorScriptingUtilities
LogPluginManager: Mounting plugin FacialAnimation
LogPluginManager: Mounting plugin GameplayTagsEditor
LogPluginManager: Mounting plugin GeometryMode
LogPluginManager: Mounting plugin MacGraphicsSwitching
LogPluginManager: Mounting plugin MaterialAnalyzer
LogPluginManager: Mounting plugin MobileLauncherProfileWizard
LogPluginManager: Mounting plugin PluginBrowser
LogPluginManager: Mounting plugin SpeedTreeImporter
LogPluginManager: Mounting plugin DatasmithContent
LogPluginManager: Mounting plugin VariantManagerContent
LogPluginManager: Mounting plugin AlembicImporter
LogPluginManager: Mounting plugin AutomationUtils
LogPluginManager: Mounting plugin BackChannel
LogPluginManager: Mounting plugin ChaosCloth
LogPluginManager: Mounting plugin ChaosClothEditor
LogPluginManager: Mounting plugin ChaosEditor
LogPluginManager: Mounting plugin ChaosNiagara
LogPluginManager: Mounting plugin ChaosSolverPlugin
LogPluginManager: Mounting plugin CharacterAI
LogPluginManager: Mounting plugin GeometryCache
LogPluginManager: Mounting plugin GeometryCollectionPlugin
LogPluginManager: Mounting plugin GeometryProcessing
LogPluginManager: Mounting plugin PlanarCut
LogPluginManager: Mounting plugin PlatformCrypto
LogPluginManager: Mounting plugin ProxyLODPlugin
LogPluginManager: Mounting plugin PythonScriptPlugin
LogPluginManager: Mounting plugin SkeletalReduction
LogPluginManager: Mounting plugin Niagara
LogPluginManager: Mounting plugin MagicLeap
LogPluginManager: Mounting plugin MagicLeapLightEstimation
LogPluginManager: Mounting plugin MagicLeapMedia
LogPluginManager: Mounting plugin MagicLeapPassableWorld
LogPluginManager: Mounting plugin MLSDK
LogPluginManager: Mounting plugin AndroidMedia
LogPluginManager: Mounting plugin AvfMedia
LogPluginManager: Mounting plugin ImgMedia
LogPluginManager: Mounting plugin MediaCompositing
LogPluginManager: Mounting plugin MediaPlayerEditor
LogPluginManager: Mounting plugin WebMMedia
LogPluginManager: Mounting plugin WmfMedia
LogPluginManager: Mounting plugin MegascansPlugin
LogPluginManager: Mounting plugin MeshPainting
LogPluginManager: Mounting plugin TcpMessaging
LogPluginManager: Mounting plugin UdpMessaging
LogPluginManager: Mounting plugin ActorSequence
LogPluginManager: Mounting plugin LevelSequenceEditor
LogPluginManager: Mounting plugin MatineeToLevelSequence
LogPluginManager: Mounting plugin MovieRenderPipeline
LogPluginManager: Mounting plugin TemplateSequence
LogPluginManager: Mounting plugin NetcodeUnitTest
LogPluginManager: Mounting plugin NUTUnrealEngine4
LogPluginManager: Mounting plugin OnlineSubsystemGooglePlay
LogPluginManager: Mounting plugin OnlineSubsystemIOS
LogPluginManager: Mounting plugin OnlineSubsystem
LogPluginManager: Mounting plugin OnlineSubsystemNull
LogPluginManager: Mounting plugin OnlineSubsystemUtils
LogPluginManager: Mounting plugin LauncherChunkInstaller
LogPluginManager: Mounting plugin AndroidDeviceProfileSelector
LogPluginManager: Mounting plugin AndroidMoviePlayer
LogPluginManager: Mounting plugin AndroidPermission
LogPluginManager: Mounting plugin AppleImageUtils
LogPluginManager: Mounting plugin AppleMoviePlayer
LogPluginManager: Mounting plugin ArchVisCharacter
LogPluginManager: Mounting plugin AssetTags
LogPluginManager: Mounting plugin AudioCapture
LogPluginManager: Mounting plugin CableComponent
LogPluginManager: Mounting plugin CustomMeshComponent
LogPluginManager: Mounting plugin DatabaseSupport
LogPluginManager: Mounting plugin SQLiteCore
LogPluginManager: Mounting plugin SQLiteSupport
LogPluginManager: Mounting plugin EditableMesh
LogPluginManager: Mounting plugin ExampleDeviceProfileSelector
LogPluginManager: Mounting plugin GoogleCloudMessaging
LogPluginManager: Mounting plugin GooglePAD
LogPluginManager: Mounting plugin IOSDeviceProfileSelector
LogPluginManager: Mounting plugin LinuxDeviceProfileSelector
LogPluginManager: Mounting plugin LocationServicesBPLibrary
LogPluginManager: Mounting plugin MobilePatchingUtils
LogPluginManager: Mounting plugin OculusVR
LogPluginManager: Mounting plugin PhysXVehicles
LogPluginManager: Mounting plugin PostSplashScreen
LogPluginManager: Mounting plugin ProceduralMeshComponent
LogPluginManager: Mounting plugin RuntimePhysXCooking
LogPluginManager: Mounting plugin SignificanceManager
LogPluginManager: Mounting plugin SoundFields
LogPluginManager: Mounting plugin SteamVR
LogPluginManager: Mounting plugin Synthesis
LogPluginManager: Mounting plugin WebMMoviePlayer
LogPluginManager: Mounting plugin WindowsMoviePlayer
LogPluginManager: Mounting plugin ScreenshotTools
LogInit: Using libcurl 7.55.1-DEV
LogInit:  - built for x86_64-pc-win32
LogInit:  - supports SSL with OpenSSL/1.1.1
LogInit:  - supports HTTP deflate (compression) using libz 1.2.8
LogInit:  - other features:
LogInit:      CURL_VERSION_SSL
LogInit:      CURL_VERSION_LIBZ
LogInit:      CURL_VERSION_IPV6
LogInit:      CURL_VERSION_ASYNCHDNS
LogInit:      CURL_VERSION_LARGEFILE
LogInit:      CURL_VERSION_IDN
LogInit:  CurlRequestOptions (configurable via config and command line):
LogInit:  - bVerifyPeer = true  - Libcurl will verify peer certificate
LogInit:  - bUseHttpProxy = false  - Libcurl will NOT use HTTP proxy
LogInit:  - bDontReuseConnections = false  - Libcurl will reuse connections
LogInit:  - MaxHostConnections = 16  - Libcurl will limit the number of connections to a host
LogInit:  - LocalHostAddr = Default
LogInit:  - BufferSize = 65536
LogOnline: OSS: Creating online subsystem instance for: NULL
LogInit: WinSock: version 1.1 (2.2), MaxSocks=32767, MaxUdp=65467
LogOnline: OSS: TryLoadSubsystemAndSetDefault: Loaded subsystem for module [NULL]
LogInit: Build: ++UE4+Release-4.25-CL-14469661
LogInit: Engine Version: 4.25.4-14469661+++UE4+Release-4.25
LogInit: Compatible Engine Version: 4.25.0-13144385+++UE4+Release-4.25
LogInit: Net CL: 13144385
LogInit: OS: Windows 10 (Release 2009) (), CPU: AMD Ryzen 5 3500 6-Core Processor              , GPU: NVIDIA GeForce GTX 1070
LogInit: Compiled (64-bit): Oct 11 2020 08:10:49
LogInit: Compiled with Visual C++: 19.24.28315.00
LogInit: Build Configuration: Development
LogInit: Branch Name: ++UE4+Release-4.25
LogInit: Command Line: 
LogInit: Base Directory: D:/Epic Games/UE_4.25/Engine/Binaries/Win64/
LogInit: Allocator: TBB
LogInit: Installed Engine Build: 1
LogDevObjectVersion: Number of dev versions registered: 26
LogDevObjectVersion:   Dev-Blueprints (B0D832E4-1F89-4F0D-ACCF-7EB736FD4AA2): 10
LogDevObjectVersion:   Dev-Build (E1C64328-A22C-4D53-A36C-8E866417BD8C): 0
LogDevObjectVersion:   Dev-Core (375EC13C-06E4-48FB-B500-84F0262A717E): 4
LogDevObjectVersion:   Dev-Editor (E4B068ED-F494-42E9-A231-DA0B2E46BB41): 38
LogDevObjectVersion:   Dev-Framework (CFFC743F-43B0-4480-9391-14DF171D2073): 37
LogDevObjectVersion:   Dev-Mobile (B02B49B5-BB20-44E9-A304-32B752E40360): 2
LogDevObjectVersion:   Dev-Networking (A4E4105C-59A1-49B5-A7C5-40C4547EDFEE): 0
LogDevObjectVersion:   Dev-Online (39C831C9-5AE6-47DC-9A44-9C173E1C8E7C): 0
LogDevObjectVersion:   Dev-Physics (78F01B33-EBEA-4F98-B9B4-84EACCB95AA2): 4
LogDevObjectVersion:   Dev-Platform (6631380F-2D4D-43E0-8009-CF276956A95A): 0
LogDevObjectVersion:   Dev-Rendering (12F88B9F-8875-4AFC-A67C-D90C383ABD29): 43
LogDevObjectVersion:   Dev-Sequencer (7B5AE74C-D270-4C10-A958-57980B212A5A): 12
LogDevObjectVersion:   Dev-VR (D7296918-1DD6-4BDD-9DE2-64A83CC13884): 3
LogDevObjectVersion:   Dev-LoadTimes (C2A15278-BFE7-4AFE-6C17-90FF531DF755): 1
LogDevObjectVersion:   Private-Geometry (6EACA3D4-40EC-4CC1-B786-8BED09428FC5): 3
LogDevObjectVersion:   Dev-AnimPhys (29E575DD-E0A3-4627-9D10-D276232CDCEA): 17
LogDevObjectVersion:   Dev-Anim (AF43A65D-7FD3-4947-9873-3E8ED9C1BB05): 7
LogDevObjectVersion:   Dev-ReflectionCapture (6B266CEC-1EC7-4B8F-A30B-E4D90942FC07): 1
LogDevObjectVersion:   Dev-Automation (0DF73D61-A23F-47EA-B727-89E90C41499A): 1
LogDevObjectVersion:   FortniteMain (601D1886-AC64-4F84-AA16-D3DE0DEAC7D6): 31
LogDevObjectVersion:   Dev-Enterprise (9DFFBCD6-494F-0158-E221-12823C92A888): 10
LogDevObjectVersion:   Dev-Niagara (F2AED0AC-9AFE-416F-8664-AA7FFA26D6FC): 1
LogDevObjectVersion:   Dev-Destruction (174F1F0B-B4C6-45A5-B13F-2EE8D0FB917D): 10
LogDevObjectVersion:   Dev-Physics-Ext (35F94A83-E258-406C-A318-09F59610247C): 37
LogDevObjectVersion:   Dev-PhysicsMaterial-Chaos (B68FC16E-8B1B-42E2-B453-215C058844FE): 1
LogDevObjectVersion:   Dev-CineCamera (B2E18506-4273-CFC2-A54E-F4BB758BBA07): 1
LogInit: Presizing for max 25165824 objects, including 0 objects not considered by GC, pre-allocating 0 bytes for permanent pool.
LogConfig: Applying CVar settings from Section [/Script/Engine.StreamingSettings] File [D:/Github/GitHub/UnrealEngineProject/UnrealCppProject2/Saved/Config/Windows/Engine.ini]
LogConfig: Setting CVar [[s.MinBulkDataSizeForAsyncLoading:131072]]
LogConfig: Setting CVar [[s.AsyncLoadingThreadEnabled:0]]
LogConfig: Setting CVar [[s.EventDrivenLoaderEnabled:1]]
LogConfig: Setting CVar [[s.WarnIfTimeLimitExceeded:0]]
LogConfig: Setting CVar [[s.TimeLimitExceededMultiplier:1.5]]
LogConfig: Setting CVar [[s.TimeLimitExceededMinTime:0.005]]
LogConfig: Setting CVar [[s.UseBackgroundLevelStreaming:1]]
LogConfig: Setting CVar [[s.PriorityAsyncLoadingExtraTime:15.0]]
LogConfig: Setting CVar [[s.LevelStreamingActorsUpdateTimeLimit:5.0]]
LogConfig: Setting CVar [[s.PriorityLevelStreamingActorsUpdateExtraTime:5.0]]
LogConfig: Setting CVar [[s.LevelStreamingComponentsRegistrationGranularity:10]]
LogConfig: Setting CVar [[s.UnregisterComponentsTimeLimit:1.0]]
LogConfig: Setting CVar [[s.LevelStreamingComponentsUnregistrationGranularity:5]]
LogConfig: Setting CVar [[s.FlushStreamingOnExit:1]]
LogInit: Object subsystem initialized
LogConfig: Setting CVar [[con.DebugEarlyDefault:1]]
LogConfig: Setting CVar [[r.setres:1280x720]]
[2021.12.30-00.11.33:155][  0]LogConfig: Setting CVar [[r.VSync:0]]
[2021.12.30-00.11.33:155][  0]LogConfig: Setting CVar [[r.RHICmdBypass:0]]
[2021.12.30-00.11.33:155][  0]LogConfig: Applying CVar settings from Section [/Script/Engine.RendererSettings] File [D:/Github/GitHub/UnrealEngineProject/UnrealCppProject2/Saved/Config/Windows/Engine.ini]
[2021.12.30-00.11.33:155][  0]LogConfig: Setting CVar [[r.GPUCrashDebugging:0]]
[2021.12.30-00.11.33:155][  0]LogConfig: Applying CVar settings from Section [/Script/Engine.RendererOverrideSettings] File [D:/Github/GitHub/UnrealEngineProject/UnrealCppProject2/Saved/Config/Windows/Engine.ini]
[2021.12.30-00.11.33:155][  0]LogConfig: Applying CVar settings from Section [/Script/Engine.StreamingSettings] File [D:/Github/GitHub/UnrealEngineProject/UnrealCppProject2/Saved/Config/Windows/Engine.ini]
[2021.12.30-00.11.33:155][  0]LogConfig: Setting CVar [[s.MinBulkDataSizeForAsyncLoading:131072]]
[2021.12.30-00.11.33:155][  0]LogConfig: Setting CVar [[s.AsyncLoadingThreadEnabled:0]]
[2021.12.30-00.11.33:155][  0]LogConfig: Setting CVar [[s.EventDrivenLoaderEnabled:1]]
[2021.12.30-00.11.33:155][  0]LogConfig: Setting CVar [[s.WarnIfTimeLimitExceeded:0]]
[2021.12.30-00.11.33:155][  0]LogConfig: Setting CVar [[s.TimeLimitExceededMultiplier:1.5]]
[2021.12.30-00.11.33:156][  0]LogConfig: Setting CVar [[s.TimeLimitExceededMinTime:0.005]]
[2021.12.30-00.11.33:156][  0]LogConfig: Setting CVar [[s.UseBackgroundLevelStreaming:1]]
[2021.12.30-00.11.33:156][  0]LogConfig: Setting CVar [[s.PriorityAsyncLoadingExtraTime:15.0]]
[2021.12.30-00.11.33:156][  0]LogConfig: Setting CVar [[s.LevelStreamingActorsUpdateTimeLimit:5.0]]
[2021.12.30-00.11.33:156][  0]LogConfig: Setting CVar [[s.PriorityLevelStreamingActorsUpdateExtraTime:5.0]]
[2021.12.30-00.11.33:156][  0]LogConfig: Setting CVar [[s.LevelStreamingComponentsRegistrationGranularity:10]]
[2021.12.30-00.11.33:156][  0]LogConfig: Setting CVar [[s.UnregisterComponentsTimeLimit:1.0]]
[2021.12.30-00.11.33:156][  0]LogConfig: Setting CVar [[s.LevelStreamingComponentsUnregistrationGranularity:5]]
[2021.12.30-00.11.33:156][  0]LogConfig: Setting CVar [[s.FlushStreamingOnExit:1]]
[2021.12.30-00.11.33:156][  0]LogConfig: Applying CVar settings from Section [/Script/Engine.GarbageCollectionSettings] File [D:/Github/GitHub/UnrealEngineProject/UnrealCppProject2/Saved/Config/Windows/Engine.ini]
[2021.12.30-00.11.33:156][  0]LogConfig: Setting CVar [[gc.MaxObjectsNotConsideredByGC:1]]
[2021.12.30-00.11.33:156][  0]LogConfig: Setting CVar [[gc.SizeOfPermanentObjectPool:0]]
[2021.12.30-00.11.33:156][  0]LogConfig: Setting CVar [[gc.FlushStreamingOnGC:0]]
[2021.12.30-00.11.33:156][  0]LogConfig: Setting CVar [[gc.NumRetriesBeforeForcingGC:10]]
[2021.12.30-00.11.33:156][  0]LogConfig: Setting CVar [[gc.AllowParallelGC:1]]
[2021.12.30-00.11.33:156][  0]LogConfig: Setting CVar [[gc.TimeBetweenPurgingPendingKillObjects:61.1]]
[2021.12.30-00.11.33:156][  0]LogConfig: Setting CVar [[gc.MaxObjectsInEditor:25165824]]
[2021.12.30-00.11.33:156][  0]LogConfig: Setting CVar [[gc.IncrementalBeginDestroyEnabled:1]]
[2021.12.30-00.11.33:156][  0]LogConfig: Setting CVar [[gc.CreateGCClusters:1]]
[2021.12.30-00.11.33:156][  0]LogConfig: Setting CVar [[gc.MinGCClusterSize:5]]
[2021.12.30-00.11.33:156][  0]LogConfig: Setting CVar [[gc.ActorClusteringEnabled:0]]
[2021.12.30-00.11.33:156][  0]LogConfig: Setting CVar [[gc.BlueprintClusteringEnabled:0]]
[2021.12.30-00.11.33:156][  0]LogConfig: Setting CVar [[gc.UseDisregardForGCOnDedicatedServers:0]]
[2021.12.30-00.11.33:156][  0]LogConfig: Applying CVar settings from Section [/Script/Engine.NetworkSettings] File [D:/Github/GitHub/UnrealEngineProject/UnrealCppProject2/Saved/Config/Windows/Engine.ini]
[2021.12.30-00.11.33:156][  0]LogConfig: Applying CVar settings from Section [/Script/UnrealEd.CookerSettings] File [D:/Github/GitHub/UnrealEngineProject/UnrealCppProject2/Saved/Config/Windows/Engine.ini]
[2021.12.30-00.11.33:158][  0]LogConfig: Applying CVar settings from Section [ViewDistanceQuality@3] File [D:/Github/GitHub/UnrealEngineProject/UnrealCppProject2/Saved/Config/Windows/Scalability.ini]
[2021.12.30-00.11.33:158][  0]LogConfig: Setting CVar [[r.SkeletalMeshLODBias:0]]
[2021.12.30-00.11.33:158][  0]LogConfig: Setting CVar [[r.ViewDistanceScale:1.0]]
[2021.12.30-00.11.33:158][  0]LogConfig: Applying CVar settings from Section [AntiAliasingQuality@3] File [D:/Github/GitHub/UnrealEngineProject/UnrealCppProject2/Saved/Config/Windows/Scalability.ini]
[2021.12.30-00.11.33:158][  0]LogConfig: Setting CVar [[r.PostProcessAAQuality:4]]
[2021.12.30-00.11.33:158][  0]LogConfig: Applying CVar settings from Section [ShadowQuality@3] File [D:/Github/GitHub/UnrealEngineProject/UnrealCppProject2/Saved/Config/Windows/Scalability.ini]
[2021.12.30-00.11.33:158][  0]LogConfig: Setting CVar [[r.LightFunctionQuality:1]]
[2021.12.30-00.11.33:158][  0]LogConfig: Setting CVar [[r.ShadowQuality:5]]
[2021.12.30-00.11.33:158][  0]LogConfig: Setting CVar [[r.Shadow.CSM.MaxCascades:10]]
[2021.12.30-00.11.33:158][  0]LogConfig: Setting CVar [[r.Shadow.MaxResolution:2048]]
[2021.12.30-00.11.33:158][  0]LogConfig: Setting CVar [[r.Shadow.MaxCSMResolution:2048]]
[2021.12.30-00.11.33:158][  0]LogConfig: Setting CVar [[r.Shadow.RadiusThreshold:0.01]]
[2021.12.30-00.11.33:158][  0]LogConfig: Setting CVar [[r.Shadow.DistanceScale:1.0]]
[2021.12.30-00.11.33:158][  0]LogConfig: Setting CVar [[r.Shadow.CSM.TransitionScale:1.0]]
[2021.12.30-00.11.33:158][  0]LogConfig: Setting CVar [[r.Shadow.PreShadowResolutionFactor:1.0]]
[2021.12.30-00.11.33:158][  0]LogConfig: Setting CVar [[r.DistanceFieldShadowing:1]]
[2021.12.30-00.11.33:158][  0]LogConfig: Setting CVar [[r.DistanceFieldAO:1]]
[2021.12.30-00.11.33:158][  0]LogConfig: Setting CVar [[r.AOQuality:2]]
[2021.12.30-00.11.33:158][  0]LogConfig: Setting CVar [[r.VolumetricFog:1]]
[2021.12.30-00.11.33:158][  0]LogConfig: Setting CVar [[r.VolumetricFog.GridPixelSize:8]]
[2021.12.30-00.11.33:158][  0]LogConfig: Setting CVar [[r.VolumetricFog.GridSizeZ:128]]
[2021.12.30-00.11.33:158][  0]LogConfig: Setting CVar [[r.VolumetricFog.HistoryMissSupersampleCount:4]]
[2021.12.30-00.11.33:158][  0]LogConfig: Setting CVar [[r.LightMaxDrawDistanceScale:1]]
[2021.12.30-00.11.33:158][  0]LogConfig: Setting CVar [[r.CapsuleShadows:1]]
[2021.12.30-00.11.33:158][  0]LogConfig: Applying CVar settings from Section [PostProcessQuality@3] File [D:/Github/GitHub/UnrealEngineProject/UnrealCppProject2/Saved/Config/Windows/Scalability.ini]
[2021.12.30-00.11.33:158][  0]LogConfig: Setting CVar [[r.MotionBlurQuality:4]]
[2021.12.30-00.11.33:158][  0]LogConfig: Setting CVar [[r.AmbientOcclusionMipLevelFactor:0.4]]
[2021.12.30-00.11.33:158][  0]LogConfig: Setting CVar [[r.AmbientOcclusionMaxQuality:100]]
[2021.12.30-00.11.33:158][  0]LogConfig: Setting CVar [[r.AmbientOcclusionLevels:-1]]
[2021.12.30-00.11.33:158][  0]LogConfig: Setting CVar [[r.AmbientOcclusionRadiusScale:1.0]]
[2021.12.30-00.11.33:158][  0]LogConfig: Setting CVar [[r.DepthOfFieldQuality:2]]
[2021.12.30-00.11.33:158][  0]LogConfig: Setting CVar [[r.RenderTargetPoolMin:400]]
[2021.12.30-00.11.33:158][  0]LogConfig: Setting CVar [[r.LensFlareQuality:2]]
[2021.12.30-00.11.33:158][  0]LogConfig: Setting CVar [[r.SceneColorFringeQuality:1]]
[2021.12.30-00.11.33:158][  0]LogConfig: Setting CVar [[r.EyeAdaptationQuality:2]]
[2021.12.30-00.11.33:158][  0]LogConfig: Setting CVar [[r.BloomQuality:5]]
[2021.12.30-00.11.33:158][  0]LogConfig: Setting CVar [[r.FastBlurThreshold:100]]
[2021.12.30-00.11.33:158][  0]LogConfig: Setting CVar [[r.Upscale.Quality:3]]
[2021.12.30-00.11.33:158][  0]LogConfig: Setting CVar [[r.Tonemapper.GrainQuantization:1]]
[2021.12.30-00.11.33:158][  0]LogConfig: Setting CVar [[r.LightShaftQuality:1]]
[2021.12.30-00.11.33:158][  0]LogConfig: Setting CVar [[r.Filter.SizeScale:1]]
[2021.12.30-00.11.33:158][  0]LogConfig: Setting CVar [[r.Tonemapper.Quality:5]]
[2021.12.30-00.11.33:158][  0]LogConfig: Setting CVar [[r.DOF.Gather.AccumulatorQuality:1        ; higher gathering accumulator quality]]
[2021.12.30-00.11.33:158][  0]LogConfig: Setting CVar [[r.DOF.Gather.PostfilterMethod:1          ; Median3x3 postfilering method]]
[2021.12.30-00.11.33:158][  0]LogConfig: Setting CVar [[r.DOF.Gather.EnableBokehSettings:0       ; no bokeh simulation when gathering]]
[2021.12.30-00.11.33:158][  0]LogConfig: Setting CVar [[r.DOF.Gather.RingCount:4                 ; medium number of samples when gathering]]
[2021.12.30-00.11.33:158][  0]LogConfig: Setting CVar [[r.DOF.Scatter.ForegroundCompositing:1    ; additive foreground scattering]]
[2021.12.30-00.11.33:158][  0]LogConfig: Setting CVar [[r.DOF.Scatter.BackgroundCompositing:2    ; additive background scattering]]
[2021.12.30-00.11.33:158][  0]LogConfig: Setting CVar [[r.DOF.Scatter.EnableBokehSettings:1      ; bokeh simulation when scattering]]
[2021.12.30-00.11.33:158][  0]LogConfig: Setting CVar [[r.DOF.Scatter.MaxSpriteRatio:0.1         ; only a maximum of 10% of scattered bokeh]]
[2021.12.30-00.11.33:158][  0]LogConfig: Setting CVar [[r.DOF.Recombine.Quality:1                ; cheap slight out of focus]]
[2021.12.30-00.11.33:158][  0]LogConfig: Setting CVar [[r.DOF.Recombine.EnableBokehSettings:0    ; no bokeh simulation on slight out of focus]]
[2021.12.30-00.11.33:158][  0]LogConfig: Setting CVar [[r.DOF.TemporalAAQuality:1                ; more stable temporal accumulation]]
[2021.12.30-00.11.33:158][  0]LogConfig: Setting CVar [[r.DOF.Kernel.MaxForegroundRadius:0.025]]
[2021.12.30-00.11.33:158][  0]LogConfig: Setting CVar [[r.DOF.Kernel.MaxBackgroundRadius:0.025]]
[2021.12.30-00.11.33:158][  0]LogConfig: Applying CVar settings from Section [TextureQuality@3] File [D:/Github/GitHub/UnrealEngineProject/UnrealCppProject2/Saved/Config/Windows/Scalability.ini]
[2021.12.30-00.11.33:158][  0]LogConfig: Setting CVar [[r.Streaming.MipBias:0]]
[2021.12.30-00.11.33:159][  0]LogConfig: Setting CVar [[r.Streaming.AmortizeCPUToGPUCopy:0]]
[2021.12.30-00.11.33:159][  0]LogConfig: Setting CVar [[r.Streaming.MaxNumTexturesToStreamPerFrame:0]]
[2021.12.30-00.11.33:159][  0]LogConfig: Setting CVar [[r.Streaming.Boost:1]]
[2021.12.30-00.11.33:159][  0]LogConfig: Setting CVar [[r.MaxAnisotropy:8]]
[2021.12.30-00.11.33:159][  0]LogConfig: Setting CVar [[r.VT.MaxAnisotropy:8]]
[2021.12.30-00.11.33:159][  0]LogConfig: Setting CVar [[r.Streaming.LimitPoolSizeToVRAM:0]]
[2021.12.30-00.11.33:159][  0]LogConfig: Setting CVar [[r.Streaming.PoolSize:1000]]
[2021.12.30-00.11.33:159][  0]LogConfig: Setting CVar [[r.Streaming.MaxEffectiveScreenSize:0]]
[2021.12.30-00.11.33:159][  0]LogConfig: Applying CVar settings from Section [EffectsQuality@3] File [D:/Github/GitHub/UnrealEngineProject/UnrealCppProject2/Saved/Config/Windows/Scalability.ini]
[2021.12.30-00.11.33:159][  0]LogConfig: Setting CVar [[r.TranslucencyLightingVolumeDim:64]]
[2021.12.30-00.11.33:159][  0]LogConfig: Setting CVar [[r.RefractionQuality:2]]
[2021.12.30-00.11.33:159][  0]LogConfig: Setting CVar [[r.SSR.Quality:3]]
[2021.12.30-00.11.33:159][  0]LogConfig: Setting CVar [[r.SSR.HalfResSceneColor:0]]
[2021.12.30-00.11.33:159][  0]LogConfig: Setting CVar [[r.SceneColorFormat:4]]
[2021.12.30-00.11.33:159][  0]LogConfig: Setting CVar [[r.DetailMode:2]]
[2021.12.30-00.11.33:159][  0]LogConfig: Setting CVar [[r.TranslucencyVolumeBlur:1]]
[2021.12.30-00.11.33:159][  0]LogConfig: Setting CVar [[r.MaterialQualityLevel:1 ; High quality]]
[2021.12.30-00.11.33:159][  0]LogConfig: Setting CVar [[r.SSS.Scale:1]]
[2021.12.30-00.11.33:159][  0]LogConfig: Setting CVar [[r.SSS.SampleSet:2]]
[2021.12.30-00.11.33:159][  0]LogConfig: Setting CVar [[r.SSS.Quality:1]]
[2021.12.30-00.11.33:159][  0]LogConfig: Setting CVar [[r.SSS.HalfRes:0]]
[2021.12.30-00.11.33:159][  0]LogConfig: Setting CVar [[r.SSGI.Quality:3]]
[2021.12.30-00.11.33:159][  0]LogConfig: Setting CVar [[r.EmitterSpawnRateScale:1.0]]
[2021.12.30-00.11.33:159][  0]LogConfig: Setting CVar [[r.ParticleLightQuality:2]]
[2021.12.30-00.11.33:159][  0]LogConfig: Setting CVar [[r.SkyAtmosphere.AerialPerspectiveLUT.FastApplyOnOpaque:1 ; Always have FastSkyLUT 1 in this case to avoid wrong sky]]
[2021.12.30-00.11.33:159][  0]LogConfig: Setting CVar [[r.SkyAtmosphere.AerialPerspectiveLUT.SampleCountPerSlice:1]]
[2021.12.30-00.11.33:159][  0]LogConfig: Setting CVar [[r.SkyAtmosphere.AerialPerspectiveLUT.DepthResolution:16.0]]
[2021.12.30-00.11.33:159][  0]LogConfig: Setting CVar [[r.SkyAtmosphere.FastSkyLUT:1]]
[2021.12.30-00.11.33:159][  0]LogConfig: Setting CVar [[r.SkyAtmosphere.FastSkyLUT.SampleCountMin:4.0]]
[2021.12.30-00.11.33:159][  0]LogConfig: Setting CVar [[r.SkyAtmosphere.FastSkyLUT.SampleCountMax:32.0]]
[2021.12.30-00.11.33:159][  0]LogConfig: Setting CVar [[r.SkyAtmosphere.SampleCountMin:4.0]]
[2021.12.30-00.11.33:159][  0]LogConfig: Setting CVar [[r.SkyAtmosphere.SampleCountMax:32.0]]
[2021.12.30-00.11.33:159][  0]LogConfig: Setting CVar [[r.SkyAtmosphere.TransmittanceLUT.UseSmallFormat:0]]
[2021.12.30-00.11.33:159][  0]LogConfig: Setting CVar [[r.SkyAtmosphere.TransmittanceLUT.SampleCount:10.0]]
[2021.12.30-00.11.33:159][  0]LogConfig: Setting CVar [[r.SkyAtmosphere.MultiScatteringLUT.SampleCount:15.0]]
[2021.12.30-00.11.33:159][  0]LogConfig: Applying CVar settings from Section [FoliageQuality@3] File [D:/Github/GitHub/UnrealEngineProject/UnrealCppProject2/Saved/Config/Windows/Scalability.ini]
[2021.12.30-00.11.33:159][  0]LogConfig: Setting CVar [[foliage.DensityScale:1.0]]
[2021.12.30-00.11.33:159][  0]LogConfig: Setting CVar [[grass.DensityScale:1.0]]
[2021.12.30-00.11.33:159][  0]LogConfig: Applying CVar settings from Section [ShadingQuality@3] File [D:/Github/GitHub/UnrealEngineProject/UnrealCppProject2/Saved/Config/Windows/Scalability.ini]
[2021.12.30-00.11.33:159][  0]LogConfig: Setting CVar [[r.HairStrands.SkyLighting.SampleCount:16]]
[2021.12.30-00.11.33:159][  0]LogConfig: Setting CVar [[r.HairStrands.SkyLighting.JitterIntegration:0]]
[2021.12.30-00.11.33:159][  0]LogConfig: Setting CVar [[r.HairStrands.SkyAO.SampleCount:16]]
[2021.12.30-00.11.33:159][  0]LogConfig: Setting CVar [[r.HairStrands.DeepShadow.SuperSampling:0]]
[2021.12.30-00.11.33:159][  0]LogConfig: Setting CVar [[r.HairStrands.VisibilityPPLL:0]]
[2021.12.30-00.11.33:159][  0]LogConfig: Setting CVar [[r.HairStrands.RasterizationScale:0.5]]
[2021.12.30-00.11.33:159][  0]LogConfig: Setting CVar [[r.HairStrands.VelocityRasterizationScale:1]]
[2021.12.30-00.11.33:159][  0]LogInit: Selected Device Profile: [Windows]
[2021.12.30-00.11.33:159][  0]LogInit: Applying CVar settings loaded from the selected device profile: [Windows]
[2021.12.30-00.11.33:159][  0]LogHAL: Display: Platform has ~ 16 GB [17125781504 / 17179869184 / 16], which maps to Larger [LargestMinGB=32, LargerMinGB=12, DefaultMinGB=8, SmallerMinGB=6, SmallestMinGB=0)
[2021.12.30-00.11.33:159][  0]LogInit: Going up to parent DeviceProfile []
[2021.12.30-00.11.33:159][  0]LogConfig: Applying CVar settings from Section [ViewDistanceQuality@3] File [D:/Github/GitHub/UnrealEngineProject/UnrealCppProject2/Saved/Config/Windows/Scalability.ini]
[2021.12.30-00.11.33:159][  0]LogConfig: Setting CVar [[r.SkeletalMeshLODBias:0]]
[2021.12.30-00.11.33:159][  0]LogConfig: Setting CVar [[r.ViewDistanceScale:1.0]]
[2021.12.30-00.11.33:159][  0]LogConfig: Applying CVar settings from Section [AntiAliasingQuality@3] File [D:/Github/GitHub/UnrealEngineProject/UnrealCppProject2/Saved/Config/Windows/Scalability.ini]
[2021.12.30-00.11.33:159][  0]LogConfig: Setting CVar [[r.PostProcessAAQuality:4]]
[2021.12.30-00.11.33:159][  0]LogConfig: Applying CVar settings from Section [ShadowQuality@3] File [D:/Github/GitHub/UnrealEngineProject/UnrealCppProject2/Saved/Config/Windows/Scalability.ini]
[2021.12.30-00.11.33:159][  0]LogConfig: Setting CVar [[r.LightFunctionQuality:1]]
[2021.12.30-00.11.33:159][  0]LogConfig: Setting CVar [[r.ShadowQuality:5]]
[2021.12.30-00.11.33:159][  0]LogConfig: Setting CVar [[r.Shadow.CSM.MaxCascades:10]]
[2021.12.30-00.11.33:159][  0]LogConfig: Setting CVar [[r.Shadow.MaxResolution:2048]]
[2021.12.30-00.11.33:159][  0]LogConfig: Setting CVar [[r.Shadow.MaxCSMResolution:2048]]
[2021.12.30-00.11.33:159][  0]LogConfig: Setting CVar [[r.Shadow.RadiusThreshold:0.01]]
[2021.12.30-00.11.33:159][  0]LogConfig: Setting CVar [[r.Shadow.DistanceScale:1.0]]
[2021.12.30-00.11.33:159][  0]LogConfig: Setting CVar [[r.Shadow.CSM.TransitionScale:1.0]]
[2021.12.30-00.11.33:159][  0]LogConfig: Setting CVar [[r.Shadow.PreShadowResolutionFactor:1.0]]
[2021.12.30-00.11.33:159][  0]LogConfig: Setting CVar [[r.DistanceFieldShadowing:1]]
[2021.12.30-00.11.33:159][  0]LogConfig: Setting CVar [[r.DistanceFieldAO:1]]
[2021.12.30-00.11.33:159][  0]LogConfig: Setting CVar [[r.AOQuality:2]]
[2021.12.30-00.11.33:159][  0]LogConfig: Setting CVar [[r.VolumetricFog:1]]
[2021.12.30-00.11.33:159][  0]LogConfig: Setting CVar [[r.VolumetricFog.GridPixelSize:8]]
[2021.12.30-00.11.33:159][  0]LogConfig: Setting CVar [[r.VolumetricFog.GridSizeZ:128]]
[2021.12.30-00.11.33:159][  0]LogConfig: Setting CVar [[r.VolumetricFog.HistoryMissSupersampleCount:4]]
[2021.12.30-00.11.33:159][  0]LogConfig: Setting CVar [[r.LightMaxDrawDistanceScale:1]]
[2021.12.30-00.11.33:159][  0]LogConfig: Setting CVar [[r.CapsuleShadows:1]]
[2021.12.30-00.11.33:159][  0]LogConfig: Applying CVar settings from Section [PostProcessQuality@3] File [D:/Github/GitHub/UnrealEngineProject/UnrealCppProject2/Saved/Config/Windows/Scalability.ini]
[2021.12.30-00.11.33:159][  0]LogConfig: Setting CVar [[r.MotionBlurQuality:4]]
[2021.12.30-00.11.33:159][  0]LogConfig: Setting CVar [[r.AmbientOcclusionMipLevelFactor:0.4]]
[2021.12.30-00.11.33:159][  0]LogConfig: Setting CVar [[r.AmbientOcclusionMaxQuality:100]]
[2021.12.30-00.11.33:159][  0]LogConfig: Setting CVar [[r.AmbientOcclusionLevels:-1]]
[2021.12.30-00.11.33:159][  0]LogConfig: Setting CVar [[r.AmbientOcclusionRadiusScale:1.0]]
[2021.12.30-00.11.33:159][  0]LogConfig: Setting CVar [[r.DepthOfFieldQuality:2]]
[2021.12.30-00.11.33:159][  0]LogConfig: Setting CVar [[r.RenderTargetPoolMin:400]]
[2021.12.30-00.11.33:159][  0]LogConfig: Setting CVar [[r.LensFlareQuality:2]]
[2021.12.30-00.11.33:159][  0]LogConfig: Setting CVar [[r.SceneColorFringeQuality:1]]
[2021.12.30-00.11.33:159][  0]LogConfig: Setting CVar [[r.EyeAdaptationQuality:2]]
[2021.12.30-00.11.33:159][  0]LogConfig: Setting CVar [[r.BloomQuality:5]]
[2021.12.30-00.11.33:159][  0]LogConfig: Setting CVar [[r.FastBlurThreshold:100]]
[2021.12.30-00.11.33:159][  0]LogConfig: Setting CVar [[r.Upscale.Quality:3]]
[2021.12.30-00.11.33:159][  0]LogConfig: Setting CVar [[r.Tonemapper.GrainQuantization:1]]
[2021.12.30-00.11.33:159][  0]LogConfig: Setting CVar [[r.LightShaftQuality:1]]
[2021.12.30-00.11.33:159][  0]LogConfig: Setting CVar [[r.Filter.SizeScale:1]]
[2021.12.30-00.11.33:159][  0]LogConfig: Setting CVar [[r.Tonemapper.Quality:5]]
[2021.12.30-00.11.33:160][  0]LogConfig: Setting CVar [[r.DOF.Gather.AccumulatorQuality:1        ; higher gathering accumulator quality]]
[2021.12.30-00.11.33:160][  0]LogConfig: Setting CVar [[r.DOF.Gather.PostfilterMethod:1          ; Median3x3 postfilering method]]
[2021.12.30-00.11.33:160][  0]LogConfig: Setting CVar [[r.DOF.Gather.EnableBokehSettings:0       ; no bokeh simulation when gathering]]
[2021.12.30-00.11.33:160][  0]LogConfig: Setting CVar [[r.DOF.Gather.RingCount:4                 ; medium number of samples when gathering]]
[2021.12.30-00.11.33:160][  0]LogConfig: Setting CVar [[r.DOF.Scatter.ForegroundCompositing:1    ; additive foreground scattering]]
[2021.12.30-00.11.33:160][  0]LogConfig: Setting CVar [[r.DOF.Scatter.BackgroundCompositing:2    ; additive background scattering]]
[2021.12.30-00.11.33:160][  0]LogConfig: Setting CVar [[r.DOF.Scatter.EnableBokehSettings:1      ; bokeh simulation when scattering]]
[2021.12.30-00.11.33:160][  0]LogConfig: Setting CVar [[r.DOF.Scatter.MaxSpriteRatio:0.1         ; only a maximum of 10% of scattered bokeh]]
[2021.12.30-00.11.33:160][  0]LogConfig: Setting CVar [[r.DOF.Recombine.Quality:1                ; cheap slight out of focus]]
[2021.12.30-00.11.33:160][  0]LogConfig: Setting CVar [[r.DOF.Recombine.EnableBokehSettings:0    ; no bokeh simulation on slight out of focus]]
[2021.12.30-00.11.33:160][  0]LogConfig: Setting CVar [[r.DOF.TemporalAAQuality:1                ; more stable temporal accumulation]]
[2021.12.30-00.11.33:160][  0]LogConfig: Setting CVar [[r.DOF.Kernel.MaxForegroundRadius:0.025]]
[2021.12.30-00.11.33:160][  0]LogConfig: Setting CVar [[r.DOF.Kernel.MaxBackgroundRadius:0.025]]
[2021.12.30-00.11.33:160][  0]LogConfig: Applying CVar settings from Section [TextureQuality@3] File [D:/Github/GitHub/UnrealEngineProject/UnrealCppProject2/Saved/Config/Windows/Scalability.ini]
[2021.12.30-00.11.33:160][  0]LogConfig: Setting CVar [[r.Streaming.MipBias:0]]
[2021.12.30-00.11.33:160][  0]LogConfig: Setting CVar [[r.Streaming.AmortizeCPUToGPUCopy:0]]
[2021.12.30-00.11.33:160][  0]LogConfig: Setting CVar [[r.Streaming.MaxNumTexturesToStreamPerFrame:0]]
[2021.12.30-00.11.33:160][  0]LogConfig: Setting CVar [[r.Streaming.Boost:1]]
[2021.12.30-00.11.33:160][  0]LogConfig: Setting CVar [[r.MaxAnisotropy:8]]
[2021.12.30-00.11.33:160][  0]LogConfig: Setting CVar [[r.VT.MaxAnisotropy:8]]
[2021.12.30-00.11.33:160][  0]LogConfig: Setting CVar [[r.Streaming.LimitPoolSizeToVRAM:0]]
[2021.12.30-00.11.33:160][  0]LogConfig: Setting CVar [[r.Streaming.PoolSize:1000]]
[2021.12.30-00.11.33:160][  0]LogConfig: Setting CVar [[r.Streaming.MaxEffectiveScreenSize:0]]
[2021.12.30-00.11.33:160][  0]LogConfig: Applying CVar settings from Section [EffectsQuality@3] File [D:/Github/GitHub/UnrealEngineProject/UnrealCppProject2/Saved/Config/Windows/Scalability.ini]
[2021.12.30-00.11.33:160][  0]LogConfig: Setting CVar [[r.TranslucencyLightingVolumeDim:64]]
[2021.12.30-00.11.33:160][  0]LogConfig: Setting CVar [[r.RefractionQuality:2]]
[2021.12.30-00.11.33:160][  0]LogConfig: Setting CVar [[r.SSR.Quality:3]]
[2021.12.30-00.11.33:160][  0]LogConfig: Setting CVar [[r.SSR.HalfResSceneColor:0]]
[2021.12.30-00.11.33:160][  0]LogConfig: Setting CVar [[r.SceneColorFormat:4]]
[2021.12.30-00.11.33:160][  0]LogConfig: Setting CVar [[r.DetailMode:2]]
[2021.12.30-00.11.33:160][  0]LogConfig: Setting CVar [[r.TranslucencyVolumeBlur:1]]
[2021.12.30-00.11.33:160][  0]LogConfig: Setting CVar [[r.MaterialQualityLevel:1 ; High quality]]
[2021.12.30-00.11.33:160][  0]LogConfig: Setting CVar [[r.SSS.Scale:1]]
[2021.12.30-00.11.33:160][  0]LogConfig: Setting CVar [[r.SSS.SampleSet:2]]
[2021.12.30-00.11.33:160][  0]LogConfig: Setting CVar [[r.SSS.Quality:1]]
[2021.12.30-00.11.33:160][  0]LogConfig: Setting CVar [[r.SSS.HalfRes:0]]
[2021.12.30-00.11.33:160][  0]LogConfig: Setting CVar [[r.SSGI.Quality:3]]
[2021.12.30-00.11.33:160][  0]LogConfig: Setting CVar [[r.EmitterSpawnRateScale:1.0]]
[2021.12.30-00.11.33:160][  0]LogConfig: Setting CVar [[r.ParticleLightQuality:2]]
[2021.12.30-00.11.33:160][  0]LogConfig: Setting CVar [[r.SkyAtmosphere.AerialPerspectiveLUT.FastApplyOnOpaque:1 ; Always have FastSkyLUT 1 in this case to avoid wrong sky]]
[2021.12.30-00.11.33:160][  0]LogConfig: Setting CVar [[r.SkyAtmosphere.AerialPerspectiveLUT.SampleCountPerSlice:1]]
[2021.12.30-00.11.33:160][  0]LogConfig: Setting CVar [[r.SkyAtmosphere.AerialPerspectiveLUT.DepthResolution:16.0]]
[2021.12.30-00.11.33:160][  0]LogConfig: Setting CVar [[r.SkyAtmosphere.FastSkyLUT:1]]
[2021.12.30-00.11.33:160][  0]LogConfig: Setting CVar [[r.SkyAtmosphere.FastSkyLUT.SampleCountMin:4.0]]
[2021.12.30-00.11.33:160][  0]LogConfig: Setting CVar [[r.SkyAtmosphere.FastSkyLUT.SampleCountMax:32.0]]
[2021.12.30-00.11.33:160][  0]LogConfig: Setting CVar [[r.SkyAtmosphere.SampleCountMin:4.0]]
[2021.12.30-00.11.33:160][  0]LogConfig: Setting CVar [[r.SkyAtmosphere.SampleCountMax:32.0]]
[2021.12.30-00.11.33:160][  0]LogConfig: Setting CVar [[r.SkyAtmosphere.TransmittanceLUT.UseSmallFormat:0]]
[2021.12.30-00.11.33:160][  0]LogConfig: Setting CVar [[r.SkyAtmosphere.TransmittanceLUT.SampleCount:10.0]]
[2021.12.30-00.11.33:160][  0]LogConfig: Setting CVar [[r.SkyAtmosphere.MultiScatteringLUT.SampleCount:15.0]]
[2021.12.30-00.11.33:160][  0]LogConfig: Applying CVar settings from Section [FoliageQuality@3] File [D:/Github/GitHub/UnrealEngineProject/UnrealCppProject2/Saved/Config/Windows/Scalability.ini]
[2021.12.30-00.11.33:160][  0]LogConfig: Setting CVar [[foliage.DensityScale:1.0]]
[2021.12.30-00.11.33:160][  0]LogConfig: Setting CVar [[grass.DensityScale:1.0]]
[2021.12.30-00.11.33:160][  0]LogConfig: Applying CVar settings from Section [ShadingQuality@3] File [D:/Github/GitHub/UnrealEngineProject/UnrealCppProject2/Saved/Config/Windows/Scalability.ini]
[2021.12.30-00.11.33:160][  0]LogConfig: Setting CVar [[r.HairStrands.SkyLighting.SampleCount:16]]
[2021.12.30-00.11.33:160][  0]LogConfig: Setting CVar [[r.HairStrands.SkyLighting.JitterIntegration:0]]
[2021.12.30-00.11.33:160][  0]LogConfig: Setting CVar [[r.HairStrands.SkyAO.SampleCount:16]]
[2021.12.30-00.11.33:160][  0]LogConfig: Setting CVar [[r.HairStrands.DeepShadow.SuperSampling:0]]
[2021.12.30-00.11.33:160][  0]LogConfig: Setting CVar [[r.HairStrands.VisibilityPPLL:0]]
[2021.12.30-00.11.33:160][  0]LogConfig: Setting CVar [[r.HairStrands.RasterizationScale:0.5]]
[2021.12.30-00.11.33:160][  0]LogConfig: Setting CVar [[r.HairStrands.VelocityRasterizationScale:1]]
[2021.12.30-00.11.33:160][  0]LogConfig: Applying CVar settings from Section [Startup] File [../../../Engine/Config/ConsoleVariables.ini]
[2021.12.30-00.11.33:160][  0]LogConfig: Setting CVar [[net.UseAdaptiveNetUpdateFrequency:0]]
[2021.12.30-00.11.33:160][  0]LogConfig: Setting CVar [[p.chaos.AllowCreatePhysxBodies:1]]
[2021.12.30-00.11.33:160][  0]LogConfig: Setting CVar [[fx.SkipVectorVMBackendOptimizations:1]]
[2021.12.30-00.11.33:160][  0]LogConfig: Applying CVar settings from Section [ConsoleVariables] File [D:/Github/GitHub/UnrealEngineProject/UnrealCppProject2/Saved/Config/Windows/Engine.ini]
[2021.12.30-00.11.33:160][  0]LogInit: Computer: SUHYUN
[2021.12.30-00.11.33:160][  0]LogInit: User: 이수현
[2021.12.30-00.11.33:161][  0]LogInit: CPU Page size=4096, Cores=6
[2021.12.30-00.11.33:161][  0]LogInit: High frequency timer resolution =10.000000 MHz
[2021.12.30-00.11.33:161][  0]LogMemory: Memory total: Physical=15.9GB (16GB approx)
[2021.12.30-00.11.33:161][  0]LogMemory: Platform Memory Stats for Windows
[2021.12.30-00.11.33:161][  0]LogMemory: Process Physical Memory: 119.75 MB used, 119.75 MB peak
[2021.12.30-00.11.33:161][  0]LogMemory: Process Virtual Memory: 98.97 MB used, 98.97 MB peak
[2021.12.30-00.11.33:161][  0]LogMemory: Physical Memory: 5583.13 MB used,  10749.29 MB free, 16332.42 MB total
[2021.12.30-00.11.33:161][  0]LogMemory: Virtual Memory: 5146.69 MB used,  134212584.00 MB free, 134217728.00 MB total
[2021.12.30-00.11.33:165][  0]LogWindows: WindowsPlatformFeatures enabled
[2021.12.30-00.11.33:201][  0]LogInit: Physics initialised using underlying interface: PhysX
[2021.12.30-00.11.33:202][  0]LogInit: Using OS detected language (ko-KR).
[2021.12.30-00.11.33:202][  0]LogInit: Using OS detected locale (ko-KR).
[2021.12.30-00.11.33:204][  0]LogTextLocalizationManager: No specific localization for 'ko-KR' exists, so the 'ko' localization will be used.
[2021.12.30-00.11.33:285][  0]LogInit: Setting process to per monitor DPI aware
[2021.12.30-00.11.33:317][  0]LogSlate: New Slate User Created.  User Index 0, Is Virtual User: 0
[2021.12.30-00.11.33:317][  0]LogSlate: Slate User Registered.  User Index 0, Is Virtual User: 0
[2021.12.30-00.11.33:494][  0]LogHMD: Failed to initialize OpenVR with code 110
[2021.12.30-00.11.33:494][  0]LogD3D11RHI: D3D11 min allowed feature level: 11_0
[2021.12.30-00.11.33:494][  0]LogD3D11RHI: D3D11 max allowed feature level: 11_0
[2021.12.30-00.11.33:494][  0]LogD3D11RHI: D3D11 adapters:
[2021.12.30-00.11.33:609][  0]LogD3D11RHI:    0. 'NVIDIA GeForce GTX 1070' (Feature Level 11_0)
[2021.12.30-00.11.33:609][  0]LogD3D11RHI:       8088/0/8166 MB DedicatedVideo/DedicatedSystem/SharedSystem, Outputs:1, VendorId:0x10de
[2021.12.30-00.11.33:612][  0]LogD3D11RHI:    1. 'Microsoft Basic Render Driver' (Feature Level 11_0)
[2021.12.30-00.11.33:612][  0]LogD3D11RHI:       0/0/8166 MB DedicatedVideo/DedicatedSystem/SharedSystem, Outputs:0, VendorId:0x1414
[2021.12.30-00.11.33:612][  0]LogD3D11RHI: Chosen D3D11 Adapter: 0
[2021.12.30-00.11.33:617][  0]LogD3D11RHI: Creating new Direct3DDevice
[2021.12.30-00.11.33:617][  0]LogD3D11RHI:     GPU DeviceId: 0x1b81 (for the marketing name, search the web for "GPU Device Id")
[2021.12.30-00.11.33:617][  0]LogWindows: EnumDisplayDevices:
[2021.12.30-00.11.33:617][  0]LogWindows:    0. 'NVIDIA GeForce GTX 1070' (P:1 D:1)
[2021.12.30-00.11.33:617][  0]LogWindows:    1. 'NVIDIA GeForce GTX 1070' (P:0 D:0)
[2021.12.30-00.11.33:617][  0]LogWindows:    2. 'NVIDIA GeForce GTX 1070' (P:0 D:0)
[2021.12.30-00.11.33:618][  0]LogWindows:    3. 'NVIDIA GeForce GTX 1070' (P:0 D:0)
[2021.12.30-00.11.33:618][  0]LogWindows: DebugString: FoundDriverCount:4 
[2021.12.30-00.11.33:618][  0]LogD3D11RHI:     Adapter Name: NVIDIA GeForce GTX 1070
[2021.12.30-00.11.33:618][  0]LogD3D11RHI:   Driver Version: 497.09 (internal:30.0.14.9709, unified:497.09)
[2021.12.30-00.11.33:618][  0]LogD3D11RHI:      Driver Date: 11-26-2021
[2021.12.30-00.11.33:618][  0]LogRHI: Texture pool is 5661 MB (70% of 8088 MB)
[2021.12.30-00.11.33:673][  0]LogD3D11RHI: RHI has support for 64 bit atomics
[2021.12.30-00.11.33:673][  0]LogD3D11RHI: Async texture creation enabled
[2021.12.30-00.11.33:673][  0]LogD3D11RHI: Array index from any shader is supported
[2021.12.30-00.11.33:694][  0]LogD3D11RHI: GPU Timing Frequency: 1000.000000 (Debug: 2 1)
[2021.12.30-00.11.33:926][  0]LogTargetPlatformManager: Display: Loaded TargetPlatform 'AllDesktop'
[2021.12.30-00.11.33:947][  0]LogTargetPlatformManager: Display: Loaded TargetPlatform 'Android'
[2021.12.30-00.11.33:947][  0]LogTargetPlatformManager: Display: Loaded TargetPlatform 'Android_ASTC'
[2021.12.30-00.11.33:947][  0]LogTargetPlatformManager: Display: Loaded TargetPlatform 'Android_DXT'
[2021.12.30-00.11.33:947][  0]LogTargetPlatformManager: Display: Loaded TargetPlatform 'Android_ETC2'
[2021.12.30-00.11.33:947][  0]LogTargetPlatformManager: Display: Loaded TargetPlatform 'AndroidClient'
[2021.12.30-00.11.33:947][  0]LogTargetPlatformManager: Display: Loaded TargetPlatform 'Android_ASTCClient'
[2021.12.30-00.11.33:947][  0]LogTargetPlatformManager: Display: Loaded TargetPlatform 'Android_DXTClient'
[2021.12.30-00.11.33:947][  0]LogTargetPlatformManager: Display: Loaded TargetPlatform 'Android_ETC2Client'
[2021.12.30-00.11.33:947][  0]LogTargetPlatformManager: Display: Loaded TargetPlatform 'Android_Multi'
[2021.12.30-00.11.33:947][  0]LogTargetPlatformManager: Display: Loaded TargetPlatform 'Android_MultiClient'
[2021.12.30-00.11.33:967][  0]LogTargetPlatformManager: Display: Loaded TargetPlatform 'IOSClient'
[2021.12.30-00.11.33:967][  0]LogTargetPlatformManager: Display: Loaded TargetPlatform 'IOS'
[2021.12.30-00.11.33:976][  0]LogTargetPlatformManager: Display: Loaded TargetPlatform 'Linux'
[2021.12.30-00.11.33:986][  0]LogTargetPlatformManager: Display: Loaded TargetPlatform 'LinuxNoEditor'
[2021.12.30-00.11.33:994][  0]LogTargetPlatformManager: Display: Loaded TargetPlatform 'LinuxClient'
[2021.12.30-00.11.34:003][  0]LogTargetPlatformManager: Display: Loaded TargetPlatform 'LinuxServer'
[2021.12.30-00.11.34:012][  0]LogTargetPlatformManager: Display: Loaded TargetPlatform 'LinuxAArch64NoEditor'
[2021.12.30-00.11.34:020][  0]LogTargetPlatformManager: Display: Loaded TargetPlatform 'LinuxAArch64Client'
[2021.12.30-00.11.34:028][  0]LogTargetPlatformManager: Display: Loaded TargetPlatform 'LinuxAArch64Server'
[2021.12.30-00.11.34:053][  0]LogTargetPlatformManager: Display: Loaded TargetPlatform 'Lumin'
[2021.12.30-00.11.34:053][  0]LogTargetPlatformManager: Display: Loaded TargetPlatform 'LuminClient'
[2021.12.30-00.11.34:067][  0]LogTargetPlatformManager: Display: Loaded TargetPlatform 'TVOSClient'
[2021.12.30-00.11.34:067][  0]LogTargetPlatformManager: Display: Loaded TargetPlatform 'TVOS'
[2021.12.30-00.11.34:076][  0]LogTargetPlatformManager: Display: Loaded TargetPlatform 'WindowsNoEditor'
[2021.12.30-00.11.34:085][  0]LogTargetPlatformManager: Display: Loaded TargetPlatform 'Windows'
[2021.12.30-00.11.34:093][  0]LogTargetPlatformManager: Display: Loaded TargetPlatform 'WindowsClient'
[2021.12.30-00.11.34:101][  0]LogTargetPlatformManager: Display: Loaded TargetPlatform 'WindowsServer'
[2021.12.30-00.11.34:101][  0]LogTargetPlatformManager: Display: Building Assets For Windows
[2021.12.30-00.11.34:108][  0]LogAudioDebug: Display: Lib vorbis DLL was dynamically loaded.
[2021.12.30-00.11.34:156][  0]LogShaderCompilers: Guid format shader working directory is -23 characters bigger than the processId version (../../../../../Github/GitHub/UnrealEngineProject/UnrealCppProject2/Intermediate/Shaders/WorkingDirectory/14432/).
[2021.12.30-00.11.34:156][  0]LogShaderCompilers: Cleaned the shader compiler working directory 'C:/Users/이수현/AppData/Local/Temp/UnrealShaderWorkingDir/FA0B18F4468DDD96117446B131250173/'.
[2021.12.30-00.11.34:156][  0]LogXGEController: Cannot use XGE Controller as Incredibuild is not installed on this machine.
[2021.12.30-00.11.34:156][  0]LogShaderCompilers: Cannot use XGE Shader Compiler as Incredibuild is not installed on this machine.
[2021.12.30-00.11.34:156][  0]LogShaderCompilers: Display: Using Local Shader Compiler.
[2021.12.30-00.11.34:799][  0]LogDerivedDataCache: Display: Max Cache Size: 512 MB
[2021.12.30-00.11.34:840][  0]LogDerivedDataCache: Loaded boot cache 0.04s 79MB C:/Users/이수현/AppData/Local/UnrealEngine/4.25/DerivedDataCache/Boot.ddc.
[2021.12.30-00.11.34:840][  0]LogDerivedDataCache: Display: Loaded Boot cache: C:/Users/이수현/AppData/Local/UnrealEngine/4.25/DerivedDataCache/Boot.ddc
[2021.12.30-00.11.34:841][  0]LogDerivedDataCache: FDerivedDataBackendGraph:  Pak pak cache file ../../../../../Github/GitHub/UnrealEngineProject/UnrealCppProject2/DerivedDataCache/DDC.ddp not found, will not use a pak cache.
[2021.12.30-00.11.34:841][  0]LogDerivedDataCache: Unable to find inner node Pak for hierarchical cache Hierarchy.
[2021.12.30-00.11.34:841][  0]LogDerivedDataCache: FDerivedDataBackendGraph:  CompressedPak pak cache file ../../../../../Github/GitHub/UnrealEngineProject/UnrealCppProject2/DerivedDataCache/Compressed.ddp not found, will not use a pak cache.
[2021.12.30-00.11.34:841][  0]LogDerivedDataCache: Unable to find inner node CompressedPak for hierarchical cache Hierarchy.
[2021.12.30-00.11.34:851][  0]LogDerivedDataCache: Display: Pak cache opened for reading ../../../Engine/DerivedDataCache/Compressed.ddp.
[2021.12.30-00.11.34:851][  0]LogDerivedDataCache: FDerivedDataBackendGraph:  EnterprisePak pak cache file ../../../Enterprise/DerivedDataCache/Compressed.ddp not found, will not use a pak cache.
[2021.12.30-00.11.34:851][  0]LogDerivedDataCache: Unable to find inner node EnterprisePak for hierarchical cache Hierarchy.
[2021.12.30-00.11.34:852][  0]LogDerivedDataCache: Using Local data cache path C:/Users/이수현/AppData/Local/UnrealEngine/Common/DerivedDataCache: Writable
[2021.12.30-00.11.34:852][  0]LogDerivedDataCache: Shared data cache path not found in *engine.ini, will not use an Shared cache.
[2021.12.30-00.11.34:852][  0]LogDerivedDataCache: Unable to find inner node Shared for hierarchical cache Hierarchy.
[2021.12.30-00.11.34:896][  0]LogSlate: Using FreeType 2.10.0
[2021.12.30-00.11.34:897][  0]LogSlate: SlateFontServices - WITH_FREETYPE: 1, WITH_HARFBUZZ: 1
[2021.12.30-00.11.34:919][  0]LogAssetRegistry: FAssetRegistry took 0.0030 seconds to start up
[2021.12.30-00.11.35:137][  0]LogInit: Selected Device Profile: [Windows]
[2021.12.30-00.11.35:234][  0]LogMeshReduction: Using QuadricMeshReduction for automatic static mesh reduction
[2021.12.30-00.11.35:234][  0]LogMeshReduction: Using SimplygonMeshReduction for automatic skeletal mesh reduction
[2021.12.30-00.11.35:234][  0]LogMeshReduction: Using ProxyLODMeshReduction for automatic mesh merging
[2021.12.30-00.11.35:234][  0]LogMeshReduction: No distributed automatic mesh merging module available
[2021.12.30-00.11.35:234][  0]LogMeshMerging: No distributed automatic mesh merging module available
[2021.12.30-00.11.35:246][  0]LogNetVersion: UnrealCppProject2 1.0.0, NetCL: 13144385, EngineNetVer: 14, GameNetVer: 0 (Checksum: 2110289111)
[2021.12.30-00.11.35:642][  0]LogAISub: UAISubsystem::UAISubsystem AISubsystem (0000018BF7D71D40), frame # 0
[2021.12.30-00.11.35:642][  0]LogAISub: UAISubsystem::UAISubsystem AIPerceptionSystem (0000018BF7CC6AC0), frame # 0
[2021.12.30-00.11.35:643][  0]LogAISub: UAISubsystem::UAISubsystem EnvQueryManager (0000018BF7D48800), frame # 0
[2021.12.30-00.11.35:704][  0]LogPackageLocalizationCache: Processed 21 localized package path(s) for 1 prioritized culture(s) in 0.054711 seconds
[2021.12.30-00.11.35:711][  0]LogUObjectArray: 15917 objects as part of root set at end of initial load.
[2021.12.30-00.11.35:711][  0]LogUObjectAllocator: 3965568 out of 0 bytes used by permanent object pool.
[2021.12.30-00.11.35:711][  0]LogUObjectArray: CloseDisregardForGC: 0/0 objects in disregard for GC pool
[2021.12.30-00.11.35:923][  0]LogPython: Using Python 2.7.14
[2021.12.30-00.11.36:621][  0]LogTcpMessaging: Initializing TcpMessaging bridge
[2021.12.30-00.11.36:626][  0]LogUdpMessaging: Initializing bridge on interface 0.0.0.0:0 to multicast group 230.0.0.1:6666.
[2021.12.30-00.11.37:356][  0]LogLinker: Warning: '../../../../../Github/GitHub/UnrealEngineProject/UnrealCppProject2/Content/Character/Animations/Sword/Sword_Draw_2.uasset' 로드 도중 '/Game/Notifies/Sword/AN_Equipped' 로드에 실패했습니다: 파일을 찾을 수 없습니다.
[2021.12.30-00.11.37:356][  0]LogLinker: Warning: '../../../../../Github/GitHub/UnrealEngineProject/UnrealCppProject2/Content/Character/Animations/Sword/Sword_Draw_2.uasset' 로드 도중 '/Game/Notifies/Sword/AN_Equipped' 로드에 실패했습니다: 애셋에 대한 파일을 찾을 수 없습니다.
[2021.12.30-00.11.37:356][  0]LogLinker: Warning: '../../../../../Github/GitHub/UnrealEngineProject/UnrealCppProject2/Content/Character/Animations/Sword/Sword_Draw_2.uasset' 로드 도중 '/Game/Notifies/Sword/AN_GrabSword' 로드에 실패했습니다: 파일을 찾을 수 없습니다.
[2021.12.30-00.11.37:357][  0]LogLinker: Warning: '../../../../../Github/GitHub/UnrealEngineProject/UnrealCppProject2/Content/Character/Animations/Sword/Sword_Draw_2.uasset' 로드 도중 '/Game/Notifies/Sword/AN_GrabSword' 로드에 실패했습니다: 애셋에 대한 파일을 찾을 수 없습니다.
[2021.12.30-00.11.37:357][  0]LogLinker: Warning: '../../../../../Github/GitHub/UnrealEngineProject/UnrealCppProject2/Content/Character/Animations/Sword/Sword_Draw_2.uasset' 로드 도중 '/Game/Notifies/Sword/AN_Equipped' 로드에 실패했습니다: 파일을 찾을 수 없습니다.
[2021.12.30-00.11.37:357][  0]LogLinker: Warning: '../../../../../Github/GitHub/UnrealEngineProject/UnrealCppProject2/Content/Character/Animations/Sword/Sword_Draw_2.uasset' 로드 도중 '/Game/Notifies/Sword/AN_Equipped' 로드에 실패했습니다: 애셋에 대한 파일을 찾을 수 없습니다.
[2021.12.30-00.11.37:357][  0]LogLinker: Warning: '../../../../../Github/GitHub/UnrealEngineProject/UnrealCppProject2/Content/Character/Animations/Sword/Sword_Draw_2.uasset' 로드 도중 '/Game/Notifies/Sword/AN_GrabSword' 로드에 실패했습니다: 파일을 찾을 수 없습니다.
[2021.12.30-00.11.37:357][  0]LogLinker: Warning: '../../../../../Github/GitHub/UnrealEngineProject/UnrealCppProject2/Content/Character/Animations/Sword/Sword_Draw_2.uasset' 로드 도중 '/Game/Notifies/Sword/AN_GrabSword' 로드에 실패했습니다: 애셋에 대한 파일을 찾을 수 없습니다.
[2021.12.30-00.11.37:357][  0]LogLinker: Warning: '../../../../../Github/GitHub/UnrealEngineProject/UnrealCppProject2/Content/Character/Montages/OneHand/Sword_Draw_1_Montage.uasset' 로드 도중 '/Game/Notifies/Sword/AN_Equipped' 로드에 실패했습니다: 파일을 찾을 수 없습니다.
[2021.12.30-00.11.37:357][  0]LogLinker: Warning: '../../../../../Github/GitHub/UnrealEngineProject/UnrealCppProject2/Content/Character/Montages/OneHand/Sword_Draw_1_Montage.uasset' 로드 도중 '/Game/Notifies/Sword/AN_Equipped' 로드에 실패했습니다: 애셋에 대한 파일을 찾을 수 없습니다.
[2021.12.30-00.11.37:357][  0]LogLinker: Warning: '../../../../../Github/GitHub/UnrealEngineProject/UnrealCppProject2/Content/Character/Montages/OneHand/Sword_Draw_1_Montage.uasset' 로드 도중 '/Game/Notifies/Sword/AN_Equipped' 로드에 실패했습니다: 파일을 찾을 수 없습니다.
[2021.12.30-00.11.37:357][  0]LogLinker: Warning: '../../../../../Github/GitHub/UnrealEngineProject/UnrealCppProject2/Content/Character/Montages/OneHand/Sword_Draw_1_Montage.uasset' 로드 도중 '/Game/Notifies/Sword/AN_Equipped' 로드에 실패했습니다: 애셋에 대한 파일을 찾을 수 없습니다.
[2021.12.30-00.11.37:357][  0]LogLinker: Warning: '../../../../../Github/GitHub/UnrealEngineProject/UnrealCppProject2/Content/Character/Montages/OneHand/Sword_Draw_1_Montage.uasset' 로드 도중 '/Game/Notifies/Sword/AN_GrabSword' 로드에 실패했습니다: 파일을 찾을 수 없습니다.
[2021.12.30-00.11.37:357][  0]LogLinker: Warning: '../../../../../Github/GitHub/UnrealEngineProject/UnrealCppProject2/Content/Character/Montages/OneHand/Sword_Draw_1_Montage.uasset' 로드 도중 '/Game/Notifies/Sword/AN_GrabSword' 로드에 실패했습니다: 애셋에 대한 파일을 찾을 수 없습니다.
[2021.12.30-00.11.37:358][  0]LogLinker: Warning: '../../../../../Github/GitHub/UnrealEngineProject/UnrealCppProject2/Content/Character/Montages/OneHand/Sword_Draw_1_Montage.uasset' 로드 도중 '/Game/Notifies/Sword/AN_GrabSword' 로드에 실패했습니다: 파일을 찾을 수 없습니다.
[2021.12.30-00.11.37:358][  0]LogLinker: Warning: '../../../../../Github/GitHub/UnrealEngineProject/UnrealCppProject2/Content/Character/Montages/OneHand/Sword_Draw_1_Montage.uasset' 로드 도중 '/Game/Notifies/Sword/AN_GrabSword' 로드에 실패했습니다: 애셋에 대한 파일을 찾을 수 없습니다.
[2021.12.30-00.11.37:920][  0]LogPackageName: Warning: Asset path "StaticMesh'FX_Meshes_IB.SM_Debris_Box_RadialFull'" is in short form, which is unsupported and -- even if valid -- resolving it will be really slow.
[2021.12.30-00.11.37:920][  0]LogPackageName: Warning: Please consider resaving package in order to speed-up loading.
[2021.12.30-00.11.38:037][  0]LogPackageName: SearchForPackageOnDisk took   0.118s, but failed to resolve StaticMesh'FX_Meshes_IB.
[2021.12.30-00.11.38:037][  0]LogPackageName: Warning: Asset path "StaticMesh'FX_Meshes_IB.SM_Debris_Box_RadialFull'" could not be resolved.
[2021.12.30-00.11.38:502][  0]SourceControl: 소스 컨트롤이 꺼졌습니다.
[2021.12.30-00.11.38:502][  0]SourceControl: 소스 컨트롤이 꺼졌습니다.
[2021.12.30-00.11.38:505][  0]SourceControl: 소스 컨트롤이 꺼졌습니다.
[2021.12.30-00.11.38:508][  0]SourceControl: 소스 컨트롤이 꺼졌습니다.
[2021.12.30-00.11.38:514][  0]SourceControl: 소스 컨트롤이 꺼졌습니다.
[2021.12.30-00.11.38:776][  0]LogAndroidPermission: UAndroidPermissionCallbackProxy::GetInstance
[2021.12.30-00.11.38:806][  0]LogAudioCaptureCore: Display: No Audio Capture implementations found. Audio input will be silent.
[2021.12.30-00.11.38:806][  0]LogAudioCaptureCore: Display: No Audio Capture implementations found. Audio input will be silent.
[2021.12.30-00.11.38:873][  0]LogOcInput: OculusInput pre-init called
[2021.12.30-00.11.38:882][  0]LogWindows: Failed to load 'OVRPlugin.dll' (GetLastError=126)
[2021.12.30-00.11.38:882][  0]LogWindows: File 'OVRPlugin.dll' does not exist
[2021.12.30-00.11.39:258][  0]LogEngine: Initializing Engine...
[2021.12.30-00.11.39:259][  0]LogHMD: Failed to initialize OpenVR with code 110
[2021.12.30-00.11.39:259][  0]LogMagicLeap: Warning: VR disabled because ZI is not enabled.  To enable, in the editor, Edit -> Project Settings -> Plugins -> Magic Leap Plugin -> Enable Zero Iteration
[2021.12.30-00.11.39:260][  0]LogStats: UGameplayTagsManager::InitializeManager -  0.000 s
[2021.12.30-00.11.39:354][  0]LogInit: Initializing FReadOnlyCVARCache
[2021.12.30-00.11.39:364][  0]LogAIModule: Creating AISystem for world Untitled
[2021.12.30-00.11.39:364][  0]LogAISub: UAISubsystem::UAISubsystem EnvQueryManager (0000018B86931800), frame # 0
[2021.12.30-00.11.39:364][  0]LogAISub: UAISubsystem::UAISubsystem AIPerceptionSystem (0000018B8697D800), frame # 0
[2021.12.30-00.11.39:372][  0]LogAudioMixer: Display: Audio Mixer Platform Settings:
[2021.12.30-00.11.39:372][  0]LogAudioMixer: Display: 	Sample Rate:						  48000
[2021.12.30-00.11.39:372][  0]LogAudioMixer: Display: 	Callback Buffer Frame Size Requested: 1024
[2021.12.30-00.11.39:372][  0]LogAudioMixer: Display: 	Callback Buffer Frame Size To Use:	  1024
[2021.12.30-00.11.39:372][  0]LogAudioMixer: Display: 	Number of buffers to queue:			  2
[2021.12.30-00.11.39:372][  0]LogAudioMixer: Display: 	Max Channels (voices):				  32
[2021.12.30-00.11.39:372][  0]LogAudioMixer: Display: 	Number of Async Source Workers:		  0
[2021.12.30-00.11.39:372][  0]LogAudio: Display: AudioDevice MaxSources: 32
[2021.12.30-00.11.39:372][  0]LogAudio: Display: Using built-in audio occlusion.
[2021.12.30-00.11.39:372][  0]LogAudioMixer: Display: Initializing audio mixer.
[2021.12.30-00.11.39:380][  0]LogAudioMixer: Display: 0: FrontLeft
[2021.12.30-00.11.39:380][  0]LogAudioMixer: Display: 1: FrontRight
[2021.12.30-00.11.39:415][  0]LogAudioMixer: Display: Using Audio Device 스피커(Realtek(R) Audio)
[2021.12.30-00.11.39:416][  0]LogAudioMixer: Display: Initializing Sound Submixes...
[2021.12.30-00.11.39:418][  0]LogAudioMixer: Display: Creating Master Submix 'MasterSubmixDefault'
[2021.12.30-00.11.39:418][  0]LogAudioMixer: Display: Creating Master Submix 'MasterReverbSubmixDefault'
[2021.12.30-00.11.39:419][  0]LogAudioMixer: Display: Creating Master Submix 'MasterEQSubmixDefault'
[2021.12.30-00.11.39:420][  0]LogInit: FAudioDevice initialized.
[2021.12.30-00.11.39:420][  0]LogNetVersion: Set ProjectVersion to 1.0.0.0. Version Checksum will be recalculated on next use.
[2021.12.30-00.11.39:501][  0]LogDerivedDataCache: Saved boot cache 0.08s 87MB C:/Users/이수현/AppData/Local/UnrealEngine/4.25/DerivedDataCache/Boot.ddc.
[2021.12.30-00.11.39:502][  0]LogInit: Texture streaming: Enabled
[2021.12.30-00.11.39:516][  0]LogEngineSessionManager: EngineSessionManager initialized
[2021.12.30-00.11.39:516][  0]LogEditorSessionSummary: Verbose: Initializing EditorSessionSummaryWriter for editor session tracking
[2021.12.30-00.11.39:517][  0]LogEditorSessionSummary: EditorSessionSummaryWriter initialized
[2021.12.30-00.11.39:554][  0]LogInit: Transaction tracking system initialized
[2021.12.30-00.11.39:574][  0]BlueprintLog: New page: 에디터 로드
[2021.12.30-00.11.39:639][  0]LocalizationService: 현지화 서비스가 비활성화되었습니다.
[2021.12.30-00.11.39:779][  0]LogCook: Display: Max memory allowance for cook 16384mb min free memory 0mb
[2021.12.30-00.11.39:779][  0]LogCook: Display: Mobile HDR setting 1
[2021.12.30-00.11.39:913][  0]LogFileCache: Scanning file cache for directory 'D:/Github/GitHub/UnrealEngineProject/UnrealCppProject2/Content/' took 0.01s
[2021.12.30-00.11.40:119][  0]SourceControl: 소스 컨트롤이 꺼졌습니다.
[2021.12.30-00.11.40:119][  0]LogUnrealEdMisc: Loading editor; pre map load, took 8.743
[2021.12.30-00.11.40:119][  0]Cmd: MAP LOAD FILE="../../../../../Github/GitHub/UnrealEngineProject/UnrealCppProject2/Content/Levels/Battle.umap" TEMPLATE=0 SHOWPROGRESS=1 FEATURELEVEL=3
[2021.12.30-00.11.40:125][  0]LightingResults: New page: 라이팅 빌드
[2021.12.30-00.11.40:127][  0]LogWorld: UWorld::CleanupWorld for Untitled, bSessionEnded=true, bCleanupResources=true
[2021.12.30-00.11.40:127][  0]LogSlate: InvalidateAllWidgets triggered.  All widgets were invalidated
[2021.12.30-00.11.40:127][  0]MapCheck: New page: 맵 체크
[2021.12.30-00.11.40:127][  0]LightingResults: New page: 라이팅 빌드
[2021.12.30-00.11.40:137][  0]LogAISub: UAISubsystem::~UAISubsystem EnvQueryManager (0000018B86931800), frame # 0
[2021.12.30-00.11.40:137][  0]LogAISub: UAISubsystem::~UAISubsystem AIPerceptionSystem (0000018B8697D800), frame # 0
[2021.12.30-00.11.40:138][  0]LogUObjectHash: Compacting FUObjectHashTables data took   0.86ms
[2021.12.30-00.11.40:314][  0]LogAIModule: Creating AISystem for world Battle
[2021.12.30-00.11.40:314][  0]LogAISub: UAISubsystem::UAISubsystem EnvQueryManager (0000018B84224600), frame # 0
[2021.12.30-00.11.40:314][  0]LogAISub: UAISubsystem::UAISubsystem AIPerceptionSystem (0000018B819B74C0), frame # 0
[2021.12.30-00.11.40:333][  0]LogEditorServer: Finished looking for orphan Actors (0.000 secs)
[2021.12.30-00.11.40:345][  0]LogUObjectHash: Compacting FUObjectHashTables data took   0.86ms
[2021.12.30-00.11.40:345][  0]Cmd: MAP CHECKDEP NOCLEARLOG
[2021.12.30-00.11.40:345][  0]MapCheck: 맵 체크 완료: 오류 0 회, 경고 0 회, 소요 시간 0.107ms.
[2021.12.30-00.11.40:345][  0]LogFileHelpers: Loading map 'Battle' took 0.226
[2021.12.30-00.11.40:357][  0]LogUnrealEdMisc: Total Editor Startup Time, took 8.980
[2021.12.30-00.11.40:497][  0]LogSlate: Updating window title bar state: overlay mode, drag disabled, window buttons hidden, title bar hidden
[2021.12.30-00.11.40:505][  0]LogSlate: Updating window title bar state: overlay mode, drag disabled, window buttons hidden, title bar hidden
[2021.12.30-00.11.40:511][  0]LogSlate: Updating window title bar state: overlay mode, drag disabled, window buttons hidden, title bar hidden
[2021.12.30-00.11.40:517][  0]LogSlate: Updating window title bar state: overlay mode, drag disabled, window buttons hidden, title bar hidden
[2021.12.30-00.11.40:526][  0]LogCollectionManager: Loaded 0 collections in 0.000803 seconds
[2021.12.30-00.11.40:561][  0]LogFileCache: Scanning file cache for directory 'D:/Github/GitHub/UnrealEngineProject/UnrealCppProject2/Saved/Collections/' took 0.00s
[2021.12.30-00.11.40:561][  0]LogFileCache: Scanning file cache for directory 'D:/Github/GitHub/UnrealEngineProject/UnrealCppProject2/Content/Developers/이수현/Collections/' took 0.00s
[2021.12.30-00.11.40:561][  0]LogFileCache: Scanning file cache for directory 'D:/Github/GitHub/UnrealEngineProject/UnrealCppProject2/Content/Collections/' took 0.00s
[2021.12.30-00.11.40:561][  0]LogContentBrowser: Native class hierarchy populated in 0.0110 seconds. Added 3475 classes and 835 folders.
[2021.12.30-00.11.40:568][  0]LogContentBrowser: Native class hierarchy updated for 'WidgetCarousel' in 0.0004 seconds. Added 0 classes and 0 folders.
[2021.12.30-00.11.41:017][  0]LogContentBrowser: Native class hierarchy updated for 'AddContentDialog' in 0.0005 seconds. Added 0 classes and 0 folders.
[2021.12.30-00.11.41:026][  0]LogContentBrowser: Native class hierarchy updated for 'SceneOutliner' in 0.0005 seconds. Added 2 classes and 0 folders.
[2021.12.30-00.11.41:088][  0]LogContentBrowser: Native class hierarchy updated for 'HierarchicalLODOutliner' in 0.0005 seconds. Added 0 classes and 0 folders.
[2021.12.30-00.11.41:088][  0]LogLoad: (Engine Initialization) Total time: 9.71 seconds
[2021.12.30-00.11.41:088][  0]LogLoad: (Engine Initialization) Total Blueprint compile time: 0.00 seconds
[2021.12.30-00.11.41:129][  0]LogAssetRegistry: Asset discovery search completed in 6.2115 seconds
[2021.12.30-00.11.41:132][  0]LogCollectionManager: Fixed up redirectors for 0 collections in 0.000002 seconds (updated 0 objects)
[2021.12.30-00.11.41:133][  0]LogContentStreaming: Texture pool size now 1000 MB
[2021.12.30-00.11.41:141][  0]LogSlate: Took 0.000224 seconds to synchronously load lazily loaded font '../../../Engine/Content/Slate/Fonts/Roboto-Regular.ttf' (155K)
[2021.12.30-00.11.41:142][  0]LogSlate: Took 0.001348 seconds to synchronously load lazily loaded font '../../../Engine/Content/Editor/Slate/Fonts/NanumGothic.ttf' (4243K)
[2021.12.30-00.11.41:145][  0]LogSlate: Took 0.001432 seconds to synchronously load lazily loaded font '../../../Engine/Content/Editor/Slate/Fonts/NanumGothicBold.ttf' (4188K)
[2021.12.30-00.11.41:146][  0]LogSlate: Took 0.000200 seconds to synchronously load lazily loaded font '../../../Engine/Content/Slate/Fonts/Roboto-Bold.ttf' (160K)
[2021.12.30-00.11.41:155][  0]LogSlate: Took 0.005233 seconds to synchronously load lazily loaded font '../../../Engine/Content/Editor/Slate/Fonts/FontAwesome.ttf' (139K)
[2021.12.30-00.11.41:241][  0]LogRenderer: Reallocating scene render targets to support 1172x528 Format 10 NumSamples 1 (Frame:1).
[2021.12.30-00.11.41:241][  0]LogSlate: Took 0.006593 seconds to synchronously load lazily loaded font '../../../Engine/Content/Slate/Fonts/Roboto-Light.ttf' (167K)
[2021.12.30-00.12.38:054][620]LogSlate: Took 0.000231 seconds to synchronously load lazily loaded font '../../../Engine/Content/Slate/Fonts/Roboto-Light.ttf' (167K)
[2021.12.30-00.12.38:069][620]LogAssetEditorSubsystem: Opening Asset editor for Blueprint /Game/Player/BP_CPlayer.BP_CPlayer
[2021.12.30-00.12.38:540][620]LogContentBrowser: Native class hierarchy updated for 'BlueprintGraph' in 0.0008 seconds. Added 125 classes and 0 folders.
[2021.12.30-00.12.40:765][714]LogSlate: Window 'BP_CPlayer' being destroyed
[2021.12.30-00.12.40:773][714]LogWorld: UWorld::CleanupWorld for World_4, bSessionEnded=true, bCleanupResources=true
[2021.12.30-00.12.40:773][714]LogSlate: InvalidateAllWidgets triggered.  All widgets were invalidated
[2021.12.30-00.12.40:848][714]LogAssetEditorSubsystem: Opening Asset editor for Blueprint /Game/Player/BP_CPlayer.BP_CPlayer
[2021.12.30-00.12.41:209][714]LogSlate: Took 0.000308 seconds to synchronously load lazily loaded font '../../../Engine/Content/Slate/Fonts/Roboto-BoldCondensed.ttf' (158K)
[2021.12.30-00.12.41:910][767]LogSlate: Took 0.005032 seconds to synchronously load lazily loaded font '../../../Engine/Content/Slate/Fonts/Roboto-Italic.ttf' (157K)
[2021.12.30-00.13.41:599][818]LogSlate: Window 'BP_CPlayer' being destroyed
[2021.12.30-00.13.41:601][818]LogSlate: Window 'BP_CPlayer' being destroyed
[2021.12.30-00.13.41:613][818]LogWorld: UWorld::CleanupWorld for World_7, bSessionEnded=true, bCleanupResources=true
[2021.12.30-00.13.41:613][818]LogSlate: InvalidateAllWidgets triggered.  All widgets were invalidated
[2021.12.30-00.14.51:646][981]LogUObjectHash: Compacting FUObjectHashTables data took   2.57ms
[2021.12.30-00.14.58:051][724]LogAssetEditorSubsystem: Opening Asset editor for Blueprint /Game/Actions/BP_CAttachment_FireStorm.BP_CAttachment_FireStorm
[2021.12.30-00.15.28:623][984]LogRenderer: Reallocating scene render targets to support 1172x544 Format 10 NumSamples 1 (Frame:1).
[2021.12.30-00.16.24:784][238]Cmd: OBJ SAVEPACKAGE PACKAGE="/Game/Actions/BP_CAttachment_FireStorm" FILE="../../../../../Github/GitHub/UnrealEngineProject/UnrealCppProject2/Content/Actions/BP_CAttachment_FireStorm.uasset" SILENT=true
[2021.12.30-00.16.24:792][238]LogSavePackage: Moving '../../../../../Github/GitHub/UnrealEngineProject/UnrealCppProject2/Saved/BP_CAttachment_FireStormBA67F5374B6CA800366D74AE31D2D147.tmp' to '../../../../../Github/GitHub/UnrealEngineProject/UnrealCppProject2/Content/Actions/BP_CAttachment_FireStorm.uasset'
[2021.12.30-00.16.24:807][238]AssetCheck: New page: 애셋 저장: BP_CAttachment_FireStorm
[2021.12.30-00.16.24:807][238]LogContentValidation: Display: Blueprint /Game/Actions/BP_CAttachment_FireStorm.BP_CAttachment_FireStorm 유효성 검사
[2021.12.30-00.16.25:213][281]BlueprintLog: New page: BP_CAttachment_FireStorm 컴파일
[2021.12.30-00.16.25:243][281]LogUObjectHash: Compacting FUObjectHashTables data took   2.32ms
[2021.12.30-00.16.25:276][281]LogSlate: Took 0.006941 seconds to synchronously load lazily loaded font '../../../Engine/Content/Slate/Fonts/DroidSansMono.ttf' (77K)
[2021.12.30-00.16.25:292][281]LogSlate: Took 0.015795 seconds to synchronously load lazily loaded font '../../../Engine/Content/Editor/Slate/Fonts/NanumGothicExtraBold.ttf' (4074K)
[2021.12.30-00.16.55:015][741]LogAssetEditorSubsystem: Opening Asset editor for CActionData /Game/Actions/DA_FireStorm.DA_FireStorm
[2021.12.30-00.18.03:911][337]LogSlate: Window '색 선택 툴' being destroyed
[2021.12.30-00.18.08:379][832]Cmd: OBJ SAVEPACKAGE PACKAGE="/Game/Actions/DA_FireStorm" FILE="../../../../../Github/GitHub/UnrealEngineProject/UnrealCppProject2/Content/Actions/DA_FireStorm.uasset" SILENT=true
[2021.12.30-00.18.08:381][832]LogSavePackage: Moving '../../../../../Github/GitHub/UnrealEngineProject/UnrealCppProject2/Saved/DA_FireStormCC8643C94151180D529F00B3DF32191A.tmp' to '../../../../../Github/GitHub/UnrealEngineProject/UnrealCppProject2/Content/Actions/DA_FireStorm.uasset'
[2021.12.30-00.18.08:394][832]AssetCheck: New page: 애셋 저장: DA_FireStorm
[2021.12.30-00.18.08:394][832]LogContentValidation: Display: CActionData /Game/Actions/DA_FireStorm.DA_FireStorm 유효성 검사
[2021.12.30-00.18.11:027][127]LogSlate: Window 'DA_FireStorm' being destroyed
[2021.12.30-00.18.11:030][127]LogSlate: Window 'DA_FireStorm' being destroyed
[2021.12.30-00.18.11:040][127]LogWorld: UWorld::CleanupWorld for World_8, bSessionEnded=true, bCleanupResources=true
[2021.12.30-00.18.11:040][127]LogSlate: InvalidateAllWidgets triggered.  All widgets were invalidated
[2021.12.30-00.18.13:180][354]LogAssetEditorSubsystem: Opening Asset editor for CActionData /Game/Actions/DA_Warp.DA_Warp
[2021.12.30-00.18.16:213][663]Cmd: OBJ SAVEPACKAGE PACKAGE="/Game/Actions/DA_Warp" FILE="../../../../../Github/GitHub/UnrealEngineProject/UnrealCppProject2/Content/Actions/DA_Warp.uasset" SILENT=true
[2021.12.30-00.18.16:222][663]LogSavePackage: Moving '../../../../../Github/GitHub/UnrealEngineProject/UnrealCppProject2/Saved/DA_WarpB07B39B24889D9FBF3CE84A7DBE8B497.tmp' to '../../../../../Github/GitHub/UnrealEngineProject/UnrealCppProject2/Content/Actions/DA_Warp.uasset'
[2021.12.30-00.18.16:236][663]AssetCheck: New page: 애셋 저장: DA_Warp
[2021.12.30-00.18.16:236][663]LogContentValidation: Display: CActionData /Game/Actions/DA_Warp.DA_Warp 유효성 검사
[2021.12.30-00.18.18:340][895]LogSlate: Window 'DA_Warp' being destroyed
[2021.12.30-00.18.18:344][895]LogSlate: Window 'DA_Warp' being destroyed
[2021.12.30-00.19.11:094][  1]LogSavePackage: Moving '../../../../../Github/GitHub/UnrealEngineProject/UnrealCppProject2/Saved/FireStorm_Montage359AF2984D1039D8FC11A4A671D1B80E.tmp' to '../../../../../Github/GitHub/UnrealEngineProject/UnrealCppProject2/Content/Character/Montages/FireStorm/FireStorm_Montage.uasset'
[2021.12.30-00.19.11:243][  1]LogUObjectHash: Compacting FUObjectHashTables data took   2.21ms
[2021.12.30-00.19.11:272][  1]LogUObjectHash: Compacting FUObjectHashTables data took   1.61ms
[2021.12.30-00.19.11:286][  1]LogUObjectHash: Compacting FUObjectHashTables data took   0.49ms
[2021.12.30-00.19.11:360][  1]AssetCheck: New page: 애셋 저장: FireStorm_Montage
[2021.12.30-00.19.11:360][  1]LogContentValidation: Display: AnimMontage /Game/Character/Montages/FireStorm/FireStorm_Montage.FireStorm_Montage 유효성 검사
[2021.12.30-00.19.40:346][460]LogAssetEditorSubsystem: Opening Asset editor for AnimMontage /Game/Character/Montages/FireStorm/FireStorm_Montage.FireStorm_Montage
[2021.12.30-00.19.40:402][460]LogContentBrowser: Native class hierarchy updated for 'SkeletonEditor' in 0.0006 seconds. Added 1 classes and 2 folders.
[2021.12.30-00.19.40:599][460]LogActorComponent: RegisterComponentWithWorld: (/Engine/Transient.World_10:PersistentLevel.AnimationEditorPreviewActor_0.DebugSkelMeshComponent_0) Already registered. Aborting.
[2021.12.30-00.19.40:603][460]LogContentBrowser: Native class hierarchy updated for 'PinnedCommandList' in 0.0005 seconds. Added 1 classes and 0 folders.
[2021.12.30-00.19.40:693][460]LogSkeletalMesh: USkeletalMeshComponent::InitArticulated : Bodies already created (/Engine/Transient.World_10:PersistentLevel.AnimationEditorPreviewActor_0.DebugSkelMeshComponent_0) - call TermArticulated first.
[2021.12.30-00.19.47:484][ 56]LogSlate: Window 'FireStorm_Montage' being destroyed
[2021.12.30-00.19.47:488][ 56]LogSlate: Window 'FireStorm_Montage' being destroyed
[2021.12.30-00.19.47:489][ 56]LogWorld: UWorld::CleanupWorld for World_10, bSessionEnded=true, bCleanupResources=true
[2021.12.30-00.19.47:489][ 56]LogSlate: InvalidateAllWidgets triggered.  All widgets were invalidated
[2021.12.30-00.19.47:580][ 56]LogWorld: UWorld::CleanupWorld for World_11, bSessionEnded=true, bCleanupResources=true
[2021.12.30-00.19.47:580][ 56]LogSlate: InvalidateAllWidgets triggered.  All widgets were invalidated
[2021.12.30-00.20.01:578][702]LogAssetEditorSubsystem: Opening Asset editor for CActionData /Game/Actions/DA_FireStorm.DA_FireStorm
[2021.12.30-00.20.13:713][990]Cmd: OBJ SAVEPACKAGE PACKAGE="/Game/Actions/DA_FireStorm" FILE="../../../../../Github/GitHub/UnrealEngineProject/UnrealCppProject2/Content/Actions/DA_FireStorm.uasset" SILENT=true
[2021.12.30-00.20.13:718][990]LogSavePackage: Moving '../../../../../Github/GitHub/UnrealEngineProject/UnrealCppProject2/Saved/DA_FireStorm695FC8B34FA9582E439DC39AD149F76F.tmp' to '../../../../../Github/GitHub/UnrealEngineProject/UnrealCppProject2/Content/Actions/DA_FireStorm.uasset'
[2021.12.30-00.20.13:734][990]AssetCheck: New page: 애셋 저장: DA_FireStorm
[2021.12.30-00.20.13:734][990]LogContentValidation: Display: CActionData /Game/Actions/DA_FireStorm.DA_FireStorm 유효성 검사
[2021.12.30-00.20.25:536][330]LogSlate: Window 'DA_FireStorm' being destroyed
[2021.12.30-00.20.25:539][330]LogSlate: Window 'DA_FireStorm' being destroyed
[2021.12.30-00.20.42:679][341]LogSlate: WidgetSwitcher ('None') active index changed to -1
[2021.12.30-00.20.42:679][341]LogSlate: WidgetSwitcher ('None') active index changed to 1
[2021.12.30-00.21.12:577][902]Running D:/Epic Games/UE_4.25/Engine/Binaries/DotNET/UnrealBuildTool.exe  -projectfiles -project="D:/Github/GitHub/UnrealEngineProject/UnrealCppProject2/UnrealCppProject2.uproject" -game -rocket -progress
[2021.12.30-00.21.12:882][902]Discovering modules, targets and source code for project...
[2021.12.30-00.21.14:795][902]Binding IntelliSense data...
[2021.12.30-00.21.20:542][902]Binding IntelliSense data... 100%
[2021.12.30-00.21.20:542][902]Writing project files...
[2021.12.30-00.21.24:769][902]Writing project files... 100%
[2021.12.30-00.21.24:979][902]Candidate modules for hot reload:
[2021.12.30-00.21.24:979][902]  UnrealCppProject2
[2021.12.30-00.21.24:979][902]Launching UnrealBuildTool... [D:/Epic Games/UE_4.25/Engine/Binaries/DotNET/UnrealBuildTool.exe  -ModuleWithSuffix=UnrealCppProject2,9056 UnrealCppProject2Editor Win64 Development -Project="D:/Github/GitHub/UnrealEngineProject/UnrealCppProject2/UnrealCppProject2.uproject" "D:/Github/GitHub/UnrealEngineProject/UnrealCppProject2/UnrealCppProject2.uproject"  -IgnoreJunk]
[2021.12.30-00.22.06:022][902]CompilerResultsLog: New page: 컴파일 - 2021. 12. 30. 오후 6:22:06
[2021.12.30-00.22.06:022][902]CompilerResultsLog: Using 'git status' to determine working set for adaptive non-unity build (D:\Github\GitHub\UnrealEngineProject).
[2021.12.30-00.22.06:022][902]CompilerResultsLog: Creating makefile for UnrealCppProject2Editor (no existing makefile)
[2021.12.30-00.22.06:022][902]CompilerResultsLog: Parsing headers for UnrealCppProject2Editor
[2021.12.30-00.22.06:022][902]CompilerResultsLog:   Running UnrealHeaderTool "D:\Github\GitHub\UnrealEngineProject\UnrealCppProject2\UnrealCppProject2.uproject" "D:\Github\GitHub\UnrealEngineProject\UnrealCppProject2\Intermediate\Build\Win64\UnrealCppProject2Editor\Development\UnrealCppProject2Editor.uhtmanifest" -LogCmds="loginit warning, logexit warning, logdatabase error" -Unattended -WarningsAsErrors -abslog="C:\Users\?̼???\AppData\Local\UnrealBuildTool\Log_UHT.txt" -installed
[2021.12.30-00.22.06:022][902]CompilerResultsLog: Reflection code generated for UnrealCppProject2Editor in 18.3696997 seconds
[2021.12.30-00.22.06:022][902]CompilerResultsLog: Building UnrealCppProject2Editor...
[2021.12.30-00.22.06:022][902]CompilerResultsLog: Using Visual Studio 2017 14.16.27045 toolchain (D:\Program Files\Microsoft Visual Studio\2017\Community\VC\Tools\MSVC\14.16.27023) and Windows 10.0.16299.0 SDK (D:\Windows Kits\10).
[2021.12.30-00.22.06:022][902]CompilerResultsLog: [Adaptive unity build] Excluded from UnrealCppProject2 unity file: CDoAction_FireStorm.cpp, CEnemy.cpp, CPlayer.cpp, CActionComponent.cpp, CMontagesComponent.cpp, CStateComponent.cpp, CTargetComponent.cpp, CAnimNotifyState_Dead.cpp
[2021.12.30-00.22.06:022][902]CompilerResultsLog: [Adaptive unity build] Excluded from UnrealCppProject2.gen unity file: CAnimNotifyState_Dead.gen.cpp, CStateComponent.gen.cpp, CTargetComponent.gen.cpp, UnrealCppProject2.init.gen.cpp
[2021.12.30-00.22.06:022][902]CompilerResultsLog: Building 7 actions with 6 processes...
[2021.12.30-00.22.06:022][902]CompilerResultsLog:   [1/7] UnrealCppProject2.init.gen.cpp
[2021.12.30-00.22.06:022][902]CompilerResultsLog:   [2/7] CDoAction_FireStorm.cpp
[2021.12.30-00.22.06:022][902]CompilerResultsLog:   [3/7] Module.UnrealCppProject2.gen.cpp
[2021.12.30-00.22.06:022][902]CompilerResultsLog:   [4/7] Module.UnrealCppProject2.cpp
[2021.12.30-00.22.06:022][902]CompilerResultsLog:   [5/7] UE4Editor-UnrealCppProject2-9056.lib
[2021.12.30-00.22.06:022][902]CompilerResultsLog:      D:\Github\GitHub\UnrealEngineProject\UnrealCppProject2\Intermediate\Build\Win64\UE4Editor\Development\UnrealCppProject2\UE4Editor-UnrealCppProject2-9056.lib ???̺귯?? ?? D:\Github\GitHub\UnrealEngineProject\UnrealCppProject2\Intermediate\Build\Win64\UE4Editor\Development\UnrealCppProject2\UE4Editor-UnrealCppProject2-9056.exp ??ü?? ?????ϰ? ?ֽ??ϴ?.
[2021.12.30-00.22.06:022][902]CompilerResultsLog:   [6/7] UE4Editor-UnrealCppProject2-9056.dll
[2021.12.30-00.22.06:022][902]CompilerResultsLog:      D:\Github\GitHub\UnrealEngineProject\UnrealCppProject2\Intermediate\Build\Win64\UE4Editor\Development\UnrealCppProject2\UE4Editor-UnrealCppProject2-9056.suppressed.lib ???̺귯?? ?? D:\Github\GitHub\UnrealEngineProject\UnrealCppProject2\Intermediate\Build\Win64\UE4Editor\Development\UnrealCppProject2\UE4Editor-UnrealCppProject2-9056.suppressed.exp ??ü?? ?????ϰ? ?ֽ??ϴ?.
[2021.12.30-00.22.06:022][902]CompilerResultsLog:   [7/7] UnrealCppProject2Editor.target
[2021.12.30-00.22.06:022][902]CompilerResultsLog: Total time in Parallel executor: 20.53 seconds
[2021.12.30-00.22.06:022][902]CompilerResultsLog: Total execution time: 40.97 seconds
[2021.12.30-00.22.06:022][902]LogMainFrame: MainFrame: Module compiling took 41.048 seconds
[2021.12.30-00.22.06:077][902]LogClass: Could not find existing class CDoAction_FireStorm in package /Script/UnrealCppProject2 for HotReload, assuming new class
[2021.12.30-00.22.06:106][902]LogClass: EActionType HotReload.
[2021.12.30-00.22.06:106][902]LogClass: EStateType HotReload.
[2021.12.30-00.22.06:106][902]LogClass: DoActionData HotReload.
[2021.12.30-00.22.06:106][902]LogClass: EquipmentData HotReload.
[2021.12.30-00.22.06:106][902]LogClass: MontageData HotReload.
[2021.12.30-00.22.06:119][902]LogContentBrowser: Native class hierarchy updated for 'UnrealCppProject2' in 0.0006 seconds. Added 30 classes and 7 folders.
[2021.12.30-00.22.06:130][902]Display: HotReload successful (30 functions remapped  3 scriptstructs remapped)
[2021.12.30-00.22.06:222][902]LogContentBrowser: Native class hierarchy populated in 0.0091 seconds. Added 3477 classes and 837 folders.
[2021.12.30-00.22.06:222][902]Display: HotReload took 41.3s.
[2021.12.30-00.22.06:238][902]Warning: HotReload operation took 41.4s.
[2021.12.30-00.22.06:787][902]LogVSAccessor: Warning: Couldn't open file 'D:/Github/GitHub/UnrealEngineProject/UnrealCppProject2/Source/UnrealCppProject2/Actions/CDoAction_FireStorm.cpp'.
[2021.12.30-00.22.06:851][902]LogSlate: Window 'C++ 클래스 추가' being destroyed
[2021.12.30-00.22.07:235][903]LogHotReload: New module detected: UE4Editor-UnrealCppProject2-9056.dll
[2021.12.30-00.22.07:253][904]LogHotReload: Starting Hot-Reload from IDE
[2021.12.30-00.22.07:287][904]LogContentBrowser: Native class hierarchy updated for 'UnrealCppProject2' in 0.0007 seconds. Added 30 classes and 7 folders.
[2021.12.30-00.22.07:299][904]Display: HotReload successful (0 functions remapped  3 scriptstructs remapped)
[2021.12.30-00.22.07:316][904]LogContentBrowser: Native class hierarchy populated in 0.0095 seconds. Added 3477 classes and 837 folders.
[2021.12.30-00.22.07:320][904]Display: HotReload took  0.1s.
[2021.12.30-00.22.13:876][622]LogSlate: Window '콘텐츠 브라우저 3' being destroyed
[2021.12.30-00.22.13:879][622]LogSlate: Window '콘텐츠 브라우저 3' being destroyed
[2021.12.30-00.30.04:512][234]Candidate modules for hot reload:
[2021.12.30-00.30.04:512][234]  UnrealCppProject2
[2021.12.30-00.30.04:512][234]Launching UnrealBuildTool... [D:/Epic Games/UE_4.25/Engine/Binaries/DotNET/UnrealBuildTool.exe  -ModuleWithSuffix=UnrealCppProject2,1713 UnrealCppProject2Editor Win64 Development -Project="D:/Github/GitHub/UnrealEngineProject/UnrealCppProject2/UnrealCppProject2.uproject" "D:/Github/GitHub/UnrealEngineProject/UnrealCppProject2/UnrealCppProject2.uproject"  -IgnoreJunk]
[2021.12.30-00.30.04:514][234]Warning: Starting HotReload took  0.1s.
[2021.12.30-00.30.32:248][492]CompilerResultsLog: New page: 컴파일 - 2021. 12. 30. 오후 6:30:32
[2021.12.30-00.30.32:248][492]CompilerResultsLog: Using 'git status' to determine working set for adaptive non-unity build (D:\Github\GitHub\UnrealEngineProject).
[2021.12.30-00.30.32:248][492]CompilerResultsLog: Invalidating makefile for UnrealCppProject2Editor (working set of source files changed)
[2021.12.30-00.30.32:248][492]CompilerResultsLog: Parsing headers for UnrealCppProject2Editor
[2021.12.30-00.30.32:248][492]CompilerResultsLog:   Running UnrealHeaderTool "D:\Github\GitHub\UnrealEngineProject\UnrealCppProject2\UnrealCppProject2.uproject" "D:\Github\GitHub\UnrealEngineProject\UnrealCppProject2\Intermediate\Build\Win64\UnrealCppProject2Editor\Development\UnrealCppProject2Editor.uhtmanifest" -LogCmds="loginit warning, logexit warning, logdatabase error" -Unattended -WarningsAsErrors -abslog="C:\Users\?̼???\AppData\Local\UnrealBuildTool\Log_UHT.txt" -installed
[2021.12.30-00.30.32:248][492]CompilerResultsLog: Reflection code generated for UnrealCppProject2Editor in 5.4978104 seconds
[2021.12.30-00.30.32:248][492]CompilerResultsLog: Building UnrealCppProject2Editor...
[2021.12.30-00.30.32:248][492]CompilerResultsLog: Using Visual Studio 2017 14.16.27045 toolchain (D:\Program Files\Microsoft Visual Studio\2017\Community\VC\Tools\MSVC\14.16.27023) and Windows 10.0.16299.0 SDK (D:\Windows Kits\10).
[2021.12.30-00.30.32:248][492]CompilerResultsLog: [Adaptive unity build] Excluded from UnrealCppProject2 unity file: CDoAction_FireStorm.cpp, CEnemy.cpp, CPlayer.cpp, CActionComponent.cpp, CMontagesComponent.cpp, CStateComponent.cpp, CTargetComponent.cpp, CAnimNotifyState_Dead.cpp
[2021.12.30-00.30.32:248][492]CompilerResultsLog: [Adaptive unity build] Excluded from UnrealCppProject2.gen unity file: CAnimNotifyState_Dead.gen.cpp, CDoAction_FireStorm.gen.cpp, CStateComponent.gen.cpp, CTargetComponent.gen.cpp, UnrealCppProject2.init.gen.cpp
[2021.12.30-00.30.32:248][492]CompilerResultsLog: Building 11 actions with 6 processes...
[2021.12.30-00.30.32:248][492]CompilerResultsLog:   [1/11] UnrealCppProject2.init.gen.cpp
[2021.12.30-00.30.32:248][492]CompilerResultsLog:   [2/11] CDoAction_FireStorm.gen.cpp
[2021.12.30-00.30.32:248][492]CompilerResultsLog:   [3/11] CActionComponent.cpp
[2021.12.30-00.30.32:248][492]CompilerResultsLog:   [4/11] CPlayer.cpp
[2021.12.30-00.30.32:248][492]CompilerResultsLog:   [5/11] CDoAction_FireStorm.cpp
[2021.12.30-00.30.32:248][492]CompilerResultsLog:   [6/11] Module.UnrealCppProject2.gen.cpp
[2021.12.30-00.30.32:248][492]CompilerResultsLog:   [7/11] CEnemy.cpp
[2021.12.30-00.30.32:248][492]CompilerResultsLog:   [8/11] Module.UnrealCppProject2.cpp
[2021.12.30-00.30.32:248][492]CompilerResultsLog:   [9/11] UE4Editor-UnrealCppProject2-1713.lib
[2021.12.30-00.30.32:248][492]CompilerResultsLog:      D:\Github\GitHub\UnrealEngineProject\UnrealCppProject2\Intermediate\Build\Win64\UE4Editor\Development\UnrealCppProject2\UE4Editor-UnrealCppProject2-1713.lib ???̺귯?? ?? D:\Github\GitHub\UnrealEngineProject\UnrealCppProject2\Intermediate\Build\Win64\UE4Editor\Development\UnrealCppProject2\UE4Editor-UnrealCppProject2-1713.exp ??ü?? ?????ϰ? ?ֽ??ϴ?.
[2021.12.30-00.30.32:248][492]CompilerResultsLog:   [10/11] UE4Editor-UnrealCppProject2-1713.dll
[2021.12.30-00.30.32:248][492]CompilerResultsLog:      D:\Github\GitHub\UnrealEngineProject\UnrealCppProject2\Intermediate\Build\Win64\UE4Editor\Development\UnrealCppProject2\UE4Editor-UnrealCppProject2-1713.suppressed.lib ???̺귯?? ?? D:\Github\GitHub\UnrealEngineProject\UnrealCppProject2\Intermediate\Build\Win64\UE4Editor\Development\UnrealCppProject2\UE4Editor-UnrealCppProject2-1713.suppressed.exp ??ü?? ?????ϰ? ?ֽ??ϴ?.
[2021.12.30-00.30.32:248][492]CompilerResultsLog:   [11/11] UnrealCppProject2Editor.target
[2021.12.30-00.30.32:248][492]CompilerResultsLog: Total time in Parallel executor: 20.00 seconds
[2021.12.30-00.30.32:248][492]CompilerResultsLog: Total execution time: 27.65 seconds
[2021.12.30-00.30.32:248][492]LogMainFrame: MainFrame: Module compiling took 27.740 seconds
[2021.12.30-00.30.32:289][492]LogClass: Could not find existing class CDoAction_FireStorm in package /Script/UnrealCppProject2 for HotReload, assuming new class
[2021.12.30-00.30.32:300][492]LogClass: Could not find existing class CActionComponent in package /Script/UnrealCppProject2 for HotReload, assuming new class
[2021.12.30-00.30.32:300][492]LogClass: Function GetCurrent is new.
[2021.12.30-00.30.32:300][492]LogClass: Function IsFireStormMode is new.
[2021.12.30-00.30.32:300][492]LogClass: Function IsFistMode is new.
[2021.12.30-00.30.32:300][492]LogClass: Function IsOneHandMode is new.
[2021.12.30-00.30.32:300][492]LogClass: Function IsTwoHandMode is new.
[2021.12.30-00.30.32:300][492]LogClass: Function IsUnarmedMode is new.
[2021.12.30-00.30.32:300][492]LogClass: Function IsWarpMode is new.
[2021.12.30-00.30.32:389][492]LogClass: EStateType HotReload.
[2021.12.30-00.30.32:389][492]LogClass: DoActionData HotReload.
[2021.12.30-00.30.32:389][492]LogClass: EquipmentData HotReload.
[2021.12.30-00.30.32:389][492]LogClass: MontageData HotReload.
[2021.12.30-00.30.32:397][492]LogHotReload: Re-instancing CDoAction_FireStorm after hot-reload.
[2021.12.30-00.30.32:419][492]LogHotReload: Re-instancing CActionComponent after hot-reload.
[2021.12.30-00.30.32:456][492]LogContentBrowser: Native class hierarchy updated for 'UnrealCppProject2' in 0.0006 seconds. Added 30 classes and 7 folders.
[2021.12.30-00.30.32:468][492]Display: HotReload successful (24 functions remapped  3 scriptstructs remapped)
[2021.12.30-00.30.32:583][492]LogContentBrowser: Native class hierarchy populated in 0.0096 seconds. Added 3477 classes and 837 folders.
[2021.12.30-00.30.32:584][492]Display: HotReload took 28.1s.
[2021.12.30-00.30.51:158][476]LogSlate: Window '프로젝트 세팅' being destroyed
[2021.12.30-00.30.51:161][476]LogSlate: Window '프로젝트 세팅' being destroyed
[2021.12.30-00.34.21:402][484]Candidate modules for hot reload:
[2021.12.30-00.34.21:402][484]  UnrealCppProject2
[2021.12.30-00.34.21:402][484]Launching UnrealBuildTool... [D:/Epic Games/UE_4.25/Engine/Binaries/DotNET/UnrealBuildTool.exe  -ModuleWithSuffix=UnrealCppProject2,5809 UnrealCppProject2Editor Win64 Development -Project="D:/Github/GitHub/UnrealEngineProject/UnrealCppProject2/UnrealCppProject2.uproject" "D:/Github/GitHub/UnrealEngineProject/UnrealCppProject2/UnrealCppProject2.uproject"  -IgnoreJunk]
[2021.12.30-00.34.21:404][484]Warning: Starting HotReload took  0.0s.
[2021.12.30-00.34.46:797][279]CompilerResultsLog: New page: 컴파일 - 2021. 12. 30. 오후 6:34:46
[2021.12.30-00.34.46:797][279]CompilerResultsLog: Using 'git status' to determine working set for adaptive non-unity build (D:\Github\GitHub\UnrealEngineProject).
[2021.12.30-00.34.46:797][279]CompilerResultsLog: Invalidating makefile for UnrealCppProject2Editor (working set of source files changed)
[2021.12.30-00.34.46:797][279]CompilerResultsLog: Parsing headers for UnrealCppProject2Editor
[2021.12.30-00.34.46:797][279]CompilerResultsLog:   Running UnrealHeaderTool "D:\Github\GitHub\UnrealEngineProject\UnrealCppProject2\UnrealCppProject2.uproject" "D:\Github\GitHub\UnrealEngineProject\UnrealCppProject2\Intermediate\Build\Win64\UnrealCppProject2Editor\Development\UnrealCppProject2Editor.uhtmanifest" -LogCmds="loginit warning, logexit warning, logdatabase error" -Unattended -WarningsAsErrors -abslog="C:\Users\?̼???\AppData\Local\UnrealBuildTool\Log_UHT.txt" -installed
[2021.12.30-00.34.46:797][279]CompilerResultsLog: Reflection code generated for UnrealCppProject2Editor in 5.4881697 seconds
[2021.12.30-00.34.46:797][279]CompilerResultsLog: Building UnrealCppProject2Editor...
[2021.12.30-00.34.46:797][279]CompilerResultsLog: Using Visual Studio 2017 14.16.27045 toolchain (D:\Program Files\Microsoft Visual Studio\2017\Community\VC\Tools\MSVC\14.16.27023) and Windows 10.0.16299.0 SDK (D:\Windows Kits\10).
[2021.12.30-00.34.46:797][279]CompilerResultsLog: [Adaptive unity build] Excluded from UnrealCppProject2 unity file: CDoAction_FireStorm.cpp, CEnemy.cpp, CPlayer.cpp, CActionComponent.cpp, CMontagesComponent.cpp, CStateComponent.cpp, CTargetComponent.cpp, CAnimNotifyState_Dead.cpp
[2021.12.30-00.34.46:797][279]CompilerResultsLog: [Adaptive unity build] Excluded from UnrealCppProject2.gen unity file: CActionComponent.gen.cpp, CAnimNotifyState_Dead.gen.cpp, CDoAction_FireStorm.gen.cpp, CStateComponent.gen.cpp, CTargetComponent.gen.cpp, UnrealCppProject2.init.gen.cpp
[2021.12.30-00.34.46:797][279]CompilerResultsLog: Building 7 actions with 6 processes...
[2021.12.30-00.34.46:797][279]CompilerResultsLog:   [1/7] CActionComponent.gen.cpp
[2021.12.30-00.34.46:797][279]CompilerResultsLog:   [2/7] CPlayer.cpp
[2021.12.30-00.34.46:797][279]CompilerResultsLog:   [3/7] Module.UnrealCppProject2.gen.cpp
[2021.12.30-00.34.46:797][279]CompilerResultsLog:   [4/7] Module.UnrealCppProject2.cpp
[2021.12.30-00.34.46:797][279]CompilerResultsLog:   [5/7] UE4Editor-UnrealCppProject2-5809.lib
[2021.12.30-00.34.46:797][279]CompilerResultsLog:      D:\Github\GitHub\UnrealEngineProject\UnrealCppProject2\Intermediate\Build\Win64\UE4Editor\Development\UnrealCppProject2\UE4Editor-UnrealCppProject2-5809.lib ???̺귯?? ?? D:\Github\GitHub\UnrealEngineProject\UnrealCppProject2\Intermediate\Build\Win64\UE4Editor\Development\UnrealCppProject2\UE4Editor-UnrealCppProject2-5809.exp ??ü?? ?????ϰ? ?ֽ??ϴ?.
[2021.12.30-00.34.46:797][279]CompilerResultsLog:   [6/7] UE4Editor-UnrealCppProject2-5809.dll
[2021.12.30-00.34.46:797][279]CompilerResultsLog:      D:\Github\GitHub\UnrealEngineProject\UnrealCppProject2\Intermediate\Build\Win64\UE4Editor\Development\UnrealCppProject2\UE4Editor-UnrealCppProject2-5809.suppressed.lib ???̺귯?? ?? D:\Github\GitHub\UnrealEngineProject\UnrealCppProject2\Intermediate\Build\Win64\UE4Editor\Development\UnrealCppProject2\UE4Editor-UnrealCppProject2-5809.suppressed.exp ??ü?? ?????ϰ? ?ֽ??ϴ?.
[2021.12.30-00.34.46:797][279]CompilerResultsLog:   [7/7] UnrealCppProject2Editor.target
[2021.12.30-00.34.46:797][279]CompilerResultsLog: Total time in Parallel executor: 17.70 seconds
[2021.12.30-00.34.46:797][279]CompilerResultsLog: Total execution time: 25.31 seconds
[2021.12.30-00.34.46:797][279]LogMainFrame: MainFrame: Module compiling took 25.398 seconds
[2021.12.30-00.34.46:837][279]LogOutputDevice: Warning: 

Script Stack (0 frames):

[2021.12.30-00.34.46:837][279]LogWindows: Windows GetLastError: 작업을 완료했습니다. (0)
[2021.12.30-00.34.49:084][279]LogWindows: Error: === Critical error: ===
[2021.12.30-00.34.49:084][279]LogWindows: Error: 
[2021.12.30-00.34.49:084][279]LogWindows: Error: Fatal error: [File:D:/Build/++UE4/Sync/Engine/Source/Runtime/CoreUObject/Private/UObject/UObjectGlobals.cpp] [Line: 2335] 
[2021.12.30-00.34.49:084][279]LogWindows: Error: Objects have the same fully qualified name but different paths.
[2021.12.30-00.34.49:084][279]LogWindows: Error: 	New Object: CActionComponent /Engine/Transient.Default__CActionComponent
[2021.12.30-00.34.49:084][279]LogWindows: Error: 	Existing Object: HOTRELOADED_CActionComponent_1 /Engine/Transient.Default__CActionComponent
[2021.12.30-00.34.49:084][279]LogWindows: Error: 
[2021.12.30-00.34.49:084][279]LogWindows: Error: 
[2021.12.30-00.34.49:084][279]LogWindows: Error: [Callstack] 0x00007ffb44e94f69 KERNELBASE.dll!UnknownFunction []
[2021.12.30-00.34.49:084][279]LogWindows: Error: [Callstack] 0x00007ffaf794ec66 UE4Editor-Core.dll!UnknownFunction []
[2021.12.30-00.34.49:084][279]LogWindows: Error: [Callstack] 0x00007ffaf7952048 UE4Editor-Core.dll!UnknownFunction []
[2021.12.30-00.34.49:084][279]LogWindows: Error: [Callstack] 0x00007ffaf76de52d UE4Editor-Core.dll!UnknownFunction []
[2021.12.30-00.34.49:084][279]LogWindows: Error: [Callstack] 0x00007ffaf70fdfca UE4Editor-CoreUObject.dll!UnknownFunction []
[2021.12.30-00.34.49:084][279]LogWindows: Error: [Callstack] 0x00007ffb3bfc999c UE4Editor-UnrealCppProject2-5809.dll!UCActionComponent::__VTableCtorCaller() [d:\github\github\unrealengineproject\unrealcppproject2\source\unrealcppproject2\components\cactioncomponent.h:24]
[2021.12.30-00.34.49:084][279]LogWindows: Error: [Callstack] 0x00007ffaf6e6f34b UE4Editor-CoreUObject.dll!UnknownFunction []
[2021.12.30-00.34.49:084][279]LogWindows: Error: [Callstack] 0x00007ffaf6e6c13d UE4Editor-CoreUObject.dll!UnknownFunction []
[2021.12.30-00.34.49:084][279]LogWindows: Error: [Callstack] 0x00007ffb3bfdc42b UE4Editor-UnrealCppProject2-5809.dll!UCActionComponent::GetPrivateStaticClass() [d:\github\github\unrealengineproject\unrealcppproject2\intermediate\build\win64\ue4editor\inc\unrealcppproject2\cactioncomponent.gen.cpp:535]
[2021.12.30-00.34.49:084][279]LogWindows: Error: [Callstack] 0x00007ffb3bfdc228 UE4Editor-UnrealCppProject2-5809.dll!TClassCompiledInDefer<UCActionComponent>::Register() [d:\epic games\ue_4.25\engine\source\runtime\coreuobject\public\uobject\uobjectbase.h:288]
[2021.12.30-00.34.49:084][279]LogWindows: Error: [Callstack] 0x00007ffaf71064a3 UE4Editor-CoreUObject.dll!UnknownFunction []
[2021.12.30-00.34.49:084][279]LogWindows: Error: [Callstack] 0x00007ffaf70e5b6e UE4Editor-CoreUObject.dll!UnknownFunction []
[2021.12.30-00.34.49:084][279]LogWindows: Error: [Callstack] 0x00007ffaf7004465 UE4Editor-CoreUObject.dll!UnknownFunction []
[2021.12.30-00.34.49:084][279]LogWindows: Error: [Callstack] 0x00007ffaf771986a UE4Editor-Core.dll!UnknownFunction []
[2021.12.30-00.34.49:084][279]LogWindows: Error: [Callstack] 0x00007ffaf77399f0 UE4Editor-Core.dll!UnknownFunction []
[2021.12.30-00.34.49:084][279]LogWindows: Error: [Callstack] 0x00007ffaf7738b08 UE4Editor-Core.dll!UnknownFunction []
[2021.12.30-00.34.49:084][279]LogWindows: Error: [Callstack] 0x00007ffac01eb9b2 UE4Editor-HotReload.dll!UnknownFunction []
[2021.12.30-00.34.49:084][279]LogWindows: Error: [Callstack] 0x00007ffac01e9617 UE4Editor-HotReload.dll!UnknownFunction []
[2021.12.30-00.34.49:084][279]LogWindows: Error: [Callstack] 0x00007ffac01ea1ad UE4Editor-HotReload.dll!UnknownFunction []
[2021.12.30-00.34.49:084][279]LogWindows: Error: [Callstack] 0x00007ffac01fc057 UE4Editor-HotReload.dll!UnknownFunction []
[2021.12.30-00.34.49:084][279]LogWindows: Error: [Callstack] 0x00007ffaf749d0a9 UE4Editor-Core.dll!UnknownFunction []
[2021.12.30-00.34.49:084][279]LogWindows: Error: [Callstack] 0x00007ff7cd52a213 UE4Editor.exe!UnknownFunction []
[2021.12.30-00.34.49:084][279]LogWindows: Error: [Callstack] 0x00007ff7cd53ba7c UE4Editor.exe!UnknownFunction []
[2021.12.30-00.34.49:084][279]LogWindows: Error: [Callstack] 0x00007ff7cd53bb5a UE4Editor.exe!UnknownFunction []
[2021.12.30-00.34.49:084][279]LogWindows: Error: [Callstack] 0x00007ff7cd54e31d UE4Editor.exe!UnknownFunction []
[2021.12.30-00.34.49:084][279]LogWindows: Error: [Callstack] 0x00007ff7cd55145a UE4Editor.exe!UnknownFunction []
[2021.12.30-00.34.49:084][279]LogWindows: Error: [Callstack] 0x00007ffb46c27034 KERNEL32.DLL!UnknownFunction []
[2021.12.30-00.34.49:084][279]LogWindows: Error: [Callstack] 0x00007ffb472e2651 ntdll.dll!UnknownFunction []
[2021.12.30-00.34.49:084][279]LogWindows: Error: 
[2021.12.30-00.34.49:093][279]LogExit: Executing StaticShutdownAfterError
[2021.12.30-00.34.49:111][279]LogWindows: FPlatformMisc::RequestExit(1)
[2021.12.30-00.34.49:111][279]LogCore: Engine exit requested (reason: Win RequestExit)
[2021.12.30-00.34.49:121][279]Log file closed, 12/30/21 09:34:49
