Log file open, 12/24/21 12:38:10
LogInit: Display: Running engine for game: UnrealCppProject2
LogPlatformFile: Not using cached read wrapper
LogTaskGraph: Started task graph with 5 named threads and 20 total threads with 3 sets of task threads.
LogStats: Stats thread started at 0.203752
LogD3D11RHI: Loaded GFSDK_Aftermath_Lib.x64.dll
LogICUInternationalization: ICU TimeZone Detection - Raw Offset: +9:00, Platform Override: ''
LogPluginManager: Mounting plugin Paper2D
LogPluginManager: Mounting plugin AISupport
LogPluginManager: Mounting plugin LightPropagationVolume
LogPluginManager: Mounting plugin CameraShakePreviewer
LogPluginManager: Mounting plugin ActorLayerUtilities
LogPluginManager: Mounting plugin AnimationSharing
LogPluginManager: Mounting plugin CLionSourceCodeAccess
LogPluginManager: Mounting plugin CodeLiteSourceCodeAccess
LogPluginManager: Mounting plugin GitSourceControl
LogPluginManager: Mounting plugin KDevelopSourceCodeAccess
LogPluginManager: Mounting plugin NullSourceCodeAccess
LogPluginManager: Mounting plugin PerforceSourceControl
LogPluginManager: Mounting plugin PlasticSourceControl
LogPluginManager: Mounting plugin RiderSourceCodeAccess
LogPluginManager: Mounting plugin SubversionSourceControl
LogPluginManager: Mounting plugin UObjectPlugin
LogPluginManager: Mounting plugin VisualStudioCodeSourceCodeAccess
LogPluginManager: Mounting plugin VisualStudioSourceCodeAccess
LogPluginManager: Mounting plugin XCodeSourceCodeAccess
LogPluginManager: Mounting plugin AssetManagerEditor
LogPluginManager: Mounting plugin CryptoKeys
LogPluginManager: Mounting plugin CurveEditorTools
LogPluginManager: Mounting plugin DataValidation
LogPluginManager: Mounting plugin EditorScriptingUtilities
LogPluginManager: Mounting plugin FacialAnimation
LogPluginManager: Mounting plugin GameplayTagsEditor
LogPluginManager: Mounting plugin GeometryMode
LogPluginManager: Mounting plugin MacGraphicsSwitching
LogPluginManager: Mounting plugin MaterialAnalyzer
LogPluginManager: Mounting plugin MobileLauncherProfileWizard
LogPluginManager: Mounting plugin PluginBrowser
LogPluginManager: Mounting plugin SpeedTreeImporter
LogPluginManager: Mounting plugin DatasmithContent
LogPluginManager: Mounting plugin VariantManagerContent
LogPluginManager: Mounting plugin AlembicImporter
LogPluginManager: Mounting plugin AutomationUtils
LogPluginManager: Mounting plugin BackChannel
LogPluginManager: Mounting plugin ChaosCloth
LogPluginManager: Mounting plugin ChaosClothEditor
LogPluginManager: Mounting plugin ChaosEditor
LogPluginManager: Mounting plugin ChaosNiagara
LogPluginManager: Mounting plugin ChaosSolverPlugin
LogPluginManager: Mounting plugin CharacterAI
LogPluginManager: Mounting plugin GeometryCache
LogPluginManager: Mounting plugin GeometryCollectionPlugin
LogPluginManager: Mounting plugin GeometryProcessing
LogPluginManager: Mounting plugin PlanarCut
LogPluginManager: Mounting plugin PlatformCrypto
LogPluginManager: Mounting plugin ProxyLODPlugin
LogPluginManager: Mounting plugin PythonScriptPlugin
LogPluginManager: Mounting plugin SkeletalReduction
LogPluginManager: Mounting plugin Niagara
LogPluginManager: Mounting plugin MagicLeap
LogPluginManager: Mounting plugin MagicLeapLightEstimation
LogPluginManager: Mounting plugin MagicLeapMedia
LogPluginManager: Mounting plugin MagicLeapPassableWorld
LogPluginManager: Mounting plugin MLSDK
LogPluginManager: Mounting plugin AndroidMedia
LogPluginManager: Mounting plugin AvfMedia
LogPluginManager: Mounting plugin ImgMedia
LogPluginManager: Mounting plugin MediaCompositing
LogPluginManager: Mounting plugin MediaPlayerEditor
LogPluginManager: Mounting plugin WebMMedia
LogPluginManager: Mounting plugin WmfMedia
LogPluginManager: Mounting plugin MegascansPlugin
LogPluginManager: Mounting plugin MeshPainting
LogPluginManager: Mounting plugin TcpMessaging
LogPluginManager: Mounting plugin UdpMessaging
LogPluginManager: Mounting plugin ActorSequence
LogPluginManager: Mounting plugin LevelSequenceEditor
LogPluginManager: Mounting plugin MatineeToLevelSequence
LogPluginManager: Mounting plugin MovieRenderPipeline
LogPluginManager: Mounting plugin TemplateSequence
LogPluginManager: Mounting plugin NetcodeUnitTest
LogPluginManager: Mounting plugin NUTUnrealEngine4
LogPluginManager: Mounting plugin OnlineSubsystemGooglePlay
LogPluginManager: Mounting plugin OnlineSubsystemIOS
LogPluginManager: Mounting plugin OnlineSubsystem
LogPluginManager: Mounting plugin OnlineSubsystemNull
LogPluginManager: Mounting plugin OnlineSubsystemUtils
LogPluginManager: Mounting plugin LauncherChunkInstaller
LogPluginManager: Mounting plugin AndroidDeviceProfileSelector
LogPluginManager: Mounting plugin AndroidMoviePlayer
LogPluginManager: Mounting plugin AndroidPermission
LogPluginManager: Mounting plugin AppleImageUtils
LogPluginManager: Mounting plugin AppleMoviePlayer
LogPluginManager: Mounting plugin ArchVisCharacter
LogPluginManager: Mounting plugin AssetTags
LogPluginManager: Mounting plugin AudioCapture
LogPluginManager: Mounting plugin CableComponent
LogPluginManager: Mounting plugin CustomMeshComponent
LogPluginManager: Mounting plugin DatabaseSupport
LogPluginManager: Mounting plugin SQLiteCore
LogPluginManager: Mounting plugin SQLiteSupport
LogPluginManager: Mounting plugin EditableMesh
LogPluginManager: Mounting plugin ExampleDeviceProfileSelector
LogPluginManager: Mounting plugin GoogleCloudMessaging
LogPluginManager: Mounting plugin GooglePAD
LogPluginManager: Mounting plugin IOSDeviceProfileSelector
LogPluginManager: Mounting plugin LinuxDeviceProfileSelector
LogPluginManager: Mounting plugin LocationServicesBPLibrary
LogPluginManager: Mounting plugin MobilePatchingUtils
LogPluginManager: Mounting plugin OculusVR
LogPluginManager: Mounting plugin PhysXVehicles
LogPluginManager: Mounting plugin PostSplashScreen
LogPluginManager: Mounting plugin ProceduralMeshComponent
LogPluginManager: Mounting plugin RuntimePhysXCooking
LogPluginManager: Mounting plugin SignificanceManager
LogPluginManager: Mounting plugin SoundFields
LogPluginManager: Mounting plugin SteamVR
LogPluginManager: Mounting plugin Synthesis
LogPluginManager: Mounting plugin WebMMoviePlayer
LogPluginManager: Mounting plugin WindowsMoviePlayer
LogPluginManager: Mounting plugin ScreenshotTools
LogInit: Using libcurl 7.55.1-DEV
LogInit:  - built for x86_64-pc-win32
LogInit:  - supports SSL with OpenSSL/1.1.1
LogInit:  - supports HTTP deflate (compression) using libz 1.2.8
LogInit:  - other features:
LogInit:      CURL_VERSION_SSL
LogInit:      CURL_VERSION_LIBZ
LogInit:      CURL_VERSION_IPV6
LogInit:      CURL_VERSION_ASYNCHDNS
LogInit:      CURL_VERSION_LARGEFILE
LogInit:      CURL_VERSION_IDN
LogInit:  CurlRequestOptions (configurable via config and command line):
LogInit:  - bVerifyPeer = true  - Libcurl will verify peer certificate
LogInit:  - bUseHttpProxy = false  - Libcurl will NOT use HTTP proxy
LogInit:  - bDontReuseConnections = false  - Libcurl will reuse connections
LogInit:  - MaxHostConnections = 16  - Libcurl will limit the number of connections to a host
LogInit:  - LocalHostAddr = Default
LogInit:  - BufferSize = 65536
LogOnline: OSS: Creating online subsystem instance for: NULL
LogInit: WinSock: version 1.1 (2.2), MaxSocks=32767, MaxUdp=65467
LogOnline: OSS: TryLoadSubsystemAndSetDefault: Loaded subsystem for module [NULL]
LogInit: Build: ++UE4+Release-4.25-CL-14469661
LogInit: Engine Version: 4.25.4-14469661+++UE4+Release-4.25
LogInit: Compatible Engine Version: 4.25.0-13144385+++UE4+Release-4.25
LogInit: Net CL: 13144385
LogInit: OS: Windows 10 (Release 2009) (), CPU: AMD Ryzen 5 3500 6-Core Processor              , GPU: NVIDIA GeForce GTX 1070
LogInit: Compiled (64-bit): Oct 11 2020 08:10:49
LogInit: Compiled with Visual C++: 19.24.28315.00
LogInit: Build Configuration: Development
LogInit: Branch Name: ++UE4+Release-4.25
LogInit: Command Line:  /Game/Levels/Battle -game -PIEVIACONSOLE -Multiprocess GameUserSettingsINI=D:/Github/GitHub/UnrealEngineProject/UnrealCppProject2/Saved/Config/Windows/PIEGameUserSettings0.ini -MultiprocessSaveConfig -MultiprocessOSS -messaging -SessionName="Play in Standalone Game" -windowed -ResX=1280 -ResY=720
LogInit: Base Directory: D:/Epic Games/UE_4.25/Engine/Binaries/Win64/
LogInit: Allocator: TBB
LogInit: Installed Engine Build: 1
LogDevObjectVersion: Number of dev versions registered: 26
LogDevObjectVersion:   Dev-Blueprints (B0D832E4-1F89-4F0D-ACCF-7EB736FD4AA2): 10
LogDevObjectVersion:   Dev-Build (E1C64328-A22C-4D53-A36C-8E866417BD8C): 0
LogDevObjectVersion:   Dev-Core (375EC13C-06E4-48FB-B500-84F0262A717E): 4
LogDevObjectVersion:   Dev-Editor (E4B068ED-F494-42E9-A231-DA0B2E46BB41): 38
LogDevObjectVersion:   Dev-Framework (CFFC743F-43B0-4480-9391-14DF171D2073): 37
LogDevObjectVersion:   Dev-Mobile (B02B49B5-BB20-44E9-A304-32B752E40360): 2
LogDevObjectVersion:   Dev-Networking (A4E4105C-59A1-49B5-A7C5-40C4547EDFEE): 0
LogDevObjectVersion:   Dev-Online (39C831C9-5AE6-47DC-9A44-9C173E1C8E7C): 0
LogDevObjectVersion:   Dev-Physics (78F01B33-EBEA-4F98-B9B4-84EACCB95AA2): 4
LogDevObjectVersion:   Dev-Platform (6631380F-2D4D-43E0-8009-CF276956A95A): 0
LogDevObjectVersion:   Dev-Rendering (12F88B9F-8875-4AFC-A67C-D90C383ABD29): 43
LogDevObjectVersion:   Dev-Sequencer (7B5AE74C-D270-4C10-A958-57980B212A5A): 12
LogDevObjectVersion:   Dev-VR (D7296918-1DD6-4BDD-9DE2-64A83CC13884): 3
LogDevObjectVersion:   Dev-LoadTimes (C2A15278-BFE7-4AFE-6C17-90FF531DF755): 1
LogDevObjectVersion:   Private-Geometry (6EACA3D4-40EC-4CC1-B786-8BED09428FC5): 3
LogDevObjectVersion:   Dev-AnimPhys (29E575DD-E0A3-4627-9D10-D276232CDCEA): 17
LogDevObjectVersion:   Dev-Anim (AF43A65D-7FD3-4947-9873-3E8ED9C1BB05): 7
LogDevObjectVersion:   Dev-ReflectionCapture (6B266CEC-1EC7-4B8F-A30B-E4D90942FC07): 1
LogDevObjectVersion:   Dev-Automation (0DF73D61-A23F-47EA-B727-89E90C41499A): 1
LogDevObjectVersion:   FortniteMain (601D1886-AC64-4F84-AA16-D3DE0DEAC7D6): 31
LogDevObjectVersion:   Dev-Enterprise (9DFFBCD6-494F-0158-E221-12823C92A888): 10
LogDevObjectVersion:   Dev-Niagara (F2AED0AC-9AFE-416F-8664-AA7FFA26D6FC): 1
LogDevObjectVersion:   Dev-Destruction (174F1F0B-B4C6-45A5-B13F-2EE8D0FB917D): 10
LogDevObjectVersion:   Dev-Physics-Ext (35F94A83-E258-406C-A318-09F59610247C): 37
LogDevObjectVersion:   Dev-PhysicsMaterial-Chaos (B68FC16E-8B1B-42E2-B453-215C058844FE): 1
LogDevObjectVersion:   Dev-CineCamera (B2E18506-4273-CFC2-A54E-F4BB758BBA07): 1
LogInit: Presizing for max 25165824 objects, including 0 objects not considered by GC, pre-allocating 0 bytes for permanent pool.
LogConfig: Applying CVar settings from Section [/Script/Engine.StreamingSettings] File [D:/Github/GitHub/UnrealEngineProject/UnrealCppProject2/Saved/Config/Windows/Engine.ini]
LogConfig: Setting CVar [[s.MinBulkDataSizeForAsyncLoading:131072]]
LogConfig: Setting CVar [[s.AsyncLoadingThreadEnabled:0]]
LogConfig: Setting CVar [[s.EventDrivenLoaderEnabled:1]]
LogConfig: Setting CVar [[s.WarnIfTimeLimitExceeded:0]]
LogConfig: Setting CVar [[s.TimeLimitExceededMultiplier:1.5]]
LogConfig: Setting CVar [[s.TimeLimitExceededMinTime:0.005]]
LogConfig: Setting CVar [[s.UseBackgroundLevelStreaming:1]]
LogConfig: Setting CVar [[s.PriorityAsyncLoadingExtraTime:15.0]]
LogConfig: Setting CVar [[s.LevelStreamingActorsUpdateTimeLimit:5.0]]
LogConfig: Setting CVar [[s.PriorityLevelStreamingActorsUpdateExtraTime:5.0]]
LogConfig: Setting CVar [[s.LevelStreamingComponentsRegistrationGranularity:10]]
LogConfig: Setting CVar [[s.UnregisterComponentsTimeLimit:1.0]]
LogConfig: Setting CVar [[s.LevelStreamingComponentsUnregistrationGranularity:5]]
LogConfig: Setting CVar [[s.FlushStreamingOnExit:1]]
LogInit: Object subsystem initialized
LogConfig: Setting CVar [[con.DebugEarlyDefault:1]]
LogConfig: Setting CVar [[r.setres:1280x720]]
[2021.12.24-03.38.10:808][  0]LogConfig: Setting CVar [[con.DebugEarlyDefault:1]]
[2021.12.24-03.38.10:808][  0]LogConfig: Setting CVar [[r.setres:1280x720]]
[2021.12.24-03.38.10:808][  0]LogConfig: Applying CVar settings from Section [/Script/Engine.RendererSettings] File [D:/Github/GitHub/UnrealEngineProject/UnrealCppProject2/Saved/Config/Windows/Engine.ini]
[2021.12.24-03.38.10:808][  0]LogConfig: Setting CVar [[r.GPUCrashDebugging:0]]
[2021.12.24-03.38.10:808][  0]LogConfig: Applying CVar settings from Section [/Script/Engine.RendererOverrideSettings] File [D:/Github/GitHub/UnrealEngineProject/UnrealCppProject2/Saved/Config/Windows/Engine.ini]
[2021.12.24-03.38.10:808][  0]LogConfig: Applying CVar settings from Section [/Script/Engine.StreamingSettings] File [D:/Github/GitHub/UnrealEngineProject/UnrealCppProject2/Saved/Config/Windows/Engine.ini]
[2021.12.24-03.38.10:808][  0]LogConfig: Setting CVar [[s.MinBulkDataSizeForAsyncLoading:131072]]
[2021.12.24-03.38.10:808][  0]LogConfig: Setting CVar [[s.AsyncLoadingThreadEnabled:0]]
[2021.12.24-03.38.10:808][  0]LogConfig: Setting CVar [[s.EventDrivenLoaderEnabled:1]]
[2021.12.24-03.38.10:808][  0]LogConfig: Setting CVar [[s.WarnIfTimeLimitExceeded:0]]
[2021.12.24-03.38.10:808][  0]LogConfig: Setting CVar [[s.TimeLimitExceededMultiplier:1.5]]
[2021.12.24-03.38.10:808][  0]LogConfig: Setting CVar [[s.TimeLimitExceededMinTime:0.005]]
[2021.12.24-03.38.10:808][  0]LogConfig: Setting CVar [[s.UseBackgroundLevelStreaming:1]]
[2021.12.24-03.38.10:808][  0]LogConfig: Setting CVar [[s.PriorityAsyncLoadingExtraTime:15.0]]
[2021.12.24-03.38.10:808][  0]LogConfig: Setting CVar [[s.LevelStreamingActorsUpdateTimeLimit:5.0]]
[2021.12.24-03.38.10:808][  0]LogConfig: Setting CVar [[s.PriorityLevelStreamingActorsUpdateExtraTime:5.0]]
[2021.12.24-03.38.10:808][  0]LogConfig: Setting CVar [[s.LevelStreamingComponentsRegistrationGranularity:10]]
[2021.12.24-03.38.10:808][  0]LogConfig: Setting CVar [[s.UnregisterComponentsTimeLimit:1.0]]
[2021.12.24-03.38.10:808][  0]LogConfig: Setting CVar [[s.LevelStreamingComponentsUnregistrationGranularity:5]]
[2021.12.24-03.38.10:808][  0]LogConfig: Setting CVar [[s.FlushStreamingOnExit:1]]
[2021.12.24-03.38.10:808][  0]LogConfig: Applying CVar settings from Section [/Script/Engine.GarbageCollectionSettings] File [D:/Github/GitHub/UnrealEngineProject/UnrealCppProject2/Saved/Config/Windows/Engine.ini]
[2021.12.24-03.38.10:808][  0]LogConfig: Setting CVar [[gc.MaxObjectsNotConsideredByGC:1]]
[2021.12.24-03.38.10:808][  0]LogConfig: Setting CVar [[gc.SizeOfPermanentObjectPool:0]]
[2021.12.24-03.38.10:808][  0]LogConfig: Setting CVar [[gc.FlushStreamingOnGC:0]]
[2021.12.24-03.38.10:808][  0]LogConfig: Setting CVar [[gc.NumRetriesBeforeForcingGC:10]]
[2021.12.24-03.38.10:808][  0]LogConfig: Setting CVar [[gc.AllowParallelGC:1]]
[2021.12.24-03.38.10:808][  0]LogConfig: Setting CVar [[gc.TimeBetweenPurgingPendingKillObjects:61.1]]
[2021.12.24-03.38.10:808][  0]LogConfig: Setting CVar [[gc.MaxObjectsInEditor:25165824]]
[2021.12.24-03.38.10:808][  0]LogConfig: Setting CVar [[gc.IncrementalBeginDestroyEnabled:1]]
[2021.12.24-03.38.10:808][  0]LogConfig: Setting CVar [[gc.CreateGCClusters:1]]
[2021.12.24-03.38.10:808][  0]LogConfig: Setting CVar [[gc.MinGCClusterSize:5]]
[2021.12.24-03.38.10:808][  0]LogConfig: Setting CVar [[gc.ActorClusteringEnabled:0]]
[2021.12.24-03.38.10:808][  0]LogConfig: Setting CVar [[gc.BlueprintClusteringEnabled:0]]
[2021.12.24-03.38.10:808][  0]LogConfig: Setting CVar [[gc.UseDisregardForGCOnDedicatedServers:0]]
[2021.12.24-03.38.10:808][  0]LogConfig: Applying CVar settings from Section [/Script/Engine.NetworkSettings] File [D:/Github/GitHub/UnrealEngineProject/UnrealCppProject2/Saved/Config/Windows/Engine.ini]
[2021.12.24-03.38.10:808][  0]LogConfig: Applying CVar settings from Section [/Script/UnrealEd.CookerSettings] File [D:/Github/GitHub/UnrealEngineProject/UnrealCppProject2/Saved/Config/Windows/Engine.ini]
[2021.12.24-03.38.10:810][  0]LogConfig: Applying CVar settings from Section [ViewDistanceQuality@3] File [D:/Github/GitHub/UnrealEngineProject/UnrealCppProject2/Saved/Config/Windows/Scalability.ini]
[2021.12.24-03.38.10:810][  0]LogConfig: Setting CVar [[r.SkeletalMeshLODBias:0]]
[2021.12.24-03.38.10:810][  0]LogConfig: Setting CVar [[r.ViewDistanceScale:1.0]]
[2021.12.24-03.38.10:810][  0]LogConfig: Applying CVar settings from Section [AntiAliasingQuality@3] File [D:/Github/GitHub/UnrealEngineProject/UnrealCppProject2/Saved/Config/Windows/Scalability.ini]
[2021.12.24-03.38.10:810][  0]LogConfig: Setting CVar [[r.PostProcessAAQuality:4]]
[2021.12.24-03.38.10:810][  0]LogConfig: Applying CVar settings from Section [ShadowQuality@3] File [D:/Github/GitHub/UnrealEngineProject/UnrealCppProject2/Saved/Config/Windows/Scalability.ini]
[2021.12.24-03.38.10:810][  0]LogConfig: Setting CVar [[r.LightFunctionQuality:1]]
[2021.12.24-03.38.10:810][  0]LogConfig: Setting CVar [[r.ShadowQuality:5]]
[2021.12.24-03.38.10:810][  0]LogConfig: Setting CVar [[r.Shadow.CSM.MaxCascades:10]]
[2021.12.24-03.38.10:810][  0]LogConfig: Setting CVar [[r.Shadow.MaxResolution:2048]]
[2021.12.24-03.38.10:810][  0]LogConfig: Setting CVar [[r.Shadow.MaxCSMResolution:2048]]
[2021.12.24-03.38.10:810][  0]LogConfig: Setting CVar [[r.Shadow.RadiusThreshold:0.01]]
[2021.12.24-03.38.10:810][  0]LogConfig: Setting CVar [[r.Shadow.DistanceScale:1.0]]
[2021.12.24-03.38.10:810][  0]LogConfig: Setting CVar [[r.Shadow.CSM.TransitionScale:1.0]]
[2021.12.24-03.38.10:810][  0]LogConfig: Setting CVar [[r.Shadow.PreShadowResolutionFactor:1.0]]
[2021.12.24-03.38.10:810][  0]LogConfig: Setting CVar [[r.DistanceFieldShadowing:1]]
[2021.12.24-03.38.10:810][  0]LogConfig: Setting CVar [[r.DistanceFieldAO:1]]
[2021.12.24-03.38.10:810][  0]LogConfig: Setting CVar [[r.AOQuality:2]]
[2021.12.24-03.38.10:810][  0]LogConfig: Setting CVar [[r.VolumetricFog:1]]
[2021.12.24-03.38.10:810][  0]LogConfig: Setting CVar [[r.VolumetricFog.GridPixelSize:8]]
[2021.12.24-03.38.10:810][  0]LogConfig: Setting CVar [[r.VolumetricFog.GridSizeZ:128]]
[2021.12.24-03.38.10:810][  0]LogConfig: Setting CVar [[r.VolumetricFog.HistoryMissSupersampleCount:4]]
[2021.12.24-03.38.10:810][  0]LogConfig: Setting CVar [[r.LightMaxDrawDistanceScale:1]]
[2021.12.24-03.38.10:810][  0]LogConfig: Setting CVar [[r.CapsuleShadows:1]]
[2021.12.24-03.38.10:810][  0]LogConfig: Applying CVar settings from Section [PostProcessQuality@3] File [D:/Github/GitHub/UnrealEngineProject/UnrealCppProject2/Saved/Config/Windows/Scalability.ini]
[2021.12.24-03.38.10:810][  0]LogConfig: Setting CVar [[r.MotionBlurQuality:4]]
[2021.12.24-03.38.10:810][  0]LogConfig: Setting CVar [[r.AmbientOcclusionMipLevelFactor:0.4]]
[2021.12.24-03.38.10:810][  0]LogConfig: Setting CVar [[r.AmbientOcclusionMaxQuality:100]]
[2021.12.24-03.38.10:810][  0]LogConfig: Setting CVar [[r.AmbientOcclusionLevels:-1]]
[2021.12.24-03.38.10:810][  0]LogConfig: Setting CVar [[r.AmbientOcclusionRadiusScale:1.0]]
[2021.12.24-03.38.10:810][  0]LogConfig: Setting CVar [[r.DepthOfFieldQuality:2]]
[2021.12.24-03.38.10:810][  0]LogConfig: Setting CVar [[r.RenderTargetPoolMin:400]]
[2021.12.24-03.38.10:810][  0]LogConfig: Setting CVar [[r.LensFlareQuality:2]]
[2021.12.24-03.38.10:810][  0]LogConfig: Setting CVar [[r.SceneColorFringeQuality:1]]
[2021.12.24-03.38.10:810][  0]LogConfig: Setting CVar [[r.EyeAdaptationQuality:2]]
[2021.12.24-03.38.10:810][  0]LogConfig: Setting CVar [[r.BloomQuality:5]]
[2021.12.24-03.38.10:810][  0]LogConfig: Setting CVar [[r.FastBlurThreshold:100]]
[2021.12.24-03.38.10:810][  0]LogConfig: Setting CVar [[r.Upscale.Quality:3]]
[2021.12.24-03.38.10:810][  0]LogConfig: Setting CVar [[r.Tonemapper.GrainQuantization:1]]
[2021.12.24-03.38.10:810][  0]LogConfig: Setting CVar [[r.LightShaftQuality:1]]
[2021.12.24-03.38.10:810][  0]LogConfig: Setting CVar [[r.Filter.SizeScale:1]]
[2021.12.24-03.38.10:810][  0]LogConfig: Setting CVar [[r.Tonemapper.Quality:5]]
[2021.12.24-03.38.10:810][  0]LogConfig: Setting CVar [[r.DOF.Gather.AccumulatorQuality:1        ; higher gathering accumulator quality]]
[2021.12.24-03.38.10:810][  0]LogConfig: Setting CVar [[r.DOF.Gather.PostfilterMethod:1          ; Median3x3 postfilering method]]
[2021.12.24-03.38.10:810][  0]LogConfig: Setting CVar [[r.DOF.Gather.EnableBokehSettings:0       ; no bokeh simulation when gathering]]
[2021.12.24-03.38.10:810][  0]LogConfig: Setting CVar [[r.DOF.Gather.RingCount:4                 ; medium number of samples when gathering]]
[2021.12.24-03.38.10:811][  0]LogConfig: Setting CVar [[r.DOF.Scatter.ForegroundCompositing:1    ; additive foreground scattering]]
[2021.12.24-03.38.10:811][  0]LogConfig: Setting CVar [[r.DOF.Scatter.BackgroundCompositing:2    ; additive background scattering]]
[2021.12.24-03.38.10:811][  0]LogConfig: Setting CVar [[r.DOF.Scatter.EnableBokehSettings:1      ; bokeh simulation when scattering]]
[2021.12.24-03.38.10:811][  0]LogConfig: Setting CVar [[r.DOF.Scatter.MaxSpriteRatio:0.1         ; only a maximum of 10% of scattered bokeh]]
[2021.12.24-03.38.10:811][  0]LogConfig: Setting CVar [[r.DOF.Recombine.Quality:1                ; cheap slight out of focus]]
[2021.12.24-03.38.10:811][  0]LogConfig: Setting CVar [[r.DOF.Recombine.EnableBokehSettings:0    ; no bokeh simulation on slight out of focus]]
[2021.12.24-03.38.10:811][  0]LogConfig: Setting CVar [[r.DOF.TemporalAAQuality:1                ; more stable temporal accumulation]]
[2021.12.24-03.38.10:811][  0]LogConfig: Setting CVar [[r.DOF.Kernel.MaxForegroundRadius:0.025]]
[2021.12.24-03.38.10:811][  0]LogConfig: Setting CVar [[r.DOF.Kernel.MaxBackgroundRadius:0.025]]
[2021.12.24-03.38.10:811][  0]LogConfig: Applying CVar settings from Section [TextureQuality@3] File [D:/Github/GitHub/UnrealEngineProject/UnrealCppProject2/Saved/Config/Windows/Scalability.ini]
[2021.12.24-03.38.10:811][  0]LogConfig: Setting CVar [[r.Streaming.MipBias:0]]
[2021.12.24-03.38.10:811][  0]LogConfig: Setting CVar [[r.Streaming.AmortizeCPUToGPUCopy:0]]
[2021.12.24-03.38.10:811][  0]LogConfig: Setting CVar [[r.Streaming.MaxNumTexturesToStreamPerFrame:0]]
[2021.12.24-03.38.10:811][  0]LogConfig: Setting CVar [[r.Streaming.Boost:1]]
[2021.12.24-03.38.10:811][  0]LogConfig: Setting CVar [[r.MaxAnisotropy:8]]
[2021.12.24-03.38.10:811][  0]LogConfig: Setting CVar [[r.VT.MaxAnisotropy:8]]
[2021.12.24-03.38.10:811][  0]LogConfig: Setting CVar [[r.Streaming.LimitPoolSizeToVRAM:0]]
[2021.12.24-03.38.10:811][  0]LogConfig: Setting CVar [[r.Streaming.PoolSize:1000]]
[2021.12.24-03.38.10:811][  0]LogConfig: Setting CVar [[r.Streaming.MaxEffectiveScreenSize:0]]
[2021.12.24-03.38.10:811][  0]LogConfig: Applying CVar settings from Section [EffectsQuality@3] File [D:/Github/GitHub/UnrealEngineProject/UnrealCppProject2/Saved/Config/Windows/Scalability.ini]
[2021.12.24-03.38.10:811][  0]LogConfig: Setting CVar [[r.TranslucencyLightingVolumeDim:64]]
[2021.12.24-03.38.10:811][  0]LogConfig: Setting CVar [[r.RefractionQuality:2]]
[2021.12.24-03.38.10:811][  0]LogConfig: Setting CVar [[r.SSR.Quality:3]]
[2021.12.24-03.38.10:811][  0]LogConfig: Setting CVar [[r.SSR.HalfResSceneColor:0]]
[2021.12.24-03.38.10:811][  0]LogConfig: Setting CVar [[r.SceneColorFormat:4]]
[2021.12.24-03.38.10:811][  0]LogConfig: Setting CVar [[r.DetailMode:2]]
[2021.12.24-03.38.10:811][  0]LogConfig: Setting CVar [[r.TranslucencyVolumeBlur:1]]
[2021.12.24-03.38.10:811][  0]LogConfig: Setting CVar [[r.MaterialQualityLevel:1 ; High quality]]
[2021.12.24-03.38.10:811][  0]LogConfig: Setting CVar [[r.SSS.Scale:1]]
[2021.12.24-03.38.10:811][  0]LogConfig: Setting CVar [[r.SSS.SampleSet:2]]
[2021.12.24-03.38.10:811][  0]LogConfig: Setting CVar [[r.SSS.Quality:1]]
[2021.12.24-03.38.10:811][  0]LogConfig: Setting CVar [[r.SSS.HalfRes:0]]
[2021.12.24-03.38.10:811][  0]LogConfig: Setting CVar [[r.SSGI.Quality:3]]
[2021.12.24-03.38.10:811][  0]LogConfig: Setting CVar [[r.EmitterSpawnRateScale:1.0]]
[2021.12.24-03.38.10:811][  0]LogConfig: Setting CVar [[r.ParticleLightQuality:2]]
[2021.12.24-03.38.10:811][  0]LogConfig: Setting CVar [[r.SkyAtmosphere.AerialPerspectiveLUT.FastApplyOnOpaque:1 ; Always have FastSkyLUT 1 in this case to avoid wrong sky]]
[2021.12.24-03.38.10:811][  0]LogConfig: Setting CVar [[r.SkyAtmosphere.AerialPerspectiveLUT.SampleCountPerSlice:1]]
[2021.12.24-03.38.10:811][  0]LogConfig: Setting CVar [[r.SkyAtmosphere.AerialPerspectiveLUT.DepthResolution:16.0]]
[2021.12.24-03.38.10:811][  0]LogConfig: Setting CVar [[r.SkyAtmosphere.FastSkyLUT:1]]
[2021.12.24-03.38.10:811][  0]LogConfig: Setting CVar [[r.SkyAtmosphere.FastSkyLUT.SampleCountMin:4.0]]
[2021.12.24-03.38.10:811][  0]LogConfig: Setting CVar [[r.SkyAtmosphere.FastSkyLUT.SampleCountMax:32.0]]
[2021.12.24-03.38.10:811][  0]LogConfig: Setting CVar [[r.SkyAtmosphere.SampleCountMin:4.0]]
[2021.12.24-03.38.10:811][  0]LogConfig: Setting CVar [[r.SkyAtmosphere.SampleCountMax:32.0]]
[2021.12.24-03.38.10:811][  0]LogConfig: Setting CVar [[r.SkyAtmosphere.TransmittanceLUT.UseSmallFormat:0]]
[2021.12.24-03.38.10:811][  0]LogConfig: Setting CVar [[r.SkyAtmosphere.TransmittanceLUT.SampleCount:10.0]]
[2021.12.24-03.38.10:811][  0]LogConfig: Setting CVar [[r.SkyAtmosphere.MultiScatteringLUT.SampleCount:15.0]]
[2021.12.24-03.38.10:811][  0]LogConfig: Applying CVar settings from Section [FoliageQuality@3] File [D:/Github/GitHub/UnrealEngineProject/UnrealCppProject2/Saved/Config/Windows/Scalability.ini]
[2021.12.24-03.38.10:811][  0]LogConfig: Setting CVar [[foliage.DensityScale:1.0]]
[2021.12.24-03.38.10:811][  0]LogConfig: Setting CVar [[grass.DensityScale:1.0]]
[2021.12.24-03.38.10:811][  0]LogConfig: Applying CVar settings from Section [ShadingQuality@3] File [D:/Github/GitHub/UnrealEngineProject/UnrealCppProject2/Saved/Config/Windows/Scalability.ini]
[2021.12.24-03.38.10:811][  0]LogConfig: Setting CVar [[r.HairStrands.SkyLighting.SampleCount:16]]
[2021.12.24-03.38.10:811][  0]LogConfig: Setting CVar [[r.HairStrands.SkyLighting.JitterIntegration:0]]
[2021.12.24-03.38.10:811][  0]LogConfig: Setting CVar [[r.HairStrands.SkyAO.SampleCount:16]]
[2021.12.24-03.38.10:811][  0]LogConfig: Setting CVar [[r.HairStrands.DeepShadow.SuperSampling:0]]
[2021.12.24-03.38.10:811][  0]LogConfig: Setting CVar [[r.HairStrands.VisibilityPPLL:0]]
[2021.12.24-03.38.10:811][  0]LogConfig: Setting CVar [[r.HairStrands.RasterizationScale:0.5]]
[2021.12.24-03.38.10:811][  0]LogConfig: Setting CVar [[r.HairStrands.VelocityRasterizationScale:1]]
[2021.12.24-03.38.10:811][  0]LogInit: Selected Device Profile: [Windows]
[2021.12.24-03.38.10:811][  0]LogInit: Applying CVar settings loaded from the selected device profile: [Windows]
[2021.12.24-03.38.10:811][  0]LogHAL: Display: Platform has ~ 16 GB [17125781504 / 17179869184 / 16], which maps to Larger [LargestMinGB=32, LargerMinGB=12, DefaultMinGB=8, SmallerMinGB=6, SmallestMinGB=0)
[2021.12.24-03.38.10:811][  0]LogInit: Going up to parent DeviceProfile []
[2021.12.24-03.38.10:811][  0]LogConfig: Applying CVar settings from Section [ViewDistanceQuality@3] File [D:/Github/GitHub/UnrealEngineProject/UnrealCppProject2/Saved/Config/Windows/Scalability.ini]
[2021.12.24-03.38.10:811][  0]LogConfig: Setting CVar [[r.SkeletalMeshLODBias:0]]
[2021.12.24-03.38.10:811][  0]LogConfig: Setting CVar [[r.ViewDistanceScale:1.0]]
[2021.12.24-03.38.10:811][  0]LogConfig: Applying CVar settings from Section [AntiAliasingQuality@3] File [D:/Github/GitHub/UnrealEngineProject/UnrealCppProject2/Saved/Config/Windows/Scalability.ini]
[2021.12.24-03.38.10:811][  0]LogConfig: Setting CVar [[r.PostProcessAAQuality:4]]
[2021.12.24-03.38.10:811][  0]LogConfig: Applying CVar settings from Section [ShadowQuality@3] File [D:/Github/GitHub/UnrealEngineProject/UnrealCppProject2/Saved/Config/Windows/Scalability.ini]
[2021.12.24-03.38.10:811][  0]LogConfig: Setting CVar [[r.LightFunctionQuality:1]]
[2021.12.24-03.38.10:811][  0]LogConfig: Setting CVar [[r.ShadowQuality:5]]
[2021.12.24-03.38.10:811][  0]LogConfig: Setting CVar [[r.Shadow.CSM.MaxCascades:10]]
[2021.12.24-03.38.10:811][  0]LogConfig: Setting CVar [[r.Shadow.MaxResolution:2048]]
[2021.12.24-03.38.10:811][  0]LogConfig: Setting CVar [[r.Shadow.MaxCSMResolution:2048]]
[2021.12.24-03.38.10:811][  0]LogConfig: Setting CVar [[r.Shadow.RadiusThreshold:0.01]]
[2021.12.24-03.38.10:811][  0]LogConfig: Setting CVar [[r.Shadow.DistanceScale:1.0]]
[2021.12.24-03.38.10:811][  0]LogConfig: Setting CVar [[r.Shadow.CSM.TransitionScale:1.0]]
[2021.12.24-03.38.10:811][  0]LogConfig: Setting CVar [[r.Shadow.PreShadowResolutionFactor:1.0]]
[2021.12.24-03.38.10:811][  0]LogConfig: Setting CVar [[r.DistanceFieldShadowing:1]]
[2021.12.24-03.38.10:811][  0]LogConfig: Setting CVar [[r.DistanceFieldAO:1]]
[2021.12.24-03.38.10:811][  0]LogConfig: Setting CVar [[r.AOQuality:2]]
[2021.12.24-03.38.10:811][  0]LogConfig: Setting CVar [[r.VolumetricFog:1]]
[2021.12.24-03.38.10:811][  0]LogConfig: Setting CVar [[r.VolumetricFog.GridPixelSize:8]]
[2021.12.24-03.38.10:811][  0]LogConfig: Setting CVar [[r.VolumetricFog.GridSizeZ:128]]
[2021.12.24-03.38.10:811][  0]LogConfig: Setting CVar [[r.VolumetricFog.HistoryMissSupersampleCount:4]]
[2021.12.24-03.38.10:811][  0]LogConfig: Setting CVar [[r.LightMaxDrawDistanceScale:1]]
[2021.12.24-03.38.10:811][  0]LogConfig: Setting CVar [[r.CapsuleShadows:1]]
[2021.12.24-03.38.10:811][  0]LogConfig: Applying CVar settings from Section [PostProcessQuality@3] File [D:/Github/GitHub/UnrealEngineProject/UnrealCppProject2/Saved/Config/Windows/Scalability.ini]
[2021.12.24-03.38.10:811][  0]LogConfig: Setting CVar [[r.MotionBlurQuality:4]]
[2021.12.24-03.38.10:811][  0]LogConfig: Setting CVar [[r.AmbientOcclusionMipLevelFactor:0.4]]
[2021.12.24-03.38.10:812][  0]LogConfig: Setting CVar [[r.AmbientOcclusionMaxQuality:100]]
[2021.12.24-03.38.10:812][  0]LogConfig: Setting CVar [[r.AmbientOcclusionLevels:-1]]
[2021.12.24-03.38.10:812][  0]LogConfig: Setting CVar [[r.AmbientOcclusionRadiusScale:1.0]]
[2021.12.24-03.38.10:812][  0]LogConfig: Setting CVar [[r.DepthOfFieldQuality:2]]
[2021.12.24-03.38.10:812][  0]LogConfig: Setting CVar [[r.RenderTargetPoolMin:400]]
[2021.12.24-03.38.10:812][  0]LogConfig: Setting CVar [[r.LensFlareQuality:2]]
[2021.12.24-03.38.10:812][  0]LogConfig: Setting CVar [[r.SceneColorFringeQuality:1]]
[2021.12.24-03.38.10:812][  0]LogConfig: Setting CVar [[r.EyeAdaptationQuality:2]]
[2021.12.24-03.38.10:812][  0]LogConfig: Setting CVar [[r.BloomQuality:5]]
[2021.12.24-03.38.10:812][  0]LogConfig: Setting CVar [[r.FastBlurThreshold:100]]
[2021.12.24-03.38.10:812][  0]LogConfig: Setting CVar [[r.Upscale.Quality:3]]
[2021.12.24-03.38.10:812][  0]LogConfig: Setting CVar [[r.Tonemapper.GrainQuantization:1]]
[2021.12.24-03.38.10:812][  0]LogConfig: Setting CVar [[r.LightShaftQuality:1]]
[2021.12.24-03.38.10:812][  0]LogConfig: Setting CVar [[r.Filter.SizeScale:1]]
[2021.12.24-03.38.10:812][  0]LogConfig: Setting CVar [[r.Tonemapper.Quality:5]]
[2021.12.24-03.38.10:812][  0]LogConfig: Setting CVar [[r.DOF.Gather.AccumulatorQuality:1        ; higher gathering accumulator quality]]
[2021.12.24-03.38.10:812][  0]LogConfig: Setting CVar [[r.DOF.Gather.PostfilterMethod:1          ; Median3x3 postfilering method]]
[2021.12.24-03.38.10:812][  0]LogConfig: Setting CVar [[r.DOF.Gather.EnableBokehSettings:0       ; no bokeh simulation when gathering]]
[2021.12.24-03.38.10:812][  0]LogConfig: Setting CVar [[r.DOF.Gather.RingCount:4                 ; medium number of samples when gathering]]
[2021.12.24-03.38.10:812][  0]LogConfig: Setting CVar [[r.DOF.Scatter.ForegroundCompositing:1    ; additive foreground scattering]]
[2021.12.24-03.38.10:812][  0]LogConfig: Setting CVar [[r.DOF.Scatter.BackgroundCompositing:2    ; additive background scattering]]
[2021.12.24-03.38.10:812][  0]LogConfig: Setting CVar [[r.DOF.Scatter.EnableBokehSettings:1      ; bokeh simulation when scattering]]
[2021.12.24-03.38.10:812][  0]LogConfig: Setting CVar [[r.DOF.Scatter.MaxSpriteRatio:0.1         ; only a maximum of 10% of scattered bokeh]]
[2021.12.24-03.38.10:812][  0]LogConfig: Setting CVar [[r.DOF.Recombine.Quality:1                ; cheap slight out of focus]]
[2021.12.24-03.38.10:812][  0]LogConfig: Setting CVar [[r.DOF.Recombine.EnableBokehSettings:0    ; no bokeh simulation on slight out of focus]]
[2021.12.24-03.38.10:812][  0]LogConfig: Setting CVar [[r.DOF.TemporalAAQuality:1                ; more stable temporal accumulation]]
[2021.12.24-03.38.10:812][  0]LogConfig: Setting CVar [[r.DOF.Kernel.MaxForegroundRadius:0.025]]
[2021.12.24-03.38.10:812][  0]LogConfig: Setting CVar [[r.DOF.Kernel.MaxBackgroundRadius:0.025]]
[2021.12.24-03.38.10:812][  0]LogConfig: Applying CVar settings from Section [TextureQuality@3] File [D:/Github/GitHub/UnrealEngineProject/UnrealCppProject2/Saved/Config/Windows/Scalability.ini]
[2021.12.24-03.38.10:812][  0]LogConfig: Setting CVar [[r.Streaming.MipBias:0]]
[2021.12.24-03.38.10:812][  0]LogConfig: Setting CVar [[r.Streaming.AmortizeCPUToGPUCopy:0]]
[2021.12.24-03.38.10:812][  0]LogConfig: Setting CVar [[r.Streaming.MaxNumTexturesToStreamPerFrame:0]]
[2021.12.24-03.38.10:812][  0]LogConfig: Setting CVar [[r.Streaming.Boost:1]]
[2021.12.24-03.38.10:812][  0]LogConfig: Setting CVar [[r.MaxAnisotropy:8]]
[2021.12.24-03.38.10:812][  0]LogConfig: Setting CVar [[r.VT.MaxAnisotropy:8]]
[2021.12.24-03.38.10:812][  0]LogConfig: Setting CVar [[r.Streaming.LimitPoolSizeToVRAM:0]]
[2021.12.24-03.38.10:812][  0]LogConfig: Setting CVar [[r.Streaming.PoolSize:1000]]
[2021.12.24-03.38.10:812][  0]LogConfig: Setting CVar [[r.Streaming.MaxEffectiveScreenSize:0]]
[2021.12.24-03.38.10:812][  0]LogConfig: Applying CVar settings from Section [EffectsQuality@3] File [D:/Github/GitHub/UnrealEngineProject/UnrealCppProject2/Saved/Config/Windows/Scalability.ini]
[2021.12.24-03.38.10:812][  0]LogConfig: Setting CVar [[r.TranslucencyLightingVolumeDim:64]]
[2021.12.24-03.38.10:812][  0]LogConfig: Setting CVar [[r.RefractionQuality:2]]
[2021.12.24-03.38.10:812][  0]LogConfig: Setting CVar [[r.SSR.Quality:3]]
[2021.12.24-03.38.10:812][  0]LogConfig: Setting CVar [[r.SSR.HalfResSceneColor:0]]
[2021.12.24-03.38.10:812][  0]LogConfig: Setting CVar [[r.SceneColorFormat:4]]
[2021.12.24-03.38.10:812][  0]LogConfig: Setting CVar [[r.DetailMode:2]]
[2021.12.24-03.38.10:812][  0]LogConfig: Setting CVar [[r.TranslucencyVolumeBlur:1]]
[2021.12.24-03.38.10:812][  0]LogConfig: Setting CVar [[r.MaterialQualityLevel:1 ; High quality]]
[2021.12.24-03.38.10:812][  0]LogConfig: Setting CVar [[r.SSS.Scale:1]]
[2021.12.24-03.38.10:812][  0]LogConfig: Setting CVar [[r.SSS.SampleSet:2]]
[2021.12.24-03.38.10:812][  0]LogConfig: Setting CVar [[r.SSS.Quality:1]]
[2021.12.24-03.38.10:812][  0]LogConfig: Setting CVar [[r.SSS.HalfRes:0]]
[2021.12.24-03.38.10:812][  0]LogConfig: Setting CVar [[r.SSGI.Quality:3]]
[2021.12.24-03.38.10:812][  0]LogConfig: Setting CVar [[r.EmitterSpawnRateScale:1.0]]
[2021.12.24-03.38.10:812][  0]LogConfig: Setting CVar [[r.ParticleLightQuality:2]]
[2021.12.24-03.38.10:812][  0]LogConfig: Setting CVar [[r.SkyAtmosphere.AerialPerspectiveLUT.FastApplyOnOpaque:1 ; Always have FastSkyLUT 1 in this case to avoid wrong sky]]
[2021.12.24-03.38.10:812][  0]LogConfig: Setting CVar [[r.SkyAtmosphere.AerialPerspectiveLUT.SampleCountPerSlice:1]]
[2021.12.24-03.38.10:812][  0]LogConfig: Setting CVar [[r.SkyAtmosphere.AerialPerspectiveLUT.DepthResolution:16.0]]
[2021.12.24-03.38.10:812][  0]LogConfig: Setting CVar [[r.SkyAtmosphere.FastSkyLUT:1]]
[2021.12.24-03.38.10:812][  0]LogConfig: Setting CVar [[r.SkyAtmosphere.FastSkyLUT.SampleCountMin:4.0]]
[2021.12.24-03.38.10:812][  0]LogConfig: Setting CVar [[r.SkyAtmosphere.FastSkyLUT.SampleCountMax:32.0]]
[2021.12.24-03.38.10:812][  0]LogConfig: Setting CVar [[r.SkyAtmosphere.SampleCountMin:4.0]]
[2021.12.24-03.38.10:812][  0]LogConfig: Setting CVar [[r.SkyAtmosphere.SampleCountMax:32.0]]
[2021.12.24-03.38.10:812][  0]LogConfig: Setting CVar [[r.SkyAtmosphere.TransmittanceLUT.UseSmallFormat:0]]
[2021.12.24-03.38.10:812][  0]LogConfig: Setting CVar [[r.SkyAtmosphere.TransmittanceLUT.SampleCount:10.0]]
[2021.12.24-03.38.10:812][  0]LogConfig: Setting CVar [[r.SkyAtmosphere.MultiScatteringLUT.SampleCount:15.0]]
[2021.12.24-03.38.10:812][  0]LogConfig: Applying CVar settings from Section [FoliageQuality@3] File [D:/Github/GitHub/UnrealEngineProject/UnrealCppProject2/Saved/Config/Windows/Scalability.ini]
[2021.12.24-03.38.10:812][  0]LogConfig: Setting CVar [[foliage.DensityScale:1.0]]
[2021.12.24-03.38.10:812][  0]LogConfig: Setting CVar [[grass.DensityScale:1.0]]
[2021.12.24-03.38.10:812][  0]LogConfig: Applying CVar settings from Section [ShadingQuality@3] File [D:/Github/GitHub/UnrealEngineProject/UnrealCppProject2/Saved/Config/Windows/Scalability.ini]
[2021.12.24-03.38.10:812][  0]LogConfig: Setting CVar [[r.HairStrands.SkyLighting.SampleCount:16]]
[2021.12.24-03.38.10:812][  0]LogConfig: Setting CVar [[r.HairStrands.SkyLighting.JitterIntegration:0]]
[2021.12.24-03.38.10:812][  0]LogConfig: Setting CVar [[r.HairStrands.SkyAO.SampleCount:16]]
[2021.12.24-03.38.10:812][  0]LogConfig: Setting CVar [[r.HairStrands.DeepShadow.SuperSampling:0]]
[2021.12.24-03.38.10:812][  0]LogConfig: Setting CVar [[r.HairStrands.VisibilityPPLL:0]]
[2021.12.24-03.38.10:812][  0]LogConfig: Setting CVar [[r.HairStrands.RasterizationScale:0.5]]
[2021.12.24-03.38.10:812][  0]LogConfig: Setting CVar [[r.HairStrands.VelocityRasterizationScale:1]]
[2021.12.24-03.38.10:812][  0]LogConfig: Applying CVar settings from Section [Startup] File [../../../Engine/Config/ConsoleVariables.ini]
[2021.12.24-03.38.10:813][  0]LogConfig: Setting CVar [[net.UseAdaptiveNetUpdateFrequency:0]]
[2021.12.24-03.38.10:813][  0]LogConfig: Setting CVar [[p.chaos.AllowCreatePhysxBodies:1]]
[2021.12.24-03.38.10:813][  0]LogConfig: Setting CVar [[fx.SkipVectorVMBackendOptimizations:1]]
[2021.12.24-03.38.10:813][  0]LogConfig: Applying CVar settings from Section [ConsoleVariables] File [D:/Github/GitHub/UnrealEngineProject/UnrealCppProject2/Saved/Config/Windows/Engine.ini]
[2021.12.24-03.38.10:813][  0]LogInit: Computer: SUHYUN
[2021.12.24-03.38.10:813][  0]LogInit: User: 이수현
[2021.12.24-03.38.10:813][  0]LogInit: CPU Page size=4096, Cores=6
[2021.12.24-03.38.10:813][  0]LogInit: High frequency timer resolution =10.000000 MHz
[2021.12.24-03.38.10:813][  0]LogMemory: Memory total: Physical=15.9GB (16GB approx)
[2021.12.24-03.38.10:813][  0]LogMemory: Platform Memory Stats for Windows
[2021.12.24-03.38.10:813][  0]LogMemory: Process Physical Memory: 120.20 MB used, 120.21 MB peak
[2021.12.24-03.38.10:813][  0]LogMemory: Process Virtual Memory: 99.14 MB used, 99.14 MB peak
[2021.12.24-03.38.10:813][  0]LogMemory: Physical Memory: 11754.62 MB used,  4577.79 MB free, 16332.42 MB total
[2021.12.24-03.38.10:813][  0]LogMemory: Virtual Memory: 5146.69 MB used,  134212584.00 MB free, 134217728.00 MB total
[2021.12.24-03.38.10:818][  0]LogWindows: WindowsPlatformFeatures enabled
[2021.12.24-03.38.10:868][  0]LogInit: Physics initialised using underlying interface: PhysX
[2021.12.24-03.38.10:868][  0]LogInit: Using OS detected language (ko-KR).
[2021.12.24-03.38.10:868][  0]LogInit: Using OS detected locale (ko-KR).
[2021.12.24-03.38.10:869][  0]LogTextLocalizationManager: No specific localization for 'ko-KR' exists, so the 'ko' localization will be used.
[2021.12.24-03.38.11:007][  0]LogSlate: New Slate User Created.  User Index 0, Is Virtual User: 0
[2021.12.24-03.38.11:007][  0]LogSlate: Slate User Registered.  User Index 0, Is Virtual User: 0
[2021.12.24-03.38.11:014][  0]LogHMD: Failed to initialize OpenVR with code 110
[2021.12.24-03.38.11:014][  0]LogD3D11RHI: D3D11 min allowed feature level: 11_0
[2021.12.24-03.38.11:014][  0]LogD3D11RHI: D3D11 max allowed feature level: 11_0
[2021.12.24-03.38.11:015][  0]LogD3D11RHI: D3D11 adapters:
[2021.12.24-03.38.11:100][  0]LogD3D11RHI:    0. 'NVIDIA GeForce GTX 1070' (Feature Level 11_0)
[2021.12.24-03.38.11:100][  0]LogD3D11RHI:       8088/0/8166 MB DedicatedVideo/DedicatedSystem/SharedSystem, Outputs:1, VendorId:0x10de
[2021.12.24-03.38.11:102][  0]LogD3D11RHI:    1. 'Microsoft Basic Render Driver' (Feature Level 11_0)
[2021.12.24-03.38.11:102][  0]LogD3D11RHI:       0/0/8166 MB DedicatedVideo/DedicatedSystem/SharedSystem, Outputs:0, VendorId:0x1414
[2021.12.24-03.38.11:102][  0]LogD3D11RHI: Chosen D3D11 Adapter: 0
[2021.12.24-03.38.11:108][  0]LogD3D11RHI: Creating new Direct3DDevice
[2021.12.24-03.38.11:108][  0]LogD3D11RHI:     GPU DeviceId: 0x1b81 (for the marketing name, search the web for "GPU Device Id")
[2021.12.24-03.38.11:108][  0]LogWindows: EnumDisplayDevices:
[2021.12.24-03.38.11:108][  0]LogWindows:    0. 'NVIDIA GeForce GTX 1070' (P:1 D:1)
[2021.12.24-03.38.11:108][  0]LogWindows:    1. 'NVIDIA GeForce GTX 1070' (P:0 D:0)
[2021.12.24-03.38.11:109][  0]LogWindows:    2. 'NVIDIA GeForce GTX 1070' (P:0 D:0)
[2021.12.24-03.38.11:109][  0]LogWindows:    3. 'NVIDIA GeForce GTX 1070' (P:0 D:0)
[2021.12.24-03.38.11:109][  0]LogWindows: DebugString: FoundDriverCount:4 
[2021.12.24-03.38.11:109][  0]LogD3D11RHI:     Adapter Name: NVIDIA GeForce GTX 1070
[2021.12.24-03.38.11:109][  0]LogD3D11RHI:   Driver Version: 497.09 (internal:30.0.14.9709, unified:497.09)
[2021.12.24-03.38.11:109][  0]LogD3D11RHI:      Driver Date: 11-26-2021
[2021.12.24-03.38.11:109][  0]LogRHI: Texture pool is 5661 MB (70% of 8088 MB)
[2021.12.24-03.38.11:165][  0]LogD3D11RHI: RHI has support for 64 bit atomics
[2021.12.24-03.38.11:165][  0]LogD3D11RHI: Async texture creation enabled
[2021.12.24-03.38.11:165][  0]LogD3D11RHI: Array index from any shader is supported
[2021.12.24-03.38.11:187][  0]LogD3D11RHI: GPU Timing Frequency: 1000.000000 (Debug: 2 1)
[2021.12.24-03.38.11:422][  0]LogTargetPlatformManager: Display: Loaded TargetPlatform 'WindowsNoEditor'
[2021.12.24-03.38.11:427][  0]LogTargetPlatformManager: Display: Loaded TargetPlatform 'Windows'
[2021.12.24-03.38.11:435][  0]LogTargetPlatformManager: Display: Loaded TargetPlatform 'WindowsClient'
[2021.12.24-03.38.11:445][  0]LogTargetPlatformManager: Display: Loaded TargetPlatform 'WindowsServer'
[2021.12.24-03.38.11:445][  0]LogTargetPlatformManager: Display: Building Assets For Windows
[2021.12.24-03.38.11:452][  0]LogAudioDebug: Display: Lib vorbis DLL was dynamically loaded.
[2021.12.24-03.38.11:502][  0]LogShaderCompilers: Guid format shader working directory is -23 characters bigger than the processId version (../../../../../Github/GitHub/UnrealEngineProject/UnrealCppProject2/Intermediate/Shaders/WorkingDirectory/16584/).
[2021.12.24-03.38.11:502][  0]LogShaderCompilers: Cleaned the shader compiler working directory 'C:/Users/이수현/AppData/Local/Temp/UnrealShaderWorkingDir/0130A5C046A0E1D2DE9D13BCE160D878/'.
[2021.12.24-03.38.11:503][  0]LogXGEController: Cannot use XGE Controller as Incredibuild is not installed on this machine.
[2021.12.24-03.38.11:503][  0]LogShaderCompilers: Cannot use XGE Shader Compiler as Incredibuild is not installed on this machine.
[2021.12.24-03.38.11:503][  0]LogShaderCompilers: Display: Using Local Shader Compiler.
[2021.12.24-03.38.12:164][  0]LogDerivedDataCache: Display: Max Cache Size: 512 MB
[2021.12.24-03.38.12:215][  0]LogDerivedDataCache: Loaded boot cache 0.05s 82MB C:/Users/이수현/AppData/Local/UnrealEngine/4.25/DerivedDataCache/Boot.ddc.
[2021.12.24-03.38.12:215][  0]LogDerivedDataCache: Display: Loaded Boot cache: C:/Users/이수현/AppData/Local/UnrealEngine/4.25/DerivedDataCache/Boot.ddc
[2021.12.24-03.38.12:215][  0]LogDerivedDataCache: FDerivedDataBackendGraph:  Pak pak cache file ../../../../../Github/GitHub/UnrealEngineProject/UnrealCppProject2/DerivedDataCache/DDC.ddp not found, will not use a pak cache.
[2021.12.24-03.38.12:215][  0]LogDerivedDataCache: Unable to find inner node Pak for hierarchical cache Hierarchy.
[2021.12.24-03.38.12:215][  0]LogDerivedDataCache: FDerivedDataBackendGraph:  CompressedPak pak cache file ../../../../../Github/GitHub/UnrealEngineProject/UnrealCppProject2/DerivedDataCache/Compressed.ddp not found, will not use a pak cache.
[2021.12.24-03.38.12:215][  0]LogDerivedDataCache: Unable to find inner node CompressedPak for hierarchical cache Hierarchy.
[2021.12.24-03.38.12:226][  0]LogDerivedDataCache: Display: Pak cache opened for reading ../../../Engine/DerivedDataCache/Compressed.ddp.
[2021.12.24-03.38.12:226][  0]LogDerivedDataCache: FDerivedDataBackendGraph:  EnterprisePak pak cache file ../../../Enterprise/DerivedDataCache/Compressed.ddp not found, will not use a pak cache.
[2021.12.24-03.38.12:226][  0]LogDerivedDataCache: Unable to find inner node EnterprisePak for hierarchical cache Hierarchy.
[2021.12.24-03.38.12:227][  0]LogDerivedDataCache: Using Local data cache path C:/Users/이수현/AppData/Local/UnrealEngine/Common/DerivedDataCache: Writable
[2021.12.24-03.38.12:227][  0]LogDerivedDataCache: Shared data cache path not found in *engine.ini, will not use an Shared cache.
[2021.12.24-03.38.12:227][  0]LogDerivedDataCache: Unable to find inner node Shared for hierarchical cache Hierarchy.
[2021.12.24-03.38.12:263][  0]LogSlate: Using FreeType 2.10.0
[2021.12.24-03.38.12:264][  0]LogSlate: SlateFontServices - WITH_FREETYPE: 1, WITH_HARFBUZZ: 1
[2021.12.24-03.38.12:341][  0]LogInit: Using OS detected language (ko-KR).
[2021.12.24-03.38.12:341][  0]LogInit: Using OS detected locale (ko-KR).
[2021.12.24-03.38.12:341][  0]LogTextLocalizationManager: No localization for 'ko-KR' exists, so 'en' will be used for the language.
[2021.12.24-03.38.12:341][  0]LogTextLocalizationManager: No localization for 'ko-KR' exists, so 'en' will be used for the locale.
[2021.12.24-03.38.12:341][  0]LogSlate: FontCache flush requested. Reason: Culture for localization was changed
[2021.12.24-03.38.12:341][  0]LogSlate: FontCache flush requested. Reason: Culture for localization was changed
[2021.12.24-03.38.12:342][  0]LogTextLocalizationManager: Compacting localization data took   0.00ms
[2021.12.24-03.38.12:344][  0]LogAssetRegistry: FAssetRegistry took 0.0015 seconds to start up
[2021.12.24-03.38.12:509][  0]LogPackageLocalizationCache: Processed 21 localized package path(s) for 1 prioritized culture(s) in 0.000970 seconds
[2021.12.24-03.38.12:552][  0]LogInit: Selected Device Profile: [Windows]
[2021.12.24-03.38.12:647][  0]LogMeshReduction: Using QuadricMeshReduction for automatic static mesh reduction
[2021.12.24-03.38.12:648][  0]LogMeshReduction: Using SimplygonMeshReduction for automatic skeletal mesh reduction
[2021.12.24-03.38.12:648][  0]LogMeshReduction: Using ProxyLODMeshReduction for automatic mesh merging
[2021.12.24-03.38.12:648][  0]LogMeshReduction: No distributed automatic mesh merging module available
[2021.12.24-03.38.12:648][  0]LogMeshMerging: No distributed automatic mesh merging module available
[2021.12.24-03.38.12:660][  0]LogNetVersion: UnrealCppProject2 1.0.0, NetCL: 13144385, EngineNetVer: 14, GameNetVer: 0 (Checksum: 2110289111)
[2021.12.24-03.38.12:894][  0]LogAISub: UAISubsystem::UAISubsystem AISubsystem (000001AF68A908C0), frame # 0
[2021.12.24-03.38.12:895][  0]LogAISub: UAISubsystem::UAISubsystem AIPerceptionSystem (000001AF689F1580), frame # 0
[2021.12.24-03.38.12:896][  0]LogAISub: UAISubsystem::UAISubsystem EnvQueryManager (000001AF68A41A00), frame # 0
[2021.12.24-03.38.12:979][  0]LogCollectionManager: Loaded 0 collections in 0.000781 seconds
[2021.12.24-03.38.12:981][  0]LogFileCache: Scanning file cache for directory 'D:/Github/GitHub/UnrealEngineProject/UnrealCppProject2/Saved/Collections/' took 0.00s
[2021.12.24-03.38.12:981][  0]LogFileCache: Scanning file cache for directory 'D:/Github/GitHub/UnrealEngineProject/UnrealCppProject2/Content/Developers/이수현/Collections/' took 0.00s
[2021.12.24-03.38.12:981][  0]LogFileCache: Scanning file cache for directory 'D:/Github/GitHub/UnrealEngineProject/UnrealCppProject2/Content/Collections/' took 0.00s
[2021.12.24-03.38.12:981][  0]LogCollectionManager: Fixed up redirectors for 0 collections in 0.000002 seconds (updated 0 objects)
[2021.12.24-03.38.13:037][  0]LogMoviePlayer: Initializing movie player
[2021.12.24-03.38.13:208][  0]LogTcpMessaging: Initializing TcpMessaging bridge
[2021.12.24-03.38.13:211][  0]LogUdpMessaging: Initializing bridge on interface 0.0.0.0:0 to multicast group 230.0.0.1:6666.
[2021.12.24-03.38.13:403][  0]LogUObjectGlobals: Warning: '../../../../../Github/GitHub/UnrealEngineProject/UnrealCppProject2/Content/Character/Montages/OneHand/Sword_Draw_1_Montage.uasset' 로드 도중 '/Game/Notifies/Sword/AN_Equipped' 로드에 실패했습니다: 파일을 찾을 수 없습니다.
[2021.12.24-03.38.13:403][  0]LogUObjectGlobals: Warning: '../../../../../Github/GitHub/UnrealEngineProject/UnrealCppProject2/Content/Character/Montages/OneHand/Sword_Draw_1_Montage.uasset' 로드 도중 '/Game/Notifies/Sword/AN_Equipped' 로드에 실패했습니다: 애셋에 대한 파일을 찾을 수 없습니다.
[2021.12.24-03.38.13:403][  0]LogUObjectGlobals: Warning: '../../../../../Github/GitHub/UnrealEngineProject/UnrealCppProject2/Content/Character/Montages/OneHand/Sword_Draw_1_Montage.uasset' 로드 도중 '/Game/Notifies/Sword/AN_Equipped' 로드에 실패했습니다: 파일을 찾을 수 없습니다.
[2021.12.24-03.38.13:403][  0]LogUObjectGlobals: Warning: '../../../../../Github/GitHub/UnrealEngineProject/UnrealCppProject2/Content/Character/Montages/OneHand/Sword_Draw_1_Montage.uasset' 로드 도중 '/Game/Notifies/Sword/AN_Equipped' 로드에 실패했습니다: 애셋에 대한 파일을 찾을 수 없습니다.
[2021.12.24-03.38.13:403][  0]LogUObjectGlobals: Warning: '../../../../../Github/GitHub/UnrealEngineProject/UnrealCppProject2/Content/Character/Montages/OneHand/Sword_Draw_1_Montage.uasset' 로드 도중 '/Game/Notifies/Sword/AN_GrabSword' 로드에 실패했습니다: 파일을 찾을 수 없습니다.
[2021.12.24-03.38.13:404][  0]LogUObjectGlobals: Warning: '../../../../../Github/GitHub/UnrealEngineProject/UnrealCppProject2/Content/Character/Montages/OneHand/Sword_Draw_1_Montage.uasset' 로드 도중 '/Game/Notifies/Sword/AN_GrabSword' 로드에 실패했습니다: 애셋에 대한 파일을 찾을 수 없습니다.
[2021.12.24-03.38.13:404][  0]LogUObjectGlobals: Warning: '../../../../../Github/GitHub/UnrealEngineProject/UnrealCppProject2/Content/Character/Montages/OneHand/Sword_Draw_1_Montage.uasset' 로드 도중 '/Game/Notifies/Sword/AN_GrabSword' 로드에 실패했습니다: 파일을 찾을 수 없습니다.
[2021.12.24-03.38.13:404][  0]LogUObjectGlobals: Warning: '../../../../../Github/GitHub/UnrealEngineProject/UnrealCppProject2/Content/Character/Montages/OneHand/Sword_Draw_1_Montage.uasset' 로드 도중 '/Game/Notifies/Sword/AN_GrabSword' 로드에 실패했습니다: 애셋에 대한 파일을 찾을 수 없습니다.
[2021.12.24-03.38.13:448][  0]SourceControl: 소스 컨트롤이 꺼졌습니다.
[2021.12.24-03.38.13:448][  0]SourceControl: 소스 컨트롤이 꺼졌습니다.
[2021.12.24-03.38.13:454][  0]SourceControl: 소스 컨트롤이 꺼졌습니다.
[2021.12.24-03.38.13:566][  0]LogAndroidPermission: UAndroidPermissionCallbackProxy::GetInstance
[2021.12.24-03.38.13:581][  0]LogAudioCaptureCore: Display: No Audio Capture implementations found. Audio input will be silent.
[2021.12.24-03.38.13:581][  0]LogAudioCaptureCore: Display: No Audio Capture implementations found. Audio input will be silent.
[2021.12.24-03.38.13:625][  0]LogOcInput: OculusInput pre-init called
[2021.12.24-03.38.13:639][  0]LogUObjectArray: 21011 objects as part of root set at end of initial load.
[2021.12.24-03.38.13:639][  0]LogUObjectAllocator: 5801472 out of 0 bytes used by permanent object pool.
[2021.12.24-03.38.13:639][  0]LogUObjectArray: CloseDisregardForGC: 0/0 objects in disregard for GC pool
[2021.12.24-03.38.13:680][  0]LogEngine: Initializing Engine...
[2021.12.24-03.38.13:681][  0]LogHMD: Failed to initialize OpenVR with code 110
[2021.12.24-03.38.13:681][  0]LogMagicLeap: Warning: VR disabled because ZI is not enabled.  To enable, in the editor, Edit -> Project Settings -> Plugins -> Magic Leap Plugin -> Enable Zero Iteration
[2021.12.24-03.38.13:682][  0]LogStats: UGameplayTagsManager::InitializeManager -  0.000 s
[2021.12.24-03.38.13:762][  0]LogInit: Initializing FReadOnlyCVARCache
[2021.12.24-03.38.13:766][  0]LogAudioMixer: Display: Audio Mixer Platform Settings:
[2021.12.24-03.38.13:766][  0]LogAudioMixer: Display: 	Sample Rate:						  48000
[2021.12.24-03.38.13:766][  0]LogAudioMixer: Display: 	Callback Buffer Frame Size Requested: 1024
[2021.12.24-03.38.13:766][  0]LogAudioMixer: Display: 	Callback Buffer Frame Size To Use:	  1024
[2021.12.24-03.38.13:766][  0]LogAudioMixer: Display: 	Number of buffers to queue:			  2
[2021.12.24-03.38.13:766][  0]LogAudioMixer: Display: 	Max Channels (voices):				  32
[2021.12.24-03.38.13:766][  0]LogAudioMixer: Display: 	Number of Async Source Workers:		  0
[2021.12.24-03.38.13:766][  0]LogAudio: Display: AudioDevice MaxSources: 32
[2021.12.24-03.38.13:766][  0]LogAudio: Display: Using built-in audio occlusion.
[2021.12.24-03.38.13:766][  0]LogAudioMixer: Display: Initializing audio mixer.
[2021.12.24-03.38.13:775][  0]LogAudioMixer: Display: 0: FrontLeft
[2021.12.24-03.38.13:775][  0]LogAudioMixer: Display: 1: FrontRight
[2021.12.24-03.38.13:805][  0]LogAudioMixer: Display: Using Audio Device 스피커(Realtek(R) Audio)
[2021.12.24-03.38.13:809][  0]LogAudioMixer: Display: Initializing Sound Submixes...
[2021.12.24-03.38.13:810][  0]LogAudioMixer: Display: Creating Master Submix 'MasterSubmixDefault'
[2021.12.24-03.38.13:810][  0]LogAudioMixer: Display: Creating Master Submix 'MasterReverbSubmixDefault'
[2021.12.24-03.38.13:811][  0]LogAudioMixer: Display: Creating Master Submix 'MasterEQSubmixDefault'
[2021.12.24-03.38.13:812][  0]LogInit: FAudioDevice initialized.
[2021.12.24-03.38.13:813][  0]LogNetVersion: Set ProjectVersion to 1.0.0.0. Version Checksum will be recalculated on next use.
[2021.12.24-03.38.13:815][  0]LogInit: Texture streaming: Enabled
[2021.12.24-03.38.13:862][  0]LogSlate: Updating window title bar state: overlay mode, drag disabled, window buttons hidden, title bar hidden
[2021.12.24-03.38.13:863][  0]LogInit: Display: Game Engine Initialized.
[2021.12.24-03.38.13:863][  0]LogNiagaraEditor: Warning: GEditor isn't valid! Particle reset commands will not work for Niagara components!
[2021.12.24-03.38.13:886][  0]LogInit: Display: Starting Game.
[2021.12.24-03.38.13:886][  0]LogNet: Browse: /Game/Levels/Battle?Name=Player
[2021.12.24-03.38.13:886][  0]LogLoad: LoadMap: /Game/Levels/Battle?Name=Player
[2021.12.24-03.38.13:886][  0]LogWorld: BeginTearingDown for /Temp/Untitled_0
[2021.12.24-03.38.13:887][  0]LogWorld: UWorld::CleanupWorld for Untitled, bSessionEnded=true, bCleanupResources=true
[2021.12.24-03.38.13:887][  0]LogSlate: InvalidateAllWidgets triggered.  All widgets were invalidated
[2021.12.24-03.38.13:899][  0]LogUObjectHash: Compacting FUObjectHashTables data took   0.71ms
[2021.12.24-03.38.13:976][  0]LogAIModule: Creating AISystem for world Battle
[2021.12.24-03.38.13:976][  0]LogAISub: UAISubsystem::UAISubsystem EnvQueryManager (000001AF6EC73C00), frame # 0
[2021.12.24-03.38.13:976][  0]LogAISub: UAISubsystem::UAISubsystem AIPerceptionSystem (000001AF6EE242C0), frame # 0
[2021.12.24-03.38.13:976][  0]LogLoad: Game class is 'CGameMode'
[2021.12.24-03.38.13:979][  0]LogWorld: Bringing World /Game/Levels/Battle.Battle up for play (max tick rate 0) at 2021.12.24-12.38.13
[2021.12.24-03.38.13:980][  0]LogWorld: Bringing up level for play took: 0.003454
[2021.12.24-03.38.13:987][  0]LogUObjectGlobals: Warning: Gamethread hitch waiting for resource cleanup on a UObject (SphereComponent /Game/Levels/Battle.Battle:PersistentLevel.BP_CPlayer_Attachment.Fist_RightHand) overwrite took   0.00ms. Fix the higher level code so that this does not happen.
[2021.12.24-03.38.13:987][  0]LogUObjectGlobals: Warning: Gamethread hitch waiting for resource cleanup on a UObject (SphereComponent /Game/Levels/Battle.Battle:PersistentLevel.BP_CPlayer_Attachment.Fist_LeftFoot) overwrite took   0.00ms. Fix the higher level code so that this does not happen.
[2021.12.24-03.38.13:987][  0]LogUObjectGlobals: Warning: Gamethread hitch waiting for resource cleanup on a UObject (SphereComponent /Game/Levels/Battle.Battle:PersistentLevel.BP_CPlayer_Attachment.Fist_RightFoot) overwrite took   0.00ms. Fix the higher level code so that this does not happen.
[2021.12.24-03.38.13:987][  0]GameProject: Display: Fist_LeftHand
[2021.12.24-03.38.13:987][  0]GameProject: Display: Fist_LeftFoot
[2021.12.24-03.38.13:988][  0]LogUObjectGlobals: Warning: Gamethread hitch waiting for resource cleanup on a UObject (SkeletalMeshComponent /Game/Levels/Battle.Battle:PersistentLevel.BP_CPlayer_Attachment_1.SkeletalMesh) overwrite took   0.02ms. Fix the higher level code so that this does not happen.
[2021.12.24-03.38.13:988][  0]LogUObjectGlobals: Warning: Gamethread hitch waiting for resource cleanup on a UObject (CapsuleComponent /Game/Levels/Battle.Battle:PersistentLevel.BP_CPlayer_Attachment_1.Capsule) overwrite took   0.03ms. Fix the higher level code so that this does not happen.
[2021.12.24-03.38.13:988][  0]LogUObjectGlobals: Warning: Gamethread hitch waiting for resource cleanup on a UObject (SkeletalMeshComponent /Game/Levels/Battle.Battle:PersistentLevel.BP_CPlayer_Attachment_2.SkeletalMesh) overwrite took   0.01ms. Fix the higher level code so that this does not happen.
[2021.12.24-03.38.13:988][  0]LogUObjectGlobals: Warning: Gamethread hitch waiting for resource cleanup on a UObject (CapsuleComponent /Game/Levels/Battle.Battle:PersistentLevel.BP_CPlayer_Attachment_2.Capsule) overwrite took   0.02ms. Fix the higher level code so that this does not happen.
[2021.12.24-03.38.13:989][  0]LogLoad: Took 0.102657 seconds to LoadMap(/Game/Levels/Battle)
[2021.12.24-03.38.14:014][  0]LogRenderer: Reallocating scene render targets to support 1280x720 Format 10 NumSamples 1 (Frame:1).
[2021.12.24-03.38.14:014][  0]LogLoad: (Engine Initialization) Total time: 4.99 seconds
[2021.12.24-03.38.14:014][  0]LogLoad: (Engine Initialization) Total Blueprint compile time: 0.00 seconds
[2021.12.24-03.38.14:034][  0]LogContentStreaming: Texture pool size now 1000 MB
[2021.12.24-03.38.14:036][  0]LogSlate: InvalidateAllWidgets triggered.  All widgets were invalidated
[2021.12.24-03.38.14:203][  0]LogRenderer: Reallocating scene render targets to support 128x128 Format 10 NumSamples 1 (Frame:1).
[2021.12.24-03.38.14:242][  0]LogRenderer: Reallocating scene render targets to support 1280x720 Format 10 NumSamples 1 (Frame:2).
[2021.12.24-03.38.56:510][ 75]LogWindowsDesktop: Alt-F4 pressed!
[2021.12.24-03.38.56:514][ 75]LogSlate: Window 'UnrealCppProject2 (64 비트, PCD3D_SM5) ' being destroyed
[2021.12.24-03.38.56:516][ 75]LogWindowsTextInputMethodSystem: Display: IME system now activated using TSF (Microsoft 입력기).
[2021.12.24-03.38.56:522][ 75]LogWindowsTextInputMethodSystem: Display: IME system now activated using TSF (Microsoft 입력기).
[2021.12.24-03.38.56:526][ 75]LogSlate: Updating window title bar state: overlay mode, drag disabled, window buttons hidden, title bar hidden
[2021.12.24-03.38.56:526][ 75]LogEngine: All Windows Closed
[2021.12.24-03.38.56:526][ 75]LogWindows: FPlatformMisc::RequestExit(0)
[2021.12.24-03.38.56:526][ 75]LogCore: Engine exit requested (reason: Win RequestExit)
[2021.12.24-03.38.56:526][ 76]LogCore: Engine exit requested (reason: EngineExit() was called; note: exit was already requested)
[2021.12.24-03.38.56:527][ 76]LogAudio: Display: Shutting down audio device while 2 references to it are still alive. For more information, compile with INSTRUMENT_AUDIODEVICE_HANDLES.
[2021.12.24-03.38.56:574][ 76]LogInit: Display: PreExit Game.
[2021.12.24-03.38.56:599][ 76]LogWorld: BeginTearingDown for /Game/Levels/Battle
[2021.12.24-03.38.56:600][ 76]LogWorld: UWorld::CleanupWorld for Battle, bSessionEnded=true, bCleanupResources=true
[2021.12.24-03.38.56:600][ 76]LogSlate: InvalidateAllWidgets triggered.  All widgets were invalidated
[2021.12.24-03.38.56:715][ 76]LogExit: Preparing to exit.
[2021.12.24-03.38.57:232][ 76]LogMoviePlayer: Shutting down movie player
[2021.12.24-03.38.57:335][ 76]LogSlate: Updating window title bar state: overlay mode, drag disabled, window buttons hidden, title bar hidden
[2021.12.24-03.38.57:341][ 76]LogDemo: Cleaned up 0 splitscreen connections with owner deletion
[2021.12.24-03.38.57:342][ 76]LogExit: Game engine shut down
[2021.12.24-03.38.57:357][ 76]LogAISub: UAISubsystem::~UAISubsystem EnvQueryManager (000001AF6EC73C00), frame # 20076
[2021.12.24-03.38.57:357][ 76]LogAISub: UAISubsystem::~UAISubsystem AIPerceptionSystem (000001AF6EE242C0), frame # 20076
[2021.12.24-03.38.57:360][ 76]LogAISub: UAISubsystem::~UAISubsystem AISubsystem (000001AF68A908C0), frame # 20076
[2021.12.24-03.38.57:360][ 76]LogAISub: UAISubsystem::~UAISubsystem AIPerceptionSystem (000001AF689F1580), frame # 20076
[2021.12.24-03.38.57:360][ 76]LogAISub: UAISubsystem::~UAISubsystem EnvQueryManager (000001AF68A41A00), frame # 20076
[2021.12.24-03.38.57:384][ 76]LogExit: Object subsystem successfully closed.
[2021.12.24-03.38.57:402][ 76]LogShaderCompilers: Display: Shaders left to compile 0
[2021.12.24-03.38.57:408][ 76]LogModuleManager: Shutting down and abandoning module SequenceRecorderSections (512)
[2021.12.24-03.38.57:408][ 76]LogModuleManager: Shutting down and abandoning module SequenceRecorder (510)
[2021.12.24-03.38.57:408][ 76]LogModuleManager: Shutting down and abandoning module AutomationController (508)
[2021.12.24-03.38.57:408][ 76]LogModuleManager: Shutting down and abandoning module AutomationWorker (506)
[2021.12.24-03.38.57:409][ 76]LogModuleManager: Shutting down and abandoning module Voice (504)
[2021.12.24-03.38.57:409][ 76]LogModuleManager: Shutting down and abandoning module AIModule (502)
[2021.12.24-03.38.57:409][ 76]LogModuleManager: Shutting down and abandoning module GameplayDebugger (501)
[2021.12.24-03.38.57:409][ 76]LogModuleManager: Shutting down and abandoning module AITestSuite (499)
[2021.12.24-03.38.57:409][ 76]LogModuleManager: Shutting down and abandoning module NavigationSystem (497)
[2021.12.24-03.38.57:409][ 76]LogModuleManager: Shutting down and abandoning module OculusMR (494)
[2021.12.24-03.38.57:409][ 76]LogModuleManager: Shutting down and abandoning module WmfMediaFactory (492)
[2021.12.24-03.38.57:409][ 76]LogModuleManager: Shutting down and abandoning module WebMMediaFactory (490)
[2021.12.24-03.38.57:409][ 76]LogModuleManager: Shutting down and abandoning module WebMMedia (488)
[2021.12.24-03.38.57:409][ 76]LogModuleManager: Shutting down and abandoning module OpenExrWrapper (486)
[2021.12.24-03.38.57:409][ 76]LogModuleManager: Shutting down and abandoning module ImgMediaFactory (484)
[2021.12.24-03.38.57:409][ 76]LogModuleManager: Shutting down and abandoning module AvfMediaFactory (482)
[2021.12.24-03.38.57:409][ 76]LogModuleManager: Shutting down and abandoning module MagicLeapMediaCodecFactory (480)
[2021.12.24-03.38.57:409][ 76]LogModuleManager: Shutting down and abandoning module MagicLeapMediaFactory (478)
[2021.12.24-03.38.57:409][ 76]LogModuleManager: Shutting down and abandoning module PlanarCut (476)
[2021.12.24-03.38.57:409][ 76]LogModuleManager: Shutting down and abandoning module CharacterAI (474)
[2021.12.24-03.38.57:409][ 76]LogModuleManager: Shutting down and abandoning module SessionServices (472)
[2021.12.24-03.38.57:409][ 76]LogModuleManager: Shutting down and abandoning module MovieSceneCapture (470)
[2021.12.24-03.38.57:409][ 76]LogModuleManager: Shutting down and abandoning module LiveCoding (468)
[2021.12.24-03.38.57:409][ 76]LogModuleManager: Shutting down and abandoning module LevelSequence (466)
[2021.12.24-03.38.57:409][ 76]LogModuleManager: Shutting down and abandoning module MovieSceneTracks (464)
[2021.12.24-03.38.57:409][ 76]LogModuleManager: Shutting down and abandoning module MovieScene (462)
[2021.12.24-03.38.57:409][ 76]LogModuleManager: Shutting down and abandoning module StreamingPauseRendering (460)
[2021.12.24-03.38.57:409][ 76]LogModuleManager: Shutting down and abandoning module PortalServices (458)
[2021.12.24-03.38.57:409][ 76]LogModuleManager: Shutting down and abandoning module PortalRpc (456)
[2021.12.24-03.38.57:409][ 76]LogModuleManager: Shutting down and abandoning module MessagingRpc (454)
[2021.12.24-03.38.57:409][ 76]LogModuleManager: Shutting down and abandoning module AudioMixerXAudio2 (452)
[2021.12.24-03.38.57:409][ 76]LogModuleManager: Shutting down and abandoning module AudioMixerCore (451)
[2021.12.24-03.38.57:409][ 76]LogModuleManager: Shutting down and abandoning module ProfilerService (448)
[2021.12.24-03.38.57:451][ 76]LogModuleManager: Shutting down and abandoning module TaskGraph (446)
[2021.12.24-03.38.57:451][ 76]LogModuleManager: Shutting down and abandoning module Synthesis (444)
[2021.12.24-03.38.57:451][ 76]LogModuleManager: Shutting down and abandoning module ProceduralMeshComponent (442)
[2021.12.24-03.38.57:452][ 76]LogModuleManager: Shutting down and abandoning module OculusInput (440)
[2021.12.24-03.38.57:452][ 76]LogModuleManager: Shutting down and abandoning module MobilePatchingUtils (438)
[2021.12.24-03.38.57:452][ 76]LogModuleManager: Shutting down and abandoning module GooglePAD (436)
[2021.12.24-03.38.57:452][ 76]LogModuleManager: Shutting down and abandoning module EditableMesh (434)
[2021.12.24-03.38.57:452][ 76]LogModuleManager: Shutting down and abandoning module SQLiteSupport (432)
[2021.12.24-03.38.57:452][ 76]LogModuleManager: Shutting down and abandoning module DatabaseSupport (430)
[2021.12.24-03.38.57:452][ 76]LogModuleManager: Shutting down and abandoning module CustomMeshComponent (428)
[2021.12.24-03.38.57:452][ 76]LogModuleManager: Shutting down and abandoning module CableComponent (426)
[2021.12.24-03.38.57:452][ 76]LogModuleManager: Shutting down and abandoning module AudioCapture (424)
[2021.12.24-03.38.57:452][ 76]LogModuleManager: Shutting down and abandoning module AudioCaptureRtAudio (423)
[2021.12.24-03.38.57:452][ 76]LogModuleManager: Shutting down and abandoning module AssetTags (420)
[2021.12.24-03.38.57:452][ 76]LogModuleManager: Shutting down and abandoning module ArchVisCharacter (418)
[2021.12.24-03.38.57:452][ 76]LogModuleManager: Shutting down and abandoning module AppleImageUtilsBlueprintSupport (416)
[2021.12.24-03.38.57:452][ 76]LogModuleManager: Shutting down and abandoning module AppleImageUtils (414)
[2021.12.24-03.38.57:452][ 76]LogModuleManager: Shutting down and abandoning module AndroidPermission (412)
[2021.12.24-03.38.57:452][ 76]LogModuleManager: Shutting down and abandoning module NUTUnrealEngine4 (410)
[2021.12.24-03.38.57:452][ 76]LogModuleManager: Shutting down and abandoning module NetcodeUnitTest (408)
[2021.12.24-03.38.57:452][ 76]LogModuleManager: Shutting down and abandoning module TemplateSequence (406)
[2021.12.24-03.38.57:452][ 76]LogModuleManager: Shutting down and abandoning module MovieRenderPipelineRenderPasses (404)
[2021.12.24-03.38.57:452][ 76]LogModuleManager: Shutting down and abandoning module MovieRenderPipelineSettings (402)
[2021.12.24-03.38.57:452][ 76]LogModuleManager: Shutting down and abandoning module MovieRenderPipelineCore (400)
[2021.12.24-03.38.57:452][ 76]LogModuleManager: Shutting down and abandoning module ImageWriteQueue (399)
[2021.12.24-03.38.57:453][ 76]LogModuleManager: Shutting down and abandoning module MediaCompositing (396)
[2021.12.24-03.38.57:453][ 76]LogModuleManager: Shutting down and abandoning module ImgMedia (394)
[2021.12.24-03.38.57:453][ 76]LogModuleManager: Shutting down and abandoning module MagicLeapSharedWorld (392)
[2021.12.24-03.38.57:453][ 76]LogModuleManager: Shutting down and abandoning module MagicLeapLightEstimation (390)
[2021.12.24-03.38.57:453][ 76]LogModuleManager: Shutting down and abandoning module MagicLeapHelperVulkan (388)
[2021.12.24-03.38.57:453][ 76]LogModuleManager: Shutting down and abandoning module MagicLeapHelperOpenGL (386)
[2021.12.24-03.38.57:453][ 76]LogModuleManager: Shutting down and abandoning module MagicLeapAudio (384)
[2021.12.24-03.38.57:453][ 76]LogModuleManager: Shutting down and abandoning module MeshSolverUtilities (382)
[2021.12.24-03.38.57:453][ 76]LogModuleManager: Shutting down and abandoning module MeshConversion (380)
[2021.12.24-03.38.57:453][ 76]LogModuleManager: Shutting down and abandoning module DynamicMesh (378)
[2021.12.24-03.38.57:453][ 76]LogModuleManager: Shutting down and abandoning module GeometryAlgorithms (376)
[2021.12.24-03.38.57:453][ 76]LogModuleManager: Shutting down and abandoning module GeometricObjects (374)
[2021.12.24-03.38.57:453][ 76]LogModuleManager: Shutting down and abandoning module GeometryCollectionTracks (372)
[2021.12.24-03.38.57:453][ 76]LogModuleManager: Shutting down and abandoning module GeometryCollectionSequencer (371)
[2021.12.24-03.38.57:454][ 76]LogModuleManager: Shutting down and abandoning module GeometryCacheTracks (368)
[2021.12.24-03.38.57:454][ 76]LogModuleManager: Shutting down and abandoning module GeometryCacheSequencer (367)
[2021.12.24-03.38.57:454][ 76]LogModuleManager: Shutting down and abandoning module GeometryCache (364)
[2021.12.24-03.38.57:454][ 76]LogModuleManager: Shutting down and abandoning module GeometryCacheEd (363)
[2021.12.24-03.38.57:454][ 76]LogModuleManager: Shutting down and abandoning module ChaosNiagara (360)
[2021.12.24-03.38.57:454][ 76]LogModuleManager: Shutting down and abandoning module ChaosCloth (358)
[2021.12.24-03.38.57:454][ 76]LogModuleManager: Shutting down and abandoning module BackChannel (356)
[2021.12.24-03.38.57:454][ 76]LogModuleManager: Shutting down and abandoning module AutomationUtils (354)
[2021.12.24-03.38.57:454][ 76]LogModuleManager: Shutting down and abandoning module VisualStudioSourceCodeAccess (352)
[2021.12.24-03.38.57:454][ 76]LogModuleManager: Shutting down and abandoning module HotReload (351)
[2021.12.24-03.38.57:454][ 76]LogModuleManager: Shutting down and abandoning module VisualStudioCodeSourceCodeAccess (348)
[2021.12.24-03.38.57:454][ 76]LogModuleManager: Shutting down and abandoning module UObjectPlugin (346)
[2021.12.24-03.38.57:454][ 76]LogModuleManager: Shutting down and abandoning module SubversionSourceControl (344)
[2021.12.24-03.38.57:454][ 76]LogModuleManager: Shutting down and abandoning module RiderSourceCodeAccess (342)
[2021.12.24-03.38.57:454][ 76]LogModuleManager: Shutting down and abandoning module PerforceSourceControl (340)
[2021.12.24-03.38.57:454][ 76]LogModuleManager: Shutting down and abandoning module SourceControl (339)
[2021.12.24-03.38.57:454][ 76]LogModuleManager: Shutting down and abandoning module CLionSourceCodeAccess (336)
[2021.12.24-03.38.57:454][ 76]LogModuleManager: Shutting down and abandoning module ActorLayerUtilities (334)
[2021.12.24-03.38.57:454][ 76]LogModuleManager: Shutting down and abandoning module UnrealCppProject2 (332)
[2021.12.24-03.38.57:454][ 76]LogModuleManager: Shutting down and abandoning module SoundFields (330)
[2021.12.24-03.38.57:454][ 76]LogModuleManager: Shutting down and abandoning module SignificanceManager (328)
[2021.12.24-03.38.57:454][ 76]LogModuleManager: Shutting down and abandoning module RuntimePhysXCooking (326)
[2021.12.24-03.38.57:454][ 76]LogModuleManager: Shutting down and abandoning module PhysXVehiclesEditor (324)
[2021.12.24-03.38.57:454][ 76]LogModuleManager: Shutting down and abandoning module LocationServicesBPLibrary (320)
[2021.12.24-03.38.57:454][ 76]LogModuleManager: Shutting down and abandoning module SQLiteCore (318)
[2021.12.24-03.38.57:454][ 76]LogModuleManager: Shutting down and abandoning module ActorSequence (316)
[2021.12.24-03.38.57:454][ 76]LogModuleManager: Shutting down and abandoning module UdpMessaging (314)
[2021.12.24-03.38.57:555][ 76]LogModuleManager: Shutting down and abandoning module TcpMessaging (312)
[2021.12.24-03.38.58:229][ 76]LogModuleManager: Shutting down and abandoning module MagicLeapARPin (310)
[2021.12.24-03.38.58:229][ 76]LogModuleManager: Shutting down and abandoning module MagicLeapHandMeshing (308)
[2021.12.24-03.38.58:229][ 76]LogModuleManager: Shutting down and abandoning module MagicLeapSecureStorage (306)
[2021.12.24-03.38.58:229][ 76]LogModuleManager: Shutting down and abandoning module MagicLeapPrivileges (304)
[2021.12.24-03.38.58:229][ 76]LogModuleManager: Shutting down and abandoning module MagicLeapPlanes (302)
[2021.12.24-03.38.58:229][ 76]LogMagicLeapPlanes: Planes tracker already destroyed.
[2021.12.24-03.38.58:229][ 76]LogModuleManager: Shutting down and abandoning module MagicLeapImageTracker (300)
[2021.12.24-03.38.58:229][ 76]LogModuleManager: Shutting down and abandoning module MagicLeapIdentity (298)
[2021.12.24-03.38.58:229][ 76]LogModuleManager: Shutting down and abandoning module MagicLeapHandTracking (296)
[2021.12.24-03.38.58:229][ 76]LogModuleManager: Shutting down and abandoning module MagicLeapEyeTracker (294)
[2021.12.24-03.38.58:229][ 76]LogModuleManager: Shutting down and abandoning module MagicLeapController (292)
[2021.12.24-03.38.58:229][ 76]LogSlate: Slate User Destroyed.  User Index 0, Is Virtual User: 0
[2021.12.24-03.38.58:229][ 76]LogModuleManager: Shutting down and abandoning module MagicLeapARPinImpl (290)
[2021.12.24-03.38.58:230][ 76]LogModuleManager: Shutting down and abandoning module MagicLeapAR (288)
[2021.12.24-03.38.58:230][ 76]LogModuleManager: Shutting down and abandoning module AugmentedReality (287)
[2021.12.24-03.38.58:230][ 76]LogModuleManager: Shutting down and abandoning module NiagaraAnimNotifies (284)
[2021.12.24-03.38.58:230][ 76]LogModuleManager: Shutting down and abandoning module Niagara (282)
[2021.12.24-03.38.58:230][ 76]LogModuleManager: Shutting down and abandoning module SignalProcessing (281)
[2021.12.24-03.38.58:230][ 76]LogModuleManager: Shutting down and abandoning module NiagaraEditor (279)
[2021.12.24-03.38.58:230][ 76]LogModuleManager: Shutting down and abandoning module NiagaraCore (276)
[2021.12.24-03.38.58:230][ 76]LogModuleManager: Shutting down and abandoning module GameplayTagsEditor (274)
[2021.12.24-03.38.58:230][ 76]LogModuleManager: Shutting down and abandoning module FacialAnimation (272)
[2021.12.24-03.38.58:230][ 76]LogModuleManager: Shutting down and abandoning module AssetManagerEditor (270)
[2021.12.24-03.38.58:230][ 76]LogModuleManager: Shutting down and abandoning module TreeMap (269)
[2021.12.24-03.38.58:230][ 76]LogModuleManager: Shutting down and abandoning module AnimationSharing (266)
[2021.12.24-03.38.58:230][ 76]LogModuleManager: Shutting down and abandoning module LightPropagationVolumeRuntime (264)
[2021.12.24-03.38.58:230][ 76]LogModuleManager: Shutting down and abandoning module Paper2D (262)
[2021.12.24-03.38.58:230][ 76]LogModuleManager: Shutting down and abandoning module WindowsMoviePlayer (260)
[2021.12.24-03.38.58:230][ 76]LogModuleManager: Shutting down and abandoning module WebMMoviePlayer (258)
[2021.12.24-03.38.58:230][ 76]LogModuleManager: Shutting down and abandoning module NetworkReplayStreaming (256)
[2021.12.24-03.38.58:230][ 76]LogModuleManager: Shutting down and abandoning module PacketHandler (254)
[2021.12.24-03.38.58:230][ 76]LogModuleManager: Shutting down and abandoning module ClothingSystemEditor (252)
[2021.12.24-03.38.58:230][ 76]LogModuleManager: Shutting down and abandoning module ClothingSystemRuntimeNv (250)
[2021.12.24-03.38.58:230][ 76]LogModuleManager: Shutting down and abandoning module MediaAssets (248)
[2021.12.24-03.38.58:230][ 76]LogModuleManager: Shutting down and abandoning module Overlay (246)
[2021.12.24-03.38.58:230][ 76]LogModuleManager: Shutting down and abandoning module OverlayEditor (245)
[2021.12.24-03.38.58:230][ 76]LogModuleManager: Shutting down and abandoning module VREditor (242)
[2021.12.24-03.38.58:230][ 76]LogModuleManager: Shutting down and abandoning module StringTableEditor (240)
[2021.12.24-03.38.58:230][ 76]LogModuleManager: Shutting down and abandoning module GameplayTasksEditor (238)
[2021.12.24-03.38.58:230][ 76]LogModuleManager: Shutting down and abandoning module BehaviorTreeEditor (236)
[2021.12.24-03.38.58:230][ 76]LogModuleManager: Shutting down and abandoning module FunctionalTesting (234)
[2021.12.24-03.38.58:230][ 76]LogModuleManager: Shutting down and abandoning module CollisionAnalyzer (232)
[2021.12.24-03.38.58:230][ 76]LogModuleManager: Shutting down and abandoning module UMG (230)
[2021.12.24-03.38.58:230][ 76]LogModuleManager: Shutting down and abandoning module UMGEditor (229)
[2021.12.24-03.38.58:230][ 76]LogModuleManager: Shutting down and abandoning module Sequencer (228)
[2021.12.24-03.38.58:230][ 76]LogModuleManager: Shutting down and abandoning module MessageLog (225)
[2021.12.24-03.38.58:230][ 76]LogModuleManager: Shutting down and abandoning module MaterialEditor (223)
[2021.12.24-03.38.58:230][ 76]LogModuleManager: Shutting down and abandoning module ContentBrowser (222)
[2021.12.24-03.38.58:230][ 76]LogModuleManager: Shutting down and abandoning module WorkspaceMenuStructure (221)
[2021.12.24-03.38.58:230][ 76]LogModuleManager: Shutting down and abandoning module CollectionManager (219)
[2021.12.24-03.38.58:231][ 76]LogModuleManager: Shutting down and abandoning module DirectoryWatcher (218)
[2021.12.24-03.38.58:231][ 76]LogModuleManager: Shutting down and abandoning module SlateReflector (210)
[2021.12.24-03.38.58:231][ 76]LogModuleManager: Shutting down and abandoning module Slate (208)
[2021.12.24-03.38.58:231][ 76]LogModuleManager: Shutting down and abandoning module SlateCore (206)
[2021.12.24-03.38.58:231][ 76]LogModuleManager: Shutting down and abandoning module LandscapeEditorUtilities (204)
[2021.12.24-03.38.58:231][ 76]LogModuleManager: Shutting down and abandoning module EditorStyle (202)
[2021.12.24-03.38.58:231][ 76]LogModuleManager: Shutting down and abandoning module UnrealEd (200)
[2021.12.24-03.38.58:231][ 76]LogModuleManager: Shutting down and abandoning module MRMesh (198)
[2021.12.24-03.38.58:231][ 76]LogModuleManager: Shutting down and abandoning module Messaging (196)
[2021.12.24-03.38.58:231][ 76]LogModuleManager: Shutting down and abandoning module SourceCodeAccess (194)
[2021.12.24-03.38.58:231][ 76]LogModuleManager: Shutting down and abandoning module HeadMountedDisplay (192)
[2021.12.24-03.38.58:231][ 76]LogModuleManager: Shutting down and abandoning module XAudio2 (190)
[2021.12.24-03.38.58:231][ 76]LogModuleManager: Shutting down and abandoning module Networking (188)
[2021.12.24-03.38.58:231][ 76]LogModuleManager: Shutting down and abandoning module Core (186)
[2021.12.24-03.38.58:231][ 76]LogModuleManager: Shutting down and abandoning module MovieSceneTools (184)
[2021.12.24-03.38.58:231][ 76]LogModuleManager: Shutting down and abandoning module KismetCompiler (182)
[2021.12.24-03.38.58:231][ 76]LogModuleManager: Shutting down and abandoning module MeshBuilder (180)
[2021.12.24-03.38.58:231][ 76]LogModuleManager: Shutting down and abandoning module MeshUtilities (178)
[2021.12.24-03.38.58:231][ 76]LogModuleManager: Shutting down and abandoning module MeshMergeUtilities (177)
[2021.12.24-03.38.58:231][ 76]LogModuleManager: Shutting down and abandoning module MeshReductionInterface (176)
[2021.12.24-03.38.58:231][ 76]LogModuleManager: Shutting down and abandoning module MeshBoneReduction (175)
[2021.12.24-03.38.58:231][ 76]LogModuleManager: Shutting down and abandoning module SkeletalMeshReduction (173)
[2021.12.24-03.38.58:231][ 76]LogModuleManager: Shutting down and abandoning module ProxyLODMeshReduction (171)
[2021.12.24-03.38.58:231][ 76]LogModuleManager: Shutting down and abandoning module QuadricMeshReduction (169)
[2021.12.24-03.38.58:232][ 76]LogModuleManager: Shutting down and abandoning module MaterialBaking (165)
[2021.12.24-03.38.58:232][ 76]LogModuleManager: Shutting down and abandoning module NullInstallBundleManager (160)
[2021.12.24-03.38.58:232][ 76]LogModuleManager: Shutting down and abandoning module PIEPreviewDeviceProfileSelector (158)
[2021.12.24-03.38.58:232][ 76]LogModuleManager: Shutting down and abandoning module DerivedDataCache (156)
[2021.12.24-03.38.58:232][ 76]LogModuleManager: Shutting down and abandoning module XGEController (154)
[2021.12.24-03.38.58:232][ 76]LogModuleManager: Shutting down and abandoning module TargetPlatform (152)
[2021.12.24-03.38.58:232][ 76]LogModuleManager: Shutting down and abandoning module VulkanShaderFormat (151)
[2021.12.24-03.38.58:232][ 76]LogModuleManager: Shutting down and abandoning module ShaderFormatVectorVM (149)
[2021.12.24-03.38.58:232][ 76]LogModuleManager: Shutting down and abandoning module ShaderFormatOpenGL (147)
[2021.12.24-03.38.58:232][ 76]LogModuleManager: Shutting down and abandoning module ShaderFormatD3D (145)
[2021.12.24-03.38.58:232][ 76]LogModuleManager: Shutting down and abandoning module MetalShaderFormat (143)
[2021.12.24-03.38.58:232][ 76]LogModuleManager: Shutting down and abandoning module TextureFormatUncompressed (141)
[2021.12.24-03.38.58:232][ 76]LogModuleManager: Shutting down and abandoning module TextureFormatPVR (139)
[2021.12.24-03.38.58:232][ 76]LogModuleManager: Shutting down and abandoning module TextureFormatDXT (137)
[2021.12.24-03.38.58:232][ 76]LogModuleManager: Shutting down and abandoning module TextureFormatIntelISPCTexComp (135)
[2021.12.24-03.38.58:232][ 76]LogModuleManager: Shutting down and abandoning module TextureFormatASTC (133)
[2021.12.24-03.38.58:232][ 76]LogModuleManager: Shutting down and abandoning module ImageWrapper (132)
[2021.12.24-03.38.58:232][ 76]LogModuleManager: Shutting down and abandoning module TextureFormatAndroid (129)
[2021.12.24-03.38.58:232][ 76]LogModuleManager: Shutting down and abandoning module AudioFormatOpus (127)
[2021.12.24-03.38.58:232][ 76]LogModuleManager: Shutting down and abandoning module AudioFormatOgg (125)
[2021.12.24-03.38.58:232][ 76]LogModuleManager: Shutting down and abandoning module AudioFormatADPCM (123)
[2021.12.24-03.38.58:232][ 76]LogModuleManager: Shutting down and abandoning module WindowsServerTargetPlatform (121)
[2021.12.24-03.38.58:232][ 76]LogModuleManager: Shutting down and abandoning module WindowsClientTargetPlatform (119)
[2021.12.24-03.38.58:232][ 76]LogModuleManager: Shutting down and abandoning module WindowsTargetPlatform (117)
[2021.12.24-03.38.58:232][ 76]LogModuleManager: Shutting down and abandoning module WindowsNoEditorTargetPlatform (115)
[2021.12.24-03.38.58:232][ 76]LogModuleManager: Shutting down and abandoning module InputCore (112)
[2021.12.24-03.38.58:232][ 76]LogModuleManager: Shutting down and abandoning module Settings (110)
[2021.12.24-03.38.58:232][ 76]LogModuleManager: Shutting down and abandoning module PhysXCooking (108)
[2021.12.24-03.38.58:232][ 76]LogModuleManager: Shutting down and abandoning module ChaosSolvers (106)
[2021.12.24-03.38.58:232][ 76]LogModuleManager: Shutting down and abandoning module FieldSystemEngine (105)
[2021.12.24-03.38.58:232][ 76]LogModuleManager: Shutting down and abandoning module Chaos (102)
[2021.12.24-03.38.58:232][ 76]LogModuleManager: Shutting down and abandoning module WindowsPlatformFeatures (100)
[2021.12.24-03.38.58:232][ 76]LogModuleManager: Shutting down and abandoning module GameplayMediaEncoder (99)
[2021.12.24-03.38.58:232][ 76]LogModuleManager: Shutting down and abandoning module AVEncoder (98)
[2021.12.24-03.38.58:232][ 76]LogModuleManager: Shutting down and abandoning module SteamVRInputDevice (94)
[2021.12.24-03.38.58:232][ 76]LogModuleManager: Shutting down and abandoning module SteamVRInput (92)
[2021.12.24-03.38.58:232][ 76]LogModuleManager: Shutting down and abandoning module SteamVR (90)
[2021.12.24-03.38.58:232][ 76]LogHMD: Freeing OpenVRDLLHandle.
[2021.12.24-03.38.58:232][ 76]LogModuleManager: Shutting down and abandoning module OculusHMD (88)
[2021.12.24-03.38.58:232][ 76]LogModuleManager: Shutting down and abandoning module ExampleDeviceProfileSelector (86)
[2021.12.24-03.38.58:232][ 76]LogModuleManager: Shutting down and abandoning module LauncherChunkInstaller (84)
[2021.12.24-03.38.58:232][ 76]LogModuleManager: Shutting down and abandoning module OnlineBlueprintSupport (82)
[2021.12.24-03.38.58:232][ 76]LogModuleManager: Shutting down and abandoning module OnlineSubsystem (78)
[2021.12.24-03.38.58:233][ 76]LogModuleManager: Shutting down and abandoning module XMPP (73)
[2021.12.24-03.38.58:233][ 76]LogModuleManager: Shutting down and abandoning module WebSockets (72)
[2021.12.24-03.38.58:249][ 76]LogModuleManager: Shutting down and abandoning module HTTP (69)
[2021.12.24-03.38.58:268][ 76]LogModuleManager: Shutting down and abandoning module SSL (68)
[2021.12.24-03.38.58:269][ 76]LogModuleManager: Shutting down and abandoning module WmfMedia (64)
[2021.12.24-03.38.58:271][ 76]LogModuleManager: Shutting down and abandoning module Media (63)
[2021.12.24-03.38.58:271][ 76]LogModuleManager: Shutting down and abandoning module MagicLeap (60)
[2021.12.24-03.38.58:271][ 76]LogModuleManager: Shutting down and abandoning module NiagaraVertexFactories (58)
[2021.12.24-03.38.58:271][ 76]LogModuleManager: Shutting down and abandoning module NiagaraShader (56)
[2021.12.24-03.38.58:271][ 76]LogModuleManager: Shutting down and abandoning module VariantManagerContent (54)
[2021.12.24-03.38.58:271][ 76]LogModuleManager: Shutting down and abandoning module DatasmithContent (52)
[2021.12.24-03.38.58:272][ 76]LogModuleManager: Shutting down and abandoning module AISupportModule (50)
[2021.12.24-03.38.58:272][ 76]LogModuleManager: Shutting down and abandoning module DesktopPlatform (48)
[2021.12.24-03.38.58:272][ 76]LogModuleManager: Shutting down and abandoning module PythonScriptPluginPreload (46)
[2021.12.24-03.38.58:272][ 76]LogModuleManager: Shutting down and abandoning module PlatformCryptoOpenSSL (44)
[2021.12.24-03.38.58:272][ 76]LogModuleManager: Shutting down and abandoning module PlatformCryptoTypes (42)
[2021.12.24-03.38.58:272][ 76]LogModuleManager: Shutting down and abandoning module PlatformCrypto (40)
[2021.12.24-03.38.58:272][ 76]LogModuleManager: Shutting down and abandoning module AnimationModifiers (38)
[2021.12.24-03.38.58:272][ 76]LogModuleManager: Shutting down and abandoning module PropertyEditor (37)
[2021.12.24-03.38.58:272][ 76]LogModuleManager: Shutting down and abandoning module AudioEditor (34)
[2021.12.24-03.38.58:272][ 76]LogModuleManager: Shutting down and abandoning module TextureCompressor (32)
[2021.12.24-03.38.58:272][ 76]LogModuleManager: Shutting down and abandoning module RenderCore (30)
[2021.12.24-03.38.58:272][ 76]LogModuleManager: Shutting down and abandoning module Landscape (28)
[2021.12.24-03.38.58:272][ 76]LogModuleManager: Shutting down and abandoning module SlateRHIRenderer (26)
[2021.12.24-03.38.58:272][ 76]LogModuleManager: Shutting down and abandoning module OpenGLDrv (24)
[2021.12.24-03.38.58:272][ 76]LogModuleManager: Shutting down and abandoning module D3D11RHI (22)
[2021.12.24-03.38.58:272][ 76]LogModuleManager: Shutting down and abandoning module AnimGraphRuntime (20)
[2021.12.24-03.38.58:272][ 76]LogModuleManager: Shutting down and abandoning module Renderer (18)
[2021.12.24-03.38.58:272][ 76]LogModuleManager: Shutting down and abandoning module Engine (16)
[2021.12.24-03.38.58:272][ 76]LogModuleManager: Shutting down and abandoning module CoreUObject (14)
[2021.12.24-03.38.58:272][ 76]LogModuleManager: Shutting down and abandoning module NetworkFile (12)
[2021.12.24-03.38.58:272][ 76]LogModuleManager: Shutting down and abandoning module CookedIterativeFile (10)
[2021.12.24-03.38.58:272][ 76]LogModuleManager: Shutting down and abandoning module StreamingFile (8)
[2021.12.24-03.38.58:272][ 76]LogModuleManager: Shutting down and abandoning module SandboxFile (6)
[2021.12.24-03.38.58:272][ 76]LogModuleManager: Shutting down and abandoning module PakFile (4)
[2021.12.24-03.38.58:272][ 76]LogModuleManager: Shutting down and abandoning module RSA (3)
[2021.12.24-03.38.58:595][ 76]LogContentStreaming: Display: There are 1 unreleased StreamingManagers
[2021.12.24-03.38.58:596][ 76]LogD3D11RHI: Shutdown
[2021.12.24-03.38.58:596][ 76]LogD3D11RHI: CleanupD3DDevice
[2021.12.24-03.38.58:602][ 76]LogExit: Exiting.
[2021.12.24-03.38.58:614][ 76]Log file closed, 12/24/21 12:38:58
