Log file open, 12/31/21 10:55:15
LogInit: Display: Running engine for game: UnrealCppProject2
LogPlatformFile: Not using cached read wrapper
LogTaskGraph: Started task graph with 5 named threads and 20 total threads with 3 sets of task threads.
LogStats: Stats thread started at 0.170775
LogD3D11RHI: Loaded GFSDK_Aftermath_Lib.x64.dll
LogICUInternationalization: ICU TimeZone Detection - Raw Offset: +9:00, Platform Override: ''
LogPluginManager: Mounting plugin Paper2D
LogPluginManager: Mounting plugin AISupport
LogPluginManager: Mounting plugin LightPropagationVolume
LogPluginManager: Mounting plugin CameraShakePreviewer
LogPluginManager: Mounting plugin ActorLayerUtilities
LogPluginManager: Mounting plugin AnimationSharing
LogPluginManager: Mounting plugin CLionSourceCodeAccess
LogPluginManager: Mounting plugin CodeLiteSourceCodeAccess
LogPluginManager: Mounting plugin GitSourceControl
LogPluginManager: Mounting plugin KDevelopSourceCodeAccess
LogPluginManager: Mounting plugin NullSourceCodeAccess
LogPluginManager: Mounting plugin PerforceSourceControl
LogPluginManager: Mounting plugin PlasticSourceControl
LogPluginManager: Mounting plugin RiderSourceCodeAccess
LogPluginManager: Mounting plugin SubversionSourceControl
LogPluginManager: Mounting plugin UObjectPlugin
LogPluginManager: Mounting plugin VisualStudioCodeSourceCodeAccess
LogPluginManager: Mounting plugin VisualStudioSourceCodeAccess
LogPluginManager: Mounting plugin XCodeSourceCodeAccess
LogPluginManager: Mounting plugin AssetManagerEditor
LogPluginManager: Mounting plugin CryptoKeys
LogPluginManager: Mounting plugin CurveEditorTools
LogPluginManager: Mounting plugin DataValidation
LogPluginManager: Mounting plugin EditorScriptingUtilities
LogPluginManager: Mounting plugin FacialAnimation
LogPluginManager: Mounting plugin GameplayTagsEditor
LogPluginManager: Mounting plugin GeometryMode
LogPluginManager: Mounting plugin MacGraphicsSwitching
LogPluginManager: Mounting plugin MaterialAnalyzer
LogPluginManager: Mounting plugin MobileLauncherProfileWizard
LogPluginManager: Mounting plugin PluginBrowser
LogPluginManager: Mounting plugin SpeedTreeImporter
LogPluginManager: Mounting plugin DatasmithContent
LogPluginManager: Mounting plugin VariantManagerContent
LogPluginManager: Mounting plugin AlembicImporter
LogPluginManager: Mounting plugin AutomationUtils
LogPluginManager: Mounting plugin BackChannel
LogPluginManager: Mounting plugin ChaosCloth
LogPluginManager: Mounting plugin ChaosClothEditor
LogPluginManager: Mounting plugin ChaosEditor
LogPluginManager: Mounting plugin ChaosNiagara
LogPluginManager: Mounting plugin ChaosSolverPlugin
LogPluginManager: Mounting plugin CharacterAI
LogPluginManager: Mounting plugin GeometryCache
LogPluginManager: Mounting plugin GeometryCollectionPlugin
LogPluginManager: Mounting plugin GeometryProcessing
LogPluginManager: Mounting plugin PlanarCut
LogPluginManager: Mounting plugin PlatformCrypto
LogPluginManager: Mounting plugin ProxyLODPlugin
LogPluginManager: Mounting plugin PythonScriptPlugin
LogPluginManager: Mounting plugin SkeletalReduction
LogPluginManager: Mounting plugin Niagara
LogPluginManager: Mounting plugin MagicLeap
LogPluginManager: Mounting plugin MagicLeapLightEstimation
LogPluginManager: Mounting plugin MagicLeapMedia
LogPluginManager: Mounting plugin MagicLeapPassableWorld
LogPluginManager: Mounting plugin MLSDK
LogPluginManager: Mounting plugin AndroidMedia
LogPluginManager: Mounting plugin AvfMedia
LogPluginManager: Mounting plugin ImgMedia
LogPluginManager: Mounting plugin MediaCompositing
LogPluginManager: Mounting plugin MediaPlayerEditor
LogPluginManager: Mounting plugin WebMMedia
LogPluginManager: Mounting plugin WmfMedia
LogPluginManager: Mounting plugin MegascansPlugin
LogPluginManager: Mounting plugin MeshPainting
LogPluginManager: Mounting plugin TcpMessaging
LogPluginManager: Mounting plugin UdpMessaging
LogPluginManager: Mounting plugin ActorSequence
LogPluginManager: Mounting plugin LevelSequenceEditor
LogPluginManager: Mounting plugin MatineeToLevelSequence
LogPluginManager: Mounting plugin MovieRenderPipeline
LogPluginManager: Mounting plugin TemplateSequence
LogPluginManager: Mounting plugin NetcodeUnitTest
LogPluginManager: Mounting plugin NUTUnrealEngine4
LogPluginManager: Mounting plugin OnlineSubsystemGooglePlay
LogPluginManager: Mounting plugin OnlineSubsystemIOS
LogPluginManager: Mounting plugin OnlineSubsystem
LogPluginManager: Mounting plugin OnlineSubsystemNull
LogPluginManager: Mounting plugin OnlineSubsystemUtils
LogPluginManager: Mounting plugin LauncherChunkInstaller
LogPluginManager: Mounting plugin AndroidDeviceProfileSelector
LogPluginManager: Mounting plugin AndroidMoviePlayer
LogPluginManager: Mounting plugin AndroidPermission
LogPluginManager: Mounting plugin AppleImageUtils
LogPluginManager: Mounting plugin AppleMoviePlayer
LogPluginManager: Mounting plugin ArchVisCharacter
LogPluginManager: Mounting plugin AssetTags
LogPluginManager: Mounting plugin AudioCapture
LogPluginManager: Mounting plugin CableComponent
LogPluginManager: Mounting plugin CustomMeshComponent
LogPluginManager: Mounting plugin DatabaseSupport
LogPluginManager: Mounting plugin SQLiteCore
LogPluginManager: Mounting plugin SQLiteSupport
LogPluginManager: Mounting plugin EditableMesh
LogPluginManager: Mounting plugin ExampleDeviceProfileSelector
LogPluginManager: Mounting plugin GoogleCloudMessaging
LogPluginManager: Mounting plugin GooglePAD
LogPluginManager: Mounting plugin IOSDeviceProfileSelector
LogPluginManager: Mounting plugin LinuxDeviceProfileSelector
LogPluginManager: Mounting plugin LocationServicesBPLibrary
LogPluginManager: Mounting plugin MobilePatchingUtils
LogPluginManager: Mounting plugin OculusVR
LogPluginManager: Mounting plugin PhysXVehicles
LogPluginManager: Mounting plugin PostSplashScreen
LogPluginManager: Mounting plugin ProceduralMeshComponent
LogPluginManager: Mounting plugin RuntimePhysXCooking
LogPluginManager: Mounting plugin SignificanceManager
LogPluginManager: Mounting plugin SoundFields
LogPluginManager: Mounting plugin SteamVR
LogPluginManager: Mounting plugin Synthesis
LogPluginManager: Mounting plugin WebMMoviePlayer
LogPluginManager: Mounting plugin WindowsMoviePlayer
LogPluginManager: Mounting plugin ScreenshotTools
LogInit: Using libcurl 7.55.1-DEV
LogInit:  - built for x86_64-pc-win32
LogInit:  - supports SSL with OpenSSL/1.1.1
LogInit:  - supports HTTP deflate (compression) using libz 1.2.8
LogInit:  - other features:
LogInit:      CURL_VERSION_SSL
LogInit:      CURL_VERSION_LIBZ
LogInit:      CURL_VERSION_IPV6
LogInit:      CURL_VERSION_ASYNCHDNS
LogInit:      CURL_VERSION_LARGEFILE
LogInit:      CURL_VERSION_IDN
LogInit:  CurlRequestOptions (configurable via config and command line):
LogInit:  - bVerifyPeer = true  - Libcurl will verify peer certificate
LogInit:  - bUseHttpProxy = false  - Libcurl will NOT use HTTP proxy
LogInit:  - bDontReuseConnections = false  - Libcurl will reuse connections
LogInit:  - MaxHostConnections = 16  - Libcurl will limit the number of connections to a host
LogInit:  - LocalHostAddr = Default
LogInit:  - BufferSize = 65536
LogOnline: OSS: Creating online subsystem instance for: NULL
LogInit: WinSock: version 1.1 (2.2), MaxSocks=32767, MaxUdp=65467
LogOnline: OSS: TryLoadSubsystemAndSetDefault: Loaded subsystem for module [NULL]
LogInit: Build: ++UE4+Release-4.25-CL-14469661
LogInit: Engine Version: 4.25.4-14469661+++UE4+Release-4.25
LogInit: Compatible Engine Version: 4.25.0-13144385+++UE4+Release-4.25
LogInit: Net CL: 13144385
LogInit: OS: Windows 10 (Release 2009) (), CPU: AMD Ryzen 5 3500 6-Core Processor              , GPU: NVIDIA GeForce GTX 1070
LogInit: Compiled (64-bit): Oct 11 2020 08:10:49
LogInit: Compiled with Visual C++: 19.24.28315.00
LogInit: Build Configuration: Development
LogInit: Branch Name: ++UE4+Release-4.25
LogInit: Command Line: 
LogInit: Base Directory: D:/Epic Games/UE_4.25/Engine/Binaries/Win64/
LogInit: Allocator: TBB
LogInit: Installed Engine Build: 1
LogDevObjectVersion: Number of dev versions registered: 26
LogDevObjectVersion:   Dev-Blueprints (B0D832E4-1F89-4F0D-ACCF-7EB736FD4AA2): 10
LogDevObjectVersion:   Dev-Build (E1C64328-A22C-4D53-A36C-8E866417BD8C): 0
LogDevObjectVersion:   Dev-Core (375EC13C-06E4-48FB-B500-84F0262A717E): 4
LogDevObjectVersion:   Dev-Editor (E4B068ED-F494-42E9-A231-DA0B2E46BB41): 38
LogDevObjectVersion:   Dev-Framework (CFFC743F-43B0-4480-9391-14DF171D2073): 37
LogDevObjectVersion:   Dev-Mobile (B02B49B5-BB20-44E9-A304-32B752E40360): 2
LogDevObjectVersion:   Dev-Networking (A4E4105C-59A1-49B5-A7C5-40C4547EDFEE): 0
LogDevObjectVersion:   Dev-Online (39C831C9-5AE6-47DC-9A44-9C173E1C8E7C): 0
LogDevObjectVersion:   Dev-Physics (78F01B33-EBEA-4F98-B9B4-84EACCB95AA2): 4
LogDevObjectVersion:   Dev-Platform (6631380F-2D4D-43E0-8009-CF276956A95A): 0
LogDevObjectVersion:   Dev-Rendering (12F88B9F-8875-4AFC-A67C-D90C383ABD29): 43
LogDevObjectVersion:   Dev-Sequencer (7B5AE74C-D270-4C10-A958-57980B212A5A): 12
LogDevObjectVersion:   Dev-VR (D7296918-1DD6-4BDD-9DE2-64A83CC13884): 3
LogDevObjectVersion:   Dev-LoadTimes (C2A15278-BFE7-4AFE-6C17-90FF531DF755): 1
LogDevObjectVersion:   Private-Geometry (6EACA3D4-40EC-4CC1-B786-8BED09428FC5): 3
LogDevObjectVersion:   Dev-AnimPhys (29E575DD-E0A3-4627-9D10-D276232CDCEA): 17
LogDevObjectVersion:   Dev-Anim (AF43A65D-7FD3-4947-9873-3E8ED9C1BB05): 7
LogDevObjectVersion:   Dev-ReflectionCapture (6B266CEC-1EC7-4B8F-A30B-E4D90942FC07): 1
LogDevObjectVersion:   Dev-Automation (0DF73D61-A23F-47EA-B727-89E90C41499A): 1
LogDevObjectVersion:   FortniteMain (601D1886-AC64-4F84-AA16-D3DE0DEAC7D6): 31
LogDevObjectVersion:   Dev-Enterprise (9DFFBCD6-494F-0158-E221-12823C92A888): 10
LogDevObjectVersion:   Dev-Niagara (F2AED0AC-9AFE-416F-8664-AA7FFA26D6FC): 1
LogDevObjectVersion:   Dev-Destruction (174F1F0B-B4C6-45A5-B13F-2EE8D0FB917D): 10
LogDevObjectVersion:   Dev-Physics-Ext (35F94A83-E258-406C-A318-09F59610247C): 37
LogDevObjectVersion:   Dev-PhysicsMaterial-Chaos (B68FC16E-8B1B-42E2-B453-215C058844FE): 1
LogDevObjectVersion:   Dev-CineCamera (B2E18506-4273-CFC2-A54E-F4BB758BBA07): 1
LogInit: Presizing for max 25165824 objects, including 0 objects not considered by GC, pre-allocating 0 bytes for permanent pool.
LogConfig: Applying CVar settings from Section [/Script/Engine.StreamingSettings] File [D:/Github/GitHub/UnrealEngineProject/UnrealCppProject2/Saved/Config/Windows/Engine.ini]
LogConfig: Setting CVar [[s.MinBulkDataSizeForAsyncLoading:131072]]
LogConfig: Setting CVar [[s.AsyncLoadingThreadEnabled:0]]
LogConfig: Setting CVar [[s.EventDrivenLoaderEnabled:1]]
LogConfig: Setting CVar [[s.WarnIfTimeLimitExceeded:0]]
LogConfig: Setting CVar [[s.TimeLimitExceededMultiplier:1.5]]
LogConfig: Setting CVar [[s.TimeLimitExceededMinTime:0.005]]
LogConfig: Setting CVar [[s.UseBackgroundLevelStreaming:1]]
LogConfig: Setting CVar [[s.PriorityAsyncLoadingExtraTime:15.0]]
LogConfig: Setting CVar [[s.LevelStreamingActorsUpdateTimeLimit:5.0]]
LogConfig: Setting CVar [[s.PriorityLevelStreamingActorsUpdateExtraTime:5.0]]
LogConfig: Setting CVar [[s.LevelStreamingComponentsRegistrationGranularity:10]]
LogConfig: Setting CVar [[s.UnregisterComponentsTimeLimit:1.0]]
LogConfig: Setting CVar [[s.LevelStreamingComponentsUnregistrationGranularity:5]]
LogConfig: Setting CVar [[s.FlushStreamingOnExit:1]]
LogInit: Object subsystem initialized
LogConfig: Setting CVar [[con.DebugEarlyDefault:1]]
LogConfig: Setting CVar [[r.setres:1280x720]]
[2021.12.31-01.55.15:765][  0]LogConfig: Setting CVar [[r.VSync:0]]
[2021.12.31-01.55.15:765][  0]LogConfig: Setting CVar [[r.RHICmdBypass:0]]
[2021.12.31-01.55.15:765][  0]LogConfig: Applying CVar settings from Section [/Script/Engine.RendererSettings] File [D:/Github/GitHub/UnrealEngineProject/UnrealCppProject2/Saved/Config/Windows/Engine.ini]
[2021.12.31-01.55.15:765][  0]LogConfig: Setting CVar [[r.GPUCrashDebugging:0]]
[2021.12.31-01.55.15:765][  0]LogConfig: Applying CVar settings from Section [/Script/Engine.RendererOverrideSettings] File [D:/Github/GitHub/UnrealEngineProject/UnrealCppProject2/Saved/Config/Windows/Engine.ini]
[2021.12.31-01.55.15:765][  0]LogConfig: Applying CVar settings from Section [/Script/Engine.StreamingSettings] File [D:/Github/GitHub/UnrealEngineProject/UnrealCppProject2/Saved/Config/Windows/Engine.ini]
[2021.12.31-01.55.15:765][  0]LogConfig: Setting CVar [[s.MinBulkDataSizeForAsyncLoading:131072]]
[2021.12.31-01.55.15:765][  0]LogConfig: Setting CVar [[s.AsyncLoadingThreadEnabled:0]]
[2021.12.31-01.55.15:765][  0]LogConfig: Setting CVar [[s.EventDrivenLoaderEnabled:1]]
[2021.12.31-01.55.15:765][  0]LogConfig: Setting CVar [[s.WarnIfTimeLimitExceeded:0]]
[2021.12.31-01.55.15:765][  0]LogConfig: Setting CVar [[s.TimeLimitExceededMultiplier:1.5]]
[2021.12.31-01.55.15:765][  0]LogConfig: Setting CVar [[s.TimeLimitExceededMinTime:0.005]]
[2021.12.31-01.55.15:765][  0]LogConfig: Setting CVar [[s.UseBackgroundLevelStreaming:1]]
[2021.12.31-01.55.15:765][  0]LogConfig: Setting CVar [[s.PriorityAsyncLoadingExtraTime:15.0]]
[2021.12.31-01.55.15:765][  0]LogConfig: Setting CVar [[s.LevelStreamingActorsUpdateTimeLimit:5.0]]
[2021.12.31-01.55.15:765][  0]LogConfig: Setting CVar [[s.PriorityLevelStreamingActorsUpdateExtraTime:5.0]]
[2021.12.31-01.55.15:765][  0]LogConfig: Setting CVar [[s.LevelStreamingComponentsRegistrationGranularity:10]]
[2021.12.31-01.55.15:765][  0]LogConfig: Setting CVar [[s.UnregisterComponentsTimeLimit:1.0]]
[2021.12.31-01.55.15:765][  0]LogConfig: Setting CVar [[s.LevelStreamingComponentsUnregistrationGranularity:5]]
[2021.12.31-01.55.15:765][  0]LogConfig: Setting CVar [[s.FlushStreamingOnExit:1]]
[2021.12.31-01.55.15:765][  0]LogConfig: Applying CVar settings from Section [/Script/Engine.GarbageCollectionSettings] File [D:/Github/GitHub/UnrealEngineProject/UnrealCppProject2/Saved/Config/Windows/Engine.ini]
[2021.12.31-01.55.15:765][  0]LogConfig: Setting CVar [[gc.MaxObjectsNotConsideredByGC:1]]
[2021.12.31-01.55.15:765][  0]LogConfig: Setting CVar [[gc.SizeOfPermanentObjectPool:0]]
[2021.12.31-01.55.15:765][  0]LogConfig: Setting CVar [[gc.FlushStreamingOnGC:0]]
[2021.12.31-01.55.15:765][  0]LogConfig: Setting CVar [[gc.NumRetriesBeforeForcingGC:10]]
[2021.12.31-01.55.15:765][  0]LogConfig: Setting CVar [[gc.AllowParallelGC:1]]
[2021.12.31-01.55.15:765][  0]LogConfig: Setting CVar [[gc.TimeBetweenPurgingPendingKillObjects:61.1]]
[2021.12.31-01.55.15:765][  0]LogConfig: Setting CVar [[gc.MaxObjectsInEditor:25165824]]
[2021.12.31-01.55.15:765][  0]LogConfig: Setting CVar [[gc.IncrementalBeginDestroyEnabled:1]]
[2021.12.31-01.55.15:765][  0]LogConfig: Setting CVar [[gc.CreateGCClusters:1]]
[2021.12.31-01.55.15:765][  0]LogConfig: Setting CVar [[gc.MinGCClusterSize:5]]
[2021.12.31-01.55.15:765][  0]LogConfig: Setting CVar [[gc.ActorClusteringEnabled:0]]
[2021.12.31-01.55.15:765][  0]LogConfig: Setting CVar [[gc.BlueprintClusteringEnabled:0]]
[2021.12.31-01.55.15:765][  0]LogConfig: Setting CVar [[gc.UseDisregardForGCOnDedicatedServers:0]]
[2021.12.31-01.55.15:765][  0]LogConfig: Applying CVar settings from Section [/Script/Engine.NetworkSettings] File [D:/Github/GitHub/UnrealEngineProject/UnrealCppProject2/Saved/Config/Windows/Engine.ini]
[2021.12.31-01.55.15:765][  0]LogConfig: Applying CVar settings from Section [/Script/UnrealEd.CookerSettings] File [D:/Github/GitHub/UnrealEngineProject/UnrealCppProject2/Saved/Config/Windows/Engine.ini]
[2021.12.31-01.55.15:767][  0]LogConfig: Applying CVar settings from Section [ViewDistanceQuality@3] File [D:/Github/GitHub/UnrealEngineProject/UnrealCppProject2/Saved/Config/Windows/Scalability.ini]
[2021.12.31-01.55.15:767][  0]LogConfig: Setting CVar [[r.SkeletalMeshLODBias:0]]
[2021.12.31-01.55.15:767][  0]LogConfig: Setting CVar [[r.ViewDistanceScale:1.0]]
[2021.12.31-01.55.15:767][  0]LogConfig: Applying CVar settings from Section [AntiAliasingQuality@3] File [D:/Github/GitHub/UnrealEngineProject/UnrealCppProject2/Saved/Config/Windows/Scalability.ini]
[2021.12.31-01.55.15:767][  0]LogConfig: Setting CVar [[r.PostProcessAAQuality:4]]
[2021.12.31-01.55.15:767][  0]LogConfig: Applying CVar settings from Section [ShadowQuality@3] File [D:/Github/GitHub/UnrealEngineProject/UnrealCppProject2/Saved/Config/Windows/Scalability.ini]
[2021.12.31-01.55.15:767][  0]LogConfig: Setting CVar [[r.LightFunctionQuality:1]]
[2021.12.31-01.55.15:767][  0]LogConfig: Setting CVar [[r.ShadowQuality:5]]
[2021.12.31-01.55.15:767][  0]LogConfig: Setting CVar [[r.Shadow.CSM.MaxCascades:10]]
[2021.12.31-01.55.15:767][  0]LogConfig: Setting CVar [[r.Shadow.MaxResolution:2048]]
[2021.12.31-01.55.15:767][  0]LogConfig: Setting CVar [[r.Shadow.MaxCSMResolution:2048]]
[2021.12.31-01.55.15:767][  0]LogConfig: Setting CVar [[r.Shadow.RadiusThreshold:0.01]]
[2021.12.31-01.55.15:767][  0]LogConfig: Setting CVar [[r.Shadow.DistanceScale:1.0]]
[2021.12.31-01.55.15:768][  0]LogConfig: Setting CVar [[r.Shadow.CSM.TransitionScale:1.0]]
[2021.12.31-01.55.15:768][  0]LogConfig: Setting CVar [[r.Shadow.PreShadowResolutionFactor:1.0]]
[2021.12.31-01.55.15:768][  0]LogConfig: Setting CVar [[r.DistanceFieldShadowing:1]]
[2021.12.31-01.55.15:768][  0]LogConfig: Setting CVar [[r.DistanceFieldAO:1]]
[2021.12.31-01.55.15:768][  0]LogConfig: Setting CVar [[r.AOQuality:2]]
[2021.12.31-01.55.15:768][  0]LogConfig: Setting CVar [[r.VolumetricFog:1]]
[2021.12.31-01.55.15:768][  0]LogConfig: Setting CVar [[r.VolumetricFog.GridPixelSize:8]]
[2021.12.31-01.55.15:768][  0]LogConfig: Setting CVar [[r.VolumetricFog.GridSizeZ:128]]
[2021.12.31-01.55.15:768][  0]LogConfig: Setting CVar [[r.VolumetricFog.HistoryMissSupersampleCount:4]]
[2021.12.31-01.55.15:768][  0]LogConfig: Setting CVar [[r.LightMaxDrawDistanceScale:1]]
[2021.12.31-01.55.15:768][  0]LogConfig: Setting CVar [[r.CapsuleShadows:1]]
[2021.12.31-01.55.15:768][  0]LogConfig: Applying CVar settings from Section [PostProcessQuality@3] File [D:/Github/GitHub/UnrealEngineProject/UnrealCppProject2/Saved/Config/Windows/Scalability.ini]
[2021.12.31-01.55.15:768][  0]LogConfig: Setting CVar [[r.MotionBlurQuality:4]]
[2021.12.31-01.55.15:768][  0]LogConfig: Setting CVar [[r.AmbientOcclusionMipLevelFactor:0.4]]
[2021.12.31-01.55.15:768][  0]LogConfig: Setting CVar [[r.AmbientOcclusionMaxQuality:100]]
[2021.12.31-01.55.15:768][  0]LogConfig: Setting CVar [[r.AmbientOcclusionLevels:-1]]
[2021.12.31-01.55.15:768][  0]LogConfig: Setting CVar [[r.AmbientOcclusionRadiusScale:1.0]]
[2021.12.31-01.55.15:768][  0]LogConfig: Setting CVar [[r.DepthOfFieldQuality:2]]
[2021.12.31-01.55.15:768][  0]LogConfig: Setting CVar [[r.RenderTargetPoolMin:400]]
[2021.12.31-01.55.15:768][  0]LogConfig: Setting CVar [[r.LensFlareQuality:2]]
[2021.12.31-01.55.15:768][  0]LogConfig: Setting CVar [[r.SceneColorFringeQuality:1]]
[2021.12.31-01.55.15:768][  0]LogConfig: Setting CVar [[r.EyeAdaptationQuality:2]]
[2021.12.31-01.55.15:768][  0]LogConfig: Setting CVar [[r.BloomQuality:5]]
[2021.12.31-01.55.15:768][  0]LogConfig: Setting CVar [[r.FastBlurThreshold:100]]
[2021.12.31-01.55.15:768][  0]LogConfig: Setting CVar [[r.Upscale.Quality:3]]
[2021.12.31-01.55.15:768][  0]LogConfig: Setting CVar [[r.Tonemapper.GrainQuantization:1]]
[2021.12.31-01.55.15:768][  0]LogConfig: Setting CVar [[r.LightShaftQuality:1]]
[2021.12.31-01.55.15:768][  0]LogConfig: Setting CVar [[r.Filter.SizeScale:1]]
[2021.12.31-01.55.15:768][  0]LogConfig: Setting CVar [[r.Tonemapper.Quality:5]]
[2021.12.31-01.55.15:768][  0]LogConfig: Setting CVar [[r.DOF.Gather.AccumulatorQuality:1        ; higher gathering accumulator quality]]
[2021.12.31-01.55.15:768][  0]LogConfig: Setting CVar [[r.DOF.Gather.PostfilterMethod:1          ; Median3x3 postfilering method]]
[2021.12.31-01.55.15:768][  0]LogConfig: Setting CVar [[r.DOF.Gather.EnableBokehSettings:0       ; no bokeh simulation when gathering]]
[2021.12.31-01.55.15:768][  0]LogConfig: Setting CVar [[r.DOF.Gather.RingCount:4                 ; medium number of samples when gathering]]
[2021.12.31-01.55.15:768][  0]LogConfig: Setting CVar [[r.DOF.Scatter.ForegroundCompositing:1    ; additive foreground scattering]]
[2021.12.31-01.55.15:768][  0]LogConfig: Setting CVar [[r.DOF.Scatter.BackgroundCompositing:2    ; additive background scattering]]
[2021.12.31-01.55.15:768][  0]LogConfig: Setting CVar [[r.DOF.Scatter.EnableBokehSettings:1      ; bokeh simulation when scattering]]
[2021.12.31-01.55.15:768][  0]LogConfig: Setting CVar [[r.DOF.Scatter.MaxSpriteRatio:0.1         ; only a maximum of 10% of scattered bokeh]]
[2021.12.31-01.55.15:768][  0]LogConfig: Setting CVar [[r.DOF.Recombine.Quality:1                ; cheap slight out of focus]]
[2021.12.31-01.55.15:768][  0]LogConfig: Setting CVar [[r.DOF.Recombine.EnableBokehSettings:0    ; no bokeh simulation on slight out of focus]]
[2021.12.31-01.55.15:768][  0]LogConfig: Setting CVar [[r.DOF.TemporalAAQuality:1                ; more stable temporal accumulation]]
[2021.12.31-01.55.15:768][  0]LogConfig: Setting CVar [[r.DOF.Kernel.MaxForegroundRadius:0.025]]
[2021.12.31-01.55.15:768][  0]LogConfig: Setting CVar [[r.DOF.Kernel.MaxBackgroundRadius:0.025]]
[2021.12.31-01.55.15:768][  0]LogConfig: Applying CVar settings from Section [TextureQuality@3] File [D:/Github/GitHub/UnrealEngineProject/UnrealCppProject2/Saved/Config/Windows/Scalability.ini]
[2021.12.31-01.55.15:768][  0]LogConfig: Setting CVar [[r.Streaming.MipBias:0]]
[2021.12.31-01.55.15:768][  0]LogConfig: Setting CVar [[r.Streaming.AmortizeCPUToGPUCopy:0]]
[2021.12.31-01.55.15:768][  0]LogConfig: Setting CVar [[r.Streaming.MaxNumTexturesToStreamPerFrame:0]]
[2021.12.31-01.55.15:768][  0]LogConfig: Setting CVar [[r.Streaming.Boost:1]]
[2021.12.31-01.55.15:768][  0]LogConfig: Setting CVar [[r.MaxAnisotropy:8]]
[2021.12.31-01.55.15:768][  0]LogConfig: Setting CVar [[r.VT.MaxAnisotropy:8]]
[2021.12.31-01.55.15:768][  0]LogConfig: Setting CVar [[r.Streaming.LimitPoolSizeToVRAM:0]]
[2021.12.31-01.55.15:768][  0]LogConfig: Setting CVar [[r.Streaming.PoolSize:1000]]
[2021.12.31-01.55.15:768][  0]LogConfig: Setting CVar [[r.Streaming.MaxEffectiveScreenSize:0]]
[2021.12.31-01.55.15:768][  0]LogConfig: Applying CVar settings from Section [EffectsQuality@3] File [D:/Github/GitHub/UnrealEngineProject/UnrealCppProject2/Saved/Config/Windows/Scalability.ini]
[2021.12.31-01.55.15:768][  0]LogConfig: Setting CVar [[r.TranslucencyLightingVolumeDim:64]]
[2021.12.31-01.55.15:768][  0]LogConfig: Setting CVar [[r.RefractionQuality:2]]
[2021.12.31-01.55.15:768][  0]LogConfig: Setting CVar [[r.SSR.Quality:3]]
[2021.12.31-01.55.15:768][  0]LogConfig: Setting CVar [[r.SSR.HalfResSceneColor:0]]
[2021.12.31-01.55.15:768][  0]LogConfig: Setting CVar [[r.SceneColorFormat:4]]
[2021.12.31-01.55.15:768][  0]LogConfig: Setting CVar [[r.DetailMode:2]]
[2021.12.31-01.55.15:768][  0]LogConfig: Setting CVar [[r.TranslucencyVolumeBlur:1]]
[2021.12.31-01.55.15:768][  0]LogConfig: Setting CVar [[r.MaterialQualityLevel:1 ; High quality]]
[2021.12.31-01.55.15:768][  0]LogConfig: Setting CVar [[r.SSS.Scale:1]]
[2021.12.31-01.55.15:768][  0]LogConfig: Setting CVar [[r.SSS.SampleSet:2]]
[2021.12.31-01.55.15:768][  0]LogConfig: Setting CVar [[r.SSS.Quality:1]]
[2021.12.31-01.55.15:768][  0]LogConfig: Setting CVar [[r.SSS.HalfRes:0]]
[2021.12.31-01.55.15:768][  0]LogConfig: Setting CVar [[r.SSGI.Quality:3]]
[2021.12.31-01.55.15:768][  0]LogConfig: Setting CVar [[r.EmitterSpawnRateScale:1.0]]
[2021.12.31-01.55.15:768][  0]LogConfig: Setting CVar [[r.ParticleLightQuality:2]]
[2021.12.31-01.55.15:768][  0]LogConfig: Setting CVar [[r.SkyAtmosphere.AerialPerspectiveLUT.FastApplyOnOpaque:1 ; Always have FastSkyLUT 1 in this case to avoid wrong sky]]
[2021.12.31-01.55.15:768][  0]LogConfig: Setting CVar [[r.SkyAtmosphere.AerialPerspectiveLUT.SampleCountPerSlice:1]]
[2021.12.31-01.55.15:768][  0]LogConfig: Setting CVar [[r.SkyAtmosphere.AerialPerspectiveLUT.DepthResolution:16.0]]
[2021.12.31-01.55.15:768][  0]LogConfig: Setting CVar [[r.SkyAtmosphere.FastSkyLUT:1]]
[2021.12.31-01.55.15:768][  0]LogConfig: Setting CVar [[r.SkyAtmosphere.FastSkyLUT.SampleCountMin:4.0]]
[2021.12.31-01.55.15:768][  0]LogConfig: Setting CVar [[r.SkyAtmosphere.FastSkyLUT.SampleCountMax:32.0]]
[2021.12.31-01.55.15:768][  0]LogConfig: Setting CVar [[r.SkyAtmosphere.SampleCountMin:4.0]]
[2021.12.31-01.55.15:768][  0]LogConfig: Setting CVar [[r.SkyAtmosphere.SampleCountMax:32.0]]
[2021.12.31-01.55.15:768][  0]LogConfig: Setting CVar [[r.SkyAtmosphere.TransmittanceLUT.UseSmallFormat:0]]
[2021.12.31-01.55.15:768][  0]LogConfig: Setting CVar [[r.SkyAtmosphere.TransmittanceLUT.SampleCount:10.0]]
[2021.12.31-01.55.15:768][  0]LogConfig: Setting CVar [[r.SkyAtmosphere.MultiScatteringLUT.SampleCount:15.0]]
[2021.12.31-01.55.15:768][  0]LogConfig: Applying CVar settings from Section [FoliageQuality@3] File [D:/Github/GitHub/UnrealEngineProject/UnrealCppProject2/Saved/Config/Windows/Scalability.ini]
[2021.12.31-01.55.15:768][  0]LogConfig: Setting CVar [[foliage.DensityScale:1.0]]
[2021.12.31-01.55.15:768][  0]LogConfig: Setting CVar [[grass.DensityScale:1.0]]
[2021.12.31-01.55.15:768][  0]LogConfig: Applying CVar settings from Section [ShadingQuality@3] File [D:/Github/GitHub/UnrealEngineProject/UnrealCppProject2/Saved/Config/Windows/Scalability.ini]
[2021.12.31-01.55.15:768][  0]LogConfig: Setting CVar [[r.HairStrands.SkyLighting.SampleCount:16]]
[2021.12.31-01.55.15:768][  0]LogConfig: Setting CVar [[r.HairStrands.SkyLighting.JitterIntegration:0]]
[2021.12.31-01.55.15:768][  0]LogConfig: Setting CVar [[r.HairStrands.SkyAO.SampleCount:16]]
[2021.12.31-01.55.15:768][  0]LogConfig: Setting CVar [[r.HairStrands.DeepShadow.SuperSampling:0]]
[2021.12.31-01.55.15:768][  0]LogConfig: Setting CVar [[r.HairStrands.VisibilityPPLL:0]]
[2021.12.31-01.55.15:768][  0]LogConfig: Setting CVar [[r.HairStrands.RasterizationScale:0.5]]
[2021.12.31-01.55.15:768][  0]LogConfig: Setting CVar [[r.HairStrands.VelocityRasterizationScale:1]]
[2021.12.31-01.55.15:768][  0]LogInit: Selected Device Profile: [Windows]
[2021.12.31-01.55.15:768][  0]LogInit: Applying CVar settings loaded from the selected device profile: [Windows]
[2021.12.31-01.55.15:769][  0]LogHAL: Display: Platform has ~ 16 GB [17125781504 / 17179869184 / 16], which maps to Larger [LargestMinGB=32, LargerMinGB=12, DefaultMinGB=8, SmallerMinGB=6, SmallestMinGB=0)
[2021.12.31-01.55.15:769][  0]LogInit: Going up to parent DeviceProfile []
[2021.12.31-01.55.15:769][  0]LogConfig: Applying CVar settings from Section [ViewDistanceQuality@3] File [D:/Github/GitHub/UnrealEngineProject/UnrealCppProject2/Saved/Config/Windows/Scalability.ini]
[2021.12.31-01.55.15:769][  0]LogConfig: Setting CVar [[r.SkeletalMeshLODBias:0]]
[2021.12.31-01.55.15:769][  0]LogConfig: Setting CVar [[r.ViewDistanceScale:1.0]]
[2021.12.31-01.55.15:769][  0]LogConfig: Applying CVar settings from Section [AntiAliasingQuality@3] File [D:/Github/GitHub/UnrealEngineProject/UnrealCppProject2/Saved/Config/Windows/Scalability.ini]
[2021.12.31-01.55.15:769][  0]LogConfig: Setting CVar [[r.PostProcessAAQuality:4]]
[2021.12.31-01.55.15:769][  0]LogConfig: Applying CVar settings from Section [ShadowQuality@3] File [D:/Github/GitHub/UnrealEngineProject/UnrealCppProject2/Saved/Config/Windows/Scalability.ini]
[2021.12.31-01.55.15:769][  0]LogConfig: Setting CVar [[r.LightFunctionQuality:1]]
[2021.12.31-01.55.15:769][  0]LogConfig: Setting CVar [[r.ShadowQuality:5]]
[2021.12.31-01.55.15:769][  0]LogConfig: Setting CVar [[r.Shadow.CSM.MaxCascades:10]]
[2021.12.31-01.55.15:769][  0]LogConfig: Setting CVar [[r.Shadow.MaxResolution:2048]]
[2021.12.31-01.55.15:769][  0]LogConfig: Setting CVar [[r.Shadow.MaxCSMResolution:2048]]
[2021.12.31-01.55.15:769][  0]LogConfig: Setting CVar [[r.Shadow.RadiusThreshold:0.01]]
[2021.12.31-01.55.15:769][  0]LogConfig: Setting CVar [[r.Shadow.DistanceScale:1.0]]
[2021.12.31-01.55.15:769][  0]LogConfig: Setting CVar [[r.Shadow.CSM.TransitionScale:1.0]]
[2021.12.31-01.55.15:769][  0]LogConfig: Setting CVar [[r.Shadow.PreShadowResolutionFactor:1.0]]
[2021.12.31-01.55.15:769][  0]LogConfig: Setting CVar [[r.DistanceFieldShadowing:1]]
[2021.12.31-01.55.15:769][  0]LogConfig: Setting CVar [[r.DistanceFieldAO:1]]
[2021.12.31-01.55.15:769][  0]LogConfig: Setting CVar [[r.AOQuality:2]]
[2021.12.31-01.55.15:769][  0]LogConfig: Setting CVar [[r.VolumetricFog:1]]
[2021.12.31-01.55.15:769][  0]LogConfig: Setting CVar [[r.VolumetricFog.GridPixelSize:8]]
[2021.12.31-01.55.15:769][  0]LogConfig: Setting CVar [[r.VolumetricFog.GridSizeZ:128]]
[2021.12.31-01.55.15:769][  0]LogConfig: Setting CVar [[r.VolumetricFog.HistoryMissSupersampleCount:4]]
[2021.12.31-01.55.15:769][  0]LogConfig: Setting CVar [[r.LightMaxDrawDistanceScale:1]]
[2021.12.31-01.55.15:769][  0]LogConfig: Setting CVar [[r.CapsuleShadows:1]]
[2021.12.31-01.55.15:769][  0]LogConfig: Applying CVar settings from Section [PostProcessQuality@3] File [D:/Github/GitHub/UnrealEngineProject/UnrealCppProject2/Saved/Config/Windows/Scalability.ini]
[2021.12.31-01.55.15:769][  0]LogConfig: Setting CVar [[r.MotionBlurQuality:4]]
[2021.12.31-01.55.15:769][  0]LogConfig: Setting CVar [[r.AmbientOcclusionMipLevelFactor:0.4]]
[2021.12.31-01.55.15:769][  0]LogConfig: Setting CVar [[r.AmbientOcclusionMaxQuality:100]]
[2021.12.31-01.55.15:769][  0]LogConfig: Setting CVar [[r.AmbientOcclusionLevels:-1]]
[2021.12.31-01.55.15:769][  0]LogConfig: Setting CVar [[r.AmbientOcclusionRadiusScale:1.0]]
[2021.12.31-01.55.15:769][  0]LogConfig: Setting CVar [[r.DepthOfFieldQuality:2]]
[2021.12.31-01.55.15:769][  0]LogConfig: Setting CVar [[r.RenderTargetPoolMin:400]]
[2021.12.31-01.55.15:769][  0]LogConfig: Setting CVar [[r.LensFlareQuality:2]]
[2021.12.31-01.55.15:769][  0]LogConfig: Setting CVar [[r.SceneColorFringeQuality:1]]
[2021.12.31-01.55.15:769][  0]LogConfig: Setting CVar [[r.EyeAdaptationQuality:2]]
[2021.12.31-01.55.15:769][  0]LogConfig: Setting CVar [[r.BloomQuality:5]]
[2021.12.31-01.55.15:769][  0]LogConfig: Setting CVar [[r.FastBlurThreshold:100]]
[2021.12.31-01.55.15:769][  0]LogConfig: Setting CVar [[r.Upscale.Quality:3]]
[2021.12.31-01.55.15:769][  0]LogConfig: Setting CVar [[r.Tonemapper.GrainQuantization:1]]
[2021.12.31-01.55.15:769][  0]LogConfig: Setting CVar [[r.LightShaftQuality:1]]
[2021.12.31-01.55.15:769][  0]LogConfig: Setting CVar [[r.Filter.SizeScale:1]]
[2021.12.31-01.55.15:769][  0]LogConfig: Setting CVar [[r.Tonemapper.Quality:5]]
[2021.12.31-01.55.15:769][  0]LogConfig: Setting CVar [[r.DOF.Gather.AccumulatorQuality:1        ; higher gathering accumulator quality]]
[2021.12.31-01.55.15:769][  0]LogConfig: Setting CVar [[r.DOF.Gather.PostfilterMethod:1          ; Median3x3 postfilering method]]
[2021.12.31-01.55.15:769][  0]LogConfig: Setting CVar [[r.DOF.Gather.EnableBokehSettings:0       ; no bokeh simulation when gathering]]
[2021.12.31-01.55.15:769][  0]LogConfig: Setting CVar [[r.DOF.Gather.RingCount:4                 ; medium number of samples when gathering]]
[2021.12.31-01.55.15:769][  0]LogConfig: Setting CVar [[r.DOF.Scatter.ForegroundCompositing:1    ; additive foreground scattering]]
[2021.12.31-01.55.15:769][  0]LogConfig: Setting CVar [[r.DOF.Scatter.BackgroundCompositing:2    ; additive background scattering]]
[2021.12.31-01.55.15:769][  0]LogConfig: Setting CVar [[r.DOF.Scatter.EnableBokehSettings:1      ; bokeh simulation when scattering]]
[2021.12.31-01.55.15:769][  0]LogConfig: Setting CVar [[r.DOF.Scatter.MaxSpriteRatio:0.1         ; only a maximum of 10% of scattered bokeh]]
[2021.12.31-01.55.15:769][  0]LogConfig: Setting CVar [[r.DOF.Recombine.Quality:1                ; cheap slight out of focus]]
[2021.12.31-01.55.15:769][  0]LogConfig: Setting CVar [[r.DOF.Recombine.EnableBokehSettings:0    ; no bokeh simulation on slight out of focus]]
[2021.12.31-01.55.15:769][  0]LogConfig: Setting CVar [[r.DOF.TemporalAAQuality:1                ; more stable temporal accumulation]]
[2021.12.31-01.55.15:769][  0]LogConfig: Setting CVar [[r.DOF.Kernel.MaxForegroundRadius:0.025]]
[2021.12.31-01.55.15:769][  0]LogConfig: Setting CVar [[r.DOF.Kernel.MaxBackgroundRadius:0.025]]
[2021.12.31-01.55.15:769][  0]LogConfig: Applying CVar settings from Section [TextureQuality@3] File [D:/Github/GitHub/UnrealEngineProject/UnrealCppProject2/Saved/Config/Windows/Scalability.ini]
[2021.12.31-01.55.15:769][  0]LogConfig: Setting CVar [[r.Streaming.MipBias:0]]
[2021.12.31-01.55.15:769][  0]LogConfig: Setting CVar [[r.Streaming.AmortizeCPUToGPUCopy:0]]
[2021.12.31-01.55.15:769][  0]LogConfig: Setting CVar [[r.Streaming.MaxNumTexturesToStreamPerFrame:0]]
[2021.12.31-01.55.15:769][  0]LogConfig: Setting CVar [[r.Streaming.Boost:1]]
[2021.12.31-01.55.15:769][  0]LogConfig: Setting CVar [[r.MaxAnisotropy:8]]
[2021.12.31-01.55.15:769][  0]LogConfig: Setting CVar [[r.VT.MaxAnisotropy:8]]
[2021.12.31-01.55.15:769][  0]LogConfig: Setting CVar [[r.Streaming.LimitPoolSizeToVRAM:0]]
[2021.12.31-01.55.15:769][  0]LogConfig: Setting CVar [[r.Streaming.PoolSize:1000]]
[2021.12.31-01.55.15:769][  0]LogConfig: Setting CVar [[r.Streaming.MaxEffectiveScreenSize:0]]
[2021.12.31-01.55.15:769][  0]LogConfig: Applying CVar settings from Section [EffectsQuality@3] File [D:/Github/GitHub/UnrealEngineProject/UnrealCppProject2/Saved/Config/Windows/Scalability.ini]
[2021.12.31-01.55.15:769][  0]LogConfig: Setting CVar [[r.TranslucencyLightingVolumeDim:64]]
[2021.12.31-01.55.15:769][  0]LogConfig: Setting CVar [[r.RefractionQuality:2]]
[2021.12.31-01.55.15:769][  0]LogConfig: Setting CVar [[r.SSR.Quality:3]]
[2021.12.31-01.55.15:769][  0]LogConfig: Setting CVar [[r.SSR.HalfResSceneColor:0]]
[2021.12.31-01.55.15:769][  0]LogConfig: Setting CVar [[r.SceneColorFormat:4]]
[2021.12.31-01.55.15:769][  0]LogConfig: Setting CVar [[r.DetailMode:2]]
[2021.12.31-01.55.15:769][  0]LogConfig: Setting CVar [[r.TranslucencyVolumeBlur:1]]
[2021.12.31-01.55.15:769][  0]LogConfig: Setting CVar [[r.MaterialQualityLevel:1 ; High quality]]
[2021.12.31-01.55.15:769][  0]LogConfig: Setting CVar [[r.SSS.Scale:1]]
[2021.12.31-01.55.15:769][  0]LogConfig: Setting CVar [[r.SSS.SampleSet:2]]
[2021.12.31-01.55.15:769][  0]LogConfig: Setting CVar [[r.SSS.Quality:1]]
[2021.12.31-01.55.15:769][  0]LogConfig: Setting CVar [[r.SSS.HalfRes:0]]
[2021.12.31-01.55.15:769][  0]LogConfig: Setting CVar [[r.SSGI.Quality:3]]
[2021.12.31-01.55.15:769][  0]LogConfig: Setting CVar [[r.EmitterSpawnRateScale:1.0]]
[2021.12.31-01.55.15:769][  0]LogConfig: Setting CVar [[r.ParticleLightQuality:2]]
[2021.12.31-01.55.15:769][  0]LogConfig: Setting CVar [[r.SkyAtmosphere.AerialPerspectiveLUT.FastApplyOnOpaque:1 ; Always have FastSkyLUT 1 in this case to avoid wrong sky]]
[2021.12.31-01.55.15:769][  0]LogConfig: Setting CVar [[r.SkyAtmosphere.AerialPerspectiveLUT.SampleCountPerSlice:1]]
[2021.12.31-01.55.15:769][  0]LogConfig: Setting CVar [[r.SkyAtmosphere.AerialPerspectiveLUT.DepthResolution:16.0]]
[2021.12.31-01.55.15:769][  0]LogConfig: Setting CVar [[r.SkyAtmosphere.FastSkyLUT:1]]
[2021.12.31-01.55.15:769][  0]LogConfig: Setting CVar [[r.SkyAtmosphere.FastSkyLUT.SampleCountMin:4.0]]
[2021.12.31-01.55.15:769][  0]LogConfig: Setting CVar [[r.SkyAtmosphere.FastSkyLUT.SampleCountMax:32.0]]
[2021.12.31-01.55.15:769][  0]LogConfig: Setting CVar [[r.SkyAtmosphere.SampleCountMin:4.0]]
[2021.12.31-01.55.15:769][  0]LogConfig: Setting CVar [[r.SkyAtmosphere.SampleCountMax:32.0]]
[2021.12.31-01.55.15:769][  0]LogConfig: Setting CVar [[r.SkyAtmosphere.TransmittanceLUT.UseSmallFormat:0]]
[2021.12.31-01.55.15:769][  0]LogConfig: Setting CVar [[r.SkyAtmosphere.TransmittanceLUT.SampleCount:10.0]]
[2021.12.31-01.55.15:769][  0]LogConfig: Setting CVar [[r.SkyAtmosphere.MultiScatteringLUT.SampleCount:15.0]]
[2021.12.31-01.55.15:769][  0]LogConfig: Applying CVar settings from Section [FoliageQuality@3] File [D:/Github/GitHub/UnrealEngineProject/UnrealCppProject2/Saved/Config/Windows/Scalability.ini]
[2021.12.31-01.55.15:769][  0]LogConfig: Setting CVar [[foliage.DensityScale:1.0]]
[2021.12.31-01.55.15:769][  0]LogConfig: Setting CVar [[grass.DensityScale:1.0]]
[2021.12.31-01.55.15:770][  0]LogConfig: Applying CVar settings from Section [ShadingQuality@3] File [D:/Github/GitHub/UnrealEngineProject/UnrealCppProject2/Saved/Config/Windows/Scalability.ini]
[2021.12.31-01.55.15:770][  0]LogConfig: Setting CVar [[r.HairStrands.SkyLighting.SampleCount:16]]
[2021.12.31-01.55.15:770][  0]LogConfig: Setting CVar [[r.HairStrands.SkyLighting.JitterIntegration:0]]
[2021.12.31-01.55.15:770][  0]LogConfig: Setting CVar [[r.HairStrands.SkyAO.SampleCount:16]]
[2021.12.31-01.55.15:770][  0]LogConfig: Setting CVar [[r.HairStrands.DeepShadow.SuperSampling:0]]
[2021.12.31-01.55.15:770][  0]LogConfig: Setting CVar [[r.HairStrands.VisibilityPPLL:0]]
[2021.12.31-01.55.15:770][  0]LogConfig: Setting CVar [[r.HairStrands.RasterizationScale:0.5]]
[2021.12.31-01.55.15:770][  0]LogConfig: Setting CVar [[r.HairStrands.VelocityRasterizationScale:1]]
[2021.12.31-01.55.15:770][  0]LogConfig: Applying CVar settings from Section [Startup] File [../../../Engine/Config/ConsoleVariables.ini]
[2021.12.31-01.55.15:770][  0]LogConfig: Setting CVar [[net.UseAdaptiveNetUpdateFrequency:0]]
[2021.12.31-01.55.15:770][  0]LogConfig: Setting CVar [[p.chaos.AllowCreatePhysxBodies:1]]
[2021.12.31-01.55.15:770][  0]LogConfig: Setting CVar [[fx.SkipVectorVMBackendOptimizations:1]]
[2021.12.31-01.55.15:770][  0]LogConfig: Applying CVar settings from Section [ConsoleVariables] File [D:/Github/GitHub/UnrealEngineProject/UnrealCppProject2/Saved/Config/Windows/Engine.ini]
[2021.12.31-01.55.15:770][  0]LogInit: Computer: SUHYUN
[2021.12.31-01.55.15:770][  0]LogInit: User: 이수현
[2021.12.31-01.55.15:770][  0]LogInit: CPU Page size=4096, Cores=6
[2021.12.31-01.55.15:770][  0]LogInit: High frequency timer resolution =10.000000 MHz
[2021.12.31-01.55.15:770][  0]LogMemory: Memory total: Physical=15.9GB (16GB approx)
[2021.12.31-01.55.15:770][  0]LogMemory: Platform Memory Stats for Windows
[2021.12.31-01.55.15:770][  0]LogMemory: Process Physical Memory: 120.21 MB used, 120.21 MB peak
[2021.12.31-01.55.15:770][  0]LogMemory: Process Virtual Memory: 99.16 MB used, 99.16 MB peak
[2021.12.31-01.55.15:770][  0]LogMemory: Physical Memory: 7314.92 MB used,  9017.50 MB free, 16332.42 MB total
[2021.12.31-01.55.15:770][  0]LogMemory: Virtual Memory: 5146.69 MB used,  134212584.00 MB free, 134217728.00 MB total
[2021.12.31-01.55.15:775][  0]LogWindows: WindowsPlatformFeatures enabled
[2021.12.31-01.55.15:821][  0]LogInit: Physics initialised using underlying interface: PhysX
[2021.12.31-01.55.15:822][  0]LogInit: Using OS detected language (ko-KR).
[2021.12.31-01.55.15:822][  0]LogInit: Using OS detected locale (ko-KR).
[2021.12.31-01.55.15:823][  0]LogTextLocalizationManager: No specific localization for 'ko-KR' exists, so the 'ko' localization will be used.
[2021.12.31-01.55.15:916][  0]LogInit: Setting process to per monitor DPI aware
[2021.12.31-01.55.15:949][  0]LogSlate: New Slate User Created.  User Index 0, Is Virtual User: 0
[2021.12.31-01.55.15:949][  0]LogSlate: Slate User Registered.  User Index 0, Is Virtual User: 0
[2021.12.31-01.55.16:117][  0]LogHMD: Failed to initialize OpenVR with code 110
[2021.12.31-01.55.16:117][  0]LogD3D11RHI: D3D11 min allowed feature level: 11_0
[2021.12.31-01.55.16:117][  0]LogD3D11RHI: D3D11 max allowed feature level: 11_0
[2021.12.31-01.55.16:117][  0]LogD3D11RHI: D3D11 adapters:
[2021.12.31-01.55.16:200][  0]LogD3D11RHI:    0. 'NVIDIA GeForce GTX 1070' (Feature Level 11_0)
[2021.12.31-01.55.16:200][  0]LogD3D11RHI:       8088/0/8166 MB DedicatedVideo/DedicatedSystem/SharedSystem, Outputs:1, VendorId:0x10de
[2021.12.31-01.55.16:202][  0]LogD3D11RHI:    1. 'Microsoft Basic Render Driver' (Feature Level 11_0)
[2021.12.31-01.55.16:202][  0]LogD3D11RHI:       0/0/8166 MB DedicatedVideo/DedicatedSystem/SharedSystem, Outputs:0, VendorId:0x1414
[2021.12.31-01.55.16:202][  0]LogD3D11RHI: Chosen D3D11 Adapter: 0
[2021.12.31-01.55.16:208][  0]LogD3D11RHI: Creating new Direct3DDevice
[2021.12.31-01.55.16:208][  0]LogD3D11RHI:     GPU DeviceId: 0x1b81 (for the marketing name, search the web for "GPU Device Id")
[2021.12.31-01.55.16:208][  0]LogWindows: EnumDisplayDevices:
[2021.12.31-01.55.16:208][  0]LogWindows:    0. 'NVIDIA GeForce GTX 1070' (P:1 D:1)
[2021.12.31-01.55.16:209][  0]LogWindows:    1. 'NVIDIA GeForce GTX 1070' (P:0 D:0)
[2021.12.31-01.55.16:209][  0]LogWindows:    2. 'NVIDIA GeForce GTX 1070' (P:0 D:0)
[2021.12.31-01.55.16:209][  0]LogWindows:    3. 'NVIDIA GeForce GTX 1070' (P:0 D:0)
[2021.12.31-01.55.16:209][  0]LogWindows: DebugString: FoundDriverCount:4 
[2021.12.31-01.55.16:209][  0]LogD3D11RHI:     Adapter Name: NVIDIA GeForce GTX 1070
[2021.12.31-01.55.16:209][  0]LogD3D11RHI:   Driver Version: 497.09 (internal:30.0.14.9709, unified:497.09)
[2021.12.31-01.55.16:209][  0]LogD3D11RHI:      Driver Date: 11-26-2021
[2021.12.31-01.55.16:209][  0]LogRHI: Texture pool is 5661 MB (70% of 8088 MB)
[2021.12.31-01.55.16:265][  0]LogD3D11RHI: RHI has support for 64 bit atomics
[2021.12.31-01.55.16:265][  0]LogD3D11RHI: Async texture creation enabled
[2021.12.31-01.55.16:265][  0]LogD3D11RHI: Array index from any shader is supported
[2021.12.31-01.55.16:285][  0]LogD3D11RHI: GPU Timing Frequency: 1000.000000 (Debug: 2 1)
[2021.12.31-01.55.16:515][  0]LogTargetPlatformManager: Display: Loaded TargetPlatform 'AllDesktop'
[2021.12.31-01.55.16:535][  0]LogTargetPlatformManager: Display: Loaded TargetPlatform 'Android'
[2021.12.31-01.55.16:535][  0]LogTargetPlatformManager: Display: Loaded TargetPlatform 'Android_ASTC'
[2021.12.31-01.55.16:535][  0]LogTargetPlatformManager: Display: Loaded TargetPlatform 'Android_DXT'
[2021.12.31-01.55.16:535][  0]LogTargetPlatformManager: Display: Loaded TargetPlatform 'Android_ETC2'
[2021.12.31-01.55.16:535][  0]LogTargetPlatformManager: Display: Loaded TargetPlatform 'AndroidClient'
[2021.12.31-01.55.16:535][  0]LogTargetPlatformManager: Display: Loaded TargetPlatform 'Android_ASTCClient'
[2021.12.31-01.55.16:535][  0]LogTargetPlatformManager: Display: Loaded TargetPlatform 'Android_DXTClient'
[2021.12.31-01.55.16:535][  0]LogTargetPlatformManager: Display: Loaded TargetPlatform 'Android_ETC2Client'
[2021.12.31-01.55.16:535][  0]LogTargetPlatformManager: Display: Loaded TargetPlatform 'Android_Multi'
[2021.12.31-01.55.16:535][  0]LogTargetPlatformManager: Display: Loaded TargetPlatform 'Android_MultiClient'
[2021.12.31-01.55.16:558][  0]LogTargetPlatformManager: Display: Loaded TargetPlatform 'IOSClient'
[2021.12.31-01.55.16:558][  0]LogTargetPlatformManager: Display: Loaded TargetPlatform 'IOS'
[2021.12.31-01.55.16:567][  0]LogTargetPlatformManager: Display: Loaded TargetPlatform 'Linux'
[2021.12.31-01.55.16:576][  0]LogTargetPlatformManager: Display: Loaded TargetPlatform 'LinuxNoEditor'
[2021.12.31-01.55.16:584][  0]LogTargetPlatformManager: Display: Loaded TargetPlatform 'LinuxClient'
[2021.12.31-01.55.16:593][  0]LogTargetPlatformManager: Display: Loaded TargetPlatform 'LinuxServer'
[2021.12.31-01.55.16:601][  0]LogTargetPlatformManager: Display: Loaded TargetPlatform 'LinuxAArch64NoEditor'
[2021.12.31-01.55.16:610][  0]LogTargetPlatformManager: Display: Loaded TargetPlatform 'LinuxAArch64Client'
[2021.12.31-01.55.16:619][  0]LogTargetPlatformManager: Display: Loaded TargetPlatform 'LinuxAArch64Server'
[2021.12.31-01.55.16:644][  0]LogTargetPlatformManager: Display: Loaded TargetPlatform 'Lumin'
[2021.12.31-01.55.16:644][  0]LogTargetPlatformManager: Display: Loaded TargetPlatform 'LuminClient'
[2021.12.31-01.55.16:660][  0]LogTargetPlatformManager: Display: Loaded TargetPlatform 'TVOSClient'
[2021.12.31-01.55.16:660][  0]LogTargetPlatformManager: Display: Loaded TargetPlatform 'TVOS'
[2021.12.31-01.55.16:668][  0]LogTargetPlatformManager: Display: Loaded TargetPlatform 'WindowsNoEditor'
[2021.12.31-01.55.16:678][  0]LogTargetPlatformManager: Display: Loaded TargetPlatform 'Windows'
[2021.12.31-01.55.16:686][  0]LogTargetPlatformManager: Display: Loaded TargetPlatform 'WindowsClient'
[2021.12.31-01.55.16:695][  0]LogTargetPlatformManager: Display: Loaded TargetPlatform 'WindowsServer'
[2021.12.31-01.55.16:695][  0]LogTargetPlatformManager: Display: Building Assets For Windows
[2021.12.31-01.55.16:702][  0]LogAudioDebug: Display: Lib vorbis DLL was dynamically loaded.
[2021.12.31-01.55.16:753][  0]LogShaderCompilers: Guid format shader working directory is -23 characters bigger than the processId version (../../../../../Github/GitHub/UnrealEngineProject/UnrealCppProject2/Intermediate/Shaders/WorkingDirectory/14984/).
[2021.12.31-01.55.16:753][  0]LogShaderCompilers: Cleaned the shader compiler working directory 'C:/Users/이수현/AppData/Local/Temp/UnrealShaderWorkingDir/6DD8697149161F33CE50B7965476B223/'.
[2021.12.31-01.55.16:754][  0]LogXGEController: Cannot use XGE Controller as Incredibuild is not installed on this machine.
[2021.12.31-01.55.16:754][  0]LogShaderCompilers: Cannot use XGE Shader Compiler as Incredibuild is not installed on this machine.
[2021.12.31-01.55.16:754][  0]LogShaderCompilers: Display: Using Local Shader Compiler.
[2021.12.31-01.55.17:406][  0]LogDerivedDataCache: Display: Max Cache Size: 512 MB
[2021.12.31-01.55.17:457][  0]LogDerivedDataCache: Loaded boot cache 0.05s 85MB C:/Users/이수현/AppData/Local/UnrealEngine/4.25/DerivedDataCache/Boot.ddc.
[2021.12.31-01.55.17:457][  0]LogDerivedDataCache: Display: Loaded Boot cache: C:/Users/이수현/AppData/Local/UnrealEngine/4.25/DerivedDataCache/Boot.ddc
[2021.12.31-01.55.17:457][  0]LogDerivedDataCache: FDerivedDataBackendGraph:  Pak pak cache file ../../../../../Github/GitHub/UnrealEngineProject/UnrealCppProject2/DerivedDataCache/DDC.ddp not found, will not use a pak cache.
[2021.12.31-01.55.17:457][  0]LogDerivedDataCache: Unable to find inner node Pak for hierarchical cache Hierarchy.
[2021.12.31-01.55.17:457][  0]LogDerivedDataCache: FDerivedDataBackendGraph:  CompressedPak pak cache file ../../../../../Github/GitHub/UnrealEngineProject/UnrealCppProject2/DerivedDataCache/Compressed.ddp not found, will not use a pak cache.
[2021.12.31-01.55.17:457][  0]LogDerivedDataCache: Unable to find inner node CompressedPak for hierarchical cache Hierarchy.
[2021.12.31-01.55.17:467][  0]LogDerivedDataCache: Display: Pak cache opened for reading ../../../Engine/DerivedDataCache/Compressed.ddp.
[2021.12.31-01.55.17:467][  0]LogDerivedDataCache: FDerivedDataBackendGraph:  EnterprisePak pak cache file ../../../Enterprise/DerivedDataCache/Compressed.ddp not found, will not use a pak cache.
[2021.12.31-01.55.17:467][  0]LogDerivedDataCache: Unable to find inner node EnterprisePak for hierarchical cache Hierarchy.
[2021.12.31-01.55.17:469][  0]LogDerivedDataCache: Using Local data cache path C:/Users/이수현/AppData/Local/UnrealEngine/Common/DerivedDataCache: Writable
[2021.12.31-01.55.17:469][  0]LogDerivedDataCache: Shared data cache path not found in *engine.ini, will not use an Shared cache.
[2021.12.31-01.55.17:469][  0]LogDerivedDataCache: Unable to find inner node Shared for hierarchical cache Hierarchy.
[2021.12.31-01.55.17:513][  0]LogSlate: Using FreeType 2.10.0
[2021.12.31-01.55.17:513][  0]LogSlate: SlateFontServices - WITH_FREETYPE: 1, WITH_HARFBUZZ: 1
[2021.12.31-01.55.17:536][  0]LogAssetRegistry: FAssetRegistry took 0.0023 seconds to start up
[2021.12.31-01.55.17:754][  0]LogInit: Selected Device Profile: [Windows]
[2021.12.31-01.55.17:851][  0]LogMeshReduction: Using QuadricMeshReduction for automatic static mesh reduction
[2021.12.31-01.55.17:851][  0]LogMeshReduction: Using SimplygonMeshReduction for automatic skeletal mesh reduction
[2021.12.31-01.55.17:851][  0]LogMeshReduction: Using ProxyLODMeshReduction for automatic mesh merging
[2021.12.31-01.55.17:851][  0]LogMeshReduction: No distributed automatic mesh merging module available
[2021.12.31-01.55.17:851][  0]LogMeshMerging: No distributed automatic mesh merging module available
[2021.12.31-01.55.17:865][  0]LogNetVersion: UnrealCppProject2 1.0.0, NetCL: 13144385, EngineNetVer: 14, GameNetVer: 0 (Checksum: 2110289111)
[2021.12.31-01.55.18:276][  0]LogAISub: UAISubsystem::UAISubsystem AISubsystem (000001D7F188DD40), frame # 0
[2021.12.31-01.55.18:276][  0]LogAISub: UAISubsystem::UAISubsystem AIPerceptionSystem (000001D7F17DEAC0), frame # 0
[2021.12.31-01.55.18:277][  0]LogAISub: UAISubsystem::UAISubsystem EnvQueryManager (000001D7F17EF200), frame # 0
[2021.12.31-01.55.18:322][  0]LogPackageLocalizationCache: Processed 21 localized package path(s) for 1 prioritized culture(s) in 0.039686 seconds
[2021.12.31-01.55.18:327][  0]LogUObjectArray: 15917 objects as part of root set at end of initial load.
[2021.12.31-01.55.18:327][  0]LogUObjectAllocator: 3965568 out of 0 bytes used by permanent object pool.
[2021.12.31-01.55.18:327][  0]LogUObjectArray: CloseDisregardForGC: 0/0 objects in disregard for GC pool
[2021.12.31-01.55.18:545][  0]LogPython: Using Python 2.7.14
[2021.12.31-01.55.19:258][  0]LogTcpMessaging: Initializing TcpMessaging bridge
[2021.12.31-01.55.19:262][  0]LogUdpMessaging: Initializing bridge on interface 0.0.0.0:0 to multicast group 230.0.0.1:6666.
[2021.12.31-01.55.19:497][  0]LogAnimationCompression: Building Anim DDC data for AnimSequence /Game/Character/Animations/Unarmed/Unarmed_Walk.Unarmed_Walk
[2021.12.31-01.55.19:497][  0]LogAnimationCompression: Building Anim DDC data for AnimSequence /Game/Character/Animations/Unarmed/Unarmed_Run.Unarmed_Run
[2021.12.31-01.55.19:497][  0]LogLinker: Warning: '../../../../../Github/GitHub/UnrealEngineProject/UnrealCppProject2/Content/Character/Animations/Sword/Sword_Draw_2.uasset' 로드 도중 '/Game/Notifies/Sword/AN_Equipped' 로드에 실패했습니다: 파일을 찾을 수 없습니다.
[2021.12.31-01.55.19:497][  0]LogLinker: Warning: '../../../../../Github/GitHub/UnrealEngineProject/UnrealCppProject2/Content/Character/Animations/Sword/Sword_Draw_2.uasset' 로드 도중 '/Game/Notifies/Sword/AN_Equipped' 로드에 실패했습니다: 애셋에 대한 파일을 찾을 수 없습니다.
[2021.12.31-01.55.19:497][  0]LogLinker: Warning: '../../../../../Github/GitHub/UnrealEngineProject/UnrealCppProject2/Content/Character/Animations/Sword/Sword_Draw_2.uasset' 로드 도중 '/Game/Notifies/Sword/AN_GrabSword' 로드에 실패했습니다: 파일을 찾을 수 없습니다.
[2021.12.31-01.55.19:497][  0]LogLinker: Warning: '../../../../../Github/GitHub/UnrealEngineProject/UnrealCppProject2/Content/Character/Animations/Sword/Sword_Draw_2.uasset' 로드 도중 '/Game/Notifies/Sword/AN_GrabSword' 로드에 실패했습니다: 애셋에 대한 파일을 찾을 수 없습니다.
[2021.12.31-01.55.19:497][  0]LogLinker: Warning: '../../../../../Github/GitHub/UnrealEngineProject/UnrealCppProject2/Content/Character/Animations/Sword/Sword_Draw_2.uasset' 로드 도중 '/Game/Notifies/Sword/AN_Equipped' 로드에 실패했습니다: 파일을 찾을 수 없습니다.
[2021.12.31-01.55.19:497][  0]LogLinker: Warning: '../../../../../Github/GitHub/UnrealEngineProject/UnrealCppProject2/Content/Character/Animations/Sword/Sword_Draw_2.uasset' 로드 도중 '/Game/Notifies/Sword/AN_Equipped' 로드에 실패했습니다: 애셋에 대한 파일을 찾을 수 없습니다.
[2021.12.31-01.55.19:497][  0]LogLinker: Warning: '../../../../../Github/GitHub/UnrealEngineProject/UnrealCppProject2/Content/Character/Animations/Sword/Sword_Draw_2.uasset' 로드 도중 '/Game/Notifies/Sword/AN_GrabSword' 로드에 실패했습니다: 파일을 찾을 수 없습니다.
[2021.12.31-01.55.19:498][  0]LogLinker: Warning: '../../../../../Github/GitHub/UnrealEngineProject/UnrealCppProject2/Content/Character/Animations/Sword/Sword_Draw_2.uasset' 로드 도중 '/Game/Notifies/Sword/AN_GrabSword' 로드에 실패했습니다: 애셋에 대한 파일을 찾을 수 없습니다.
[2021.12.31-01.55.19:498][  0]LogLinker: Warning: '../../../../../Github/GitHub/UnrealEngineProject/UnrealCppProject2/Content/Character/Montages/OneHand/Sword_Draw_1_Montage.uasset' 로드 도중 '/Game/Notifies/Sword/AN_Equipped' 로드에 실패했습니다: 파일을 찾을 수 없습니다.
[2021.12.31-01.55.19:498][  0]LogLinker: Warning: '../../../../../Github/GitHub/UnrealEngineProject/UnrealCppProject2/Content/Character/Montages/OneHand/Sword_Draw_1_Montage.uasset' 로드 도중 '/Game/Notifies/Sword/AN_Equipped' 로드에 실패했습니다: 애셋에 대한 파일을 찾을 수 없습니다.
[2021.12.31-01.55.19:498][  0]LogLinker: Warning: '../../../../../Github/GitHub/UnrealEngineProject/UnrealCppProject2/Content/Character/Montages/OneHand/Sword_Draw_1_Montage.uasset' 로드 도중 '/Game/Notifies/Sword/AN_Equipped' 로드에 실패했습니다: 파일을 찾을 수 없습니다.
[2021.12.31-01.55.19:498][  0]LogLinker: Warning: '../../../../../Github/GitHub/UnrealEngineProject/UnrealCppProject2/Content/Character/Montages/OneHand/Sword_Draw_1_Montage.uasset' 로드 도중 '/Game/Notifies/Sword/AN_Equipped' 로드에 실패했습니다: 애셋에 대한 파일을 찾을 수 없습니다.
[2021.12.31-01.55.19:498][  0]LogLinker: Warning: '../../../../../Github/GitHub/UnrealEngineProject/UnrealCppProject2/Content/Character/Montages/OneHand/Sword_Draw_1_Montage.uasset' 로드 도중 '/Game/Notifies/Sword/AN_GrabSword' 로드에 실패했습니다: 파일을 찾을 수 없습니다.
[2021.12.31-01.55.19:498][  0]LogLinker: Warning: '../../../../../Github/GitHub/UnrealEngineProject/UnrealCppProject2/Content/Character/Montages/OneHand/Sword_Draw_1_Montage.uasset' 로드 도중 '/Game/Notifies/Sword/AN_GrabSword' 로드에 실패했습니다: 애셋에 대한 파일을 찾을 수 없습니다.
[2021.12.31-01.55.19:498][  0]LogLinker: Warning: '../../../../../Github/GitHub/UnrealEngineProject/UnrealCppProject2/Content/Character/Montages/OneHand/Sword_Draw_1_Montage.uasset' 로드 도중 '/Game/Notifies/Sword/AN_GrabSword' 로드에 실패했습니다: 파일을 찾을 수 없습니다.
[2021.12.31-01.55.19:498][  0]LogLinker: Warning: '../../../../../Github/GitHub/UnrealEngineProject/UnrealCppProject2/Content/Character/Montages/OneHand/Sword_Draw_1_Montage.uasset' 로드 도중 '/Game/Notifies/Sword/AN_GrabSword' 로드에 실패했습니다: 애셋에 대한 파일을 찾을 수 없습니다.
[2021.12.31-01.55.19:580][  0]LogPackageName: Warning: Asset path "StaticMesh'FX_Meshes_IB.SM_Debris_Box_RadialFull'" is in short form, which is unsupported and -- even if valid -- resolving it will be really slow.
[2021.12.31-01.55.19:580][  0]LogPackageName: Warning: Please consider resaving package in order to speed-up loading.
[2021.12.31-01.55.19:699][  0]LogPackageName: SearchForPackageOnDisk took   0.119s, but failed to resolve StaticMesh'FX_Meshes_IB.
[2021.12.31-01.55.19:699][  0]LogPackageName: Warning: Asset path "StaticMesh'FX_Meshes_IB.SM_Debris_Box_RadialFull'" could not be resolved.
[2021.12.31-01.55.19:847][  0]SourceControl: 소스 컨트롤이 꺼졌습니다.
[2021.12.31-01.55.19:847][  0]SourceControl: 소스 컨트롤이 꺼졌습니다.
[2021.12.31-01.55.19:850][  0]SourceControl: 소스 컨트롤이 꺼졌습니다.
[2021.12.31-01.55.19:852][  0]SourceControl: 소스 컨트롤이 꺼졌습니다.
[2021.12.31-01.55.19:858][  0]SourceControl: 소스 컨트롤이 꺼졌습니다.
[2021.12.31-01.55.20:145][  0]LogAndroidPermission: UAndroidPermissionCallbackProxy::GetInstance
[2021.12.31-01.55.20:174][  0]LogAudioCaptureCore: Display: No Audio Capture implementations found. Audio input will be silent.
[2021.12.31-01.55.20:174][  0]LogAudioCaptureCore: Display: No Audio Capture implementations found. Audio input will be silent.
[2021.12.31-01.55.20:243][  0]LogOcInput: OculusInput pre-init called
[2021.12.31-01.55.20:252][  0]LogWindows: Failed to load 'OVRPlugin.dll' (GetLastError=126)
[2021.12.31-01.55.20:252][  0]LogWindows: File 'OVRPlugin.dll' does not exist
[2021.12.31-01.55.20:658][  0]LogEngine: Initializing Engine...
[2021.12.31-01.55.20:659][  0]LogHMD: Failed to initialize OpenVR with code 110
[2021.12.31-01.55.20:659][  0]LogMagicLeap: Warning: VR disabled because ZI is not enabled.  To enable, in the editor, Edit -> Project Settings -> Plugins -> Magic Leap Plugin -> Enable Zero Iteration
[2021.12.31-01.55.20:660][  0]LogStats: UGameplayTagsManager::InitializeManager -  0.000 s
[2021.12.31-01.55.20:754][  0]LogInit: Initializing FReadOnlyCVARCache
[2021.12.31-01.55.20:764][  0]LogAIModule: Creating AISystem for world Untitled
[2021.12.31-01.55.20:764][  0]LogAISub: UAISubsystem::UAISubsystem EnvQueryManager (000001D786BE7C00), frame # 0
[2021.12.31-01.55.20:764][  0]LogAISub: UAISubsystem::UAISubsystem AIPerceptionSystem (000001D786BEF600), frame # 0
[2021.12.31-01.55.20:774][  0]LogAudioMixer: Display: Audio Mixer Platform Settings:
[2021.12.31-01.55.20:774][  0]LogAudioMixer: Display: 	Sample Rate:						  48000
[2021.12.31-01.55.20:774][  0]LogAudioMixer: Display: 	Callback Buffer Frame Size Requested: 1024
[2021.12.31-01.55.20:774][  0]LogAudioMixer: Display: 	Callback Buffer Frame Size To Use:	  1024
[2021.12.31-01.55.20:774][  0]LogAudioMixer: Display: 	Number of buffers to queue:			  2
[2021.12.31-01.55.20:774][  0]LogAudioMixer: Display: 	Max Channels (voices):				  32
[2021.12.31-01.55.20:774][  0]LogAudioMixer: Display: 	Number of Async Source Workers:		  0
[2021.12.31-01.55.20:774][  0]LogAudio: Display: AudioDevice MaxSources: 32
[2021.12.31-01.55.20:774][  0]LogAudio: Display: Using built-in audio occlusion.
[2021.12.31-01.55.20:774][  0]LogAudioMixer: Display: Initializing audio mixer.
[2021.12.31-01.55.20:783][  0]LogAudioMixer: Display: 0: FrontLeft
[2021.12.31-01.55.20:783][  0]LogAudioMixer: Display: 1: FrontRight
[2021.12.31-01.55.20:814][  0]LogAudioMixer: Display: Using Audio Device 스피커(Realtek(R) Audio)
[2021.12.31-01.55.20:817][  0]LogAudioMixer: Display: Initializing Sound Submixes...
[2021.12.31-01.55.20:818][  0]LogAudioMixer: Display: Creating Master Submix 'MasterSubmixDefault'
[2021.12.31-01.55.20:819][  0]LogAudioMixer: Display: Creating Master Submix 'MasterReverbSubmixDefault'
[2021.12.31-01.55.20:819][  0]LogAudioMixer: Display: Creating Master Submix 'MasterEQSubmixDefault'
[2021.12.31-01.55.20:820][  0]LogInit: FAudioDevice initialized.
[2021.12.31-01.55.20:820][  0]LogNetVersion: Set ProjectVersion to 1.0.0.0. Version Checksum will be recalculated on next use.
[2021.12.31-01.55.20:902][  0]LogDerivedDataCache: Saved boot cache 0.08s 85MB C:/Users/이수현/AppData/Local/UnrealEngine/4.25/DerivedDataCache/Boot.ddc.
[2021.12.31-01.55.20:904][  0]LogInit: Texture streaming: Enabled
[2021.12.31-01.55.20:922][  0]LogEngineSessionManager: EngineSessionManager initialized
[2021.12.31-01.55.20:922][  0]LogEditorSessionSummary: Verbose: Initializing EditorSessionSummaryWriter for editor session tracking
[2021.12.31-01.55.20:923][  0]LogEditorSessionSummary: EditorSessionSummaryWriter initialized
[2021.12.31-01.55.20:961][  0]LogInit: Transaction tracking system initialized
[2021.12.31-01.55.20:981][  0]BlueprintLog: New page: 에디터 로드
[2021.12.31-01.55.21:043][  0]LocalizationService: 현지화 서비스가 비활성화되었습니다.
[2021.12.31-01.55.21:180][  0]LogCook: Display: Max memory allowance for cook 16384mb min free memory 0mb
[2021.12.31-01.55.21:180][  0]LogCook: Display: Mobile HDR setting 1
[2021.12.31-01.55.21:318][  0]LogFileCache: Scanning file cache for directory 'D:/Github/GitHub/UnrealEngineProject/UnrealCppProject2/Content/' took 0.01s
[2021.12.31-01.55.21:548][  0]SourceControl: 소스 컨트롤이 꺼졌습니다.
[2021.12.31-01.55.21:548][  0]LogUnrealEdMisc: Loading editor; pre map load, took 7.402
[2021.12.31-01.55.21:548][  0]Cmd: MAP LOAD FILE="../../../../../Github/GitHub/UnrealEngineProject/UnrealCppProject2/Content/Levels/Battle.umap" TEMPLATE=0 SHOWPROGRESS=1 FEATURELEVEL=3
[2021.12.31-01.55.21:548][  0]LightingResults: New page: 라이팅 빌드
[2021.12.31-01.55.21:549][  0]LogWorld: UWorld::CleanupWorld for Untitled, bSessionEnded=true, bCleanupResources=true
[2021.12.31-01.55.21:550][  0]LogSlate: InvalidateAllWidgets triggered.  All widgets were invalidated
[2021.12.31-01.55.21:550][  0]MapCheck: New page: 맵 체크
[2021.12.31-01.55.21:550][  0]LightingResults: New page: 라이팅 빌드
[2021.12.31-01.55.21:560][  0]LogAISub: UAISubsystem::~UAISubsystem EnvQueryManager (000001D786BE7C00), frame # 0
[2021.12.31-01.55.21:560][  0]LogAISub: UAISubsystem::~UAISubsystem AIPerceptionSystem (000001D786BEF600), frame # 0
[2021.12.31-01.55.21:561][  0]LogUObjectHash: Compacting FUObjectHashTables data took   0.90ms
[2021.12.31-01.55.21:646][  0]LogAnimationCompression: Building Anim DDC data for AnimSequence /Game/Character/Animations/Wizard/Wizard_Run_B.Wizard_Run_B
[2021.12.31-01.55.21:647][  0]LogAnimationCompression: Building Anim DDC data for AnimSequence /Game/Character/Animations/Wizard/Wizard_Idle.Wizard_Idle
[2021.12.31-01.55.21:647][  0]LogAnimationCompression: Building Anim DDC data for AnimSequence /Game/Character/Animations/Common/Enemy_DeadFall.Enemy_DeadFall
[2021.12.31-01.55.21:647][  0]LogAnimationCompression: Building Anim DDC data for AnimSequence /Game/Character/Animations/Wizard/Wizard_Run_L.Wizard_Run_L
[2021.12.31-01.55.21:647][  0]LogAnimationCompression: Building Anim DDC data for AnimSequence /Game/Character/Animations/Wizard/Wizard_Run_F.Wizard_Run_F
[2021.12.31-01.55.21:647][  0]LogAIModule: Creating AISystem for world Battle
[2021.12.31-01.55.21:647][  0]LogAISub: UAISubsystem::UAISubsystem EnvQueryManager (000001D7F1EAC400), frame # 0
[2021.12.31-01.55.21:647][  0]LogAISub: UAISubsystem::UAISubsystem AIPerceptionSystem (000001D7FC817D80), frame # 0
[2021.12.31-01.55.21:656][  0]LogEditorServer: Finished looking for orphan Actors (0.000 secs)
[2021.12.31-01.55.21:875][  0]LogAnimationCompression: Building Anim DDC data for AnimSequence /Game/Character/Animations/Wizard/Wizard_Run_R.Wizard_Run_R
[2021.12.31-01.55.21:875][  0]LogAnimationCompression: Building Anim DDC data for AnimSequence /Game/Character/Animations/Wizard/Wizard_Walk_B.Wizard_Walk_B
[2021.12.31-01.55.21:875][  0]LogAnimationCompression: Building Anim DDC data for AnimSequence /Game/Character/Animations/Wizard/Wizard_Walk_F.Wizard_Walk_F
[2021.12.31-01.55.21:876][  0]LogUObjectHash: Compacting FUObjectHashTables data took   0.84ms
[2021.12.31-01.55.21:877][  0]Cmd: MAP CHECKDEP NOCLEARLOG
[2021.12.31-01.55.21:877][  0]MapCheck: 맵 체크 완료: 오류 0 회, 경고 0 회, 소요 시간 0.113ms.
[2021.12.31-01.55.21:877][  0]LogFileHelpers: Loading map 'Battle' took 0.329
[2021.12.31-01.55.21:880][  0]LogUnrealEdMisc: Total Editor Startup Time, took 7.734
[2021.12.31-01.55.21:924][  0]LogAnimationCompression: Building Anim DDC data for AnimSequence /Game/Character/Animations/Wizard/Wizard_Walk_L.Wizard_Walk_L
[2021.12.31-01.55.21:924][  0]LogAnimationCompression: Building Anim DDC data for AnimSequence /Game/Character/Animations/Wizard/Wizard_Walk_R.Wizard_Walk_R
[2021.12.31-01.55.21:925][  0]LogAnimationCompression: Building Anim DDC data for AnimSequence /Game/Character/Animations/Fist/Fist_Attack_1.Fist_Attack_1
[2021.12.31-01.55.22:005][  0]LogAnimationCompression: Building Anim DDC data for AnimSequence /Game/Character/Animations/Fist/Fist_Attack_2.Fist_Attack_2
[2021.12.31-01.55.22:005][  0]LogSlate: Updating window title bar state: overlay mode, drag disabled, window buttons hidden, title bar hidden
[2021.12.31-01.55.22:012][  0]LogSlate: Updating window title bar state: overlay mode, drag disabled, window buttons hidden, title bar hidden
[2021.12.31-01.55.22:019][  0]LogSlate: Updating window title bar state: overlay mode, drag disabled, window buttons hidden, title bar hidden
[2021.12.31-01.55.22:026][  0]LogSlate: Updating window title bar state: overlay mode, drag disabled, window buttons hidden, title bar hidden
[2021.12.31-01.55.22:032][  0]LogCollectionManager: Loaded 0 collections in 0.001073 seconds
[2021.12.31-01.55.22:061][  0]LogFileCache: Scanning file cache for directory 'D:/Github/GitHub/UnrealEngineProject/UnrealCppProject2/Saved/Collections/' took 0.01s
[2021.12.31-01.55.22:061][  0]LogFileCache: Scanning file cache for directory 'D:/Github/GitHub/UnrealEngineProject/UnrealCppProject2/Content/Developers/이수현/Collections/' took 0.01s
[2021.12.31-01.55.22:061][  0]LogFileCache: Scanning file cache for directory 'D:/Github/GitHub/UnrealEngineProject/UnrealCppProject2/Content/Collections/' took 0.00s
[2021.12.31-01.55.22:061][  0]LogContentBrowser: Native class hierarchy populated in 0.0104 seconds. Added 3480 classes and 835 folders.
[2021.12.31-01.55.22:064][  0]LogContentBrowser: Native class hierarchy updated for 'WidgetCarousel' in 0.0004 seconds. Added 0 classes and 0 folders.
[2021.12.31-01.55.22:128][  0]LogContentBrowser: Native class hierarchy updated for 'AddContentDialog' in 0.0005 seconds. Added 0 classes and 0 folders.
[2021.12.31-01.55.22:133][  0]LogContentBrowser: Native class hierarchy updated for 'SceneOutliner' in 0.0005 seconds. Added 2 classes and 0 folders.
[2021.12.31-01.55.22:173][  0]LogSlate: Took 0.000275 seconds to synchronously load lazily loaded font '../../../Engine/Content/Slate/Fonts/Roboto-Regular.ttf' (155K)
[2021.12.31-01.55.22:175][  0]LogSlate: Took 0.001460 seconds to synchronously load lazily loaded font '../../../Engine/Content/Editor/Slate/Fonts/NanumGothic.ttf' (4243K)
[2021.12.31-01.55.22:176][  0]LogSlate: Took 0.000304 seconds to synchronously load lazily loaded font '../../../Engine/Content/Editor/Slate/Fonts/FontAwesome.ttf' (139K)
[2021.12.31-01.55.22:178][  0]LogSlate: Took 0.001660 seconds to synchronously load lazily loaded font '../../../Engine/Content/Editor/Slate/Fonts/NanumGothicBold.ttf' (4188K)
[2021.12.31-01.55.22:178][  0]LogSlate: Took 0.000317 seconds to synchronously load lazily loaded font '../../../Engine/Content/Slate/Fonts/Roboto-Bold.ttf' (160K)
[2021.12.31-01.55.22:179][  0]LogSlate: Took 0.000137 seconds to synchronously load lazily loaded font '../../../Engine/Content/Slate/Fonts/DroidSansMono.ttf' (77K)
[2021.12.31-01.55.22:207][  0]LogSlate: Took 0.001708 seconds to synchronously load lazily loaded font '../../../Engine/Content/Editor/Slate/Fonts/NanumGothicExtraBold.ttf' (4074K)
[2021.12.31-01.55.22:274][  0]LogRenderer: Reallocating scene render targets to support 1188x600 Format 10 NumSamples 1 (Frame:1).
[2021.12.31-01.55.22:316][  0]LogSlate: Took 0.000248 seconds to synchronously load lazily loaded font '../../../Engine/Content/Slate/Fonts/Roboto-Light.ttf' (167K)
[2021.12.31-01.55.22:528][  0]LogContentBrowser: Native class hierarchy updated for 'HierarchicalLODOutliner' in 0.0005 seconds. Added 0 classes and 0 folders.
[2021.12.31-01.55.22:528][  0]LogLoad: (Engine Initialization) Total time: 8.38 seconds
[2021.12.31-01.55.22:528][  0]LogLoad: (Engine Initialization) Total Blueprint compile time: 0.00 seconds
[2021.12.31-01.55.22:576][  0]LogAnimationCompression: Building Anim DDC data for AnimSequence /Game/Character/Animations/Common/HitReaction.HitReaction
[2021.12.31-01.55.22:576][  0]LogAnimationCompression: Building Anim DDC data for AnimSequence /Game/Character/Animations/Fist/Fist_Attack_3.Fist_Attack_3
[2021.12.31-01.55.22:576][  0]LogAssetRegistry: Asset discovery search completed in 5.0415 seconds
[2021.12.31-01.55.22:579][  0]LogCollectionManager: Fixed up redirectors for 0 collections in 0.000002 seconds (updated 0 objects)
[2021.12.31-01.55.22:580][  0]LogContentStreaming: Texture pool size now 1000 MB
[2021.12.31-01.55.22:878][  1]LogAnimationCompression: Building Anim DDC data for AnimSequence /Game/Character/Animations/Sword/Sword_Attack_1.Sword_Attack_1
[2021.12.31-01.55.22:879][  1]LogAnimationCompression: Building Anim DDC data for AnimSequence /Game/Character/Animations/Wizard/Wizard_Attack_1.Wizard_Attack_1
[2021.12.31-01.55.23:215][  2]LogAnimationCompression: Building Anim DDC data for AnimSequence /Game/Character/Animations/Sword/Sword_Attack_2.Sword_Attack_2
[2021.12.31-01.55.23:215][  2]LogAnimationCompression: Building Anim DDC data for AnimSequence /Game/Character/Animations/Sword/Sword_Attack_3.Sword_Attack_3
[2021.12.31-01.55.23:554][  4]LogAnimationCompression: Building Anim DDC data for AnimSequence /Game/Character/Animations/Sword/Sword_Draw_1.Sword_Draw_1
[2021.12.31-01.55.23:554][  4]LogAnimationCompression: Building Anim DDC data for AnimSequence /Game/Character/Animations/Sword/Sword_Draw_2.Sword_Draw_2
[2021.12.31-01.55.23:911][  4]LogAnimationCompression: Building Anim DDC data for AnimSequence /Game/Character/Animations/GreatSword/Great_Sword_Draw_2.Great_Sword_Draw_2
[2021.12.31-01.55.23:911][  4]LogAnimationCompression: Building Anim DDC data for AnimSequence /Game/Character/Animations/GreatSword/Great_Sword_Draw_1.Great_Sword_Draw_1
[2021.12.31-01.55.24:244][  5]LogAnimationCompression: Building Anim DDC data for AnimSequence /Game/Character/Animations/GreatSword/Great_Sword_Slash_1.Great_Sword_Slash_1
[2021.12.31-01.55.24:244][  5]LogAnimationCompression: Building Anim DDC data for AnimSequence /Game/Character/Animations/Common/BackStep.BackStep
[2021.12.31-01.55.24:552][  7]LogAnimationCompression: Building Anim DDC data for AnimSequence /Game/Character/Animations/Common/Roll.Roll
[2021.12.31-01.55.24:552][  7]LogAnimationCompression: Building Anim DDC data for AnimSequence /Game/Character/Animations/Fist/Fist_Idle.Fist_Idle
[2021.12.31-01.55.24:889][  8]LogAnimationCompression: Building Anim DDC data for AnimSequence /Game/Character/Animations/Fist/Fist_LongStep_Backward.Fist_LongStep_Backward
[2021.12.31-01.55.25:221][  9]LogAnimationCompression: Building Anim DDC data for AnimSequence /Game/Character/Animations/Fist/Fist_LongStep_Forward.Fist_LongStep_Forward
[2021.12.31-01.55.25:221][  9]LogAnimationCompression: Building Anim DDC data for AnimSequence /Game/Character/Animations/Fist/Fist_LongStep_Left.Fist_LongStep_Left
[2021.12.31-01.55.25:555][ 10]LogAnimationCompression: Building Anim DDC data for AnimSequence /Game/Character/Animations/Fist/Fist_Walk_Backward.Fist_Walk_Backward
[2021.12.31-01.55.25:556][ 10]LogAnimationCompression: Building Anim DDC data for AnimSequence /Game/Character/Animations/Fist/Fist_LongStep_Right.Fist_LongStep_Right
[2021.12.31-01.55.25:889][ 11]LogAnimationCompression: Building Anim DDC data for AnimSequence /Game/Character/Animations/Fist/Fist_Walk_Forward.Fist_Walk_Forward
[2021.12.31-01.55.25:889][ 11]LogAnimationCompression: Building Anim DDC data for AnimSequence /Game/Character/Animations/GreatSword/Great_Sword_Idle.Great_Sword_Idle
[2021.12.31-01.55.26:223][ 12]LogAnimationCompression: Building Anim DDC data for AnimSequence /Game/Character/Animations/GreatSword/Great_Sword_Run_B.Great_Sword_Run_B
[2021.12.31-01.55.26:223][ 12]LogAnimationCompression: Building Anim DDC data for AnimSequence /Game/Character/Animations/GreatSword/Great_Sword_Run_F.Great_Sword_Run_F
[2021.12.31-01.55.26:558][ 13]LogAnimationCompression: Building Anim DDC data for AnimSequence /Game/Character/Animations/GreatSword/Great_Sword_Run_R.Great_Sword_Run_R
[2021.12.31-01.55.26:559][ 13]LogAnimationCompression: Building Anim DDC data for AnimSequence /Game/Character/Animations/GreatSword/Great_Sword_Run_L.Great_Sword_Run_L
[2021.12.31-01.55.26:893][ 14]LogAnimationCompression: Building Anim DDC data for AnimSequence /Game/Character/Animations/Sword/Sword_Idle.Sword_Idle
[2021.12.31-01.55.26:893][ 14]LogAnimationCompression: Building Anim DDC data for AnimSequence /Game/Character/Animations/Wizard/Wizard_Spell.Wizard_Spell
[2021.12.31-01.55.27:230][ 15]LogAnimationCompression: Building Anim DDC data for AnimSequence /Game/Character/Animations/Sword/Sword_Run_B.Sword_Run_B
[2021.12.31-01.55.27:230][ 15]LogAnimationCompression: Building Anim DDC data for AnimSequence /Game/Character/Animations/Sword/Sword_Run_F.Sword_Run_F
[2021.12.31-01.55.27:578][ 16]LogAnimationCompression: Building Anim DDC data for AnimSequence /Game/Character/Animations/Sword/Sword_Run_L.Sword_Run_L
[2021.12.31-01.55.27:578][ 16]LogAnimationCompression: Building Anim DDC data for AnimSequence /Game/Character/Animations/Sword/Sword_Run_R.Sword_Run_R
[2021.12.31-01.55.27:901][ 17]LogAnimationCompression: Building Anim DDC data for AnimSequence /Game/Character/Animations/Sword/Sword_Walk_B.Sword_Walk_B
[2021.12.31-01.55.27:901][ 17]LogAnimationCompression: Building Anim DDC data for AnimSequence /Game/Character/Animations/Sword/Sword_Walk_F.Sword_Walk_F
[2021.12.31-01.55.28:233][ 18]LogAnimationCompression: Building Anim DDC data for AnimSequence /Game/Character/Animations/Sword/Sword_Walk_R.Sword_Walk_R
[2021.12.31-01.55.28:233][ 18]LogAnimationCompression: Building Anim DDC data for AnimSequence /Game/Character/Animations/Sword/Sword_Walk_L.Sword_Walk_L
[2021.12.31-01.55.28:567][ 19]LogAnimationCompression: Building Anim DDC data for AnimSequence /Game/Character/Animations/Unarmed/Unarmed_Idle.Unarmed_Idle
[2021.12.31-01.55.58:376][441]LogSlate: Took 0.000263 seconds to synchronously load lazily loaded font '../../../Engine/Content/Slate/Fonts/Roboto-Light.ttf' (167K)
[2021.12.31-01.55.58:398][441]LogAssetEditorSubsystem: Opening Asset editor for CActionData /Game/Actions/DA_IceBall.DA_IceBall
[2021.12.31-01.56.15:848][411]LogSlate: Prevented a slow task dialog from being summoned while a context menu was open
[2021.12.31-01.56.17:714][590]Cmd: OBJ SAVEPACKAGE PACKAGE="/Game/Actions/DA_IceBall" FILE="../../../../../Github/GitHub/UnrealEngineProject/UnrealCppProject2/Content/Actions/DA_IceBall.uasset" SILENT=true
[2021.12.31-01.56.17:721][590]LogSavePackage: Moving '../../../../../Github/GitHub/UnrealEngineProject/UnrealCppProject2/Saved/DA_IceBallF46EC6774AB0807FE51E4ABD2A2B72A3.tmp' to '../../../../../Github/GitHub/UnrealEngineProject/UnrealCppProject2/Content/Actions/DA_IceBall.uasset'
[2021.12.31-01.56.17:735][590]AssetCheck: New page: 애셋 저장: DA_IceBall
[2021.12.31-01.56.17:735][590]LogContentValidation: Display: CActionData /Game/Actions/DA_IceBall.DA_IceBall 유효성 검사
[2021.12.31-01.56.21:428][989]LogTemp: Repeating last play command: 선택된 뷰포트
[2021.12.31-01.56.21:441][989]LogPlayLevel: PlayLevel: No blueprints needed recompiling
[2021.12.31-01.56.21:441][989]PIE: New page: PIE 세션: Battle (2021. 12. 31. 오후 7:56:21)
[2021.12.31-01.56.21:443][989]LogOnline: OSS: Creating online subsystem instance for: NULL
[2021.12.31-01.56.21:444][989]LogOnline: OSS: TryLoadSubsystemAndSetDefault: Loaded subsystem for module [NULL]
[2021.12.31-01.56.21:444][989]LogPlayLevel: Creating play world package: /Game/Levels/UEDPIE_0_Battle
[2021.12.31-01.56.21:450][989]LogPlayLevel: PIE: StaticDuplicateObject took: (0.005812s)
[2021.12.31-01.56.21:451][989]LogAIModule: Creating AISystem for world Battle
[2021.12.31-01.56.21:451][989]LogAISub: UAISubsystem::UAISubsystem EnvQueryManager (000001D7A7E1A600), frame # 2989
[2021.12.31-01.56.21:451][989]LogAISub: UAISubsystem::UAISubsystem AIPerceptionSystem (000001D7FCD86AC0), frame # 2989
[2021.12.31-01.56.21:451][989]LogPlayLevel: PIE: World Init took: (0.001080s)
[2021.12.31-01.56.21:451][989]LogPlayLevel: PIE: Created PIE world by copying editor world from /Game/Levels/Battle.Battle to /Game/Levels/UEDPIE_0_Battle.Battle (0.007025s)
[2021.12.31-01.56.21:461][989]LogUObjectHash: Compacting FUObjectHashTables data took   0.72ms
[2021.12.31-01.56.21:462][989]LogAudioMixer: Display: Audio Mixer Platform Settings:
[2021.12.31-01.56.21:462][989]LogAudioMixer: Display: 	Sample Rate:						  48000
[2021.12.31-01.56.21:462][989]LogAudioMixer: Display: 	Callback Buffer Frame Size Requested: 1024
[2021.12.31-01.56.21:462][989]LogAudioMixer: Display: 	Callback Buffer Frame Size To Use:	  1024
[2021.12.31-01.56.21:462][989]LogAudioMixer: Display: 	Number of buffers to queue:			  2
[2021.12.31-01.56.21:462][989]LogAudioMixer: Display: 	Max Channels (voices):				  32
[2021.12.31-01.56.21:462][989]LogAudioMixer: Display: 	Number of Async Source Workers:		  0
[2021.12.31-01.56.21:462][989]LogAudio: Display: AudioDevice MaxSources: 32
[2021.12.31-01.56.21:463][989]LogAudio: Display: Using built-in audio occlusion.
[2021.12.31-01.56.21:463][989]LogAudioMixer: Display: Initializing audio mixer.
[2021.12.31-01.56.21:466][989]LogAudioMixer: Display: 0: FrontLeft
[2021.12.31-01.56.21:466][989]LogAudioMixer: Display: 1: FrontRight
[2021.12.31-01.56.21:484][989]LogAudioMixer: Display: Using Audio Device 스피커(Realtek(R) Audio)
[2021.12.31-01.56.21:484][989]LogAudioMixer: Display: Initializing Sound Submixes...
[2021.12.31-01.56.21:484][989]LogAudioMixer: Display: Creating Master Submix 'MasterSubmixDefault'
[2021.12.31-01.56.21:485][989]LogAudioMixer: Display: Creating Master Submix 'MasterReverbSubmixDefault'
[2021.12.31-01.56.21:485][989]LogAudioMixer: Display: Creating Master Submix 'MasterEQSubmixDefault'
[2021.12.31-01.56.21:497][989]LogInit: FAudioDevice initialized.
[2021.12.31-01.56.21:507][989]LogLoad: Game class is 'CGameMode'
[2021.12.31-01.56.21:511][989]LogWorld: Bringing World /Game/Levels/UEDPIE_0_Battle.Battle up for play (max tick rate 0) at 2021.12.31-10.56.21
[2021.12.31-01.56.21:512][989]LogWorld: Bringing up level for play took: 0.004518
[2021.12.31-01.56.21:513][989]LogOnline: OSS: Creating online subsystem instance for: :Context_4
[2021.12.31-01.56.21:516][989]LogContentBrowser: Native class hierarchy updated for 'MovieSceneCapture' in 0.0005 seconds. Added 20 classes and 0 folders.
[2021.12.31-01.56.21:523][989]GameProject: Display: Fist_LeftHand
[2021.12.31-01.56.21:523][989]GameProject: Display: Fist_RightHand
[2021.12.31-01.56.21:523][989]GameProject: Display: Fist_LeftFoot
[2021.12.31-01.56.21:523][989]GameProject: Display: Fist_RightFoot
[2021.12.31-01.56.21:524][989]PIE: 서버가 로그인했습니다.
[2021.12.31-01.56.21:526][989]PIE: 에디터에서 플레이 총 시작 시간 0.085초입니다.
[2021.12.31-01.56.56:574][172]LogSlate: Updating window title bar state: overlay mode, drag disabled, window buttons hidden, title bar hidden
[2021.12.31-01.56.56:574][172]LogWorld: BeginTearingDown for /Game/Levels/UEDPIE_0_Battle
[2021.12.31-01.56.56:574][172]LogWorld: UWorld::CleanupWorld for Battle, bSessionEnded=true, bCleanupResources=true
[2021.12.31-01.56.56:575][172]LogSlate: InvalidateAllWidgets triggered.  All widgets were invalidated
[2021.12.31-01.56.56:582][172]LogPlayLevel: Display: Shutting down PIE online subsystems
[2021.12.31-01.56.56:583][172]LogSlate: InvalidateAllWidgets triggered.  All widgets were invalidated
[2021.12.31-01.56.56:607][172]LogSlate: Updating window title bar state: overlay mode, drag disabled, window buttons hidden, title bar hidden
[2021.12.31-01.56.56:609][172]LogAISub: UAISubsystem::~UAISubsystem EnvQueryManager (000001D7A7E1A600), frame # 7172
[2021.12.31-01.56.56:609][172]LogAISub: UAISubsystem::~UAISubsystem AIPerceptionSystem (000001D7FCD86AC0), frame # 7172
[2021.12.31-01.56.56:610][172]LogUObjectHash: Compacting FUObjectHashTables data took   0.77ms
[2021.12.31-01.56.56:638][173]LogPlayLevel: Display: Destroying online subsystem :Context_4
[2021.12.31-01.57.08:764][501]Cmd: OBJ SAVEPACKAGE PACKAGE="/Game/Actions/DA_IceBall" FILE="../../../../../Github/GitHub/UnrealEngineProject/UnrealCppProject2/Content/Actions/DA_IceBall.uasset" SILENT=true
[2021.12.31-01.57.08:769][501]LogSavePackage: Moving '../../../../../Github/GitHub/UnrealEngineProject/UnrealCppProject2/Saved/DA_IceBallBDA7362847DA24FDD4711787B1E692C1.tmp' to '../../../../../Github/GitHub/UnrealEngineProject/UnrealCppProject2/Content/Actions/DA_IceBall.uasset'
[2021.12.31-01.57.08:786][501]AssetCheck: New page: 애셋 저장: DA_IceBall
[2021.12.31-01.57.08:786][501]LogContentValidation: Display: CActionData /Game/Actions/DA_IceBall.DA_IceBall 유효성 검사
[2021.12.31-01.57.10:673][704]LogTemp: Repeating last play command: 선택된 뷰포트
[2021.12.31-01.57.10:685][704]LogPlayLevel: PlayLevel: No blueprints needed recompiling
[2021.12.31-01.57.10:685][704]PIE: New page: PIE 세션: Battle (2021. 12. 31. 오후 7:57:10)
[2021.12.31-01.57.10:685][704]LogPlayLevel: Creating play world package: /Game/Levels/UEDPIE_0_Battle
[2021.12.31-01.57.10:690][704]LogPlayLevel: PIE: StaticDuplicateObject took: (0.005155s)
[2021.12.31-01.57.10:691][704]LogAIModule: Creating AISystem for world Battle
[2021.12.31-01.57.10:691][704]LogAISub: UAISubsystem::UAISubsystem EnvQueryManager (000001D7ABA60400), frame # 8704
[2021.12.31-01.57.10:691][704]LogAISub: UAISubsystem::UAISubsystem AIPerceptionSystem (000001D7FCEEBEC0), frame # 8704
[2021.12.31-01.57.10:691][704]LogPlayLevel: PIE: World Init took: (0.000967s)
[2021.12.31-01.57.10:691][704]LogPlayLevel: PIE: Created PIE world by copying editor world from /Game/Levels/Battle.Battle to /Game/Levels/UEDPIE_0_Battle.Battle (0.006231s)
[2021.12.31-01.57.10:701][704]LogUObjectHash: Compacting FUObjectHashTables data took   0.70ms
[2021.12.31-01.57.10:702][704]LogAudioMixer: Display: Audio Mixer Platform Settings:
[2021.12.31-01.57.10:702][704]LogAudioMixer: Display: 	Sample Rate:						  48000
[2021.12.31-01.57.10:702][704]LogAudioMixer: Display: 	Callback Buffer Frame Size Requested: 1024
[2021.12.31-01.57.10:702][704]LogAudioMixer: Display: 	Callback Buffer Frame Size To Use:	  1024
[2021.12.31-01.57.10:702][704]LogAudioMixer: Display: 	Number of buffers to queue:			  2
[2021.12.31-01.57.10:702][704]LogAudioMixer: Display: 	Max Channels (voices):				  32
[2021.12.31-01.57.10:702][704]LogAudioMixer: Display: 	Number of Async Source Workers:		  0
[2021.12.31-01.57.10:702][704]LogAudio: Display: AudioDevice MaxSources: 32
[2021.12.31-01.57.10:703][704]LogAudio: Display: Using built-in audio occlusion.
[2021.12.31-01.57.10:703][704]LogAudioMixer: Display: Initializing audio mixer.
[2021.12.31-01.57.10:706][704]LogAudioMixer: Display: 0: FrontLeft
[2021.12.31-01.57.10:706][704]LogAudioMixer: Display: 1: FrontRight
[2021.12.31-01.57.10:722][704]LogAudioMixer: Display: Using Audio Device 스피커(Realtek(R) Audio)
[2021.12.31-01.57.10:722][704]LogAudioMixer: Display: Initializing Sound Submixes...
[2021.12.31-01.57.10:722][704]LogAudioMixer: Display: Creating Master Submix 'MasterSubmixDefault'
[2021.12.31-01.57.10:722][704]LogAudioMixer: Display: Creating Master Submix 'MasterReverbSubmixDefault'
[2021.12.31-01.57.10:723][704]LogAudioMixer: Display: Creating Master Submix 'MasterEQSubmixDefault'
[2021.12.31-01.57.10:735][704]LogInit: FAudioDevice initialized.
[2021.12.31-01.57.10:745][704]LogLoad: Game class is 'CGameMode'
[2021.12.31-01.57.10:749][704]LogWorld: Bringing World /Game/Levels/UEDPIE_0_Battle.Battle up for play (max tick rate 0) at 2021.12.31-10.57.10
[2021.12.31-01.57.10:749][704]LogWorld: Bringing up level for play took: 0.003609
[2021.12.31-01.57.10:750][704]LogOnline: OSS: Creating online subsystem instance for: :Context_5
[2021.12.31-01.57.10:756][704]GameProject: Display: Fist_LeftHand
[2021.12.31-01.57.10:756][704]GameProject: Display: Fist_RightHand
[2021.12.31-01.57.10:756][704]GameProject: Display: Fist_LeftFoot
[2021.12.31-01.57.10:756][704]GameProject: Display: Fist_RightFoot
[2021.12.31-01.57.10:757][704]PIE: 서버가 로그인했습니다.
[2021.12.31-01.57.10:758][704]PIE: 에디터에서 플레이 총 시작 시간 0.074초입니다.
[2021.12.31-01.57.36:758][811]LogTimeline: Error: Invalid timeline length mode on timeline!
[2021.12.31-01.57.38:409][811]LogWindows: Error: === Critical error: ===
[2021.12.31-01.57.38:409][811]LogWindows: Error: 
[2021.12.31-01.57.38:409][811]LogWindows: Error: Fatal error!
[2021.12.31-01.57.38:409][811]LogWindows: Error: 
[2021.12.31-01.57.38:409][811]LogWindows: Error: Unhandled Exception: EXCEPTION_ACCESS_VIOLATION reading address 0xffffffff
[2021.12.31-01.57.38:409][811]LogWindows: Error: 
[2021.12.31-01.57.38:409][811]LogWindows: Error: [Callstack] 0x00007ffaf2c243c1 UE4Editor-Engine.dll!UnknownFunction []
[2021.12.31-01.57.38:409][811]LogWindows: Error: [Callstack] 0x00007ffaf2c2da89 UE4Editor-Engine.dll!UnknownFunction []
[2021.12.31-01.57.38:409][811]LogWindows: Error: [Callstack] 0x00007ffaf1ad441a UE4Editor-Engine.dll!UnknownFunction []
[2021.12.31-01.57.38:409][811]LogWindows: Error: [Callstack] 0x00007ffaf1a99f84 UE4Editor-Engine.dll!UnknownFunction []
[2021.12.31-01.57.38:409][811]LogWindows: Error: [Callstack] 0x00007ffaf2b5936f UE4Editor-Engine.dll!UnknownFunction []
[2021.12.31-01.57.38:409][811]LogWindows: Error: [Callstack] 0x00007ffaf2b5e3c7 UE4Editor-Engine.dll!UnknownFunction []
[2021.12.31-01.57.38:409][811]LogWindows: Error: [Callstack] 0x00007ffafeb887d8 UE4Editor-Core.dll!UnknownFunction []
[2021.12.31-01.57.38:409][811]LogWindows: Error: [Callstack] 0x00007ffafeb88aa3 UE4Editor-Core.dll!UnknownFunction []
[2021.12.31-01.57.38:409][811]LogWindows: Error: [Callstack] 0x00007ffafeb9f027 UE4Editor-Core.dll!UnknownFunction []
[2021.12.31-01.57.38:409][811]LogWindows: Error: [Callstack] 0x00007ffaf2b7a402 UE4Editor-Engine.dll!UnknownFunction []
[2021.12.31-01.57.38:409][811]LogWindows: Error: [Callstack] 0x00007ffaf2b7f6ca UE4Editor-Engine.dll!UnknownFunction []
[2021.12.31-01.57.38:409][811]LogWindows: Error: [Callstack] 0x00007ffaf233d0bf UE4Editor-Engine.dll!UnknownFunction []
[2021.12.31-01.57.38:409][811]LogWindows: Error: [Callstack] 0x00007ffaf2347957 UE4Editor-Engine.dll!UnknownFunction []
[2021.12.31-01.57.38:409][811]LogWindows: Error: [Callstack] 0x00007ffafd85af57 UE4Editor-UnrealEd.dll!UnknownFunction []
[2021.12.31-01.57.38:409][811]LogWindows: Error: [Callstack] 0x00007ffafe1337e6 UE4Editor-UnrealEd.dll!UnknownFunction []
[2021.12.31-01.57.38:409][811]LogWindows: Error: [Callstack] 0x00007ff72fbb7800 UE4Editor.exe!UnknownFunction []
[2021.12.31-01.57.38:409][811]LogWindows: Error: [Callstack] 0x00007ff72fbcba7c UE4Editor.exe!UnknownFunction []
[2021.12.31-01.57.38:409][811]LogWindows: Error: [Callstack] 0x00007ff72fbcbb5a UE4Editor.exe!UnknownFunction []
[2021.12.31-01.57.38:409][811]LogWindows: Error: [Callstack] 0x00007ff72fbde31d UE4Editor.exe!UnknownFunction []
[2021.12.31-01.57.38:409][811]LogWindows: Error: [Callstack] 0x00007ff72fbe145a UE4Editor.exe!UnknownFunction []
[2021.12.31-01.57.38:409][811]LogWindows: Error: [Callstack] 0x00007ffb46c27034 KERNEL32.DLL!UnknownFunction []
[2021.12.31-01.57.38:409][811]LogWindows: Error: [Callstack] 0x00007ffb472e2651 ntdll.dll!UnknownFunction []
[2021.12.31-01.57.38:409][811]LogWindows: Error: 
[2021.12.31-01.57.38:423][811]LogExit: Executing StaticShutdownAfterError
[2021.12.31-01.57.38:426][811]LogWindows: FPlatformMisc::RequestExit(1)
[2021.12.31-01.57.38:426][811]LogCore: Engine exit requested (reason: Win RequestExit)
[2021.12.31-01.57.38:429][811]Log file closed, 12/31/21 10:57:38
