Log file open, 12/31/21 14:33:00
LogInit: Display: Running engine for game: UnrealCppProject2
LogPlatformFile: Not using cached read wrapper
LogTaskGraph: Started task graph with 5 named threads and 20 total threads with 3 sets of task threads.
LogStats: Stats thread started at 0.187761
LogD3D11RHI: Loaded GFSDK_Aftermath_Lib.x64.dll
LogICUInternationalization: ICU TimeZone Detection - Raw Offset: +9:00, Platform Override: ''
LogPluginManager: Mounting plugin Paper2D
LogPluginManager: Mounting plugin AISupport
LogPluginManager: Mounting plugin LightPropagationVolume
LogPluginManager: Mounting plugin CameraShakePreviewer
LogPluginManager: Mounting plugin ActorLayerUtilities
LogPluginManager: Mounting plugin AnimationSharing
LogPluginManager: Mounting plugin CLionSourceCodeAccess
LogPluginManager: Mounting plugin CodeLiteSourceCodeAccess
LogPluginManager: Mounting plugin GitSourceControl
LogPluginManager: Mounting plugin KDevelopSourceCodeAccess
LogPluginManager: Mounting plugin NullSourceCodeAccess
LogPluginManager: Mounting plugin PerforceSourceControl
LogPluginManager: Mounting plugin PlasticSourceControl
LogPluginManager: Mounting plugin RiderSourceCodeAccess
LogPluginManager: Mounting plugin SubversionSourceControl
LogPluginManager: Mounting plugin UObjectPlugin
LogPluginManager: Mounting plugin VisualStudioCodeSourceCodeAccess
LogPluginManager: Mounting plugin VisualStudioSourceCodeAccess
LogPluginManager: Mounting plugin XCodeSourceCodeAccess
LogPluginManager: Mounting plugin AssetManagerEditor
LogPluginManager: Mounting plugin CryptoKeys
LogPluginManager: Mounting plugin CurveEditorTools
LogPluginManager: Mounting plugin DataValidation
LogPluginManager: Mounting plugin EditorScriptingUtilities
LogPluginManager: Mounting plugin FacialAnimation
LogPluginManager: Mounting plugin GameplayTagsEditor
LogPluginManager: Mounting plugin GeometryMode
LogPluginManager: Mounting plugin MacGraphicsSwitching
LogPluginManager: Mounting plugin MaterialAnalyzer
LogPluginManager: Mounting plugin MobileLauncherProfileWizard
LogPluginManager: Mounting plugin PluginBrowser
LogPluginManager: Mounting plugin SpeedTreeImporter
LogPluginManager: Mounting plugin DatasmithContent
LogPluginManager: Mounting plugin VariantManagerContent
LogPluginManager: Mounting plugin AlembicImporter
LogPluginManager: Mounting plugin AutomationUtils
LogPluginManager: Mounting plugin BackChannel
LogPluginManager: Mounting plugin ChaosCloth
LogPluginManager: Mounting plugin ChaosClothEditor
LogPluginManager: Mounting plugin ChaosEditor
LogPluginManager: Mounting plugin ChaosNiagara
LogPluginManager: Mounting plugin ChaosSolverPlugin
LogPluginManager: Mounting plugin CharacterAI
LogPluginManager: Mounting plugin GeometryCache
LogPluginManager: Mounting plugin GeometryCollectionPlugin
LogPluginManager: Mounting plugin GeometryProcessing
LogPluginManager: Mounting plugin PlanarCut
LogPluginManager: Mounting plugin PlatformCrypto
LogPluginManager: Mounting plugin ProxyLODPlugin
LogPluginManager: Mounting plugin PythonScriptPlugin
LogPluginManager: Mounting plugin SkeletalReduction
LogPluginManager: Mounting plugin Niagara
LogPluginManager: Mounting plugin MagicLeap
LogPluginManager: Mounting plugin MagicLeapLightEstimation
LogPluginManager: Mounting plugin MagicLeapMedia
LogPluginManager: Mounting plugin MagicLeapPassableWorld
LogPluginManager: Mounting plugin MLSDK
LogPluginManager: Mounting plugin AndroidMedia
LogPluginManager: Mounting plugin AvfMedia
LogPluginManager: Mounting plugin ImgMedia
LogPluginManager: Mounting plugin MediaCompositing
LogPluginManager: Mounting plugin MediaPlayerEditor
LogPluginManager: Mounting plugin WebMMedia
LogPluginManager: Mounting plugin WmfMedia
LogPluginManager: Mounting plugin MegascansPlugin
LogPluginManager: Mounting plugin MeshPainting
LogPluginManager: Mounting plugin TcpMessaging
LogPluginManager: Mounting plugin UdpMessaging
LogPluginManager: Mounting plugin ActorSequence
LogPluginManager: Mounting plugin LevelSequenceEditor
LogPluginManager: Mounting plugin MatineeToLevelSequence
LogPluginManager: Mounting plugin MovieRenderPipeline
LogPluginManager: Mounting plugin TemplateSequence
LogPluginManager: Mounting plugin NetcodeUnitTest
LogPluginManager: Mounting plugin NUTUnrealEngine4
LogPluginManager: Mounting plugin OnlineSubsystemGooglePlay
LogPluginManager: Mounting plugin OnlineSubsystemIOS
LogPluginManager: Mounting plugin OnlineSubsystem
LogPluginManager: Mounting plugin OnlineSubsystemNull
LogPluginManager: Mounting plugin OnlineSubsystemUtils
LogPluginManager: Mounting plugin LauncherChunkInstaller
LogPluginManager: Mounting plugin AndroidDeviceProfileSelector
LogPluginManager: Mounting plugin AndroidMoviePlayer
LogPluginManager: Mounting plugin AndroidPermission
LogPluginManager: Mounting plugin AppleImageUtils
LogPluginManager: Mounting plugin AppleMoviePlayer
LogPluginManager: Mounting plugin ArchVisCharacter
LogPluginManager: Mounting plugin AssetTags
LogPluginManager: Mounting plugin AudioCapture
LogPluginManager: Mounting plugin CableComponent
LogPluginManager: Mounting plugin CustomMeshComponent
LogPluginManager: Mounting plugin DatabaseSupport
LogPluginManager: Mounting plugin SQLiteCore
LogPluginManager: Mounting plugin SQLiteSupport
LogPluginManager: Mounting plugin EditableMesh
LogPluginManager: Mounting plugin ExampleDeviceProfileSelector
LogPluginManager: Mounting plugin GoogleCloudMessaging
LogPluginManager: Mounting plugin GooglePAD
LogPluginManager: Mounting plugin IOSDeviceProfileSelector
LogPluginManager: Mounting plugin LinuxDeviceProfileSelector
LogPluginManager: Mounting plugin LocationServicesBPLibrary
LogPluginManager: Mounting plugin MobilePatchingUtils
LogPluginManager: Mounting plugin OculusVR
LogPluginManager: Mounting plugin PhysXVehicles
LogPluginManager: Mounting plugin PostSplashScreen
LogPluginManager: Mounting plugin ProceduralMeshComponent
LogPluginManager: Mounting plugin RuntimePhysXCooking
LogPluginManager: Mounting plugin SignificanceManager
LogPluginManager: Mounting plugin SoundFields
LogPluginManager: Mounting plugin SteamVR
LogPluginManager: Mounting plugin Synthesis
LogPluginManager: Mounting plugin WebMMoviePlayer
LogPluginManager: Mounting plugin WindowsMoviePlayer
LogPluginManager: Mounting plugin ScreenshotTools
LogInit: Using libcurl 7.55.1-DEV
LogInit:  - built for x86_64-pc-win32
LogInit:  - supports SSL with OpenSSL/1.1.1
LogInit:  - supports HTTP deflate (compression) using libz 1.2.8
LogInit:  - other features:
LogInit:      CURL_VERSION_SSL
LogInit:      CURL_VERSION_LIBZ
LogInit:      CURL_VERSION_IPV6
LogInit:      CURL_VERSION_ASYNCHDNS
LogInit:      CURL_VERSION_LARGEFILE
LogInit:      CURL_VERSION_IDN
LogInit:  CurlRequestOptions (configurable via config and command line):
LogInit:  - bVerifyPeer = true  - Libcurl will verify peer certificate
LogInit:  - bUseHttpProxy = false  - Libcurl will NOT use HTTP proxy
LogInit:  - bDontReuseConnections = false  - Libcurl will reuse connections
LogInit:  - MaxHostConnections = 16  - Libcurl will limit the number of connections to a host
LogInit:  - LocalHostAddr = Default
LogInit:  - BufferSize = 65536
LogOnline: OSS: Creating online subsystem instance for: NULL
LogInit: WinSock: version 1.1 (2.2), MaxSocks=32767, MaxUdp=65467
LogOnline: OSS: TryLoadSubsystemAndSetDefault: Loaded subsystem for module [NULL]
LogInit: Build: ++UE4+Release-4.25-CL-14469661
LogInit: Engine Version: 4.25.4-14469661+++UE4+Release-4.25
LogInit: Compatible Engine Version: 4.25.0-13144385+++UE4+Release-4.25
LogInit: Net CL: 13144385
LogInit: OS: Windows 10 (Release 2009) (), CPU: AMD Ryzen 5 3500 6-Core Processor              , GPU: NVIDIA GeForce GTX 1070
LogInit: Compiled (64-bit): Oct 11 2020 08:10:49
LogInit: Compiled with Visual C++: 19.24.28315.00
LogInit: Build Configuration: Development
LogInit: Branch Name: ++UE4+Release-4.25
LogInit: Command Line:  /Game/Levels/Battle -game -PIEVIACONSOLE -Multiprocess GameUserSettingsINI=D:/Github/GitHub/UnrealEngineProject/UnrealCppProject2/Saved/Config/Windows/PIEGameUserSettings0.ini -MultiprocessSaveConfig -MultiprocessOSS -messaging -SessionName="Play in Standalone Game" -windowed -ResX=1280 -ResY=720
LogInit: Base Directory: D:/Epic Games/UE_4.25/Engine/Binaries/Win64/
LogInit: Allocator: TBB
LogInit: Installed Engine Build: 1
LogDevObjectVersion: Number of dev versions registered: 26
LogDevObjectVersion:   Dev-Blueprints (B0D832E4-1F89-4F0D-ACCF-7EB736FD4AA2): 10
LogDevObjectVersion:   Dev-Build (E1C64328-A22C-4D53-A36C-8E866417BD8C): 0
LogDevObjectVersion:   Dev-Core (375EC13C-06E4-48FB-B500-84F0262A717E): 4
LogDevObjectVersion:   Dev-Editor (E4B068ED-F494-42E9-A231-DA0B2E46BB41): 38
LogDevObjectVersion:   Dev-Framework (CFFC743F-43B0-4480-9391-14DF171D2073): 37
LogDevObjectVersion:   Dev-Mobile (B02B49B5-BB20-44E9-A304-32B752E40360): 2
LogDevObjectVersion:   Dev-Networking (A4E4105C-59A1-49B5-A7C5-40C4547EDFEE): 0
LogDevObjectVersion:   Dev-Online (39C831C9-5AE6-47DC-9A44-9C173E1C8E7C): 0
LogDevObjectVersion:   Dev-Physics (78F01B33-EBEA-4F98-B9B4-84EACCB95AA2): 4
LogDevObjectVersion:   Dev-Platform (6631380F-2D4D-43E0-8009-CF276956A95A): 0
LogDevObjectVersion:   Dev-Rendering (12F88B9F-8875-4AFC-A67C-D90C383ABD29): 43
LogDevObjectVersion:   Dev-Sequencer (7B5AE74C-D270-4C10-A958-57980B212A5A): 12
LogDevObjectVersion:   Dev-VR (D7296918-1DD6-4BDD-9DE2-64A83CC13884): 3
LogDevObjectVersion:   Dev-LoadTimes (C2A15278-BFE7-4AFE-6C17-90FF531DF755): 1
LogDevObjectVersion:   Private-Geometry (6EACA3D4-40EC-4CC1-B786-8BED09428FC5): 3
LogDevObjectVersion:   Dev-AnimPhys (29E575DD-E0A3-4627-9D10-D276232CDCEA): 17
LogDevObjectVersion:   Dev-Anim (AF43A65D-7FD3-4947-9873-3E8ED9C1BB05): 7
LogDevObjectVersion:   Dev-ReflectionCapture (6B266CEC-1EC7-4B8F-A30B-E4D90942FC07): 1
LogDevObjectVersion:   Dev-Automation (0DF73D61-A23F-47EA-B727-89E90C41499A): 1
LogDevObjectVersion:   FortniteMain (601D1886-AC64-4F84-AA16-D3DE0DEAC7D6): 31
LogDevObjectVersion:   Dev-Enterprise (9DFFBCD6-494F-0158-E221-12823C92A888): 10
LogDevObjectVersion:   Dev-Niagara (F2AED0AC-9AFE-416F-8664-AA7FFA26D6FC): 1
LogDevObjectVersion:   Dev-Destruction (174F1F0B-B4C6-45A5-B13F-2EE8D0FB917D): 10
LogDevObjectVersion:   Dev-Physics-Ext (35F94A83-E258-406C-A318-09F59610247C): 37
LogDevObjectVersion:   Dev-PhysicsMaterial-Chaos (B68FC16E-8B1B-42E2-B453-215C058844FE): 1
LogDevObjectVersion:   Dev-CineCamera (B2E18506-4273-CFC2-A54E-F4BB758BBA07): 1
LogInit: Presizing for max 25165824 objects, including 0 objects not considered by GC, pre-allocating 0 bytes for permanent pool.
LogConfig: Applying CVar settings from Section [/Script/Engine.StreamingSettings] File [D:/Github/GitHub/UnrealEngineProject/UnrealCppProject2/Saved/Config/Windows/Engine.ini]
LogConfig: Setting CVar [[s.MinBulkDataSizeForAsyncLoading:131072]]
LogConfig: Setting CVar [[s.AsyncLoadingThreadEnabled:0]]
LogConfig: Setting CVar [[s.EventDrivenLoaderEnabled:1]]
LogConfig: Setting CVar [[s.WarnIfTimeLimitExceeded:0]]
LogConfig: Setting CVar [[s.TimeLimitExceededMultiplier:1.5]]
LogConfig: Setting CVar [[s.TimeLimitExceededMinTime:0.005]]
LogConfig: Setting CVar [[s.UseBackgroundLevelStreaming:1]]
LogConfig: Setting CVar [[s.PriorityAsyncLoadingExtraTime:15.0]]
LogConfig: Setting CVar [[s.LevelStreamingActorsUpdateTimeLimit:5.0]]
LogConfig: Setting CVar [[s.PriorityLevelStreamingActorsUpdateExtraTime:5.0]]
LogConfig: Setting CVar [[s.LevelStreamingComponentsRegistrationGranularity:10]]
LogConfig: Setting CVar [[s.UnregisterComponentsTimeLimit:1.0]]
LogConfig: Setting CVar [[s.LevelStreamingComponentsUnregistrationGranularity:5]]
LogConfig: Setting CVar [[s.FlushStreamingOnExit:1]]
LogInit: Object subsystem initialized
LogConfig: Setting CVar [[con.DebugEarlyDefault:1]]
LogConfig: Setting CVar [[r.setres:1280x720]]
[2021.12.31-05.33.00:897][  0]LogConfig: Setting CVar [[con.DebugEarlyDefault:1]]
[2021.12.31-05.33.00:897][  0]LogConfig: Setting CVar [[r.setres:1280x720]]
[2021.12.31-05.33.00:897][  0]LogConfig: Applying CVar settings from Section [/Script/Engine.RendererSettings] File [D:/Github/GitHub/UnrealEngineProject/UnrealCppProject2/Saved/Config/Windows/Engine.ini]
[2021.12.31-05.33.00:897][  0]LogConfig: Setting CVar [[r.GPUCrashDebugging:0]]
[2021.12.31-05.33.00:897][  0]LogConfig: Applying CVar settings from Section [/Script/Engine.RendererOverrideSettings] File [D:/Github/GitHub/UnrealEngineProject/UnrealCppProject2/Saved/Config/Windows/Engine.ini]
[2021.12.31-05.33.00:897][  0]LogConfig: Applying CVar settings from Section [/Script/Engine.StreamingSettings] File [D:/Github/GitHub/UnrealEngineProject/UnrealCppProject2/Saved/Config/Windows/Engine.ini]
[2021.12.31-05.33.00:897][  0]LogConfig: Setting CVar [[s.MinBulkDataSizeForAsyncLoading:131072]]
[2021.12.31-05.33.00:897][  0]LogConfig: Setting CVar [[s.AsyncLoadingThreadEnabled:0]]
[2021.12.31-05.33.00:897][  0]LogConfig: Setting CVar [[s.EventDrivenLoaderEnabled:1]]
[2021.12.31-05.33.00:897][  0]LogConfig: Setting CVar [[s.WarnIfTimeLimitExceeded:0]]
[2021.12.31-05.33.00:897][  0]LogConfig: Setting CVar [[s.TimeLimitExceededMultiplier:1.5]]
[2021.12.31-05.33.00:897][  0]LogConfig: Setting CVar [[s.TimeLimitExceededMinTime:0.005]]
[2021.12.31-05.33.00:897][  0]LogConfig: Setting CVar [[s.UseBackgroundLevelStreaming:1]]
[2021.12.31-05.33.00:897][  0]LogConfig: Setting CVar [[s.PriorityAsyncLoadingExtraTime:15.0]]
[2021.12.31-05.33.00:897][  0]LogConfig: Setting CVar [[s.LevelStreamingActorsUpdateTimeLimit:5.0]]
[2021.12.31-05.33.00:897][  0]LogConfig: Setting CVar [[s.PriorityLevelStreamingActorsUpdateExtraTime:5.0]]
[2021.12.31-05.33.00:897][  0]LogConfig: Setting CVar [[s.LevelStreamingComponentsRegistrationGranularity:10]]
[2021.12.31-05.33.00:897][  0]LogConfig: Setting CVar [[s.UnregisterComponentsTimeLimit:1.0]]
[2021.12.31-05.33.00:897][  0]LogConfig: Setting CVar [[s.LevelStreamingComponentsUnregistrationGranularity:5]]
[2021.12.31-05.33.00:897][  0]LogConfig: Setting CVar [[s.FlushStreamingOnExit:1]]
[2021.12.31-05.33.00:898][  0]LogConfig: Applying CVar settings from Section [/Script/Engine.GarbageCollectionSettings] File [D:/Github/GitHub/UnrealEngineProject/UnrealCppProject2/Saved/Config/Windows/Engine.ini]
[2021.12.31-05.33.00:898][  0]LogConfig: Setting CVar [[gc.MaxObjectsNotConsideredByGC:1]]
[2021.12.31-05.33.00:898][  0]LogConfig: Setting CVar [[gc.SizeOfPermanentObjectPool:0]]
[2021.12.31-05.33.00:898][  0]LogConfig: Setting CVar [[gc.FlushStreamingOnGC:0]]
[2021.12.31-05.33.00:898][  0]LogConfig: Setting CVar [[gc.NumRetriesBeforeForcingGC:10]]
[2021.12.31-05.33.00:898][  0]LogConfig: Setting CVar [[gc.AllowParallelGC:1]]
[2021.12.31-05.33.00:898][  0]LogConfig: Setting CVar [[gc.TimeBetweenPurgingPendingKillObjects:61.1]]
[2021.12.31-05.33.00:898][  0]LogConfig: Setting CVar [[gc.MaxObjectsInEditor:25165824]]
[2021.12.31-05.33.00:898][  0]LogConfig: Setting CVar [[gc.IncrementalBeginDestroyEnabled:1]]
[2021.12.31-05.33.00:898][  0]LogConfig: Setting CVar [[gc.CreateGCClusters:1]]
[2021.12.31-05.33.00:898][  0]LogConfig: Setting CVar [[gc.MinGCClusterSize:5]]
[2021.12.31-05.33.00:898][  0]LogConfig: Setting CVar [[gc.ActorClusteringEnabled:0]]
[2021.12.31-05.33.00:898][  0]LogConfig: Setting CVar [[gc.BlueprintClusteringEnabled:0]]
[2021.12.31-05.33.00:898][  0]LogConfig: Setting CVar [[gc.UseDisregardForGCOnDedicatedServers:0]]
[2021.12.31-05.33.00:898][  0]LogConfig: Applying CVar settings from Section [/Script/Engine.NetworkSettings] File [D:/Github/GitHub/UnrealEngineProject/UnrealCppProject2/Saved/Config/Windows/Engine.ini]
[2021.12.31-05.33.00:898][  0]LogConfig: Applying CVar settings from Section [/Script/UnrealEd.CookerSettings] File [D:/Github/GitHub/UnrealEngineProject/UnrealCppProject2/Saved/Config/Windows/Engine.ini]
[2021.12.31-05.33.00:900][  0]LogConfig: Applying CVar settings from Section [ViewDistanceQuality@3] File [D:/Github/GitHub/UnrealEngineProject/UnrealCppProject2/Saved/Config/Windows/Scalability.ini]
[2021.12.31-05.33.00:900][  0]LogConfig: Setting CVar [[r.SkeletalMeshLODBias:0]]
[2021.12.31-05.33.00:900][  0]LogConfig: Setting CVar [[r.ViewDistanceScale:1.0]]
[2021.12.31-05.33.00:900][  0]LogConfig: Applying CVar settings from Section [AntiAliasingQuality@3] File [D:/Github/GitHub/UnrealEngineProject/UnrealCppProject2/Saved/Config/Windows/Scalability.ini]
[2021.12.31-05.33.00:900][  0]LogConfig: Setting CVar [[r.PostProcessAAQuality:4]]
[2021.12.31-05.33.00:900][  0]LogConfig: Applying CVar settings from Section [ShadowQuality@3] File [D:/Github/GitHub/UnrealEngineProject/UnrealCppProject2/Saved/Config/Windows/Scalability.ini]
[2021.12.31-05.33.00:900][  0]LogConfig: Setting CVar [[r.LightFunctionQuality:1]]
[2021.12.31-05.33.00:900][  0]LogConfig: Setting CVar [[r.ShadowQuality:5]]
[2021.12.31-05.33.00:900][  0]LogConfig: Setting CVar [[r.Shadow.CSM.MaxCascades:10]]
[2021.12.31-05.33.00:900][  0]LogConfig: Setting CVar [[r.Shadow.MaxResolution:2048]]
[2021.12.31-05.33.00:900][  0]LogConfig: Setting CVar [[r.Shadow.MaxCSMResolution:2048]]
[2021.12.31-05.33.00:900][  0]LogConfig: Setting CVar [[r.Shadow.RadiusThreshold:0.01]]
[2021.12.31-05.33.00:900][  0]LogConfig: Setting CVar [[r.Shadow.DistanceScale:1.0]]
[2021.12.31-05.33.00:900][  0]LogConfig: Setting CVar [[r.Shadow.CSM.TransitionScale:1.0]]
[2021.12.31-05.33.00:900][  0]LogConfig: Setting CVar [[r.Shadow.PreShadowResolutionFactor:1.0]]
[2021.12.31-05.33.00:900][  0]LogConfig: Setting CVar [[r.DistanceFieldShadowing:1]]
[2021.12.31-05.33.00:900][  0]LogConfig: Setting CVar [[r.DistanceFieldAO:1]]
[2021.12.31-05.33.00:900][  0]LogConfig: Setting CVar [[r.AOQuality:2]]
[2021.12.31-05.33.00:900][  0]LogConfig: Setting CVar [[r.VolumetricFog:1]]
[2021.12.31-05.33.00:900][  0]LogConfig: Setting CVar [[r.VolumetricFog.GridPixelSize:8]]
[2021.12.31-05.33.00:900][  0]LogConfig: Setting CVar [[r.VolumetricFog.GridSizeZ:128]]
[2021.12.31-05.33.00:900][  0]LogConfig: Setting CVar [[r.VolumetricFog.HistoryMissSupersampleCount:4]]
[2021.12.31-05.33.00:900][  0]LogConfig: Setting CVar [[r.LightMaxDrawDistanceScale:1]]
[2021.12.31-05.33.00:900][  0]LogConfig: Setting CVar [[r.CapsuleShadows:1]]
[2021.12.31-05.33.00:900][  0]LogConfig: Applying CVar settings from Section [PostProcessQuality@3] File [D:/Github/GitHub/UnrealEngineProject/UnrealCppProject2/Saved/Config/Windows/Scalability.ini]
[2021.12.31-05.33.00:900][  0]LogConfig: Setting CVar [[r.MotionBlurQuality:4]]
[2021.12.31-05.33.00:900][  0]LogConfig: Setting CVar [[r.AmbientOcclusionMipLevelFactor:0.4]]
[2021.12.31-05.33.00:900][  0]LogConfig: Setting CVar [[r.AmbientOcclusionMaxQuality:100]]
[2021.12.31-05.33.00:900][  0]LogConfig: Setting CVar [[r.AmbientOcclusionLevels:-1]]
[2021.12.31-05.33.00:900][  0]LogConfig: Setting CVar [[r.AmbientOcclusionRadiusScale:1.0]]
[2021.12.31-05.33.00:900][  0]LogConfig: Setting CVar [[r.DepthOfFieldQuality:2]]
[2021.12.31-05.33.00:900][  0]LogConfig: Setting CVar [[r.RenderTargetPoolMin:400]]
[2021.12.31-05.33.00:900][  0]LogConfig: Setting CVar [[r.LensFlareQuality:2]]
[2021.12.31-05.33.00:900][  0]LogConfig: Setting CVar [[r.SceneColorFringeQuality:1]]
[2021.12.31-05.33.00:900][  0]LogConfig: Setting CVar [[r.EyeAdaptationQuality:2]]
[2021.12.31-05.33.00:900][  0]LogConfig: Setting CVar [[r.BloomQuality:5]]
[2021.12.31-05.33.00:900][  0]LogConfig: Setting CVar [[r.FastBlurThreshold:100]]
[2021.12.31-05.33.00:900][  0]LogConfig: Setting CVar [[r.Upscale.Quality:3]]
[2021.12.31-05.33.00:900][  0]LogConfig: Setting CVar [[r.Tonemapper.GrainQuantization:1]]
[2021.12.31-05.33.00:900][  0]LogConfig: Setting CVar [[r.LightShaftQuality:1]]
[2021.12.31-05.33.00:900][  0]LogConfig: Setting CVar [[r.Filter.SizeScale:1]]
[2021.12.31-05.33.00:900][  0]LogConfig: Setting CVar [[r.Tonemapper.Quality:5]]
[2021.12.31-05.33.00:900][  0]LogConfig: Setting CVar [[r.DOF.Gather.AccumulatorQuality:1        ; higher gathering accumulator quality]]
[2021.12.31-05.33.00:900][  0]LogConfig: Setting CVar [[r.DOF.Gather.PostfilterMethod:1          ; Median3x3 postfilering method]]
[2021.12.31-05.33.00:900][  0]LogConfig: Setting CVar [[r.DOF.Gather.EnableBokehSettings:0       ; no bokeh simulation when gathering]]
[2021.12.31-05.33.00:900][  0]LogConfig: Setting CVar [[r.DOF.Gather.RingCount:4                 ; medium number of samples when gathering]]
[2021.12.31-05.33.00:900][  0]LogConfig: Setting CVar [[r.DOF.Scatter.ForegroundCompositing:1    ; additive foreground scattering]]
[2021.12.31-05.33.00:900][  0]LogConfig: Setting CVar [[r.DOF.Scatter.BackgroundCompositing:2    ; additive background scattering]]
[2021.12.31-05.33.00:900][  0]LogConfig: Setting CVar [[r.DOF.Scatter.EnableBokehSettings:1      ; bokeh simulation when scattering]]
[2021.12.31-05.33.00:900][  0]LogConfig: Setting CVar [[r.DOF.Scatter.MaxSpriteRatio:0.1         ; only a maximum of 10% of scattered bokeh]]
[2021.12.31-05.33.00:900][  0]LogConfig: Setting CVar [[r.DOF.Recombine.Quality:1                ; cheap slight out of focus]]
[2021.12.31-05.33.00:900][  0]LogConfig: Setting CVar [[r.DOF.Recombine.EnableBokehSettings:0    ; no bokeh simulation on slight out of focus]]
[2021.12.31-05.33.00:900][  0]LogConfig: Setting CVar [[r.DOF.TemporalAAQuality:1                ; more stable temporal accumulation]]
[2021.12.31-05.33.00:900][  0]LogConfig: Setting CVar [[r.DOF.Kernel.MaxForegroundRadius:0.025]]
[2021.12.31-05.33.00:900][  0]LogConfig: Setting CVar [[r.DOF.Kernel.MaxBackgroundRadius:0.025]]
[2021.12.31-05.33.00:900][  0]LogConfig: Applying CVar settings from Section [TextureQuality@3] File [D:/Github/GitHub/UnrealEngineProject/UnrealCppProject2/Saved/Config/Windows/Scalability.ini]
[2021.12.31-05.33.00:900][  0]LogConfig: Setting CVar [[r.Streaming.MipBias:0]]
[2021.12.31-05.33.00:900][  0]LogConfig: Setting CVar [[r.Streaming.AmortizeCPUToGPUCopy:0]]
[2021.12.31-05.33.00:900][  0]LogConfig: Setting CVar [[r.Streaming.MaxNumTexturesToStreamPerFrame:0]]
[2021.12.31-05.33.00:900][  0]LogConfig: Setting CVar [[r.Streaming.Boost:1]]
[2021.12.31-05.33.00:900][  0]LogConfig: Setting CVar [[r.MaxAnisotropy:8]]
[2021.12.31-05.33.00:900][  0]LogConfig: Setting CVar [[r.VT.MaxAnisotropy:8]]
[2021.12.31-05.33.00:900][  0]LogConfig: Setting CVar [[r.Streaming.LimitPoolSizeToVRAM:0]]
[2021.12.31-05.33.00:900][  0]LogConfig: Setting CVar [[r.Streaming.PoolSize:1000]]
[2021.12.31-05.33.00:900][  0]LogConfig: Setting CVar [[r.Streaming.MaxEffectiveScreenSize:0]]
[2021.12.31-05.33.00:900][  0]LogConfig: Applying CVar settings from Section [EffectsQuality@3] File [D:/Github/GitHub/UnrealEngineProject/UnrealCppProject2/Saved/Config/Windows/Scalability.ini]
[2021.12.31-05.33.00:901][  0]LogConfig: Setting CVar [[r.TranslucencyLightingVolumeDim:64]]
[2021.12.31-05.33.00:901][  0]LogConfig: Setting CVar [[r.RefractionQuality:2]]
[2021.12.31-05.33.00:901][  0]LogConfig: Setting CVar [[r.SSR.Quality:3]]
[2021.12.31-05.33.00:901][  0]LogConfig: Setting CVar [[r.SSR.HalfResSceneColor:0]]
[2021.12.31-05.33.00:901][  0]LogConfig: Setting CVar [[r.SceneColorFormat:4]]
[2021.12.31-05.33.00:901][  0]LogConfig: Setting CVar [[r.DetailMode:2]]
[2021.12.31-05.33.00:901][  0]LogConfig: Setting CVar [[r.TranslucencyVolumeBlur:1]]
[2021.12.31-05.33.00:901][  0]LogConfig: Setting CVar [[r.MaterialQualityLevel:1 ; High quality]]
[2021.12.31-05.33.00:901][  0]LogConfig: Setting CVar [[r.SSS.Scale:1]]
[2021.12.31-05.33.00:901][  0]LogConfig: Setting CVar [[r.SSS.SampleSet:2]]
[2021.12.31-05.33.00:901][  0]LogConfig: Setting CVar [[r.SSS.Quality:1]]
[2021.12.31-05.33.00:901][  0]LogConfig: Setting CVar [[r.SSS.HalfRes:0]]
[2021.12.31-05.33.00:901][  0]LogConfig: Setting CVar [[r.SSGI.Quality:3]]
[2021.12.31-05.33.00:901][  0]LogConfig: Setting CVar [[r.EmitterSpawnRateScale:1.0]]
[2021.12.31-05.33.00:901][  0]LogConfig: Setting CVar [[r.ParticleLightQuality:2]]
[2021.12.31-05.33.00:901][  0]LogConfig: Setting CVar [[r.SkyAtmosphere.AerialPerspectiveLUT.FastApplyOnOpaque:1 ; Always have FastSkyLUT 1 in this case to avoid wrong sky]]
[2021.12.31-05.33.00:901][  0]LogConfig: Setting CVar [[r.SkyAtmosphere.AerialPerspectiveLUT.SampleCountPerSlice:1]]
[2021.12.31-05.33.00:901][  0]LogConfig: Setting CVar [[r.SkyAtmosphere.AerialPerspectiveLUT.DepthResolution:16.0]]
[2021.12.31-05.33.00:901][  0]LogConfig: Setting CVar [[r.SkyAtmosphere.FastSkyLUT:1]]
[2021.12.31-05.33.00:901][  0]LogConfig: Setting CVar [[r.SkyAtmosphere.FastSkyLUT.SampleCountMin:4.0]]
[2021.12.31-05.33.00:901][  0]LogConfig: Setting CVar [[r.SkyAtmosphere.FastSkyLUT.SampleCountMax:32.0]]
[2021.12.31-05.33.00:901][  0]LogConfig: Setting CVar [[r.SkyAtmosphere.SampleCountMin:4.0]]
[2021.12.31-05.33.00:901][  0]LogConfig: Setting CVar [[r.SkyAtmosphere.SampleCountMax:32.0]]
[2021.12.31-05.33.00:901][  0]LogConfig: Setting CVar [[r.SkyAtmosphere.TransmittanceLUT.UseSmallFormat:0]]
[2021.12.31-05.33.00:901][  0]LogConfig: Setting CVar [[r.SkyAtmosphere.TransmittanceLUT.SampleCount:10.0]]
[2021.12.31-05.33.00:901][  0]LogConfig: Setting CVar [[r.SkyAtmosphere.MultiScatteringLUT.SampleCount:15.0]]
[2021.12.31-05.33.00:901][  0]LogConfig: Applying CVar settings from Section [FoliageQuality@3] File [D:/Github/GitHub/UnrealEngineProject/UnrealCppProject2/Saved/Config/Windows/Scalability.ini]
[2021.12.31-05.33.00:901][  0]LogConfig: Setting CVar [[foliage.DensityScale:1.0]]
[2021.12.31-05.33.00:901][  0]LogConfig: Setting CVar [[grass.DensityScale:1.0]]
[2021.12.31-05.33.00:901][  0]LogConfig: Applying CVar settings from Section [ShadingQuality@3] File [D:/Github/GitHub/UnrealEngineProject/UnrealCppProject2/Saved/Config/Windows/Scalability.ini]
[2021.12.31-05.33.00:901][  0]LogConfig: Setting CVar [[r.HairStrands.SkyLighting.SampleCount:16]]
[2021.12.31-05.33.00:901][  0]LogConfig: Setting CVar [[r.HairStrands.SkyLighting.JitterIntegration:0]]
[2021.12.31-05.33.00:901][  0]LogConfig: Setting CVar [[r.HairStrands.SkyAO.SampleCount:16]]
[2021.12.31-05.33.00:901][  0]LogConfig: Setting CVar [[r.HairStrands.DeepShadow.SuperSampling:0]]
[2021.12.31-05.33.00:901][  0]LogConfig: Setting CVar [[r.HairStrands.VisibilityPPLL:0]]
[2021.12.31-05.33.00:901][  0]LogConfig: Setting CVar [[r.HairStrands.RasterizationScale:0.5]]
[2021.12.31-05.33.00:901][  0]LogConfig: Setting CVar [[r.HairStrands.VelocityRasterizationScale:1]]
[2021.12.31-05.33.00:901][  0]LogInit: Selected Device Profile: [Windows]
[2021.12.31-05.33.00:901][  0]LogInit: Applying CVar settings loaded from the selected device profile: [Windows]
[2021.12.31-05.33.00:901][  0]LogHAL: Display: Platform has ~ 16 GB [17125781504 / 17179869184 / 16], which maps to Larger [LargestMinGB=32, LargerMinGB=12, DefaultMinGB=8, SmallerMinGB=6, SmallestMinGB=0)
[2021.12.31-05.33.00:901][  0]LogInit: Going up to parent DeviceProfile []
[2021.12.31-05.33.00:901][  0]LogConfig: Applying CVar settings from Section [ViewDistanceQuality@3] File [D:/Github/GitHub/UnrealEngineProject/UnrealCppProject2/Saved/Config/Windows/Scalability.ini]
[2021.12.31-05.33.00:901][  0]LogConfig: Setting CVar [[r.SkeletalMeshLODBias:0]]
[2021.12.31-05.33.00:901][  0]LogConfig: Setting CVar [[r.ViewDistanceScale:1.0]]
[2021.12.31-05.33.00:901][  0]LogConfig: Applying CVar settings from Section [AntiAliasingQuality@3] File [D:/Github/GitHub/UnrealEngineProject/UnrealCppProject2/Saved/Config/Windows/Scalability.ini]
[2021.12.31-05.33.00:901][  0]LogConfig: Setting CVar [[r.PostProcessAAQuality:4]]
[2021.12.31-05.33.00:901][  0]LogConfig: Applying CVar settings from Section [ShadowQuality@3] File [D:/Github/GitHub/UnrealEngineProject/UnrealCppProject2/Saved/Config/Windows/Scalability.ini]
[2021.12.31-05.33.00:901][  0]LogConfig: Setting CVar [[r.LightFunctionQuality:1]]
[2021.12.31-05.33.00:901][  0]LogConfig: Setting CVar [[r.ShadowQuality:5]]
[2021.12.31-05.33.00:901][  0]LogConfig: Setting CVar [[r.Shadow.CSM.MaxCascades:10]]
[2021.12.31-05.33.00:901][  0]LogConfig: Setting CVar [[r.Shadow.MaxResolution:2048]]
[2021.12.31-05.33.00:901][  0]LogConfig: Setting CVar [[r.Shadow.MaxCSMResolution:2048]]
[2021.12.31-05.33.00:901][  0]LogConfig: Setting CVar [[r.Shadow.RadiusThreshold:0.01]]
[2021.12.31-05.33.00:901][  0]LogConfig: Setting CVar [[r.Shadow.DistanceScale:1.0]]
[2021.12.31-05.33.00:901][  0]LogConfig: Setting CVar [[r.Shadow.CSM.TransitionScale:1.0]]
[2021.12.31-05.33.00:901][  0]LogConfig: Setting CVar [[r.Shadow.PreShadowResolutionFactor:1.0]]
[2021.12.31-05.33.00:901][  0]LogConfig: Setting CVar [[r.DistanceFieldShadowing:1]]
[2021.12.31-05.33.00:901][  0]LogConfig: Setting CVar [[r.DistanceFieldAO:1]]
[2021.12.31-05.33.00:901][  0]LogConfig: Setting CVar [[r.AOQuality:2]]
[2021.12.31-05.33.00:901][  0]LogConfig: Setting CVar [[r.VolumetricFog:1]]
[2021.12.31-05.33.00:901][  0]LogConfig: Setting CVar [[r.VolumetricFog.GridPixelSize:8]]
[2021.12.31-05.33.00:901][  0]LogConfig: Setting CVar [[r.VolumetricFog.GridSizeZ:128]]
[2021.12.31-05.33.00:901][  0]LogConfig: Setting CVar [[r.VolumetricFog.HistoryMissSupersampleCount:4]]
[2021.12.31-05.33.00:901][  0]LogConfig: Setting CVar [[r.LightMaxDrawDistanceScale:1]]
[2021.12.31-05.33.00:901][  0]LogConfig: Setting CVar [[r.CapsuleShadows:1]]
[2021.12.31-05.33.00:901][  0]LogConfig: Applying CVar settings from Section [PostProcessQuality@3] File [D:/Github/GitHub/UnrealEngineProject/UnrealCppProject2/Saved/Config/Windows/Scalability.ini]
[2021.12.31-05.33.00:901][  0]LogConfig: Setting CVar [[r.MotionBlurQuality:4]]
[2021.12.31-05.33.00:901][  0]LogConfig: Setting CVar [[r.AmbientOcclusionMipLevelFactor:0.4]]
[2021.12.31-05.33.00:901][  0]LogConfig: Setting CVar [[r.AmbientOcclusionMaxQuality:100]]
[2021.12.31-05.33.00:901][  0]LogConfig: Setting CVar [[r.AmbientOcclusionLevels:-1]]
[2021.12.31-05.33.00:901][  0]LogConfig: Setting CVar [[r.AmbientOcclusionRadiusScale:1.0]]
[2021.12.31-05.33.00:901][  0]LogConfig: Setting CVar [[r.DepthOfFieldQuality:2]]
[2021.12.31-05.33.00:901][  0]LogConfig: Setting CVar [[r.RenderTargetPoolMin:400]]
[2021.12.31-05.33.00:901][  0]LogConfig: Setting CVar [[r.LensFlareQuality:2]]
[2021.12.31-05.33.00:901][  0]LogConfig: Setting CVar [[r.SceneColorFringeQuality:1]]
[2021.12.31-05.33.00:901][  0]LogConfig: Setting CVar [[r.EyeAdaptationQuality:2]]
[2021.12.31-05.33.00:901][  0]LogConfig: Setting CVar [[r.BloomQuality:5]]
[2021.12.31-05.33.00:901][  0]LogConfig: Setting CVar [[r.FastBlurThreshold:100]]
[2021.12.31-05.33.00:901][  0]LogConfig: Setting CVar [[r.Upscale.Quality:3]]
[2021.12.31-05.33.00:901][  0]LogConfig: Setting CVar [[r.Tonemapper.GrainQuantization:1]]
[2021.12.31-05.33.00:901][  0]LogConfig: Setting CVar [[r.LightShaftQuality:1]]
[2021.12.31-05.33.00:901][  0]LogConfig: Setting CVar [[r.Filter.SizeScale:1]]
[2021.12.31-05.33.00:901][  0]LogConfig: Setting CVar [[r.Tonemapper.Quality:5]]
[2021.12.31-05.33.00:901][  0]LogConfig: Setting CVar [[r.DOF.Gather.AccumulatorQuality:1        ; higher gathering accumulator quality]]
[2021.12.31-05.33.00:901][  0]LogConfig: Setting CVar [[r.DOF.Gather.PostfilterMethod:1          ; Median3x3 postfilering method]]
[2021.12.31-05.33.00:901][  0]LogConfig: Setting CVar [[r.DOF.Gather.EnableBokehSettings:0       ; no bokeh simulation when gathering]]
[2021.12.31-05.33.00:901][  0]LogConfig: Setting CVar [[r.DOF.Gather.RingCount:4                 ; medium number of samples when gathering]]
[2021.12.31-05.33.00:901][  0]LogConfig: Setting CVar [[r.DOF.Scatter.ForegroundCompositing:1    ; additive foreground scattering]]
[2021.12.31-05.33.00:901][  0]LogConfig: Setting CVar [[r.DOF.Scatter.BackgroundCompositing:2    ; additive background scattering]]
[2021.12.31-05.33.00:901][  0]LogConfig: Setting CVar [[r.DOF.Scatter.EnableBokehSettings:1      ; bokeh simulation when scattering]]
[2021.12.31-05.33.00:902][  0]LogConfig: Setting CVar [[r.DOF.Scatter.MaxSpriteRatio:0.1         ; only a maximum of 10% of scattered bokeh]]
[2021.12.31-05.33.00:902][  0]LogConfig: Setting CVar [[r.DOF.Recombine.Quality:1                ; cheap slight out of focus]]
[2021.12.31-05.33.00:902][  0]LogConfig: Setting CVar [[r.DOF.Recombine.EnableBokehSettings:0    ; no bokeh simulation on slight out of focus]]
[2021.12.31-05.33.00:902][  0]LogConfig: Setting CVar [[r.DOF.TemporalAAQuality:1                ; more stable temporal accumulation]]
[2021.12.31-05.33.00:902][  0]LogConfig: Setting CVar [[r.DOF.Kernel.MaxForegroundRadius:0.025]]
[2021.12.31-05.33.00:902][  0]LogConfig: Setting CVar [[r.DOF.Kernel.MaxBackgroundRadius:0.025]]
[2021.12.31-05.33.00:902][  0]LogConfig: Applying CVar settings from Section [TextureQuality@3] File [D:/Github/GitHub/UnrealEngineProject/UnrealCppProject2/Saved/Config/Windows/Scalability.ini]
[2021.12.31-05.33.00:902][  0]LogConfig: Setting CVar [[r.Streaming.MipBias:0]]
[2021.12.31-05.33.00:902][  0]LogConfig: Setting CVar [[r.Streaming.AmortizeCPUToGPUCopy:0]]
[2021.12.31-05.33.00:902][  0]LogConfig: Setting CVar [[r.Streaming.MaxNumTexturesToStreamPerFrame:0]]
[2021.12.31-05.33.00:902][  0]LogConfig: Setting CVar [[r.Streaming.Boost:1]]
[2021.12.31-05.33.00:902][  0]LogConfig: Setting CVar [[r.MaxAnisotropy:8]]
[2021.12.31-05.33.00:902][  0]LogConfig: Setting CVar [[r.VT.MaxAnisotropy:8]]
[2021.12.31-05.33.00:902][  0]LogConfig: Setting CVar [[r.Streaming.LimitPoolSizeToVRAM:0]]
[2021.12.31-05.33.00:902][  0]LogConfig: Setting CVar [[r.Streaming.PoolSize:1000]]
[2021.12.31-05.33.00:902][  0]LogConfig: Setting CVar [[r.Streaming.MaxEffectiveScreenSize:0]]
[2021.12.31-05.33.00:902][  0]LogConfig: Applying CVar settings from Section [EffectsQuality@3] File [D:/Github/GitHub/UnrealEngineProject/UnrealCppProject2/Saved/Config/Windows/Scalability.ini]
[2021.12.31-05.33.00:902][  0]LogConfig: Setting CVar [[r.TranslucencyLightingVolumeDim:64]]
[2021.12.31-05.33.00:902][  0]LogConfig: Setting CVar [[r.RefractionQuality:2]]
[2021.12.31-05.33.00:902][  0]LogConfig: Setting CVar [[r.SSR.Quality:3]]
[2021.12.31-05.33.00:902][  0]LogConfig: Setting CVar [[r.SSR.HalfResSceneColor:0]]
[2021.12.31-05.33.00:902][  0]LogConfig: Setting CVar [[r.SceneColorFormat:4]]
[2021.12.31-05.33.00:902][  0]LogConfig: Setting CVar [[r.DetailMode:2]]
[2021.12.31-05.33.00:902][  0]LogConfig: Setting CVar [[r.TranslucencyVolumeBlur:1]]
[2021.12.31-05.33.00:902][  0]LogConfig: Setting CVar [[r.MaterialQualityLevel:1 ; High quality]]
[2021.12.31-05.33.00:902][  0]LogConfig: Setting CVar [[r.SSS.Scale:1]]
[2021.12.31-05.33.00:902][  0]LogConfig: Setting CVar [[r.SSS.SampleSet:2]]
[2021.12.31-05.33.00:902][  0]LogConfig: Setting CVar [[r.SSS.Quality:1]]
[2021.12.31-05.33.00:902][  0]LogConfig: Setting CVar [[r.SSS.HalfRes:0]]
[2021.12.31-05.33.00:902][  0]LogConfig: Setting CVar [[r.SSGI.Quality:3]]
[2021.12.31-05.33.00:902][  0]LogConfig: Setting CVar [[r.EmitterSpawnRateScale:1.0]]
[2021.12.31-05.33.00:902][  0]LogConfig: Setting CVar [[r.ParticleLightQuality:2]]
[2021.12.31-05.33.00:902][  0]LogConfig: Setting CVar [[r.SkyAtmosphere.AerialPerspectiveLUT.FastApplyOnOpaque:1 ; Always have FastSkyLUT 1 in this case to avoid wrong sky]]
[2021.12.31-05.33.00:902][  0]LogConfig: Setting CVar [[r.SkyAtmosphere.AerialPerspectiveLUT.SampleCountPerSlice:1]]
[2021.12.31-05.33.00:902][  0]LogConfig: Setting CVar [[r.SkyAtmosphere.AerialPerspectiveLUT.DepthResolution:16.0]]
[2021.12.31-05.33.00:902][  0]LogConfig: Setting CVar [[r.SkyAtmosphere.FastSkyLUT:1]]
[2021.12.31-05.33.00:902][  0]LogConfig: Setting CVar [[r.SkyAtmosphere.FastSkyLUT.SampleCountMin:4.0]]
[2021.12.31-05.33.00:902][  0]LogConfig: Setting CVar [[r.SkyAtmosphere.FastSkyLUT.SampleCountMax:32.0]]
[2021.12.31-05.33.00:902][  0]LogConfig: Setting CVar [[r.SkyAtmosphere.SampleCountMin:4.0]]
[2021.12.31-05.33.00:902][  0]LogConfig: Setting CVar [[r.SkyAtmosphere.SampleCountMax:32.0]]
[2021.12.31-05.33.00:902][  0]LogConfig: Setting CVar [[r.SkyAtmosphere.TransmittanceLUT.UseSmallFormat:0]]
[2021.12.31-05.33.00:902][  0]LogConfig: Setting CVar [[r.SkyAtmosphere.TransmittanceLUT.SampleCount:10.0]]
[2021.12.31-05.33.00:902][  0]LogConfig: Setting CVar [[r.SkyAtmosphere.MultiScatteringLUT.SampleCount:15.0]]
[2021.12.31-05.33.00:902][  0]LogConfig: Applying CVar settings from Section [FoliageQuality@3] File [D:/Github/GitHub/UnrealEngineProject/UnrealCppProject2/Saved/Config/Windows/Scalability.ini]
[2021.12.31-05.33.00:902][  0]LogConfig: Setting CVar [[foliage.DensityScale:1.0]]
[2021.12.31-05.33.00:902][  0]LogConfig: Setting CVar [[grass.DensityScale:1.0]]
[2021.12.31-05.33.00:902][  0]LogConfig: Applying CVar settings from Section [ShadingQuality@3] File [D:/Github/GitHub/UnrealEngineProject/UnrealCppProject2/Saved/Config/Windows/Scalability.ini]
[2021.12.31-05.33.00:902][  0]LogConfig: Setting CVar [[r.HairStrands.SkyLighting.SampleCount:16]]
[2021.12.31-05.33.00:902][  0]LogConfig: Setting CVar [[r.HairStrands.SkyLighting.JitterIntegration:0]]
[2021.12.31-05.33.00:902][  0]LogConfig: Setting CVar [[r.HairStrands.SkyAO.SampleCount:16]]
[2021.12.31-05.33.00:902][  0]LogConfig: Setting CVar [[r.HairStrands.DeepShadow.SuperSampling:0]]
[2021.12.31-05.33.00:902][  0]LogConfig: Setting CVar [[r.HairStrands.VisibilityPPLL:0]]
[2021.12.31-05.33.00:902][  0]LogConfig: Setting CVar [[r.HairStrands.RasterizationScale:0.5]]
[2021.12.31-05.33.00:902][  0]LogConfig: Setting CVar [[r.HairStrands.VelocityRasterizationScale:1]]
[2021.12.31-05.33.00:902][  0]LogConfig: Applying CVar settings from Section [Startup] File [../../../Engine/Config/ConsoleVariables.ini]
[2021.12.31-05.33.00:903][  0]LogConfig: Setting CVar [[net.UseAdaptiveNetUpdateFrequency:0]]
[2021.12.31-05.33.00:903][  0]LogConfig: Setting CVar [[p.chaos.AllowCreatePhysxBodies:1]]
[2021.12.31-05.33.00:903][  0]LogConfig: Setting CVar [[fx.SkipVectorVMBackendOptimizations:1]]
[2021.12.31-05.33.00:903][  0]LogConfig: Applying CVar settings from Section [ConsoleVariables] File [D:/Github/GitHub/UnrealEngineProject/UnrealCppProject2/Saved/Config/Windows/Engine.ini]
[2021.12.31-05.33.00:903][  0]LogInit: Computer: SUHYUN
[2021.12.31-05.33.00:903][  0]LogInit: User: 이수현
[2021.12.31-05.33.00:903][  0]LogInit: CPU Page size=4096, Cores=6
[2021.12.31-05.33.00:903][  0]LogInit: High frequency timer resolution =10.000000 MHz
[2021.12.31-05.33.00:903][  0]LogMemory: Memory total: Physical=15.9GB (16GB approx)
[2021.12.31-05.33.00:903][  0]LogMemory: Platform Memory Stats for Windows
[2021.12.31-05.33.00:903][  0]LogMemory: Process Physical Memory: 120.18 MB used, 120.19 MB peak
[2021.12.31-05.33.00:903][  0]LogMemory: Process Virtual Memory: 99.14 MB used, 99.14 MB peak
[2021.12.31-05.33.00:903][  0]LogMemory: Physical Memory: 7802.08 MB used,  8530.34 MB free, 16332.42 MB total
[2021.12.31-05.33.00:903][  0]LogMemory: Virtual Memory: 5146.69 MB used,  134212584.00 MB free, 134217728.00 MB total
[2021.12.31-05.33.00:909][  0]LogWindows: WindowsPlatformFeatures enabled
[2021.12.31-05.33.00:953][  0]LogInit: Physics initialised using underlying interface: PhysX
[2021.12.31-05.33.00:953][  0]LogInit: Using OS detected language (ko-KR).
[2021.12.31-05.33.00:953][  0]LogInit: Using OS detected locale (ko-KR).
[2021.12.31-05.33.00:954][  0]LogTextLocalizationManager: No specific localization for 'ko-KR' exists, so the 'ko' localization will be used.
[2021.12.31-05.33.01:087][  0]LogSlate: New Slate User Created.  User Index 0, Is Virtual User: 0
[2021.12.31-05.33.01:087][  0]LogSlate: Slate User Registered.  User Index 0, Is Virtual User: 0
[2021.12.31-05.33.01:094][  0]LogHMD: Failed to initialize OpenVR with code 110
[2021.12.31-05.33.01:094][  0]LogD3D11RHI: D3D11 min allowed feature level: 11_0
[2021.12.31-05.33.01:094][  0]LogD3D11RHI: D3D11 max allowed feature level: 11_0
[2021.12.31-05.33.01:094][  0]LogD3D11RHI: D3D11 adapters:
[2021.12.31-05.33.01:174][  0]LogD3D11RHI:    0. 'NVIDIA GeForce GTX 1070' (Feature Level 11_0)
[2021.12.31-05.33.01:174][  0]LogD3D11RHI:       8088/0/8166 MB DedicatedVideo/DedicatedSystem/SharedSystem, Outputs:1, VendorId:0x10de
[2021.12.31-05.33.01:176][  0]LogD3D11RHI:    1. 'Microsoft Basic Render Driver' (Feature Level 11_0)
[2021.12.31-05.33.01:176][  0]LogD3D11RHI:       0/0/8166 MB DedicatedVideo/DedicatedSystem/SharedSystem, Outputs:0, VendorId:0x1414
[2021.12.31-05.33.01:176][  0]LogD3D11RHI: Chosen D3D11 Adapter: 0
[2021.12.31-05.33.01:182][  0]LogD3D11RHI: Creating new Direct3DDevice
[2021.12.31-05.33.01:182][  0]LogD3D11RHI:     GPU DeviceId: 0x1b81 (for the marketing name, search the web for "GPU Device Id")
[2021.12.31-05.33.01:182][  0]LogWindows: EnumDisplayDevices:
[2021.12.31-05.33.01:182][  0]LogWindows:    0. 'NVIDIA GeForce GTX 1070' (P:1 D:1)
[2021.12.31-05.33.01:182][  0]LogWindows:    1. 'NVIDIA GeForce GTX 1070' (P:0 D:0)
[2021.12.31-05.33.01:182][  0]LogWindows:    2. 'NVIDIA GeForce GTX 1070' (P:0 D:0)
[2021.12.31-05.33.01:182][  0]LogWindows:    3. 'NVIDIA GeForce GTX 1070' (P:0 D:0)
[2021.12.31-05.33.01:182][  0]LogWindows: DebugString: FoundDriverCount:4 
[2021.12.31-05.33.01:182][  0]LogD3D11RHI:     Adapter Name: NVIDIA GeForce GTX 1070
[2021.12.31-05.33.01:182][  0]LogD3D11RHI:   Driver Version: 497.09 (internal:30.0.14.9709, unified:497.09)
[2021.12.31-05.33.01:182][  0]LogD3D11RHI:      Driver Date: 11-26-2021
[2021.12.31-05.33.01:182][  0]LogRHI: Texture pool is 5661 MB (70% of 8088 MB)
[2021.12.31-05.33.01:236][  0]LogD3D11RHI: RHI has support for 64 bit atomics
[2021.12.31-05.33.01:236][  0]LogD3D11RHI: Async texture creation enabled
[2021.12.31-05.33.01:236][  0]LogD3D11RHI: Array index from any shader is supported
[2021.12.31-05.33.01:255][  0]LogD3D11RHI: GPU Timing Frequency: 1000.000000 (Debug: 2 1)
[2021.12.31-05.33.01:490][  0]LogTargetPlatformManager: Display: Loaded TargetPlatform 'WindowsNoEditor'
[2021.12.31-05.33.01:494][  0]LogTargetPlatformManager: Display: Loaded TargetPlatform 'Windows'
[2021.12.31-05.33.01:502][  0]LogTargetPlatformManager: Display: Loaded TargetPlatform 'WindowsClient'
[2021.12.31-05.33.01:510][  0]LogTargetPlatformManager: Display: Loaded TargetPlatform 'WindowsServer'
[2021.12.31-05.33.01:510][  0]LogTargetPlatformManager: Display: Building Assets For Windows
[2021.12.31-05.33.01:517][  0]LogAudioDebug: Display: Lib vorbis DLL was dynamically loaded.
[2021.12.31-05.33.01:564][  0]LogShaderCompilers: Guid format shader working directory is -23 characters bigger than the processId version (../../../../../Github/GitHub/UnrealEngineProject/UnrealCppProject2/Intermediate/Shaders/WorkingDirectory/16628/).
[2021.12.31-05.33.01:564][  0]LogShaderCompilers: Cleaned the shader compiler working directory 'C:/Users/이수현/AppData/Local/Temp/UnrealShaderWorkingDir/27978E7F40C185E91684ABBCB06F36AD/'.
[2021.12.31-05.33.01:565][  0]LogXGEController: Cannot use XGE Controller as Incredibuild is not installed on this machine.
[2021.12.31-05.33.01:565][  0]LogShaderCompilers: Cannot use XGE Shader Compiler as Incredibuild is not installed on this machine.
[2021.12.31-05.33.01:565][  0]LogShaderCompilers: Display: Using Local Shader Compiler.
[2021.12.31-05.33.02:219][  0]LogDerivedDataCache: Display: Max Cache Size: 512 MB
[2021.12.31-05.33.02:268][  0]LogDerivedDataCache: Loaded boot cache 0.05s 86MB C:/Users/이수현/AppData/Local/UnrealEngine/4.25/DerivedDataCache/Boot.ddc.
[2021.12.31-05.33.02:268][  0]LogDerivedDataCache: Display: Loaded Boot cache: C:/Users/이수현/AppData/Local/UnrealEngine/4.25/DerivedDataCache/Boot.ddc
[2021.12.31-05.33.02:269][  0]LogDerivedDataCache: FDerivedDataBackendGraph:  Pak pak cache file ../../../../../Github/GitHub/UnrealEngineProject/UnrealCppProject2/DerivedDataCache/DDC.ddp not found, will not use a pak cache.
[2021.12.31-05.33.02:269][  0]LogDerivedDataCache: Unable to find inner node Pak for hierarchical cache Hierarchy.
[2021.12.31-05.33.02:269][  0]LogDerivedDataCache: FDerivedDataBackendGraph:  CompressedPak pak cache file ../../../../../Github/GitHub/UnrealEngineProject/UnrealCppProject2/DerivedDataCache/Compressed.ddp not found, will not use a pak cache.
[2021.12.31-05.33.02:269][  0]LogDerivedDataCache: Unable to find inner node CompressedPak for hierarchical cache Hierarchy.
[2021.12.31-05.33.02:279][  0]LogDerivedDataCache: Display: Pak cache opened for reading ../../../Engine/DerivedDataCache/Compressed.ddp.
[2021.12.31-05.33.02:279][  0]LogDerivedDataCache: FDerivedDataBackendGraph:  EnterprisePak pak cache file ../../../Enterprise/DerivedDataCache/Compressed.ddp not found, will not use a pak cache.
[2021.12.31-05.33.02:279][  0]LogDerivedDataCache: Unable to find inner node EnterprisePak for hierarchical cache Hierarchy.
[2021.12.31-05.33.02:280][  0]LogDerivedDataCache: Using Local data cache path C:/Users/이수현/AppData/Local/UnrealEngine/Common/DerivedDataCache: Writable
[2021.12.31-05.33.02:280][  0]LogDerivedDataCache: Shared data cache path not found in *engine.ini, will not use an Shared cache.
[2021.12.31-05.33.02:280][  0]LogDerivedDataCache: Unable to find inner node Shared for hierarchical cache Hierarchy.
[2021.12.31-05.33.02:314][  0]LogSlate: Using FreeType 2.10.0
[2021.12.31-05.33.02:315][  0]LogSlate: SlateFontServices - WITH_FREETYPE: 1, WITH_HARFBUZZ: 1
[2021.12.31-05.33.02:386][  0]LogInit: Using OS detected language (ko-KR).
[2021.12.31-05.33.02:386][  0]LogInit: Using OS detected locale (ko-KR).
[2021.12.31-05.33.02:386][  0]LogTextLocalizationManager: No localization for 'ko-KR' exists, so 'en' will be used for the language.
[2021.12.31-05.33.02:387][  0]LogTextLocalizationManager: No localization for 'ko-KR' exists, so 'en' will be used for the locale.
[2021.12.31-05.33.02:387][  0]LogSlate: FontCache flush requested. Reason: Culture for localization was changed
[2021.12.31-05.33.02:387][  0]LogSlate: FontCache flush requested. Reason: Culture for localization was changed
[2021.12.31-05.33.02:387][  0]LogTextLocalizationManager: Compacting localization data took   0.00ms
[2021.12.31-05.33.02:390][  0]LogAssetRegistry: FAssetRegistry took 0.0021 seconds to start up
[2021.12.31-05.33.02:555][  0]LogPackageLocalizationCache: Processed 21 localized package path(s) for 1 prioritized culture(s) in 0.000990 seconds
[2021.12.31-05.33.02:598][  0]LogInit: Selected Device Profile: [Windows]
[2021.12.31-05.33.02:690][  0]LogMeshReduction: Using QuadricMeshReduction for automatic static mesh reduction
[2021.12.31-05.33.02:690][  0]LogMeshReduction: Using SimplygonMeshReduction for automatic skeletal mesh reduction
[2021.12.31-05.33.02:690][  0]LogMeshReduction: Using ProxyLODMeshReduction for automatic mesh merging
[2021.12.31-05.33.02:690][  0]LogMeshReduction: No distributed automatic mesh merging module available
[2021.12.31-05.33.02:690][  0]LogMeshMerging: No distributed automatic mesh merging module available
[2021.12.31-05.33.02:702][  0]LogNetVersion: UnrealCppProject2 1.0.0, NetCL: 13144385, EngineNetVer: 14, GameNetVer: 0 (Checksum: 2110289111)
[2021.12.31-05.33.02:934][  0]LogAISub: UAISubsystem::UAISubsystem AISubsystem (000001EA840788C0), frame # 0
[2021.12.31-05.33.02:934][  0]LogAISub: UAISubsystem::UAISubsystem AIPerceptionSystem (000001EA83FD9580), frame # 0
[2021.12.31-05.33.02:935][  0]LogAISub: UAISubsystem::UAISubsystem EnvQueryManager (000001EA84040C00), frame # 0
[2021.12.31-05.33.03:011][  0]LogCollectionManager: Loaded 0 collections in 0.000856 seconds
[2021.12.31-05.33.03:013][  0]LogFileCache: Scanning file cache for directory 'D:/Github/GitHub/UnrealEngineProject/UnrealCppProject2/Saved/Collections/' took 0.00s
[2021.12.31-05.33.03:013][  0]LogFileCache: Scanning file cache for directory 'D:/Github/GitHub/UnrealEngineProject/UnrealCppProject2/Content/Developers/이수현/Collections/' took 0.00s
[2021.12.31-05.33.03:013][  0]LogFileCache: Scanning file cache for directory 'D:/Github/GitHub/UnrealEngineProject/UnrealCppProject2/Content/Collections/' took 0.00s
[2021.12.31-05.33.03:014][  0]LogCollectionManager: Fixed up redirectors for 0 collections in 0.000002 seconds (updated 0 objects)
[2021.12.31-05.33.03:063][  0]LogMoviePlayer: Initializing movie player
[2021.12.31-05.33.03:218][  0]LogTcpMessaging: Initializing TcpMessaging bridge
[2021.12.31-05.33.03:221][  0]LogUdpMessaging: Initializing bridge on interface 0.0.0.0:0 to multicast group 230.0.0.1:6666.
[2021.12.31-05.33.03:465][  0]LogUObjectGlobals: Warning: '../../../../../Github/GitHub/UnrealEngineProject/UnrealCppProject2/Content/Character/Montages/OneHand/Sword_Draw_1_Montage.uasset' 로드 도중 '/Game/Notifies/Sword/AN_Equipped' 로드에 실패했습니다: 파일을 찾을 수 없습니다.
[2021.12.31-05.33.03:465][  0]LogUObjectGlobals: Warning: '../../../../../Github/GitHub/UnrealEngineProject/UnrealCppProject2/Content/Character/Montages/OneHand/Sword_Draw_1_Montage.uasset' 로드 도중 '/Game/Notifies/Sword/AN_Equipped' 로드에 실패했습니다: 애셋에 대한 파일을 찾을 수 없습니다.
[2021.12.31-05.33.03:465][  0]LogUObjectGlobals: Warning: '../../../../../Github/GitHub/UnrealEngineProject/UnrealCppProject2/Content/Character/Montages/OneHand/Sword_Draw_1_Montage.uasset' 로드 도중 '/Game/Notifies/Sword/AN_Equipped' 로드에 실패했습니다: 파일을 찾을 수 없습니다.
[2021.12.31-05.33.03:465][  0]LogUObjectGlobals: Warning: '../../../../../Github/GitHub/UnrealEngineProject/UnrealCppProject2/Content/Character/Montages/OneHand/Sword_Draw_1_Montage.uasset' 로드 도중 '/Game/Notifies/Sword/AN_Equipped' 로드에 실패했습니다: 애셋에 대한 파일을 찾을 수 없습니다.
[2021.12.31-05.33.03:465][  0]LogUObjectGlobals: Warning: '../../../../../Github/GitHub/UnrealEngineProject/UnrealCppProject2/Content/Character/Montages/OneHand/Sword_Draw_1_Montage.uasset' 로드 도중 '/Game/Notifies/Sword/AN_GrabSword' 로드에 실패했습니다: 파일을 찾을 수 없습니다.
[2021.12.31-05.33.03:465][  0]LogUObjectGlobals: Warning: '../../../../../Github/GitHub/UnrealEngineProject/UnrealCppProject2/Content/Character/Montages/OneHand/Sword_Draw_1_Montage.uasset' 로드 도중 '/Game/Notifies/Sword/AN_GrabSword' 로드에 실패했습니다: 애셋에 대한 파일을 찾을 수 없습니다.
[2021.12.31-05.33.03:465][  0]LogUObjectGlobals: Warning: '../../../../../Github/GitHub/UnrealEngineProject/UnrealCppProject2/Content/Character/Montages/OneHand/Sword_Draw_1_Montage.uasset' 로드 도중 '/Game/Notifies/Sword/AN_GrabSword' 로드에 실패했습니다: 파일을 찾을 수 없습니다.
[2021.12.31-05.33.03:465][  0]LogUObjectGlobals: Warning: '../../../../../Github/GitHub/UnrealEngineProject/UnrealCppProject2/Content/Character/Montages/OneHand/Sword_Draw_1_Montage.uasset' 로드 도중 '/Game/Notifies/Sword/AN_GrabSword' 로드에 실패했습니다: 애셋에 대한 파일을 찾을 수 없습니다.
[2021.12.31-05.33.03:482][  0]LogPackageName: Warning: Asset path "StaticMesh'FX_Meshes_IB.SM_Debris_Box_RadialFull'" is in short form, which is unsupported and -- even if valid -- resolving it will be really slow.
[2021.12.31-05.33.03:482][  0]LogPackageName: Warning: Please consider resaving package in order to speed-up loading.
[2021.12.31-05.33.03:603][  0]LogPackageName: SearchForPackageOnDisk took   0.121s, but failed to resolve StaticMesh'FX_Meshes_IB.
[2021.12.31-05.33.03:603][  0]LogPackageName: Warning: Asset path "StaticMesh'FX_Meshes_IB.SM_Debris_Box_RadialFull'" could not be resolved.
[2021.12.31-05.33.03:695][  0]SourceControl: 소스 컨트롤이 꺼졌습니다.
[2021.12.31-05.33.03:695][  0]SourceControl: 소스 컨트롤이 꺼졌습니다.
[2021.12.31-05.33.03:701][  0]SourceControl: 소스 컨트롤이 꺼졌습니다.
[2021.12.31-05.33.03:810][  0]LogAndroidPermission: UAndroidPermissionCallbackProxy::GetInstance
[2021.12.31-05.33.03:824][  0]LogAudioCaptureCore: Display: No Audio Capture implementations found. Audio input will be silent.
[2021.12.31-05.33.03:824][  0]LogAudioCaptureCore: Display: No Audio Capture implementations found. Audio input will be silent.
[2021.12.31-05.33.03:866][  0]LogOcInput: OculusInput pre-init called
[2021.12.31-05.33.03:880][  0]LogUObjectArray: 23296 objects as part of root set at end of initial load.
[2021.12.31-05.33.03:880][  0]LogUObjectAllocator: 6550944 out of 0 bytes used by permanent object pool.
[2021.12.31-05.33.03:880][  0]LogUObjectArray: CloseDisregardForGC: 0/0 objects in disregard for GC pool
[2021.12.31-05.33.03:920][  0]LogEngine: Initializing Engine...
[2021.12.31-05.33.03:921][  0]LogHMD: Failed to initialize OpenVR with code 110
[2021.12.31-05.33.03:921][  0]LogMagicLeap: Warning: VR disabled because ZI is not enabled.  To enable, in the editor, Edit -> Project Settings -> Plugins -> Magic Leap Plugin -> Enable Zero Iteration
[2021.12.31-05.33.03:922][  0]LogStats: UGameplayTagsManager::InitializeManager -  0.000 s
[2021.12.31-05.33.03:995][  0]LogInit: Initializing FReadOnlyCVARCache
[2021.12.31-05.33.03:999][  0]LogAudioMixer: Display: Audio Mixer Platform Settings:
[2021.12.31-05.33.03:999][  0]LogAudioMixer: Display: 	Sample Rate:						  48000
[2021.12.31-05.33.03:999][  0]LogAudioMixer: Display: 	Callback Buffer Frame Size Requested: 1024
[2021.12.31-05.33.03:999][  0]LogAudioMixer: Display: 	Callback Buffer Frame Size To Use:	  1024
[2021.12.31-05.33.03:999][  0]LogAudioMixer: Display: 	Number of buffers to queue:			  2
[2021.12.31-05.33.03:999][  0]LogAudioMixer: Display: 	Max Channels (voices):				  32
[2021.12.31-05.33.03:999][  0]LogAudioMixer: Display: 	Number of Async Source Workers:		  0
[2021.12.31-05.33.03:999][  0]LogAudio: Display: AudioDevice MaxSources: 32
[2021.12.31-05.33.03:999][  0]LogAudio: Display: Using built-in audio occlusion.
[2021.12.31-05.33.03:999][  0]LogAudioMixer: Display: Initializing audio mixer.
[2021.12.31-05.33.04:008][  0]LogAudioMixer: Display: 0: FrontLeft
[2021.12.31-05.33.04:008][  0]LogAudioMixer: Display: 1: FrontRight
[2021.12.31-05.33.04:038][  0]LogAudioMixer: Display: Using Audio Device 스피커(Realtek(R) Audio)
[2021.12.31-05.33.04:038][  0]LogAudioMixer: Display: Initializing Sound Submixes...
[2021.12.31-05.33.04:039][  0]LogAudioMixer: Display: Creating Master Submix 'MasterSubmixDefault'
[2021.12.31-05.33.04:039][  0]LogAudioMixer: Display: Creating Master Submix 'MasterReverbSubmixDefault'
[2021.12.31-05.33.04:045][  0]LogAudioMixer: Display: Creating Master Submix 'MasterEQSubmixDefault'
[2021.12.31-05.33.04:046][  0]LogInit: FAudioDevice initialized.
[2021.12.31-05.33.04:047][  0]LogNetVersion: Set ProjectVersion to 1.0.0.0. Version Checksum will be recalculated on next use.
[2021.12.31-05.33.04:049][  0]LogInit: Texture streaming: Enabled
[2021.12.31-05.33.04:100][  0]LogSlate: Updating window title bar state: overlay mode, drag disabled, window buttons hidden, title bar hidden
[2021.12.31-05.33.04:101][  0]LogInit: Display: Game Engine Initialized.
[2021.12.31-05.33.04:101][  0]LogNiagaraEditor: Warning: GEditor isn't valid! Particle reset commands will not work for Niagara components!
[2021.12.31-05.33.04:123][  0]LogInit: Display: Starting Game.
[2021.12.31-05.33.04:123][  0]LogNet: Browse: /Game/Levels/Battle?Name=Player
[2021.12.31-05.33.04:123][  0]LogLoad: LoadMap: /Game/Levels/Battle?Name=Player
[2021.12.31-05.33.04:123][  0]LogWorld: BeginTearingDown for /Temp/Untitled_0
[2021.12.31-05.33.04:124][  0]LogWorld: UWorld::CleanupWorld for Untitled, bSessionEnded=true, bCleanupResources=true
[2021.12.31-05.33.04:124][  0]LogSlate: InvalidateAllWidgets triggered.  All widgets were invalidated
[2021.12.31-05.33.04:139][  0]LogUObjectHash: Compacting FUObjectHashTables data took   0.75ms
[2021.12.31-05.33.04:222][  0]LogAIModule: Creating AISystem for world Battle
[2021.12.31-05.33.04:222][  0]LogAISub: UAISubsystem::UAISubsystem EnvQueryManager (000001EA80229A00), frame # 0
[2021.12.31-05.33.04:222][  0]LogAISub: UAISubsystem::UAISubsystem AIPerceptionSystem (000001EAF9211F80), frame # 0
[2021.12.31-05.33.04:222][  0]LogLoad: Game class is 'CGameMode'
[2021.12.31-05.33.04:227][  0]LogWorld: Bringing World /Game/Levels/Battle.Battle up for play (max tick rate 0) at 2021.12.31-14.33.04
[2021.12.31-05.33.04:228][  0]LogWorld: Bringing up level for play took: 0.005392
[2021.12.31-05.33.04:236][  0]LogUObjectGlobals: Warning: Gamethread hitch waiting for resource cleanup on a UObject (SphereComponent /Game/Levels/Battle.Battle:PersistentLevel.BP_CPlayer__Attachment_Fist.Fist_RightFoot) overwrite took   0.00ms. Fix the higher level code so that this does not happen.
[2021.12.31-05.33.04:237][  0]GameProject: Display: Fist_LeftHand
[2021.12.31-05.33.04:237][  0]GameProject: Display: Fist_RightHand
[2021.12.31-05.33.04:237][  0]GameProject: Display: Fist_LeftFoot
[2021.12.31-05.33.04:237][  0]GameProject: Display: Fist_RightFoot
[2021.12.31-05.33.04:237][  0]LogUObjectGlobals: Warning: Gamethread hitch waiting for resource cleanup on a UObject (SkeletalMeshComponent /Game/Levels/Battle.Battle:PersistentLevel.BP_CPlayer__Attachment_OneHand.SkeletalMesh) overwrite took   0.13ms. Fix the higher level code so that this does not happen.
[2021.12.31-05.33.04:237][  0]LogUObjectGlobals: Warning: Gamethread hitch waiting for resource cleanup on a UObject (CapsuleComponent /Game/Levels/Battle.Battle:PersistentLevel.BP_CPlayer__Attachment_OneHand.Capsule) overwrite took   0.07ms. Fix the higher level code so that this does not happen.
[2021.12.31-05.33.04:238][  0]LogUObjectGlobals: Warning: Gamethread hitch waiting for resource cleanup on a UObject (SkeletalMeshComponent /Game/Levels/Battle.Battle:PersistentLevel.BP_CPlayer__Attachment_TwoHand.SkeletalMesh) overwrite took   0.02ms. Fix the higher level code so that this does not happen.
[2021.12.31-05.33.04:238][  0]LogUObjectGlobals: Warning: Gamethread hitch waiting for resource cleanup on a UObject (CapsuleComponent /Game/Levels/Battle.Battle:PersistentLevel.BP_CPlayer__Attachment_TwoHand.Capsule) overwrite took   0.40ms. Fix the higher level code so that this does not happen.
[2021.12.31-05.33.04:239][  0]LogUObjectGlobals: Warning: Gamethread hitch waiting for resource cleanup on a UObject (BoxComponent /Game/Levels/Battle.Battle:PersistentLevel.BP_CPlayer__Attachment_FireStorm.Box) overwrite took   0.00ms. Fix the higher level code so that this does not happen.
[2021.12.31-05.33.04:241][  0]LogLoad: Took 0.117760 seconds to LoadMap(/Game/Levels/Battle)
[2021.12.31-05.33.04:260][  0]LogRenderer: Reallocating scene render targets to support 1280x720 Format 10 NumSamples 1 (Frame:1).
[2021.12.31-05.33.04:260][  0]LogLoad: (Engine Initialization) Total time: 5.05 seconds
[2021.12.31-05.33.04:260][  0]LogLoad: (Engine Initialization) Total Blueprint compile time: 0.00 seconds
[2021.12.31-05.33.04:279][  0]LogContentStreaming: Texture pool size now 1000 MB
[2021.12.31-05.33.04:282][  0]LogSlate: InvalidateAllWidgets triggered.  All widgets were invalidated
[2021.12.31-05.33.04:451][  0]LogRenderer: Reallocating scene render targets to support 128x128 Format 10 NumSamples 1 (Frame:1).
[2021.12.31-05.33.04:492][  0]LogRenderer: Reallocating scene render targets to support 1280x720 Format 10 NumSamples 1 (Frame:2).
[2021.12.31-05.34.06:575][865]LogWindows: Error: === Critical error: ===
[2021.12.31-05.34.06:575][865]LogWindows: Error: 
[2021.12.31-05.34.06:575][865]LogWindows: Error: Fatal error!
[2021.12.31-05.34.06:575][865]LogWindows: Error: 
[2021.12.31-05.34.06:575][865]LogWindows: Error: Unhandled Exception: EXCEPTION_ACCESS_VIOLATION reading address 0xffffffff
[2021.12.31-05.34.06:575][865]LogWindows: Error: 
[2021.12.31-05.34.06:575][865]LogWindows: Error: [Callstack] 0x00007ffaf1fbd839 UE4Editor-Engine.dll!UnknownFunction []
[2021.12.31-05.34.06:575][865]LogWindows: Error: [Callstack] 0x00007ffaf2bdfe78 UE4Editor-Engine.dll!UnknownFunction []
[2021.12.31-05.34.06:575][865]LogWindows: Error: [Callstack] 0x00007ffaf2c2d9b2 UE4Editor-Engine.dll!UnknownFunction []
[2021.12.31-05.34.06:575][865]LogWindows: Error: [Callstack] 0x00007ffaf1ad441a UE4Editor-Engine.dll!UnknownFunction []
[2021.12.31-05.34.06:575][865]LogWindows: Error: [Callstack] 0x00007ffaf1a99f84 UE4Editor-Engine.dll!UnknownFunction []
[2021.12.31-05.34.06:575][865]LogWindows: Error: [Callstack] 0x00007ffaf2b5936f UE4Editor-Engine.dll!UnknownFunction []
[2021.12.31-05.34.06:575][865]LogWindows: Error: [Callstack] 0x00007ffaf2b5e3c7 UE4Editor-Engine.dll!UnknownFunction []
[2021.12.31-05.34.06:575][865]LogWindows: Error: [Callstack] 0x00007ffafe2e87d8 UE4Editor-Core.dll!UnknownFunction []
[2021.12.31-05.34.06:575][865]LogWindows: Error: [Callstack] 0x00007ffafe2e8aa3 UE4Editor-Core.dll!UnknownFunction []
[2021.12.31-05.34.06:575][865]LogWindows: Error: [Callstack] 0x00007ffafe2ff027 UE4Editor-Core.dll!UnknownFunction []
[2021.12.31-05.34.06:575][865]LogWindows: Error: [Callstack] 0x00007ffaf2b7a402 UE4Editor-Engine.dll!UnknownFunction []
[2021.12.31-05.34.06:575][865]LogWindows: Error: [Callstack] 0x00007ffaf2b7f6ca UE4Editor-Engine.dll!UnknownFunction []
[2021.12.31-05.34.06:575][865]LogWindows: Error: [Callstack] 0x00007ffaf233d0bf UE4Editor-Engine.dll!UnknownFunction []
[2021.12.31-05.34.06:575][865]LogWindows: Error: [Callstack] 0x00007ffaf2347957 UE4Editor-Engine.dll!UnknownFunction []
[2021.12.31-05.34.06:575][865]LogWindows: Error: [Callstack] 0x00007ffaf2139a3d UE4Editor-Engine.dll!UnknownFunction []
[2021.12.31-05.34.06:575][865]LogWindows: Error: [Callstack] 0x00007ff72fbb7800 UE4Editor.exe!UnknownFunction []
[2021.12.31-05.34.06:575][865]LogWindows: Error: [Callstack] 0x00007ff72fbcba7c UE4Editor.exe!UnknownFunction []
[2021.12.31-05.34.06:575][865]LogWindows: Error: [Callstack] 0x00007ff72fbcbb5a UE4Editor.exe!UnknownFunction []
[2021.12.31-05.34.06:575][865]LogWindows: Error: [Callstack] 0x00007ff72fbde31d UE4Editor.exe!UnknownFunction []
[2021.12.31-05.34.06:575][865]LogWindows: Error: [Callstack] 0x00007ff72fbe145a UE4Editor.exe!UnknownFunction []
[2021.12.31-05.34.06:575][865]LogWindows: Error: [Callstack] 0x00007ffb46c27034 KERNEL32.DLL!UnknownFunction []
[2021.12.31-05.34.06:575][865]LogWindows: Error: [Callstack] 0x00007ffb472e2651 ntdll.dll!UnknownFunction []
[2021.12.31-05.34.06:575][865]LogWindows: Error: 
[2021.12.31-05.34.06:590][865]LogExit: Executing StaticShutdownAfterError
[2021.12.31-05.34.06:593][865]LogWindows: FPlatformMisc::RequestExit(1)
[2021.12.31-05.34.06:593][865]LogCore: Engine exit requested (reason: Win RequestExit)
[2021.12.31-05.34.06:596][865]Log file closed, 12/31/21 14:34:06
