Log file open, 12/31/21 12:00:17
LogInit: Display: Running engine for game: UnrealCppProject2
LogPlatformFile: Not using cached read wrapper
LogTaskGraph: Started task graph with 5 named threads and 20 total threads with 3 sets of task threads.
LogStats: Stats thread started at 0.168250
LogD3D11RHI: Loaded GFSDK_Aftermath_Lib.x64.dll
LogICUInternationalization: ICU TimeZone Detection - Raw Offset: +9:00, Platform Override: ''
LogPluginManager: Mounting plugin Paper2D
LogPluginManager: Mounting plugin AISupport
LogPluginManager: Mounting plugin LightPropagationVolume
LogPluginManager: Mounting plugin CameraShakePreviewer
LogPluginManager: Mounting plugin ActorLayerUtilities
LogPluginManager: Mounting plugin AnimationSharing
LogPluginManager: Mounting plugin CLionSourceCodeAccess
LogPluginManager: Mounting plugin CodeLiteSourceCodeAccess
LogPluginManager: Mounting plugin GitSourceControl
LogPluginManager: Mounting plugin KDevelopSourceCodeAccess
LogPluginManager: Mounting plugin NullSourceCodeAccess
LogPluginManager: Mounting plugin PerforceSourceControl
LogPluginManager: Mounting plugin PlasticSourceControl
LogPluginManager: Mounting plugin RiderSourceCodeAccess
LogPluginManager: Mounting plugin SubversionSourceControl
LogPluginManager: Mounting plugin UObjectPlugin
LogPluginManager: Mounting plugin VisualStudioCodeSourceCodeAccess
LogPluginManager: Mounting plugin VisualStudioSourceCodeAccess
LogPluginManager: Mounting plugin XCodeSourceCodeAccess
LogPluginManager: Mounting plugin AssetManagerEditor
LogPluginManager: Mounting plugin CryptoKeys
LogPluginManager: Mounting plugin CurveEditorTools
LogPluginManager: Mounting plugin DataValidation
LogPluginManager: Mounting plugin EditorScriptingUtilities
LogPluginManager: Mounting plugin FacialAnimation
LogPluginManager: Mounting plugin GameplayTagsEditor
LogPluginManager: Mounting plugin GeometryMode
LogPluginManager: Mounting plugin MacGraphicsSwitching
LogPluginManager: Mounting plugin MaterialAnalyzer
LogPluginManager: Mounting plugin MobileLauncherProfileWizard
LogPluginManager: Mounting plugin PluginBrowser
LogPluginManager: Mounting plugin SpeedTreeImporter
LogPluginManager: Mounting plugin DatasmithContent
LogPluginManager: Mounting plugin VariantManagerContent
LogPluginManager: Mounting plugin AlembicImporter
LogPluginManager: Mounting plugin AutomationUtils
LogPluginManager: Mounting plugin BackChannel
LogPluginManager: Mounting plugin ChaosCloth
LogPluginManager: Mounting plugin ChaosClothEditor
LogPluginManager: Mounting plugin ChaosEditor
LogPluginManager: Mounting plugin ChaosNiagara
LogPluginManager: Mounting plugin ChaosSolverPlugin
LogPluginManager: Mounting plugin CharacterAI
LogPluginManager: Mounting plugin GeometryCache
LogPluginManager: Mounting plugin GeometryCollectionPlugin
LogPluginManager: Mounting plugin GeometryProcessing
LogPluginManager: Mounting plugin PlanarCut
LogPluginManager: Mounting plugin PlatformCrypto
LogPluginManager: Mounting plugin ProxyLODPlugin
LogPluginManager: Mounting plugin PythonScriptPlugin
LogPluginManager: Mounting plugin SkeletalReduction
LogPluginManager: Mounting plugin Niagara
LogPluginManager: Mounting plugin MagicLeap
LogPluginManager: Mounting plugin MagicLeapLightEstimation
LogPluginManager: Mounting plugin MagicLeapMedia
LogPluginManager: Mounting plugin MagicLeapPassableWorld
LogPluginManager: Mounting plugin MLSDK
LogPluginManager: Mounting plugin AndroidMedia
LogPluginManager: Mounting plugin AvfMedia
LogPluginManager: Mounting plugin ImgMedia
LogPluginManager: Mounting plugin MediaCompositing
LogPluginManager: Mounting plugin MediaPlayerEditor
LogPluginManager: Mounting plugin WebMMedia
LogPluginManager: Mounting plugin WmfMedia
LogPluginManager: Mounting plugin MegascansPlugin
LogPluginManager: Mounting plugin MeshPainting
LogPluginManager: Mounting plugin TcpMessaging
LogPluginManager: Mounting plugin UdpMessaging
LogPluginManager: Mounting plugin ActorSequence
LogPluginManager: Mounting plugin LevelSequenceEditor
LogPluginManager: Mounting plugin MatineeToLevelSequence
LogPluginManager: Mounting plugin MovieRenderPipeline
LogPluginManager: Mounting plugin TemplateSequence
LogPluginManager: Mounting plugin NetcodeUnitTest
LogPluginManager: Mounting plugin NUTUnrealEngine4
LogPluginManager: Mounting plugin OnlineSubsystemGooglePlay
LogPluginManager: Mounting plugin OnlineSubsystemIOS
LogPluginManager: Mounting plugin OnlineSubsystem
LogPluginManager: Mounting plugin OnlineSubsystemNull
LogPluginManager: Mounting plugin OnlineSubsystemUtils
LogPluginManager: Mounting plugin LauncherChunkInstaller
LogPluginManager: Mounting plugin AndroidDeviceProfileSelector
LogPluginManager: Mounting plugin AndroidMoviePlayer
LogPluginManager: Mounting plugin AndroidPermission
LogPluginManager: Mounting plugin AppleImageUtils
LogPluginManager: Mounting plugin AppleMoviePlayer
LogPluginManager: Mounting plugin ArchVisCharacter
LogPluginManager: Mounting plugin AssetTags
LogPluginManager: Mounting plugin AudioCapture
LogPluginManager: Mounting plugin CableComponent
LogPluginManager: Mounting plugin CustomMeshComponent
LogPluginManager: Mounting plugin DatabaseSupport
LogPluginManager: Mounting plugin SQLiteCore
LogPluginManager: Mounting plugin SQLiteSupport
LogPluginManager: Mounting plugin EditableMesh
LogPluginManager: Mounting plugin ExampleDeviceProfileSelector
LogPluginManager: Mounting plugin GoogleCloudMessaging
LogPluginManager: Mounting plugin GooglePAD
LogPluginManager: Mounting plugin IOSDeviceProfileSelector
LogPluginManager: Mounting plugin LinuxDeviceProfileSelector
LogPluginManager: Mounting plugin LocationServicesBPLibrary
LogPluginManager: Mounting plugin MobilePatchingUtils
LogPluginManager: Mounting plugin OculusVR
LogPluginManager: Mounting plugin PhysXVehicles
LogPluginManager: Mounting plugin PostSplashScreen
LogPluginManager: Mounting plugin ProceduralMeshComponent
LogPluginManager: Mounting plugin RuntimePhysXCooking
LogPluginManager: Mounting plugin SignificanceManager
LogPluginManager: Mounting plugin SoundFields
LogPluginManager: Mounting plugin SteamVR
LogPluginManager: Mounting plugin Synthesis
LogPluginManager: Mounting plugin WebMMoviePlayer
LogPluginManager: Mounting plugin WindowsMoviePlayer
LogPluginManager: Mounting plugin ScreenshotTools
LogInit: Using libcurl 7.55.1-DEV
LogInit:  - built for x86_64-pc-win32
LogInit:  - supports SSL with OpenSSL/1.1.1
LogInit:  - supports HTTP deflate (compression) using libz 1.2.8
LogInit:  - other features:
LogInit:      CURL_VERSION_SSL
LogInit:      CURL_VERSION_LIBZ
LogInit:      CURL_VERSION_IPV6
LogInit:      CURL_VERSION_ASYNCHDNS
LogInit:      CURL_VERSION_LARGEFILE
LogInit:      CURL_VERSION_IDN
LogInit:  CurlRequestOptions (configurable via config and command line):
LogInit:  - bVerifyPeer = true  - Libcurl will verify peer certificate
LogInit:  - bUseHttpProxy = false  - Libcurl will NOT use HTTP proxy
LogInit:  - bDontReuseConnections = false  - Libcurl will reuse connections
LogInit:  - MaxHostConnections = 16  - Libcurl will limit the number of connections to a host
LogInit:  - LocalHostAddr = Default
LogInit:  - BufferSize = 65536
LogOnline: OSS: Creating online subsystem instance for: NULL
LogInit: WinSock: version 1.1 (2.2), MaxSocks=32767, MaxUdp=65467
LogOnline: OSS: TryLoadSubsystemAndSetDefault: Loaded subsystem for module [NULL]
LogInit: Build: ++UE4+Release-4.25-CL-14469661
LogInit: Engine Version: 4.25.4-14469661+++UE4+Release-4.25
LogInit: Compatible Engine Version: 4.25.0-13144385+++UE4+Release-4.25
LogInit: Net CL: 13144385
LogInit: OS: Windows 10 (Release 2009) (), CPU: AMD Ryzen 5 3500 6-Core Processor              , GPU: NVIDIA GeForce GTX 1070
LogInit: Compiled (64-bit): Oct 11 2020 08:10:49
LogInit: Compiled with Visual C++: 19.24.28315.00
LogInit: Build Configuration: Development
LogInit: Branch Name: ++UE4+Release-4.25
LogInit: Command Line: 
LogInit: Base Directory: D:/Epic Games/UE_4.25/Engine/Binaries/Win64/
LogInit: Allocator: TBB
LogInit: Installed Engine Build: 1
LogDevObjectVersion: Number of dev versions registered: 26
LogDevObjectVersion:   Dev-Blueprints (B0D832E4-1F89-4F0D-ACCF-7EB736FD4AA2): 10
LogDevObjectVersion:   Dev-Build (E1C64328-A22C-4D53-A36C-8E866417BD8C): 0
LogDevObjectVersion:   Dev-Core (375EC13C-06E4-48FB-B500-84F0262A717E): 4
LogDevObjectVersion:   Dev-Editor (E4B068ED-F494-42E9-A231-DA0B2E46BB41): 38
LogDevObjectVersion:   Dev-Framework (CFFC743F-43B0-4480-9391-14DF171D2073): 37
LogDevObjectVersion:   Dev-Mobile (B02B49B5-BB20-44E9-A304-32B752E40360): 2
LogDevObjectVersion:   Dev-Networking (A4E4105C-59A1-49B5-A7C5-40C4547EDFEE): 0
LogDevObjectVersion:   Dev-Online (39C831C9-5AE6-47DC-9A44-9C173E1C8E7C): 0
LogDevObjectVersion:   Dev-Physics (78F01B33-EBEA-4F98-B9B4-84EACCB95AA2): 4
LogDevObjectVersion:   Dev-Platform (6631380F-2D4D-43E0-8009-CF276956A95A): 0
LogDevObjectVersion:   Dev-Rendering (12F88B9F-8875-4AFC-A67C-D90C383ABD29): 43
LogDevObjectVersion:   Dev-Sequencer (7B5AE74C-D270-4C10-A958-57980B212A5A): 12
LogDevObjectVersion:   Dev-VR (D7296918-1DD6-4BDD-9DE2-64A83CC13884): 3
LogDevObjectVersion:   Dev-LoadTimes (C2A15278-BFE7-4AFE-6C17-90FF531DF755): 1
LogDevObjectVersion:   Private-Geometry (6EACA3D4-40EC-4CC1-B786-8BED09428FC5): 3
LogDevObjectVersion:   Dev-AnimPhys (29E575DD-E0A3-4627-9D10-D276232CDCEA): 17
LogDevObjectVersion:   Dev-Anim (AF43A65D-7FD3-4947-9873-3E8ED9C1BB05): 7
LogDevObjectVersion:   Dev-ReflectionCapture (6B266CEC-1EC7-4B8F-A30B-E4D90942FC07): 1
LogDevObjectVersion:   Dev-Automation (0DF73D61-A23F-47EA-B727-89E90C41499A): 1
LogDevObjectVersion:   FortniteMain (601D1886-AC64-4F84-AA16-D3DE0DEAC7D6): 31
LogDevObjectVersion:   Dev-Enterprise (9DFFBCD6-494F-0158-E221-12823C92A888): 10
LogDevObjectVersion:   Dev-Niagara (F2AED0AC-9AFE-416F-8664-AA7FFA26D6FC): 1
LogDevObjectVersion:   Dev-Destruction (174F1F0B-B4C6-45A5-B13F-2EE8D0FB917D): 10
LogDevObjectVersion:   Dev-Physics-Ext (35F94A83-E258-406C-A318-09F59610247C): 37
LogDevObjectVersion:   Dev-PhysicsMaterial-Chaos (B68FC16E-8B1B-42E2-B453-215C058844FE): 1
LogDevObjectVersion:   Dev-CineCamera (B2E18506-4273-CFC2-A54E-F4BB758BBA07): 1
LogInit: Presizing for max 25165824 objects, including 0 objects not considered by GC, pre-allocating 0 bytes for permanent pool.
LogConfig: Applying CVar settings from Section [/Script/Engine.StreamingSettings] File [D:/Github/GitHub/UnrealEngineProject/UnrealCppProject2/Saved/Config/Windows/Engine.ini]
LogConfig: Setting CVar [[s.MinBulkDataSizeForAsyncLoading:131072]]
LogConfig: Setting CVar [[s.AsyncLoadingThreadEnabled:0]]
LogConfig: Setting CVar [[s.EventDrivenLoaderEnabled:1]]
LogConfig: Setting CVar [[s.WarnIfTimeLimitExceeded:0]]
LogConfig: Setting CVar [[s.TimeLimitExceededMultiplier:1.5]]
LogConfig: Setting CVar [[s.TimeLimitExceededMinTime:0.005]]
LogConfig: Setting CVar [[s.UseBackgroundLevelStreaming:1]]
LogConfig: Setting CVar [[s.PriorityAsyncLoadingExtraTime:15.0]]
LogConfig: Setting CVar [[s.LevelStreamingActorsUpdateTimeLimit:5.0]]
LogConfig: Setting CVar [[s.PriorityLevelStreamingActorsUpdateExtraTime:5.0]]
LogConfig: Setting CVar [[s.LevelStreamingComponentsRegistrationGranularity:10]]
LogConfig: Setting CVar [[s.UnregisterComponentsTimeLimit:1.0]]
LogConfig: Setting CVar [[s.LevelStreamingComponentsUnregistrationGranularity:5]]
LogConfig: Setting CVar [[s.FlushStreamingOnExit:1]]
LogInit: Object subsystem initialized
LogConfig: Setting CVar [[con.DebugEarlyDefault:1]]
LogConfig: Setting CVar [[r.setres:1280x720]]
[2021.12.31-03.00.17:958][  0]LogConfig: Setting CVar [[r.VSync:0]]
[2021.12.31-03.00.17:958][  0]LogConfig: Setting CVar [[r.RHICmdBypass:0]]
[2021.12.31-03.00.17:958][  0]LogConfig: Applying CVar settings from Section [/Script/Engine.RendererSettings] File [D:/Github/GitHub/UnrealEngineProject/UnrealCppProject2/Saved/Config/Windows/Engine.ini]
[2021.12.31-03.00.17:958][  0]LogConfig: Setting CVar [[r.GPUCrashDebugging:0]]
[2021.12.31-03.00.17:958][  0]LogConfig: Applying CVar settings from Section [/Script/Engine.RendererOverrideSettings] File [D:/Github/GitHub/UnrealEngineProject/UnrealCppProject2/Saved/Config/Windows/Engine.ini]
[2021.12.31-03.00.17:958][  0]LogConfig: Applying CVar settings from Section [/Script/Engine.StreamingSettings] File [D:/Github/GitHub/UnrealEngineProject/UnrealCppProject2/Saved/Config/Windows/Engine.ini]
[2021.12.31-03.00.17:958][  0]LogConfig: Setting CVar [[s.MinBulkDataSizeForAsyncLoading:131072]]
[2021.12.31-03.00.17:958][  0]LogConfig: Setting CVar [[s.AsyncLoadingThreadEnabled:0]]
[2021.12.31-03.00.17:958][  0]LogConfig: Setting CVar [[s.EventDrivenLoaderEnabled:1]]
[2021.12.31-03.00.17:958][  0]LogConfig: Setting CVar [[s.WarnIfTimeLimitExceeded:0]]
[2021.12.31-03.00.17:958][  0]LogConfig: Setting CVar [[s.TimeLimitExceededMultiplier:1.5]]
[2021.12.31-03.00.17:958][  0]LogConfig: Setting CVar [[s.TimeLimitExceededMinTime:0.005]]
[2021.12.31-03.00.17:958][  0]LogConfig: Setting CVar [[s.UseBackgroundLevelStreaming:1]]
[2021.12.31-03.00.17:958][  0]LogConfig: Setting CVar [[s.PriorityAsyncLoadingExtraTime:15.0]]
[2021.12.31-03.00.17:958][  0]LogConfig: Setting CVar [[s.LevelStreamingActorsUpdateTimeLimit:5.0]]
[2021.12.31-03.00.17:958][  0]LogConfig: Setting CVar [[s.PriorityLevelStreamingActorsUpdateExtraTime:5.0]]
[2021.12.31-03.00.17:958][  0]LogConfig: Setting CVar [[s.LevelStreamingComponentsRegistrationGranularity:10]]
[2021.12.31-03.00.17:958][  0]LogConfig: Setting CVar [[s.UnregisterComponentsTimeLimit:1.0]]
[2021.12.31-03.00.17:958][  0]LogConfig: Setting CVar [[s.LevelStreamingComponentsUnregistrationGranularity:5]]
[2021.12.31-03.00.17:958][  0]LogConfig: Setting CVar [[s.FlushStreamingOnExit:1]]
[2021.12.31-03.00.17:958][  0]LogConfig: Applying CVar settings from Section [/Script/Engine.GarbageCollectionSettings] File [D:/Github/GitHub/UnrealEngineProject/UnrealCppProject2/Saved/Config/Windows/Engine.ini]
[2021.12.31-03.00.17:958][  0]LogConfig: Setting CVar [[gc.MaxObjectsNotConsideredByGC:1]]
[2021.12.31-03.00.17:958][  0]LogConfig: Setting CVar [[gc.SizeOfPermanentObjectPool:0]]
[2021.12.31-03.00.17:958][  0]LogConfig: Setting CVar [[gc.FlushStreamingOnGC:0]]
[2021.12.31-03.00.17:958][  0]LogConfig: Setting CVar [[gc.NumRetriesBeforeForcingGC:10]]
[2021.12.31-03.00.17:958][  0]LogConfig: Setting CVar [[gc.AllowParallelGC:1]]
[2021.12.31-03.00.17:958][  0]LogConfig: Setting CVar [[gc.TimeBetweenPurgingPendingKillObjects:61.1]]
[2021.12.31-03.00.17:958][  0]LogConfig: Setting CVar [[gc.MaxObjectsInEditor:25165824]]
[2021.12.31-03.00.17:958][  0]LogConfig: Setting CVar [[gc.IncrementalBeginDestroyEnabled:1]]
[2021.12.31-03.00.17:958][  0]LogConfig: Setting CVar [[gc.CreateGCClusters:1]]
[2021.12.31-03.00.17:958][  0]LogConfig: Setting CVar [[gc.MinGCClusterSize:5]]
[2021.12.31-03.00.17:958][  0]LogConfig: Setting CVar [[gc.ActorClusteringEnabled:0]]
[2021.12.31-03.00.17:958][  0]LogConfig: Setting CVar [[gc.BlueprintClusteringEnabled:0]]
[2021.12.31-03.00.17:958][  0]LogConfig: Setting CVar [[gc.UseDisregardForGCOnDedicatedServers:0]]
[2021.12.31-03.00.17:958][  0]LogConfig: Applying CVar settings from Section [/Script/Engine.NetworkSettings] File [D:/Github/GitHub/UnrealEngineProject/UnrealCppProject2/Saved/Config/Windows/Engine.ini]
[2021.12.31-03.00.17:958][  0]LogConfig: Applying CVar settings from Section [/Script/UnrealEd.CookerSettings] File [D:/Github/GitHub/UnrealEngineProject/UnrealCppProject2/Saved/Config/Windows/Engine.ini]
[2021.12.31-03.00.17:960][  0]LogConfig: Applying CVar settings from Section [ViewDistanceQuality@3] File [D:/Github/GitHub/UnrealEngineProject/UnrealCppProject2/Saved/Config/Windows/Scalability.ini]
[2021.12.31-03.00.17:960][  0]LogConfig: Setting CVar [[r.SkeletalMeshLODBias:0]]
[2021.12.31-03.00.17:960][  0]LogConfig: Setting CVar [[r.ViewDistanceScale:1.0]]
[2021.12.31-03.00.17:960][  0]LogConfig: Applying CVar settings from Section [AntiAliasingQuality@3] File [D:/Github/GitHub/UnrealEngineProject/UnrealCppProject2/Saved/Config/Windows/Scalability.ini]
[2021.12.31-03.00.17:960][  0]LogConfig: Setting CVar [[r.PostProcessAAQuality:4]]
[2021.12.31-03.00.17:960][  0]LogConfig: Applying CVar settings from Section [ShadowQuality@3] File [D:/Github/GitHub/UnrealEngineProject/UnrealCppProject2/Saved/Config/Windows/Scalability.ini]
[2021.12.31-03.00.17:960][  0]LogConfig: Setting CVar [[r.LightFunctionQuality:1]]
[2021.12.31-03.00.17:960][  0]LogConfig: Setting CVar [[r.ShadowQuality:5]]
[2021.12.31-03.00.17:960][  0]LogConfig: Setting CVar [[r.Shadow.CSM.MaxCascades:10]]
[2021.12.31-03.00.17:960][  0]LogConfig: Setting CVar [[r.Shadow.MaxResolution:2048]]
[2021.12.31-03.00.17:960][  0]LogConfig: Setting CVar [[r.Shadow.MaxCSMResolution:2048]]
[2021.12.31-03.00.17:960][  0]LogConfig: Setting CVar [[r.Shadow.RadiusThreshold:0.01]]
[2021.12.31-03.00.17:960][  0]LogConfig: Setting CVar [[r.Shadow.DistanceScale:1.0]]
[2021.12.31-03.00.17:960][  0]LogConfig: Setting CVar [[r.Shadow.CSM.TransitionScale:1.0]]
[2021.12.31-03.00.17:960][  0]LogConfig: Setting CVar [[r.Shadow.PreShadowResolutionFactor:1.0]]
[2021.12.31-03.00.17:960][  0]LogConfig: Setting CVar [[r.DistanceFieldShadowing:1]]
[2021.12.31-03.00.17:960][  0]LogConfig: Setting CVar [[r.DistanceFieldAO:1]]
[2021.12.31-03.00.17:960][  0]LogConfig: Setting CVar [[r.AOQuality:2]]
[2021.12.31-03.00.17:960][  0]LogConfig: Setting CVar [[r.VolumetricFog:1]]
[2021.12.31-03.00.17:960][  0]LogConfig: Setting CVar [[r.VolumetricFog.GridPixelSize:8]]
[2021.12.31-03.00.17:960][  0]LogConfig: Setting CVar [[r.VolumetricFog.GridSizeZ:128]]
[2021.12.31-03.00.17:960][  0]LogConfig: Setting CVar [[r.VolumetricFog.HistoryMissSupersampleCount:4]]
[2021.12.31-03.00.17:960][  0]LogConfig: Setting CVar [[r.LightMaxDrawDistanceScale:1]]
[2021.12.31-03.00.17:960][  0]LogConfig: Setting CVar [[r.CapsuleShadows:1]]
[2021.12.31-03.00.17:960][  0]LogConfig: Applying CVar settings from Section [PostProcessQuality@3] File [D:/Github/GitHub/UnrealEngineProject/UnrealCppProject2/Saved/Config/Windows/Scalability.ini]
[2021.12.31-03.00.17:960][  0]LogConfig: Setting CVar [[r.MotionBlurQuality:4]]
[2021.12.31-03.00.17:960][  0]LogConfig: Setting CVar [[r.AmbientOcclusionMipLevelFactor:0.4]]
[2021.12.31-03.00.17:960][  0]LogConfig: Setting CVar [[r.AmbientOcclusionMaxQuality:100]]
[2021.12.31-03.00.17:960][  0]LogConfig: Setting CVar [[r.AmbientOcclusionLevels:-1]]
[2021.12.31-03.00.17:960][  0]LogConfig: Setting CVar [[r.AmbientOcclusionRadiusScale:1.0]]
[2021.12.31-03.00.17:960][  0]LogConfig: Setting CVar [[r.DepthOfFieldQuality:2]]
[2021.12.31-03.00.17:960][  0]LogConfig: Setting CVar [[r.RenderTargetPoolMin:400]]
[2021.12.31-03.00.17:960][  0]LogConfig: Setting CVar [[r.LensFlareQuality:2]]
[2021.12.31-03.00.17:960][  0]LogConfig: Setting CVar [[r.SceneColorFringeQuality:1]]
[2021.12.31-03.00.17:960][  0]LogConfig: Setting CVar [[r.EyeAdaptationQuality:2]]
[2021.12.31-03.00.17:960][  0]LogConfig: Setting CVar [[r.BloomQuality:5]]
[2021.12.31-03.00.17:960][  0]LogConfig: Setting CVar [[r.FastBlurThreshold:100]]
[2021.12.31-03.00.17:960][  0]LogConfig: Setting CVar [[r.Upscale.Quality:3]]
[2021.12.31-03.00.17:960][  0]LogConfig: Setting CVar [[r.Tonemapper.GrainQuantization:1]]
[2021.12.31-03.00.17:960][  0]LogConfig: Setting CVar [[r.LightShaftQuality:1]]
[2021.12.31-03.00.17:960][  0]LogConfig: Setting CVar [[r.Filter.SizeScale:1]]
[2021.12.31-03.00.17:960][  0]LogConfig: Setting CVar [[r.Tonemapper.Quality:5]]
[2021.12.31-03.00.17:960][  0]LogConfig: Setting CVar [[r.DOF.Gather.AccumulatorQuality:1        ; higher gathering accumulator quality]]
[2021.12.31-03.00.17:960][  0]LogConfig: Setting CVar [[r.DOF.Gather.PostfilterMethod:1          ; Median3x3 postfilering method]]
[2021.12.31-03.00.17:960][  0]LogConfig: Setting CVar [[r.DOF.Gather.EnableBokehSettings:0       ; no bokeh simulation when gathering]]
[2021.12.31-03.00.17:960][  0]LogConfig: Setting CVar [[r.DOF.Gather.RingCount:4                 ; medium number of samples when gathering]]
[2021.12.31-03.00.17:960][  0]LogConfig: Setting CVar [[r.DOF.Scatter.ForegroundCompositing:1    ; additive foreground scattering]]
[2021.12.31-03.00.17:960][  0]LogConfig: Setting CVar [[r.DOF.Scatter.BackgroundCompositing:2    ; additive background scattering]]
[2021.12.31-03.00.17:960][  0]LogConfig: Setting CVar [[r.DOF.Scatter.EnableBokehSettings:1      ; bokeh simulation when scattering]]
[2021.12.31-03.00.17:960][  0]LogConfig: Setting CVar [[r.DOF.Scatter.MaxSpriteRatio:0.1         ; only a maximum of 10% of scattered bokeh]]
[2021.12.31-03.00.17:960][  0]LogConfig: Setting CVar [[r.DOF.Recombine.Quality:1                ; cheap slight out of focus]]
[2021.12.31-03.00.17:960][  0]LogConfig: Setting CVar [[r.DOF.Recombine.EnableBokehSettings:0    ; no bokeh simulation on slight out of focus]]
[2021.12.31-03.00.17:960][  0]LogConfig: Setting CVar [[r.DOF.TemporalAAQuality:1                ; more stable temporal accumulation]]
[2021.12.31-03.00.17:960][  0]LogConfig: Setting CVar [[r.DOF.Kernel.MaxForegroundRadius:0.025]]
[2021.12.31-03.00.17:960][  0]LogConfig: Setting CVar [[r.DOF.Kernel.MaxBackgroundRadius:0.025]]
[2021.12.31-03.00.17:960][  0]LogConfig: Applying CVar settings from Section [TextureQuality@3] File [D:/Github/GitHub/UnrealEngineProject/UnrealCppProject2/Saved/Config/Windows/Scalability.ini]
[2021.12.31-03.00.17:960][  0]LogConfig: Setting CVar [[r.Streaming.MipBias:0]]
[2021.12.31-03.00.17:960][  0]LogConfig: Setting CVar [[r.Streaming.AmortizeCPUToGPUCopy:0]]
[2021.12.31-03.00.17:961][  0]LogConfig: Setting CVar [[r.Streaming.MaxNumTexturesToStreamPerFrame:0]]
[2021.12.31-03.00.17:961][  0]LogConfig: Setting CVar [[r.Streaming.Boost:1]]
[2021.12.31-03.00.17:961][  0]LogConfig: Setting CVar [[r.MaxAnisotropy:8]]
[2021.12.31-03.00.17:961][  0]LogConfig: Setting CVar [[r.VT.MaxAnisotropy:8]]
[2021.12.31-03.00.17:961][  0]LogConfig: Setting CVar [[r.Streaming.LimitPoolSizeToVRAM:0]]
[2021.12.31-03.00.17:961][  0]LogConfig: Setting CVar [[r.Streaming.PoolSize:1000]]
[2021.12.31-03.00.17:961][  0]LogConfig: Setting CVar [[r.Streaming.MaxEffectiveScreenSize:0]]
[2021.12.31-03.00.17:961][  0]LogConfig: Applying CVar settings from Section [EffectsQuality@3] File [D:/Github/GitHub/UnrealEngineProject/UnrealCppProject2/Saved/Config/Windows/Scalability.ini]
[2021.12.31-03.00.17:961][  0]LogConfig: Setting CVar [[r.TranslucencyLightingVolumeDim:64]]
[2021.12.31-03.00.17:961][  0]LogConfig: Setting CVar [[r.RefractionQuality:2]]
[2021.12.31-03.00.17:961][  0]LogConfig: Setting CVar [[r.SSR.Quality:3]]
[2021.12.31-03.00.17:961][  0]LogConfig: Setting CVar [[r.SSR.HalfResSceneColor:0]]
[2021.12.31-03.00.17:961][  0]LogConfig: Setting CVar [[r.SceneColorFormat:4]]
[2021.12.31-03.00.17:961][  0]LogConfig: Setting CVar [[r.DetailMode:2]]
[2021.12.31-03.00.17:961][  0]LogConfig: Setting CVar [[r.TranslucencyVolumeBlur:1]]
[2021.12.31-03.00.17:961][  0]LogConfig: Setting CVar [[r.MaterialQualityLevel:1 ; High quality]]
[2021.12.31-03.00.17:961][  0]LogConfig: Setting CVar [[r.SSS.Scale:1]]
[2021.12.31-03.00.17:961][  0]LogConfig: Setting CVar [[r.SSS.SampleSet:2]]
[2021.12.31-03.00.17:961][  0]LogConfig: Setting CVar [[r.SSS.Quality:1]]
[2021.12.31-03.00.17:961][  0]LogConfig: Setting CVar [[r.SSS.HalfRes:0]]
[2021.12.31-03.00.17:961][  0]LogConfig: Setting CVar [[r.SSGI.Quality:3]]
[2021.12.31-03.00.17:961][  0]LogConfig: Setting CVar [[r.EmitterSpawnRateScale:1.0]]
[2021.12.31-03.00.17:961][  0]LogConfig: Setting CVar [[r.ParticleLightQuality:2]]
[2021.12.31-03.00.17:961][  0]LogConfig: Setting CVar [[r.SkyAtmosphere.AerialPerspectiveLUT.FastApplyOnOpaque:1 ; Always have FastSkyLUT 1 in this case to avoid wrong sky]]
[2021.12.31-03.00.17:961][  0]LogConfig: Setting CVar [[r.SkyAtmosphere.AerialPerspectiveLUT.SampleCountPerSlice:1]]
[2021.12.31-03.00.17:961][  0]LogConfig: Setting CVar [[r.SkyAtmosphere.AerialPerspectiveLUT.DepthResolution:16.0]]
[2021.12.31-03.00.17:961][  0]LogConfig: Setting CVar [[r.SkyAtmosphere.FastSkyLUT:1]]
[2021.12.31-03.00.17:961][  0]LogConfig: Setting CVar [[r.SkyAtmosphere.FastSkyLUT.SampleCountMin:4.0]]
[2021.12.31-03.00.17:961][  0]LogConfig: Setting CVar [[r.SkyAtmosphere.FastSkyLUT.SampleCountMax:32.0]]
[2021.12.31-03.00.17:961][  0]LogConfig: Setting CVar [[r.SkyAtmosphere.SampleCountMin:4.0]]
[2021.12.31-03.00.17:961][  0]LogConfig: Setting CVar [[r.SkyAtmosphere.SampleCountMax:32.0]]
[2021.12.31-03.00.17:961][  0]LogConfig: Setting CVar [[r.SkyAtmosphere.TransmittanceLUT.UseSmallFormat:0]]
[2021.12.31-03.00.17:961][  0]LogConfig: Setting CVar [[r.SkyAtmosphere.TransmittanceLUT.SampleCount:10.0]]
[2021.12.31-03.00.17:961][  0]LogConfig: Setting CVar [[r.SkyAtmosphere.MultiScatteringLUT.SampleCount:15.0]]
[2021.12.31-03.00.17:961][  0]LogConfig: Applying CVar settings from Section [FoliageQuality@3] File [D:/Github/GitHub/UnrealEngineProject/UnrealCppProject2/Saved/Config/Windows/Scalability.ini]
[2021.12.31-03.00.17:961][  0]LogConfig: Setting CVar [[foliage.DensityScale:1.0]]
[2021.12.31-03.00.17:961][  0]LogConfig: Setting CVar [[grass.DensityScale:1.0]]
[2021.12.31-03.00.17:961][  0]LogConfig: Applying CVar settings from Section [ShadingQuality@3] File [D:/Github/GitHub/UnrealEngineProject/UnrealCppProject2/Saved/Config/Windows/Scalability.ini]
[2021.12.31-03.00.17:961][  0]LogConfig: Setting CVar [[r.HairStrands.SkyLighting.SampleCount:16]]
[2021.12.31-03.00.17:961][  0]LogConfig: Setting CVar [[r.HairStrands.SkyLighting.JitterIntegration:0]]
[2021.12.31-03.00.17:961][  0]LogConfig: Setting CVar [[r.HairStrands.SkyAO.SampleCount:16]]
[2021.12.31-03.00.17:961][  0]LogConfig: Setting CVar [[r.HairStrands.DeepShadow.SuperSampling:0]]
[2021.12.31-03.00.17:961][  0]LogConfig: Setting CVar [[r.HairStrands.VisibilityPPLL:0]]
[2021.12.31-03.00.17:961][  0]LogConfig: Setting CVar [[r.HairStrands.RasterizationScale:0.5]]
[2021.12.31-03.00.17:961][  0]LogConfig: Setting CVar [[r.HairStrands.VelocityRasterizationScale:1]]
[2021.12.31-03.00.17:961][  0]LogInit: Selected Device Profile: [Windows]
[2021.12.31-03.00.17:961][  0]LogInit: Applying CVar settings loaded from the selected device profile: [Windows]
[2021.12.31-03.00.17:961][  0]LogHAL: Display: Platform has ~ 16 GB [17125781504 / 17179869184 / 16], which maps to Larger [LargestMinGB=32, LargerMinGB=12, DefaultMinGB=8, SmallerMinGB=6, SmallestMinGB=0)
[2021.12.31-03.00.17:961][  0]LogInit: Going up to parent DeviceProfile []
[2021.12.31-03.00.17:961][  0]LogConfig: Applying CVar settings from Section [ViewDistanceQuality@3] File [D:/Github/GitHub/UnrealEngineProject/UnrealCppProject2/Saved/Config/Windows/Scalability.ini]
[2021.12.31-03.00.17:961][  0]LogConfig: Setting CVar [[r.SkeletalMeshLODBias:0]]
[2021.12.31-03.00.17:961][  0]LogConfig: Setting CVar [[r.ViewDistanceScale:1.0]]
[2021.12.31-03.00.17:961][  0]LogConfig: Applying CVar settings from Section [AntiAliasingQuality@3] File [D:/Github/GitHub/UnrealEngineProject/UnrealCppProject2/Saved/Config/Windows/Scalability.ini]
[2021.12.31-03.00.17:961][  0]LogConfig: Setting CVar [[r.PostProcessAAQuality:4]]
[2021.12.31-03.00.17:961][  0]LogConfig: Applying CVar settings from Section [ShadowQuality@3] File [D:/Github/GitHub/UnrealEngineProject/UnrealCppProject2/Saved/Config/Windows/Scalability.ini]
[2021.12.31-03.00.17:961][  0]LogConfig: Setting CVar [[r.LightFunctionQuality:1]]
[2021.12.31-03.00.17:961][  0]LogConfig: Setting CVar [[r.ShadowQuality:5]]
[2021.12.31-03.00.17:961][  0]LogConfig: Setting CVar [[r.Shadow.CSM.MaxCascades:10]]
[2021.12.31-03.00.17:961][  0]LogConfig: Setting CVar [[r.Shadow.MaxResolution:2048]]
[2021.12.31-03.00.17:961][  0]LogConfig: Setting CVar [[r.Shadow.MaxCSMResolution:2048]]
[2021.12.31-03.00.17:961][  0]LogConfig: Setting CVar [[r.Shadow.RadiusThreshold:0.01]]
[2021.12.31-03.00.17:961][  0]LogConfig: Setting CVar [[r.Shadow.DistanceScale:1.0]]
[2021.12.31-03.00.17:961][  0]LogConfig: Setting CVar [[r.Shadow.CSM.TransitionScale:1.0]]
[2021.12.31-03.00.17:961][  0]LogConfig: Setting CVar [[r.Shadow.PreShadowResolutionFactor:1.0]]
[2021.12.31-03.00.17:961][  0]LogConfig: Setting CVar [[r.DistanceFieldShadowing:1]]
[2021.12.31-03.00.17:961][  0]LogConfig: Setting CVar [[r.DistanceFieldAO:1]]
[2021.12.31-03.00.17:961][  0]LogConfig: Setting CVar [[r.AOQuality:2]]
[2021.12.31-03.00.17:961][  0]LogConfig: Setting CVar [[r.VolumetricFog:1]]
[2021.12.31-03.00.17:961][  0]LogConfig: Setting CVar [[r.VolumetricFog.GridPixelSize:8]]
[2021.12.31-03.00.17:961][  0]LogConfig: Setting CVar [[r.VolumetricFog.GridSizeZ:128]]
[2021.12.31-03.00.17:961][  0]LogConfig: Setting CVar [[r.VolumetricFog.HistoryMissSupersampleCount:4]]
[2021.12.31-03.00.17:961][  0]LogConfig: Setting CVar [[r.LightMaxDrawDistanceScale:1]]
[2021.12.31-03.00.17:961][  0]LogConfig: Setting CVar [[r.CapsuleShadows:1]]
[2021.12.31-03.00.17:961][  0]LogConfig: Applying CVar settings from Section [PostProcessQuality@3] File [D:/Github/GitHub/UnrealEngineProject/UnrealCppProject2/Saved/Config/Windows/Scalability.ini]
[2021.12.31-03.00.17:961][  0]LogConfig: Setting CVar [[r.MotionBlurQuality:4]]
[2021.12.31-03.00.17:961][  0]LogConfig: Setting CVar [[r.AmbientOcclusionMipLevelFactor:0.4]]
[2021.12.31-03.00.17:961][  0]LogConfig: Setting CVar [[r.AmbientOcclusionMaxQuality:100]]
[2021.12.31-03.00.17:961][  0]LogConfig: Setting CVar [[r.AmbientOcclusionLevels:-1]]
[2021.12.31-03.00.17:961][  0]LogConfig: Setting CVar [[r.AmbientOcclusionRadiusScale:1.0]]
[2021.12.31-03.00.17:961][  0]LogConfig: Setting CVar [[r.DepthOfFieldQuality:2]]
[2021.12.31-03.00.17:961][  0]LogConfig: Setting CVar [[r.RenderTargetPoolMin:400]]
[2021.12.31-03.00.17:961][  0]LogConfig: Setting CVar [[r.LensFlareQuality:2]]
[2021.12.31-03.00.17:961][  0]LogConfig: Setting CVar [[r.SceneColorFringeQuality:1]]
[2021.12.31-03.00.17:961][  0]LogConfig: Setting CVar [[r.EyeAdaptationQuality:2]]
[2021.12.31-03.00.17:961][  0]LogConfig: Setting CVar [[r.BloomQuality:5]]
[2021.12.31-03.00.17:961][  0]LogConfig: Setting CVar [[r.FastBlurThreshold:100]]
[2021.12.31-03.00.17:961][  0]LogConfig: Setting CVar [[r.Upscale.Quality:3]]
[2021.12.31-03.00.17:961][  0]LogConfig: Setting CVar [[r.Tonemapper.GrainQuantization:1]]
[2021.12.31-03.00.17:961][  0]LogConfig: Setting CVar [[r.LightShaftQuality:1]]
[2021.12.31-03.00.17:961][  0]LogConfig: Setting CVar [[r.Filter.SizeScale:1]]
[2021.12.31-03.00.17:961][  0]LogConfig: Setting CVar [[r.Tonemapper.Quality:5]]
[2021.12.31-03.00.17:961][  0]LogConfig: Setting CVar [[r.DOF.Gather.AccumulatorQuality:1        ; higher gathering accumulator quality]]
[2021.12.31-03.00.17:962][  0]LogConfig: Setting CVar [[r.DOF.Gather.PostfilterMethod:1          ; Median3x3 postfilering method]]
[2021.12.31-03.00.17:962][  0]LogConfig: Setting CVar [[r.DOF.Gather.EnableBokehSettings:0       ; no bokeh simulation when gathering]]
[2021.12.31-03.00.17:962][  0]LogConfig: Setting CVar [[r.DOF.Gather.RingCount:4                 ; medium number of samples when gathering]]
[2021.12.31-03.00.17:962][  0]LogConfig: Setting CVar [[r.DOF.Scatter.ForegroundCompositing:1    ; additive foreground scattering]]
[2021.12.31-03.00.17:962][  0]LogConfig: Setting CVar [[r.DOF.Scatter.BackgroundCompositing:2    ; additive background scattering]]
[2021.12.31-03.00.17:962][  0]LogConfig: Setting CVar [[r.DOF.Scatter.EnableBokehSettings:1      ; bokeh simulation when scattering]]
[2021.12.31-03.00.17:962][  0]LogConfig: Setting CVar [[r.DOF.Scatter.MaxSpriteRatio:0.1         ; only a maximum of 10% of scattered bokeh]]
[2021.12.31-03.00.17:962][  0]LogConfig: Setting CVar [[r.DOF.Recombine.Quality:1                ; cheap slight out of focus]]
[2021.12.31-03.00.17:962][  0]LogConfig: Setting CVar [[r.DOF.Recombine.EnableBokehSettings:0    ; no bokeh simulation on slight out of focus]]
[2021.12.31-03.00.17:962][  0]LogConfig: Setting CVar [[r.DOF.TemporalAAQuality:1                ; more stable temporal accumulation]]
[2021.12.31-03.00.17:962][  0]LogConfig: Setting CVar [[r.DOF.Kernel.MaxForegroundRadius:0.025]]
[2021.12.31-03.00.17:962][  0]LogConfig: Setting CVar [[r.DOF.Kernel.MaxBackgroundRadius:0.025]]
[2021.12.31-03.00.17:962][  0]LogConfig: Applying CVar settings from Section [TextureQuality@3] File [D:/Github/GitHub/UnrealEngineProject/UnrealCppProject2/Saved/Config/Windows/Scalability.ini]
[2021.12.31-03.00.17:962][  0]LogConfig: Setting CVar [[r.Streaming.MipBias:0]]
[2021.12.31-03.00.17:962][  0]LogConfig: Setting CVar [[r.Streaming.AmortizeCPUToGPUCopy:0]]
[2021.12.31-03.00.17:962][  0]LogConfig: Setting CVar [[r.Streaming.MaxNumTexturesToStreamPerFrame:0]]
[2021.12.31-03.00.17:962][  0]LogConfig: Setting CVar [[r.Streaming.Boost:1]]
[2021.12.31-03.00.17:962][  0]LogConfig: Setting CVar [[r.MaxAnisotropy:8]]
[2021.12.31-03.00.17:962][  0]LogConfig: Setting CVar [[r.VT.MaxAnisotropy:8]]
[2021.12.31-03.00.17:962][  0]LogConfig: Setting CVar [[r.Streaming.LimitPoolSizeToVRAM:0]]
[2021.12.31-03.00.17:962][  0]LogConfig: Setting CVar [[r.Streaming.PoolSize:1000]]
[2021.12.31-03.00.17:962][  0]LogConfig: Setting CVar [[r.Streaming.MaxEffectiveScreenSize:0]]
[2021.12.31-03.00.17:962][  0]LogConfig: Applying CVar settings from Section [EffectsQuality@3] File [D:/Github/GitHub/UnrealEngineProject/UnrealCppProject2/Saved/Config/Windows/Scalability.ini]
[2021.12.31-03.00.17:962][  0]LogConfig: Setting CVar [[r.TranslucencyLightingVolumeDim:64]]
[2021.12.31-03.00.17:962][  0]LogConfig: Setting CVar [[r.RefractionQuality:2]]
[2021.12.31-03.00.17:962][  0]LogConfig: Setting CVar [[r.SSR.Quality:3]]
[2021.12.31-03.00.17:962][  0]LogConfig: Setting CVar [[r.SSR.HalfResSceneColor:0]]
[2021.12.31-03.00.17:962][  0]LogConfig: Setting CVar [[r.SceneColorFormat:4]]
[2021.12.31-03.00.17:962][  0]LogConfig: Setting CVar [[r.DetailMode:2]]
[2021.12.31-03.00.17:962][  0]LogConfig: Setting CVar [[r.TranslucencyVolumeBlur:1]]
[2021.12.31-03.00.17:962][  0]LogConfig: Setting CVar [[r.MaterialQualityLevel:1 ; High quality]]
[2021.12.31-03.00.17:962][  0]LogConfig: Setting CVar [[r.SSS.Scale:1]]
[2021.12.31-03.00.17:962][  0]LogConfig: Setting CVar [[r.SSS.SampleSet:2]]
[2021.12.31-03.00.17:962][  0]LogConfig: Setting CVar [[r.SSS.Quality:1]]
[2021.12.31-03.00.17:962][  0]LogConfig: Setting CVar [[r.SSS.HalfRes:0]]
[2021.12.31-03.00.17:962][  0]LogConfig: Setting CVar [[r.SSGI.Quality:3]]
[2021.12.31-03.00.17:962][  0]LogConfig: Setting CVar [[r.EmitterSpawnRateScale:1.0]]
[2021.12.31-03.00.17:962][  0]LogConfig: Setting CVar [[r.ParticleLightQuality:2]]
[2021.12.31-03.00.17:962][  0]LogConfig: Setting CVar [[r.SkyAtmosphere.AerialPerspectiveLUT.FastApplyOnOpaque:1 ; Always have FastSkyLUT 1 in this case to avoid wrong sky]]
[2021.12.31-03.00.17:962][  0]LogConfig: Setting CVar [[r.SkyAtmosphere.AerialPerspectiveLUT.SampleCountPerSlice:1]]
[2021.12.31-03.00.17:962][  0]LogConfig: Setting CVar [[r.SkyAtmosphere.AerialPerspectiveLUT.DepthResolution:16.0]]
[2021.12.31-03.00.17:962][  0]LogConfig: Setting CVar [[r.SkyAtmosphere.FastSkyLUT:1]]
[2021.12.31-03.00.17:962][  0]LogConfig: Setting CVar [[r.SkyAtmosphere.FastSkyLUT.SampleCountMin:4.0]]
[2021.12.31-03.00.17:962][  0]LogConfig: Setting CVar [[r.SkyAtmosphere.FastSkyLUT.SampleCountMax:32.0]]
[2021.12.31-03.00.17:962][  0]LogConfig: Setting CVar [[r.SkyAtmosphere.SampleCountMin:4.0]]
[2021.12.31-03.00.17:962][  0]LogConfig: Setting CVar [[r.SkyAtmosphere.SampleCountMax:32.0]]
[2021.12.31-03.00.17:962][  0]LogConfig: Setting CVar [[r.SkyAtmosphere.TransmittanceLUT.UseSmallFormat:0]]
[2021.12.31-03.00.17:962][  0]LogConfig: Setting CVar [[r.SkyAtmosphere.TransmittanceLUT.SampleCount:10.0]]
[2021.12.31-03.00.17:962][  0]LogConfig: Setting CVar [[r.SkyAtmosphere.MultiScatteringLUT.SampleCount:15.0]]
[2021.12.31-03.00.17:962][  0]LogConfig: Applying CVar settings from Section [FoliageQuality@3] File [D:/Github/GitHub/UnrealEngineProject/UnrealCppProject2/Saved/Config/Windows/Scalability.ini]
[2021.12.31-03.00.17:962][  0]LogConfig: Setting CVar [[foliage.DensityScale:1.0]]
[2021.12.31-03.00.17:962][  0]LogConfig: Setting CVar [[grass.DensityScale:1.0]]
[2021.12.31-03.00.17:962][  0]LogConfig: Applying CVar settings from Section [ShadingQuality@3] File [D:/Github/GitHub/UnrealEngineProject/UnrealCppProject2/Saved/Config/Windows/Scalability.ini]
[2021.12.31-03.00.17:962][  0]LogConfig: Setting CVar [[r.HairStrands.SkyLighting.SampleCount:16]]
[2021.12.31-03.00.17:962][  0]LogConfig: Setting CVar [[r.HairStrands.SkyLighting.JitterIntegration:0]]
[2021.12.31-03.00.17:962][  0]LogConfig: Setting CVar [[r.HairStrands.SkyAO.SampleCount:16]]
[2021.12.31-03.00.17:962][  0]LogConfig: Setting CVar [[r.HairStrands.DeepShadow.SuperSampling:0]]
[2021.12.31-03.00.17:962][  0]LogConfig: Setting CVar [[r.HairStrands.VisibilityPPLL:0]]
[2021.12.31-03.00.17:962][  0]LogConfig: Setting CVar [[r.HairStrands.RasterizationScale:0.5]]
[2021.12.31-03.00.17:962][  0]LogConfig: Setting CVar [[r.HairStrands.VelocityRasterizationScale:1]]
[2021.12.31-03.00.17:962][  0]LogConfig: Applying CVar settings from Section [Startup] File [../../../Engine/Config/ConsoleVariables.ini]
[2021.12.31-03.00.17:962][  0]LogConfig: Setting CVar [[net.UseAdaptiveNetUpdateFrequency:0]]
[2021.12.31-03.00.17:962][  0]LogConfig: Setting CVar [[p.chaos.AllowCreatePhysxBodies:1]]
[2021.12.31-03.00.17:962][  0]LogConfig: Setting CVar [[fx.SkipVectorVMBackendOptimizations:1]]
[2021.12.31-03.00.17:962][  0]LogConfig: Applying CVar settings from Section [ConsoleVariables] File [D:/Github/GitHub/UnrealEngineProject/UnrealCppProject2/Saved/Config/Windows/Engine.ini]
[2021.12.31-03.00.17:962][  0]LogInit: Computer: SUHYUN
[2021.12.31-03.00.17:962][  0]LogInit: User: 이수현
[2021.12.31-03.00.17:962][  0]LogInit: CPU Page size=4096, Cores=6
[2021.12.31-03.00.17:962][  0]LogInit: High frequency timer resolution =10.000000 MHz
[2021.12.31-03.00.17:963][  0]LogMemory: Memory total: Physical=15.9GB (16GB approx)
[2021.12.31-03.00.17:963][  0]LogMemory: Platform Memory Stats for Windows
[2021.12.31-03.00.17:963][  0]LogMemory: Process Physical Memory: 120.59 MB used, 120.59 MB peak
[2021.12.31-03.00.17:963][  0]LogMemory: Process Virtual Memory: 99.19 MB used, 99.19 MB peak
[2021.12.31-03.00.17:963][  0]LogMemory: Physical Memory: 6281.61 MB used,  10050.80 MB free, 16332.42 MB total
[2021.12.31-03.00.17:963][  0]LogMemory: Virtual Memory: 5146.69 MB used,  134212584.00 MB free, 134217728.00 MB total
[2021.12.31-03.00.17:967][  0]LogWindows: WindowsPlatformFeatures enabled
[2021.12.31-03.00.18:008][  0]LogInit: Physics initialised using underlying interface: PhysX
[2021.12.31-03.00.18:008][  0]LogInit: Using OS detected language (ko-KR).
[2021.12.31-03.00.18:008][  0]LogInit: Using OS detected locale (ko-KR).
[2021.12.31-03.00.18:010][  0]LogTextLocalizationManager: No specific localization for 'ko-KR' exists, so the 'ko' localization will be used.
[2021.12.31-03.00.18:089][  0]LogInit: Setting process to per monitor DPI aware
[2021.12.31-03.00.18:129][  0]LogSlate: New Slate User Created.  User Index 0, Is Virtual User: 0
[2021.12.31-03.00.18:129][  0]LogSlate: Slate User Registered.  User Index 0, Is Virtual User: 0
[2021.12.31-03.00.18:301][  0]LogHMD: Failed to initialize OpenVR with code 110
[2021.12.31-03.00.18:301][  0]LogD3D11RHI: D3D11 min allowed feature level: 11_0
[2021.12.31-03.00.18:301][  0]LogD3D11RHI: D3D11 max allowed feature level: 11_0
[2021.12.31-03.00.18:301][  0]LogD3D11RHI: D3D11 adapters:
[2021.12.31-03.00.18:388][  0]LogD3D11RHI:    0. 'NVIDIA GeForce GTX 1070' (Feature Level 11_0)
[2021.12.31-03.00.18:388][  0]LogD3D11RHI:       8088/0/8166 MB DedicatedVideo/DedicatedSystem/SharedSystem, Outputs:1, VendorId:0x10de
[2021.12.31-03.00.18:390][  0]LogD3D11RHI:    1. 'Microsoft Basic Render Driver' (Feature Level 11_0)
[2021.12.31-03.00.18:390][  0]LogD3D11RHI:       0/0/8166 MB DedicatedVideo/DedicatedSystem/SharedSystem, Outputs:0, VendorId:0x1414
[2021.12.31-03.00.18:390][  0]LogD3D11RHI: Chosen D3D11 Adapter: 0
[2021.12.31-03.00.18:395][  0]LogD3D11RHI: Creating new Direct3DDevice
[2021.12.31-03.00.18:395][  0]LogD3D11RHI:     GPU DeviceId: 0x1b81 (for the marketing name, search the web for "GPU Device Id")
[2021.12.31-03.00.18:395][  0]LogWindows: EnumDisplayDevices:
[2021.12.31-03.00.18:395][  0]LogWindows:    0. 'NVIDIA GeForce GTX 1070' (P:1 D:1)
[2021.12.31-03.00.18:395][  0]LogWindows:    1. 'NVIDIA GeForce GTX 1070' (P:0 D:0)
[2021.12.31-03.00.18:395][  0]LogWindows:    2. 'NVIDIA GeForce GTX 1070' (P:0 D:0)
[2021.12.31-03.00.18:396][  0]LogWindows:    3. 'NVIDIA GeForce GTX 1070' (P:0 D:0)
[2021.12.31-03.00.18:396][  0]LogWindows: DebugString: FoundDriverCount:4 
[2021.12.31-03.00.18:396][  0]LogD3D11RHI:     Adapter Name: NVIDIA GeForce GTX 1070
[2021.12.31-03.00.18:396][  0]LogD3D11RHI:   Driver Version: 497.09 (internal:30.0.14.9709, unified:497.09)
[2021.12.31-03.00.18:396][  0]LogD3D11RHI:      Driver Date: 11-26-2021
[2021.12.31-03.00.18:396][  0]LogRHI: Texture pool is 5661 MB (70% of 8088 MB)
[2021.12.31-03.00.18:449][  0]LogD3D11RHI: RHI has support for 64 bit atomics
[2021.12.31-03.00.18:449][  0]LogD3D11RHI: Async texture creation enabled
[2021.12.31-03.00.18:449][  0]LogD3D11RHI: Array index from any shader is supported
[2021.12.31-03.00.18:469][  0]LogD3D11RHI: GPU Timing Frequency: 1000.000000 (Debug: 2 1)
[2021.12.31-03.00.18:689][  0]LogTargetPlatformManager: Display: Loaded TargetPlatform 'AllDesktop'
[2021.12.31-03.00.18:709][  0]LogTargetPlatformManager: Display: Loaded TargetPlatform 'Android'
[2021.12.31-03.00.18:709][  0]LogTargetPlatformManager: Display: Loaded TargetPlatform 'Android_ASTC'
[2021.12.31-03.00.18:709][  0]LogTargetPlatformManager: Display: Loaded TargetPlatform 'Android_DXT'
[2021.12.31-03.00.18:709][  0]LogTargetPlatformManager: Display: Loaded TargetPlatform 'Android_ETC2'
[2021.12.31-03.00.18:709][  0]LogTargetPlatformManager: Display: Loaded TargetPlatform 'AndroidClient'
[2021.12.31-03.00.18:709][  0]LogTargetPlatformManager: Display: Loaded TargetPlatform 'Android_ASTCClient'
[2021.12.31-03.00.18:709][  0]LogTargetPlatformManager: Display: Loaded TargetPlatform 'Android_DXTClient'
[2021.12.31-03.00.18:709][  0]LogTargetPlatformManager: Display: Loaded TargetPlatform 'Android_ETC2Client'
[2021.12.31-03.00.18:709][  0]LogTargetPlatformManager: Display: Loaded TargetPlatform 'Android_Multi'
[2021.12.31-03.00.18:709][  0]LogTargetPlatformManager: Display: Loaded TargetPlatform 'Android_MultiClient'
[2021.12.31-03.00.18:730][  0]LogTargetPlatformManager: Display: Loaded TargetPlatform 'IOSClient'
[2021.12.31-03.00.18:730][  0]LogTargetPlatformManager: Display: Loaded TargetPlatform 'IOS'
[2021.12.31-03.00.18:739][  0]LogTargetPlatformManager: Display: Loaded TargetPlatform 'Linux'
[2021.12.31-03.00.18:747][  0]LogTargetPlatformManager: Display: Loaded TargetPlatform 'LinuxNoEditor'
[2021.12.31-03.00.18:755][  0]LogTargetPlatformManager: Display: Loaded TargetPlatform 'LinuxClient'
[2021.12.31-03.00.18:763][  0]LogTargetPlatformManager: Display: Loaded TargetPlatform 'LinuxServer'
[2021.12.31-03.00.18:772][  0]LogTargetPlatformManager: Display: Loaded TargetPlatform 'LinuxAArch64NoEditor'
[2021.12.31-03.00.18:780][  0]LogTargetPlatformManager: Display: Loaded TargetPlatform 'LinuxAArch64Client'
[2021.12.31-03.00.18:788][  0]LogTargetPlatformManager: Display: Loaded TargetPlatform 'LinuxAArch64Server'
[2021.12.31-03.00.18:812][  0]LogTargetPlatformManager: Display: Loaded TargetPlatform 'Lumin'
[2021.12.31-03.00.18:812][  0]LogTargetPlatformManager: Display: Loaded TargetPlatform 'LuminClient'
[2021.12.31-03.00.18:826][  0]LogTargetPlatformManager: Display: Loaded TargetPlatform 'TVOSClient'
[2021.12.31-03.00.18:826][  0]LogTargetPlatformManager: Display: Loaded TargetPlatform 'TVOS'
[2021.12.31-03.00.18:835][  0]LogTargetPlatformManager: Display: Loaded TargetPlatform 'WindowsNoEditor'
[2021.12.31-03.00.18:843][  0]LogTargetPlatformManager: Display: Loaded TargetPlatform 'Windows'
[2021.12.31-03.00.18:852][  0]LogTargetPlatformManager: Display: Loaded TargetPlatform 'WindowsClient'
[2021.12.31-03.00.18:860][  0]LogTargetPlatformManager: Display: Loaded TargetPlatform 'WindowsServer'
[2021.12.31-03.00.18:860][  0]LogTargetPlatformManager: Display: Building Assets For Windows
[2021.12.31-03.00.18:867][  0]LogAudioDebug: Display: Lib vorbis DLL was dynamically loaded.
[2021.12.31-03.00.18:917][  0]LogShaderCompilers: Guid format shader working directory is -22 characters bigger than the processId version (../../../../../Github/GitHub/UnrealEngineProject/UnrealCppProject2/Intermediate/Shaders/WorkingDirectory/3020/).
[2021.12.31-03.00.18:917][  0]LogShaderCompilers: Cleaned the shader compiler working directory 'C:/Users/이수현/AppData/Local/Temp/UnrealShaderWorkingDir/7DF5666B448A07195668258101779588/'.
[2021.12.31-03.00.18:917][  0]LogXGEController: Cannot use XGE Controller as Incredibuild is not installed on this machine.
[2021.12.31-03.00.18:917][  0]LogShaderCompilers: Cannot use XGE Shader Compiler as Incredibuild is not installed on this machine.
[2021.12.31-03.00.18:917][  0]LogShaderCompilers: Display: Using Local Shader Compiler.
[2021.12.31-03.00.19:563][  0]LogDerivedDataCache: Display: Max Cache Size: 512 MB
[2021.12.31-03.00.19:609][  0]LogDerivedDataCache: Loaded boot cache 0.05s 85MB C:/Users/이수현/AppData/Local/UnrealEngine/4.25/DerivedDataCache/Boot.ddc.
[2021.12.31-03.00.19:609][  0]LogDerivedDataCache: Display: Loaded Boot cache: C:/Users/이수현/AppData/Local/UnrealEngine/4.25/DerivedDataCache/Boot.ddc
[2021.12.31-03.00.19:610][  0]LogDerivedDataCache: FDerivedDataBackendGraph:  Pak pak cache file ../../../../../Github/GitHub/UnrealEngineProject/UnrealCppProject2/DerivedDataCache/DDC.ddp not found, will not use a pak cache.
[2021.12.31-03.00.19:610][  0]LogDerivedDataCache: Unable to find inner node Pak for hierarchical cache Hierarchy.
[2021.12.31-03.00.19:610][  0]LogDerivedDataCache: FDerivedDataBackendGraph:  CompressedPak pak cache file ../../../../../Github/GitHub/UnrealEngineProject/UnrealCppProject2/DerivedDataCache/Compressed.ddp not found, will not use a pak cache.
[2021.12.31-03.00.19:610][  0]LogDerivedDataCache: Unable to find inner node CompressedPak for hierarchical cache Hierarchy.
[2021.12.31-03.00.19:620][  0]LogDerivedDataCache: Display: Pak cache opened for reading ../../../Engine/DerivedDataCache/Compressed.ddp.
[2021.12.31-03.00.19:620][  0]LogDerivedDataCache: FDerivedDataBackendGraph:  EnterprisePak pak cache file ../../../Enterprise/DerivedDataCache/Compressed.ddp not found, will not use a pak cache.
[2021.12.31-03.00.19:620][  0]LogDerivedDataCache: Unable to find inner node EnterprisePak for hierarchical cache Hierarchy.
[2021.12.31-03.00.19:621][  0]LogDerivedDataCache: Using Local data cache path C:/Users/이수현/AppData/Local/UnrealEngine/Common/DerivedDataCache: Writable
[2021.12.31-03.00.19:621][  0]LogDerivedDataCache: Shared data cache path not found in *engine.ini, will not use an Shared cache.
[2021.12.31-03.00.19:621][  0]LogDerivedDataCache: Unable to find inner node Shared for hierarchical cache Hierarchy.
[2021.12.31-03.00.19:666][  0]LogSlate: Using FreeType 2.10.0
[2021.12.31-03.00.19:667][  0]LogSlate: SlateFontServices - WITH_FREETYPE: 1, WITH_HARFBUZZ: 1
[2021.12.31-03.00.19:690][  0]LogAssetRegistry: FAssetRegistry took 0.0032 seconds to start up
[2021.12.31-03.00.19:901][  0]LogInit: Selected Device Profile: [Windows]
[2021.12.31-03.00.19:999][  0]LogMeshReduction: Using QuadricMeshReduction for automatic static mesh reduction
[2021.12.31-03.00.19:999][  0]LogMeshReduction: Using SimplygonMeshReduction for automatic skeletal mesh reduction
[2021.12.31-03.00.19:999][  0]LogMeshReduction: Using ProxyLODMeshReduction for automatic mesh merging
[2021.12.31-03.00.19:999][  0]LogMeshReduction: No distributed automatic mesh merging module available
[2021.12.31-03.00.19:999][  0]LogMeshMerging: No distributed automatic mesh merging module available
[2021.12.31-03.00.20:015][  0]LogNetVersion: UnrealCppProject2 1.0.0, NetCL: 13144385, EngineNetVer: 14, GameNetVer: 0 (Checksum: 2110289111)
[2021.12.31-03.00.20:415][  0]LogAISub: UAISubsystem::UAISubsystem AISubsystem (000001E7FE971D40), frame # 0
[2021.12.31-03.00.20:415][  0]LogAISub: UAISubsystem::UAISubsystem AIPerceptionSystem (000001E7FE8C2AC0), frame # 0
[2021.12.31-03.00.20:417][  0]LogAISub: UAISubsystem::UAISubsystem EnvQueryManager (000001E7FE8D3200), frame # 0
[2021.12.31-03.00.20:465][  0]LogPackageLocalizationCache: Processed 21 localized package path(s) for 1 prioritized culture(s) in 0.042569 seconds
[2021.12.31-03.00.20:472][  0]LogUObjectArray: 15917 objects as part of root set at end of initial load.
[2021.12.31-03.00.20:472][  0]LogUObjectAllocator: 3965568 out of 0 bytes used by permanent object pool.
[2021.12.31-03.00.20:472][  0]LogUObjectArray: CloseDisregardForGC: 0/0 objects in disregard for GC pool
[2021.12.31-03.00.20:687][  0]LogPython: Using Python 2.7.14
[2021.12.31-03.00.21:391][  0]LogTcpMessaging: Initializing TcpMessaging bridge
[2021.12.31-03.00.21:395][  0]LogUdpMessaging: Initializing bridge on interface 0.0.0.0:0 to multicast group 230.0.0.1:6666.
[2021.12.31-03.00.21:620][  0]LogLinker: Warning: '../../../../../Github/GitHub/UnrealEngineProject/UnrealCppProject2/Content/Character/Animations/Sword/Sword_Draw_2.uasset' 로드 도중 '/Game/Notifies/Sword/AN_Equipped' 로드에 실패했습니다: 파일을 찾을 수 없습니다.
[2021.12.31-03.00.21:621][  0]LogLinker: Warning: '../../../../../Github/GitHub/UnrealEngineProject/UnrealCppProject2/Content/Character/Animations/Sword/Sword_Draw_2.uasset' 로드 도중 '/Game/Notifies/Sword/AN_Equipped' 로드에 실패했습니다: 애셋에 대한 파일을 찾을 수 없습니다.
[2021.12.31-03.00.21:621][  0]LogLinker: Warning: '../../../../../Github/GitHub/UnrealEngineProject/UnrealCppProject2/Content/Character/Animations/Sword/Sword_Draw_2.uasset' 로드 도중 '/Game/Notifies/Sword/AN_GrabSword' 로드에 실패했습니다: 파일을 찾을 수 없습니다.
[2021.12.31-03.00.21:621][  0]LogLinker: Warning: '../../../../../Github/GitHub/UnrealEngineProject/UnrealCppProject2/Content/Character/Animations/Sword/Sword_Draw_2.uasset' 로드 도중 '/Game/Notifies/Sword/AN_GrabSword' 로드에 실패했습니다: 애셋에 대한 파일을 찾을 수 없습니다.
[2021.12.31-03.00.21:621][  0]LogLinker: Warning: '../../../../../Github/GitHub/UnrealEngineProject/UnrealCppProject2/Content/Character/Animations/Sword/Sword_Draw_2.uasset' 로드 도중 '/Game/Notifies/Sword/AN_Equipped' 로드에 실패했습니다: 파일을 찾을 수 없습니다.
[2021.12.31-03.00.21:621][  0]LogLinker: Warning: '../../../../../Github/GitHub/UnrealEngineProject/UnrealCppProject2/Content/Character/Animations/Sword/Sword_Draw_2.uasset' 로드 도중 '/Game/Notifies/Sword/AN_Equipped' 로드에 실패했습니다: 애셋에 대한 파일을 찾을 수 없습니다.
[2021.12.31-03.00.21:621][  0]LogLinker: Warning: '../../../../../Github/GitHub/UnrealEngineProject/UnrealCppProject2/Content/Character/Animations/Sword/Sword_Draw_2.uasset' 로드 도중 '/Game/Notifies/Sword/AN_GrabSword' 로드에 실패했습니다: 파일을 찾을 수 없습니다.
[2021.12.31-03.00.21:621][  0]LogLinker: Warning: '../../../../../Github/GitHub/UnrealEngineProject/UnrealCppProject2/Content/Character/Animations/Sword/Sword_Draw_2.uasset' 로드 도중 '/Game/Notifies/Sword/AN_GrabSword' 로드에 실패했습니다: 애셋에 대한 파일을 찾을 수 없습니다.
[2021.12.31-03.00.21:621][  0]LogLinker: Warning: '../../../../../Github/GitHub/UnrealEngineProject/UnrealCppProject2/Content/Character/Montages/OneHand/Sword_Draw_1_Montage.uasset' 로드 도중 '/Game/Notifies/Sword/AN_Equipped' 로드에 실패했습니다: 파일을 찾을 수 없습니다.
[2021.12.31-03.00.21:621][  0]LogLinker: Warning: '../../../../../Github/GitHub/UnrealEngineProject/UnrealCppProject2/Content/Character/Montages/OneHand/Sword_Draw_1_Montage.uasset' 로드 도중 '/Game/Notifies/Sword/AN_Equipped' 로드에 실패했습니다: 애셋에 대한 파일을 찾을 수 없습니다.
[2021.12.31-03.00.21:621][  0]LogLinker: Warning: '../../../../../Github/GitHub/UnrealEngineProject/UnrealCppProject2/Content/Character/Montages/OneHand/Sword_Draw_1_Montage.uasset' 로드 도중 '/Game/Notifies/Sword/AN_Equipped' 로드에 실패했습니다: 파일을 찾을 수 없습니다.
[2021.12.31-03.00.21:621][  0]LogLinker: Warning: '../../../../../Github/GitHub/UnrealEngineProject/UnrealCppProject2/Content/Character/Montages/OneHand/Sword_Draw_1_Montage.uasset' 로드 도중 '/Game/Notifies/Sword/AN_Equipped' 로드에 실패했습니다: 애셋에 대한 파일을 찾을 수 없습니다.
[2021.12.31-03.00.21:621][  0]LogLinker: Warning: '../../../../../Github/GitHub/UnrealEngineProject/UnrealCppProject2/Content/Character/Montages/OneHand/Sword_Draw_1_Montage.uasset' 로드 도중 '/Game/Notifies/Sword/AN_GrabSword' 로드에 실패했습니다: 파일을 찾을 수 없습니다.
[2021.12.31-03.00.21:622][  0]LogLinker: Warning: '../../../../../Github/GitHub/UnrealEngineProject/UnrealCppProject2/Content/Character/Montages/OneHand/Sword_Draw_1_Montage.uasset' 로드 도중 '/Game/Notifies/Sword/AN_GrabSword' 로드에 실패했습니다: 애셋에 대한 파일을 찾을 수 없습니다.
[2021.12.31-03.00.21:622][  0]LogLinker: Warning: '../../../../../Github/GitHub/UnrealEngineProject/UnrealCppProject2/Content/Character/Montages/OneHand/Sword_Draw_1_Montage.uasset' 로드 도중 '/Game/Notifies/Sword/AN_GrabSword' 로드에 실패했습니다: 파일을 찾을 수 없습니다.
[2021.12.31-03.00.21:622][  0]LogLinker: Warning: '../../../../../Github/GitHub/UnrealEngineProject/UnrealCppProject2/Content/Character/Montages/OneHand/Sword_Draw_1_Montage.uasset' 로드 도중 '/Game/Notifies/Sword/AN_GrabSword' 로드에 실패했습니다: 애셋에 대한 파일을 찾을 수 없습니다.
[2021.12.31-03.00.21:728][  0]LogPackageName: Warning: Asset path "StaticMesh'FX_Meshes_IB.SM_Debris_Box_RadialFull'" is in short form, which is unsupported and -- even if valid -- resolving it will be really slow.
[2021.12.31-03.00.21:728][  0]LogPackageName: Warning: Please consider resaving package in order to speed-up loading.
[2021.12.31-03.00.21:846][  0]LogPackageName: SearchForPackageOnDisk took   0.118s, but failed to resolve StaticMesh'FX_Meshes_IB.
[2021.12.31-03.00.21:846][  0]LogPackageName: Warning: Asset path "StaticMesh'FX_Meshes_IB.SM_Debris_Box_RadialFull'" could not be resolved.
[2021.12.31-03.00.21:962][  0]SourceControl: 소스 컨트롤이 꺼졌습니다.
[2021.12.31-03.00.21:962][  0]SourceControl: 소스 컨트롤이 꺼졌습니다.
[2021.12.31-03.00.21:965][  0]SourceControl: 소스 컨트롤이 꺼졌습니다.
[2021.12.31-03.00.21:968][  0]SourceControl: 소스 컨트롤이 꺼졌습니다.
[2021.12.31-03.00.21:974][  0]SourceControl: 소스 컨트롤이 꺼졌습니다.
[2021.12.31-03.00.22:249][  0]LogAndroidPermission: UAndroidPermissionCallbackProxy::GetInstance
[2021.12.31-03.00.22:279][  0]LogAudioCaptureCore: Display: No Audio Capture implementations found. Audio input will be silent.
[2021.12.31-03.00.22:279][  0]LogAudioCaptureCore: Display: No Audio Capture implementations found. Audio input will be silent.
[2021.12.31-03.00.22:346][  0]LogOcInput: OculusInput pre-init called
[2021.12.31-03.00.22:355][  0]LogWindows: Failed to load 'OVRPlugin.dll' (GetLastError=126)
[2021.12.31-03.00.22:355][  0]LogWindows: File 'OVRPlugin.dll' does not exist
[2021.12.31-03.00.22:727][  0]LogEngine: Initializing Engine...
[2021.12.31-03.00.22:728][  0]LogHMD: Failed to initialize OpenVR with code 110
[2021.12.31-03.00.22:728][  0]LogMagicLeap: Warning: VR disabled because ZI is not enabled.  To enable, in the editor, Edit -> Project Settings -> Plugins -> Magic Leap Plugin -> Enable Zero Iteration
[2021.12.31-03.00.22:729][  0]LogStats: UGameplayTagsManager::InitializeManager -  0.000 s
[2021.12.31-03.00.22:823][  0]LogInit: Initializing FReadOnlyCVARCache
[2021.12.31-03.00.22:837][  0]LogAIModule: Creating AISystem for world Untitled
[2021.12.31-03.00.22:837][  0]LogAISub: UAISubsystem::UAISubsystem EnvQueryManager (000001E78C51D200), frame # 0
[2021.12.31-03.00.22:837][  0]LogAISub: UAISubsystem::UAISubsystem AIPerceptionSystem (000001E78C559F80), frame # 0
[2021.12.31-03.00.22:841][  0]LogAudioMixer: Display: Audio Mixer Platform Settings:
[2021.12.31-03.00.22:841][  0]LogAudioMixer: Display: 	Sample Rate:						  48000
[2021.12.31-03.00.22:841][  0]LogAudioMixer: Display: 	Callback Buffer Frame Size Requested: 1024
[2021.12.31-03.00.22:842][  0]LogAudioMixer: Display: 	Callback Buffer Frame Size To Use:	  1024
[2021.12.31-03.00.22:842][  0]LogAudioMixer: Display: 	Number of buffers to queue:			  2
[2021.12.31-03.00.22:842][  0]LogAudioMixer: Display: 	Max Channels (voices):				  32
[2021.12.31-03.00.22:842][  0]LogAudioMixer: Display: 	Number of Async Source Workers:		  0
[2021.12.31-03.00.22:842][  0]LogAudio: Display: AudioDevice MaxSources: 32
[2021.12.31-03.00.22:842][  0]LogAudio: Display: Using built-in audio occlusion.
[2021.12.31-03.00.22:842][  0]LogAudioMixer: Display: Initializing audio mixer.
[2021.12.31-03.00.22:850][  0]LogAudioMixer: Display: 0: FrontLeft
[2021.12.31-03.00.22:850][  0]LogAudioMixer: Display: 1: FrontRight
[2021.12.31-03.00.22:880][  0]LogAudioMixer: Display: Using Audio Device 스피커(Realtek(R) Audio)
[2021.12.31-03.00.22:883][  0]LogAudioMixer: Display: Initializing Sound Submixes...
[2021.12.31-03.00.22:885][  0]LogAudioMixer: Display: Creating Master Submix 'MasterSubmixDefault'
[2021.12.31-03.00.22:885][  0]LogAudioMixer: Display: Creating Master Submix 'MasterReverbSubmixDefault'
[2021.12.31-03.00.22:886][  0]LogAudioMixer: Display: Creating Master Submix 'MasterEQSubmixDefault'
[2021.12.31-03.00.22:887][  0]LogInit: FAudioDevice initialized.
[2021.12.31-03.00.22:887][  0]LogNetVersion: Set ProjectVersion to 1.0.0.0. Version Checksum will be recalculated on next use.
[2021.12.31-03.00.22:970][  0]LogDerivedDataCache: Saved boot cache 0.08s 85MB C:/Users/이수현/AppData/Local/UnrealEngine/4.25/DerivedDataCache/Boot.ddc.
[2021.12.31-03.00.22:970][  0]LogInit: Texture streaming: Enabled
[2021.12.31-03.00.22:984][  0]LogEngineSessionManager: EngineSessionManager initialized
[2021.12.31-03.00.22:984][  0]LogEditorSessionSummary: Verbose: Initializing EditorSessionSummaryWriter for editor session tracking
[2021.12.31-03.00.22:985][  0]LogEditorSessionSummary: EditorSessionSummaryWriter initialized
[2021.12.31-03.00.23:027][  0]LogInit: Transaction tracking system initialized
[2021.12.31-03.00.23:046][  0]BlueprintLog: New page: 에디터 로드
[2021.12.31-03.00.23:108][  0]LocalizationService: 현지화 서비스가 비활성화되었습니다.
[2021.12.31-03.00.23:247][  0]LogCook: Display: Max memory allowance for cook 16384mb min free memory 0mb
[2021.12.31-03.00.23:247][  0]LogCook: Display: Mobile HDR setting 1
[2021.12.31-03.00.23:379][  0]LogFileCache: Scanning file cache for directory 'D:/Github/GitHub/UnrealEngineProject/UnrealCppProject2/Content/' took 0.01s
[2021.12.31-03.00.23:606][  0]SourceControl: 소스 컨트롤이 꺼졌습니다.
[2021.12.31-03.00.23:606][  0]LogUnrealEdMisc: Loading editor; pre map load, took 7.158
[2021.12.31-03.00.23:606][  0]Cmd: MAP LOAD FILE="../../../../../Github/GitHub/UnrealEngineProject/UnrealCppProject2/Content/Levels/Battle.umap" TEMPLATE=0 SHOWPROGRESS=1 FEATURELEVEL=3
[2021.12.31-03.00.23:606][  0]LightingResults: New page: 라이팅 빌드
[2021.12.31-03.00.23:607][  0]LogWorld: UWorld::CleanupWorld for Untitled, bSessionEnded=true, bCleanupResources=true
[2021.12.31-03.00.23:607][  0]LogSlate: InvalidateAllWidgets triggered.  All widgets were invalidated
[2021.12.31-03.00.23:607][  0]MapCheck: New page: 맵 체크
[2021.12.31-03.00.23:607][  0]LightingResults: New page: 라이팅 빌드
[2021.12.31-03.00.23:619][  0]LogAISub: UAISubsystem::~UAISubsystem EnvQueryManager (000001E78C51D200), frame # 0
[2021.12.31-03.00.23:619][  0]LogAISub: UAISubsystem::~UAISubsystem AIPerceptionSystem (000001E78C559F80), frame # 0
[2021.12.31-03.00.23:620][  0]LogUObjectHash: Compacting FUObjectHashTables data took   1.01ms
[2021.12.31-03.00.23:708][  0]LogAIModule: Creating AISystem for world Battle
[2021.12.31-03.00.23:708][  0]LogAISub: UAISubsystem::UAISubsystem EnvQueryManager (000001E79BAF3E00), frame # 0
[2021.12.31-03.00.23:708][  0]LogAISub: UAISubsystem::UAISubsystem AIPerceptionSystem (000001E787BA8540), frame # 0
[2021.12.31-03.00.23:718][  0]LogEditorServer: Finished looking for orphan Actors (0.000 secs)
[2021.12.31-03.00.23:729][  0]LogUObjectHash: Compacting FUObjectHashTables data took   0.88ms
[2021.12.31-03.00.23:729][  0]Cmd: MAP CHECKDEP NOCLEARLOG
[2021.12.31-03.00.23:729][  0]MapCheck: 맵 체크 완료: 오류 0 회, 경고 0 회, 소요 시간 0.122ms.
[2021.12.31-03.00.23:729][  0]LogFileHelpers: Loading map 'Battle' took 0.123
[2021.12.31-03.00.23:732][  0]LogUnrealEdMisc: Total Editor Startup Time, took 7.285
[2021.12.31-03.00.23:855][  0]LogSlate: Updating window title bar state: overlay mode, drag disabled, window buttons hidden, title bar hidden
[2021.12.31-03.00.23:861][  0]LogSlate: Updating window title bar state: overlay mode, drag disabled, window buttons hidden, title bar hidden
[2021.12.31-03.00.23:867][  0]LogSlate: Updating window title bar state: overlay mode, drag disabled, window buttons hidden, title bar hidden
[2021.12.31-03.00.23:875][  0]LogSlate: Updating window title bar state: overlay mode, drag disabled, window buttons hidden, title bar hidden
[2021.12.31-03.00.23:879][  0]LogCollectionManager: Loaded 0 collections in 0.000829 seconds
[2021.12.31-03.00.23:895][  0]LogFileCache: Scanning file cache for directory 'D:/Github/GitHub/UnrealEngineProject/UnrealCppProject2/Saved/Collections/' took 0.00s
[2021.12.31-03.00.23:895][  0]LogFileCache: Scanning file cache for directory 'D:/Github/GitHub/UnrealEngineProject/UnrealCppProject2/Content/Developers/이수현/Collections/' took 0.00s
[2021.12.31-03.00.23:895][  0]LogFileCache: Scanning file cache for directory 'D:/Github/GitHub/UnrealEngineProject/UnrealCppProject2/Content/Collections/' took 0.00s
[2021.12.31-03.00.23:895][  0]LogContentBrowser: Native class hierarchy populated in 0.0095 seconds. Added 3482 classes and 835 folders.
[2021.12.31-03.00.23:898][  0]LogContentBrowser: Native class hierarchy updated for 'WidgetCarousel' in 0.0005 seconds. Added 0 classes and 0 folders.
[2021.12.31-03.00.23:965][  0]LogContentBrowser: Native class hierarchy updated for 'AddContentDialog' in 0.0005 seconds. Added 0 classes and 0 folders.
[2021.12.31-03.00.23:969][  0]LogContentBrowser: Native class hierarchy updated for 'SceneOutliner' in 0.0004 seconds. Added 2 classes and 0 folders.
[2021.12.31-03.00.24:007][  0]LogSlate: Took 0.000283 seconds to synchronously load lazily loaded font '../../../Engine/Content/Slate/Fonts/Roboto-Regular.ttf' (155K)
[2021.12.31-03.00.24:009][  0]LogSlate: Took 0.001191 seconds to synchronously load lazily loaded font '../../../Engine/Content/Editor/Slate/Fonts/NanumGothic.ttf' (4243K)
[2021.12.31-03.00.24:010][  0]LogSlate: Took 0.000237 seconds to synchronously load lazily loaded font '../../../Engine/Content/Editor/Slate/Fonts/FontAwesome.ttf' (139K)
[2021.12.31-03.00.24:011][  0]LogSlate: Took 0.001292 seconds to synchronously load lazily loaded font '../../../Engine/Content/Editor/Slate/Fonts/NanumGothicBold.ttf' (4188K)
[2021.12.31-03.00.24:011][  0]LogSlate: Took 0.000192 seconds to synchronously load lazily loaded font '../../../Engine/Content/Slate/Fonts/Roboto-Bold.ttf' (160K)
[2021.12.31-03.00.24:012][  0]LogSlate: Took 0.000131 seconds to synchronously load lazily loaded font '../../../Engine/Content/Slate/Fonts/DroidSansMono.ttf' (77K)
[2021.12.31-03.00.24:041][  0]LogSlate: Took 0.002674 seconds to synchronously load lazily loaded font '../../../Engine/Content/Editor/Slate/Fonts/NanumGothicExtraBold.ttf' (4074K)
[2021.12.31-03.00.24:104][  0]LogRenderer: Reallocating scene render targets to support 1188x600 Format 10 NumSamples 1 (Frame:1).
[2021.12.31-03.00.24:142][  0]LogSlate: Took 0.000158 seconds to synchronously load lazily loaded font '../../../Engine/Content/Slate/Fonts/Roboto-Light.ttf' (167K)
[2021.12.31-03.00.24:313][  0]LogContentBrowser: Native class hierarchy updated for 'HierarchicalLODOutliner' in 0.0006 seconds. Added 0 classes and 0 folders.
[2021.12.31-03.00.24:314][  0]LogLoad: (Engine Initialization) Total time: 7.87 seconds
[2021.12.31-03.00.24:314][  0]LogLoad: (Engine Initialization) Total Blueprint compile time: 0.00 seconds
[2021.12.31-03.00.24:361][  0]LogAssetRegistry: Asset discovery search completed in 4.6731 seconds
[2021.12.31-03.00.24:365][  0]LogCollectionManager: Fixed up redirectors for 0 collections in 0.000003 seconds (updated 0 objects)
[2021.12.31-03.00.24:366][  0]LogContentStreaming: Texture pool size now 1000 MB
[2021.12.31-03.00.29:023][455]LogSlate: Took 0.000202 seconds to synchronously load lazily loaded font '../../../Engine/Content/Slate/Fonts/Roboto-Light.ttf' (167K)
[2021.12.31-03.00.29:049][455]LogAssetEditorSubsystem: Opening Asset editor for WidgetBlueprint /Game/Widgets/WB_ActionList.WB_ActionList
[2021.12.31-03.00.29:246][455]LogContentBrowser: Native class hierarchy updated for 'BlueprintGraph' in 0.0008 seconds. Added 125 classes and 0 folders.
[2021.12.31-03.00.30:319][455]LogSlate: Took 0.000217 seconds to synchronously load lazily loaded font '../../../Engine/Content/Slate/Fonts/Roboto-BoldCondensed.ttf' (158K)
[2021.12.31-03.00.32:500][638]LogSlate: Took 0.000280 seconds to synchronously load lazily loaded font '../../../Engine/Content/Slate/Fonts/Roboto-Italic.ttf' (157K)
[2021.12.31-03.02.54:331][262]Cmd: OBJ SAVEPACKAGE PACKAGE="/Game/Widgets/WB_ActionList" FILE="../../../../../Github/GitHub/UnrealEngineProject/UnrealCppProject2/Content/Widgets/WB_ActionList.uasset" SILENT=true
[2021.12.31-03.02.54:346][262]LogSavePackage: Moving '../../../../../Github/GitHub/UnrealEngineProject/UnrealCppProject2/Saved/WB_ActionList7F2DA0FA4434389945F7FDB7F9C6AF28.tmp' to '../../../../../Github/GitHub/UnrealEngineProject/UnrealCppProject2/Content/Widgets/WB_ActionList.uasset'
[2021.12.31-03.02.54:363][262]AssetCheck: New page: 애셋 저장: WB_ActionList
[2021.12.31-03.02.54:364][262]LogContentValidation: Display: WidgetBlueprint /Game/Widgets/WB_ActionList.WB_ActionList 유효성 검사
[2021.12.31-03.03.27:596][916]LogSlate: Window '프로젝트 세팅' being destroyed
[2021.12.31-03.03.27:601][916]LogSlate: Window '프로젝트 세팅' being destroyed
[2021.12.31-03.10.24:720][181]LogUObjectHash: Compacting FUObjectHashTables data took   5.05ms
[2021.12.31-03.10.24:723][181]LogFileHelpers: Editor autosave (incl. sublevels) for '/Game/Levels/Battle' took 0.099
[2021.12.31-03.10.24:723][181]OBJ SavePackage: Generating thumbnails for [0] asset(s) in package [/Game/Widgets/WB_ActionList] ([1] browsable assets)...
[2021.12.31-03.10.24:723][181]OBJ SavePackage: Finished generating thumbnails for package [/Game/Widgets/WB_ActionList]
[2021.12.31-03.10.24:734][181]LogSavePackage: Moving '../../../../../Github/GitHub/UnrealEngineProject/UnrealCppProject2/Saved/WB_ActionList_Auto1F14EAD10487943632F83B6B05FECA746.tmp' to '../../../../../Github/GitHub/UnrealEngineProject/UnrealCppProject2/Saved/Autosaves/Game/Widgets/WB_ActionList_Auto1.uasset'
[2021.12.31-03.10.24:735][181]LogFileHelpers: Auto-saving content packages took 0.012
[2021.12.31-03.20.33:373][574]Cmd: OBJ SAVEPACKAGE PACKAGE="/Game/Widgets/WB_ActionList" FILE="../../../../../Github/GitHub/UnrealEngineProject/UnrealCppProject2/Content/Widgets/WB_ActionList.uasset" SILENT=true
[2021.12.31-03.20.33:387][574]LogSavePackage: Moving '../../../../../Github/GitHub/UnrealEngineProject/UnrealCppProject2/Saved/WB_ActionListCDF229F0412C84A8C3238BA68D06CBD9.tmp' to '../../../../../Github/GitHub/UnrealEngineProject/UnrealCppProject2/Content/Widgets/WB_ActionList.uasset'
[2021.12.31-03.20.33:402][574]AssetCheck: New page: 애셋 저장: WB_ActionList
[2021.12.31-03.20.33:403][574]LogContentValidation: Display: WidgetBlueprint /Game/Widgets/WB_ActionList.WB_ActionList 유효성 검사
[2021.12.31-03.20.34:310][655]BlueprintLog: New page: WB_ActionList 컴파일
[2021.12.31-03.20.34:364][655]LogUObjectHash: Compacting FUObjectHashTables data took   3.77ms
[2021.12.31-03.20.36:201][783]LogSlate: Window 'WB_ActionList' being destroyed
[2021.12.31-03.20.36:206][783]LogSlate: Window 'WB_ActionList' being destroyed
[2021.12.31-03.20.36:208][783]LogWorld: UWorld::CleanupWorld for World_3, bSessionEnded=true, bCleanupResources=true
[2021.12.31-03.20.36:208][783]LogSlate: InvalidateAllWidgets triggered.  All widgets were invalidated
[2021.12.31-03.20.36:223][783]LogWorld: UWorld::CleanupWorld for World_2, bSessionEnded=true, bCleanupResources=true
[2021.12.31-03.20.36:223][783]LogSlate: InvalidateAllWidgets triggered.  All widgets were invalidated
[2021.12.31-03.20.37:334][896]Candidate modules for hot reload:
[2021.12.31-03.20.37:334][896]  UnrealCppProject2
[2021.12.31-03.20.37:334][896]Launching UnrealBuildTool... [D:/Epic Games/UE_4.25/Engine/Binaries/DotNET/UnrealBuildTool.exe  -ModuleWithSuffix=UnrealCppProject2,993 UnrealCppProject2Editor Win64 Development -Project="D:/Github/GitHub/UnrealEngineProject/UnrealCppProject2/UnrealCppProject2.uproject" "D:/Github/GitHub/UnrealEngineProject/UnrealCppProject2/UnrealCppProject2.uproject"  -IgnoreJunk]
[2021.12.31-03.20.37:336][896]Warning: Starting HotReload took  0.0s.
[2021.12.31-03.21.05:094][682]CompilerResultsLog: New page: 컴파일 - 2021. 12. 31. 오후 9:21:05
[2021.12.31-03.21.05:094][682]CompilerResultsLog: Using 'git status' to determine working set for adaptive non-unity build (D:\Github\GitHub\UnrealEngineProject).
[2021.12.31-03.21.05:094][682]CompilerResultsLog: Invalidating makefile for UnrealCppProject2Editor (working set of source files changed)
[2021.12.31-03.21.05:094][682]CompilerResultsLog: Parsing headers for UnrealCppProject2Editor
[2021.12.31-03.21.05:094][682]CompilerResultsLog:   Running UnrealHeaderTool "D:\Github\GitHub\UnrealEngineProject\UnrealCppProject2\UnrealCppProject2.uproject" "D:\Github\GitHub\UnrealEngineProject\UnrealCppProject2\Intermediate\Build\Win64\UnrealCppProject2Editor\Development\UnrealCppProject2Editor.uhtmanifest" -LogCmds="loginit warning, logexit warning, logdatabase error" -Unattended -WarningsAsErrors -abslog="C:\Users\?̼???\AppData\Local\UnrealBuildTool\Log_UHT.txt" -installed
[2021.12.31-03.21.05:094][682]CompilerResultsLog: Reflection code generated for UnrealCppProject2Editor in 5.1483329 seconds
[2021.12.31-03.21.05:094][682]CompilerResultsLog: Building UnrealCppProject2Editor...
[2021.12.31-03.21.05:094][682]CompilerResultsLog: Using Visual Studio 2017 14.16.27045 toolchain (D:\Program Files\Microsoft Visual Studio\2017\Community\VC\Tools\MSVC\14.16.27023) and Windows 10.0.16299.0 SDK (D:\Windows Kits\10).
[2021.12.31-03.21.05:094][682]CompilerResultsLog: [Adaptive unity build] Excluded from UnrealCppProject2 unity file: CAim.cpp, CDoAction_Throw.cpp, CThrow.cpp, CGameMode.cpp, CPlayer.cpp, CHUD.cpp, CUserWidget_ActionItem.cpp, CUserWidget_ActionList.cpp
[2021.12.31-03.21.05:094][682]CompilerResultsLog: [Adaptive unity build] Excluded from UnrealCppProject2.gen unity file: CActionData.gen.cpp, CDoAction_Throw.gen.cpp, CHUD.gen.cpp, CThrow.gen.cpp, CUserWidget_ActionItem.gen.cpp, CUserWidget_ActionList.gen.cpp, UnrealCppProject2.init.gen.cpp
[2021.12.31-03.21.05:094][682]CompilerResultsLog: Building 9 actions with 6 processes...
[2021.12.31-03.21.05:094][682]CompilerResultsLog:   [1/9] UnrealCppProject2.init.gen.cpp
[2021.12.31-03.21.05:094][682]CompilerResultsLog:   [2/9] CUserWidget_ActionList.gen.cpp
[2021.12.31-03.21.05:094][682]CompilerResultsLog:   [3/9] CUserWidget_ActionList.cpp
[2021.12.31-03.21.05:094][682]CompilerResultsLog:   [4/9] CPlayer.cpp
[2021.12.31-03.21.05:094][682]CompilerResultsLog:   [5/9] Module.UnrealCppProject2.gen.cpp
[2021.12.31-03.21.05:094][682]CompilerResultsLog:   [6/9] Module.UnrealCppProject2.cpp
[2021.12.31-03.21.05:094][682]CompilerResultsLog:   [7/9] UE4Editor-UnrealCppProject2-0993.lib
[2021.12.31-03.21.05:094][682]CompilerResultsLog:      D:\Github\GitHub\UnrealEngineProject\UnrealCppProject2\Intermediate\Build\Win64\UE4Editor\Development\UnrealCppProject2\UE4Editor-UnrealCppProject2-0993.lib ???̺귯?? ?? D:\Github\GitHub\UnrealEngineProject\UnrealCppProject2\Intermediate\Build\Win64\UE4Editor\Development\UnrealCppProject2\UE4Editor-UnrealCppProject2-0993.exp ??ü?? ?????ϰ? ?ֽ??ϴ?.
[2021.12.31-03.21.05:095][682]CompilerResultsLog:   [8/9] UE4Editor-UnrealCppProject2-0993.dll
[2021.12.31-03.21.05:095][682]CompilerResultsLog:      D:\Github\GitHub\UnrealEngineProject\UnrealCppProject2\Intermediate\Build\Win64\UE4Editor\Development\UnrealCppProject2\UE4Editor-UnrealCppProject2-0993.suppressed.lib ???̺귯?? ?? D:\Github\GitHub\UnrealEngineProject\UnrealCppProject2\Intermediate\Build\Win64\UE4Editor\Development\UnrealCppProject2\UE4Editor-UnrealCppProject2-0993.suppressed.exp ??ü?? ?????ϰ? ?ֽ??ϴ?.
[2021.12.31-03.21.05:095][682]CompilerResultsLog:   [9/9] UnrealCppProject2Editor.target
[2021.12.31-03.21.05:095][682]CompilerResultsLog: Total time in Parallel executor: 20.04 seconds
[2021.12.31-03.21.05:095][682]CompilerResultsLog: Total execution time: 27.36 seconds
[2021.12.31-03.21.05:095][682]LogMainFrame: MainFrame: Module compiling took 27.767 seconds
[2021.12.31-03.21.05:117][682]LogContentBrowser: Native class hierarchy populated in 0.0104 seconds. Added 3482 classes and 835 folders.
[2021.12.31-03.21.05:117][682]Display: HotReload took 27.8s.
[2021.12.31-03.21.05:734][682]LogSlate: Took 0.001273 seconds to synchronously load lazily loaded font '../../../Engine/Content/Slate/Fonts/DroidSansFallback.ttf' (3848K)
[2021.12.31-03.21.05:734][682]LogSlate: Last resort fallback font was requested. Font: '../../../Engine/Content/Slate/Fonts/DroidSansFallback.ttf', Character: 'ϰ (U+03f0)'
[2021.12.31-03.21.05:737][682]LogSlate: Took 0.001685 seconds to synchronously load lazily loaded font '../../../Engine/Content/SlateDebug/Fonts/LastResort.ttf' (5269K)
[2021.12.31-03.21.08:510][701]LogTemp: Repeating last play command: 선택된 뷰포트
[2021.12.31-03.21.08:527][701]LogPlayLevel: PlayLevel: No blueprints needed recompiling
[2021.12.31-03.21.08:527][701]PIE: New page: PIE 세션: Battle (2021. 12. 31. 오후 9:21:08)
[2021.12.31-03.21.08:528][701]LogOnline: OSS: Creating online subsystem instance for: NULL
[2021.12.31-03.21.08:530][701]LogOnline: OSS: TryLoadSubsystemAndSetDefault: Loaded subsystem for module [NULL]
[2021.12.31-03.21.08:530][701]LogPlayLevel: Creating play world package: /Game/Levels/UEDPIE_0_Battle
[2021.12.31-03.21.08:535][701]LogPlayLevel: PIE: StaticDuplicateObject took: (0.005175s)
[2021.12.31-03.21.08:536][701]LogAIModule: Creating AISystem for world Battle
[2021.12.31-03.21.08:536][701]LogAISub: UAISubsystem::UAISubsystem EnvQueryManager (000001E80836C400), frame # 39701
[2021.12.31-03.21.08:536][701]LogAISub: UAISubsystem::UAISubsystem AIPerceptionSystem (000001E7BABC9300), frame # 39701
[2021.12.31-03.21.08:536][701]LogPlayLevel: PIE: World Init took: (0.000913s)
[2021.12.31-03.21.08:536][701]LogPlayLevel: PIE: Created PIE world by copying editor world from /Game/Levels/Battle.Battle to /Game/Levels/UEDPIE_0_Battle.Battle (0.006214s)
[2021.12.31-03.21.08:624][701]LogUObjectHash: Compacting FUObjectHashTables data took   4.31ms
[2021.12.31-03.21.08:627][701]LogAudioMixer: Display: Audio Mixer Platform Settings:
[2021.12.31-03.21.08:627][701]LogAudioMixer: Display: 	Sample Rate:						  48000
[2021.12.31-03.21.08:627][701]LogAudioMixer: Display: 	Callback Buffer Frame Size Requested: 1024
[2021.12.31-03.21.08:627][701]LogAudioMixer: Display: 	Callback Buffer Frame Size To Use:	  1024
[2021.12.31-03.21.08:627][701]LogAudioMixer: Display: 	Number of buffers to queue:			  2
[2021.12.31-03.21.08:627][701]LogAudioMixer: Display: 	Max Channels (voices):				  32
[2021.12.31-03.21.08:627][701]LogAudioMixer: Display: 	Number of Async Source Workers:		  0
[2021.12.31-03.21.08:627][701]LogAudio: Display: AudioDevice MaxSources: 32
[2021.12.31-03.21.08:627][701]LogAudio: Display: Using built-in audio occlusion.
[2021.12.31-03.21.08:627][701]LogAudioMixer: Display: Initializing audio mixer.
[2021.12.31-03.21.08:631][701]LogAudioMixer: Display: 0: FrontLeft
[2021.12.31-03.21.08:631][701]LogAudioMixer: Display: 1: FrontRight
[2021.12.31-03.21.08:649][701]LogAudioMixer: Display: Using Audio Device 스피커(Realtek(R) Audio)
[2021.12.31-03.21.08:649][701]LogAudioMixer: Display: Initializing Sound Submixes...
[2021.12.31-03.21.08:649][701]LogAudioMixer: Display: Creating Master Submix 'MasterSubmixDefault'
[2021.12.31-03.21.08:649][701]LogAudioMixer: Display: Creating Master Submix 'MasterReverbSubmixDefault'
[2021.12.31-03.21.08:650][701]LogAudioMixer: Display: Creating Master Submix 'MasterEQSubmixDefault'
[2021.12.31-03.21.08:661][701]LogInit: FAudioDevice initialized.
[2021.12.31-03.21.08:667][701]LogLoad: Game class is 'CGameMode'
[2021.12.31-03.21.08:671][701]LogWorld: Bringing World /Game/Levels/UEDPIE_0_Battle.Battle up for play (max tick rate 0) at 2021.12.31-12.21.08
[2021.12.31-03.21.08:672][701]LogWorld: Bringing up level for play took: 0.003976
[2021.12.31-03.21.08:672][701]LogOnline: OSS: Creating online subsystem instance for: :Context_6
[2021.12.31-03.21.08:709][701]LogContentBrowser: Native class hierarchy updated for 'MovieSceneCapture' in 0.0005 seconds. Added 20 classes and 0 folders.
[2021.12.31-03.21.08:716][701]GameProject: Display: Fist_LeftHand
[2021.12.31-03.21.08:716][701]GameProject: Display: Fist_RightHand
[2021.12.31-03.21.08:716][701]GameProject: Display: Fist_LeftFoot
[2021.12.31-03.21.08:716][701]GameProject: Display: Fist_RightFoot
[2021.12.31-03.21.08:717][701]PIE: 서버가 로그인했습니다.
[2021.12.31-03.21.08:719][701]PIE: 에디터에서 플레이 총 시작 시간 0.195초입니다.
[2021.12.31-03.21.14:129][300]LogSlate: Updating window title bar state: overlay mode, drag disabled, window buttons hidden, title bar hidden
[2021.12.31-03.21.14:129][300]LogWorld: BeginTearingDown for /Game/Levels/UEDPIE_0_Battle
[2021.12.31-03.21.14:130][300]LogWorld: UWorld::CleanupWorld for Battle, bSessionEnded=true, bCleanupResources=true
[2021.12.31-03.21.14:131][300]LogSlate: InvalidateAllWidgets triggered.  All widgets were invalidated
[2021.12.31-03.21.14:135][300]LogPlayLevel: Display: Shutting down PIE online subsystems
[2021.12.31-03.21.14:140][300]LogSlate: InvalidateAllWidgets triggered.  All widgets were invalidated
[2021.12.31-03.21.14:183][300]LogSlate: Updating window title bar state: overlay mode, drag disabled, window buttons hidden, title bar hidden
[2021.12.31-03.21.14:210][300]LogAISub: UAISubsystem::~UAISubsystem AIPerceptionSystem (000001E7BABC9300), frame # 40300
[2021.12.31-03.21.14:210][300]LogAISub: UAISubsystem::~UAISubsystem EnvQueryManager (000001E80836C400), frame # 40300
[2021.12.31-03.21.14:255][300]LogUObjectHash: Compacting FUObjectHashTables data took   3.34ms
[2021.12.31-03.21.14:287][301]LogPlayLevel: Display: Destroying online subsystem :Context_6
[2021.12.31-03.22.10:372][332]Candidate modules for hot reload:
[2021.12.31-03.22.10:372][332]  UnrealCppProject2
[2021.12.31-03.22.10:372][332]Launching UnrealBuildTool... [D:/Epic Games/UE_4.25/Engine/Binaries/DotNET/UnrealBuildTool.exe  -ModuleWithSuffix=UnrealCppProject2,2141 UnrealCppProject2Editor Win64 Development -Project="D:/Github/GitHub/UnrealEngineProject/UnrealCppProject2/UnrealCppProject2.uproject" "D:/Github/GitHub/UnrealEngineProject/UnrealCppProject2/UnrealCppProject2.uproject"  -IgnoreJunk]
[2021.12.31-03.22.10:375][332]Warning: Starting HotReload took  0.0s.
[2021.12.31-03.22.21:475][565]CompilerResultsLog: New page: 컴파일 - 2021. 12. 31. 오후 9:22:21
[2021.12.31-03.22.21:475][565]CompilerResultsLog: Using 'git status' to determine working set for adaptive non-unity build (D:\Github\GitHub\UnrealEngineProject).
[2021.12.31-03.22.21:475][565]CompilerResultsLog: Invalidating makefile for UnrealCppProject2Editor (working set of source files changed)
[2021.12.31-03.22.21:475][565]CompilerResultsLog: Building UnrealCppProject2Editor...
[2021.12.31-03.22.21:475][565]CompilerResultsLog: Using Visual Studio 2017 14.16.27045 toolchain (D:\Program Files\Microsoft Visual Studio\2017\Community\VC\Tools\MSVC\14.16.27023) and Windows 10.0.16299.0 SDK (D:\Windows Kits\10).
[2021.12.31-03.22.21:475][565]CompilerResultsLog: [Adaptive unity build] Excluded from UnrealCppProject2 unity file: CAim.cpp, CDoAction_Throw.cpp, CThrow.cpp, CGameMode.cpp, CPlayer.cpp, CHUD.cpp, CUserWidget_ActionItem.cpp, CUserWidget_ActionList.cpp
[2021.12.31-03.22.21:475][565]CompilerResultsLog: [Adaptive unity build] Excluded from UnrealCppProject2.gen unity file: CActionData.gen.cpp, CDoAction_Throw.gen.cpp, CHUD.gen.cpp, CPlayer.gen.cpp, CThrow.gen.cpp, CUserWidget_ActionItem.gen.cpp, CUserWidget_ActionList.gen.cpp, UnrealCppProject2.init.gen.cpp
[2021.12.31-03.22.21:475][565]CompilerResultsLog: Building 6 actions with 6 processes...
[2021.12.31-03.22.21:475][565]CompilerResultsLog:   [1/6] CPlayer.gen.cpp
[2021.12.31-03.22.21:475][565]CompilerResultsLog:   [2/6] CPlayer.cpp
[2021.12.31-03.22.21:475][565]CompilerResultsLog:   [3/6] Module.UnrealCppProject2.gen.cpp
[2021.12.31-03.22.21:475][565]CompilerResultsLog:   [4/6] UE4Editor-UnrealCppProject2-2141.lib
[2021.12.31-03.22.21:475][565]CompilerResultsLog:      D:\Github\GitHub\UnrealEngineProject\UnrealCppProject2\Intermediate\Build\Win64\UE4Editor\Development\UnrealCppProject2\UE4Editor-UnrealCppProject2-2141.lib ???̺귯?? ?? D:\Github\GitHub\UnrealEngineProject\UnrealCppProject2\Intermediate\Build\Win64\UE4Editor\Development\UnrealCppProject2\UE4Editor-UnrealCppProject2-2141.exp ??ü?? ?????ϰ? ?ֽ??ϴ?.
[2021.12.31-03.22.21:475][565]CompilerResultsLog:   [5/6] UE4Editor-UnrealCppProject2-2141.dll
[2021.12.31-03.22.21:475][565]CompilerResultsLog:      D:\Github\GitHub\UnrealEngineProject\UnrealCppProject2\Intermediate\Build\Win64\UE4Editor\Development\UnrealCppProject2\UE4Editor-UnrealCppProject2-2141.suppressed.lib ???̺귯?? ?? D:\Github\GitHub\UnrealEngineProject\UnrealCppProject2\Intermediate\Build\Win64\UE4Editor\Development\UnrealCppProject2\UE4Editor-UnrealCppProject2-2141.suppressed.exp ??ü?? ?????ϰ? ?ֽ??ϴ?.
[2021.12.31-03.22.21:475][565]CompilerResultsLog:   [6/6] UnrealCppProject2Editor.target
[2021.12.31-03.22.21:475][565]CompilerResultsLog: Total time in Parallel executor: 8.69 seconds
[2021.12.31-03.22.21:475][565]CompilerResultsLog: Total execution time: 11.02 seconds
[2021.12.31-03.22.21:475][565]LogMainFrame: MainFrame: Module compiling took 11.107 seconds
[2021.12.31-03.22.21:513][565]LogClass: Could not find existing class CPlayer in package /Script/UnrealCppProject2 for HotReload, assuming new class
[2021.12.31-03.22.21:513][565]LogClass: Function OnStateTypeChanged is new.
[2021.12.31-03.22.21:517][565]LogClass: Could not find existing class CUserWidget_ActionList in package /Script/UnrealCppProject2 for HotReload, assuming new class
[2021.12.31-03.22.21:564][565]LogClass: EActionType HotReload.
[2021.12.31-03.22.21:564][565]LogClass: EStateType HotReload.
[2021.12.31-03.22.21:564][565]LogClass: DoActionData HotReload.
[2021.12.31-03.22.21:564][565]LogClass: EquipmentData HotReload.
[2021.12.31-03.22.21:564][565]LogClass: MontageData HotReload.
[2021.12.31-03.22.21:564][565]LogUObjectGlobals: Warning: WidgetBlueprintGeneratedClass /Game/Widgets/WB_ActionList.WB_ActionList_C 클래스는 Class /Script/UnrealCppProject2.CUserWidget_ActionList 의 자손 클래스가 아닙니다.
[2021.12.31-03.22.21:564][565]Error: CDO Constructor (CPlayer): Failed to find /Game/Widgets/WB_ActionList.WB_ActionList_C

[2021.12.31-03.22.21:565][565]LogOutputDevice: Warning: 

Script Stack (0 frames):

[2021.12.31-03.22.21:565][565]LogWindows: Windows GetLastError: 작업을 완료했습니다. (0)
[2021.12.31-03.22.23:140][565]LogWindows: Error: === Critical error: ===
[2021.12.31-03.22.23:140][565]LogWindows: Error: 
[2021.12.31-03.22.23:140][565]LogWindows: Error: Assertion failed: asset.Succeeded() [File:d:\github\github\unrealengineproject\unrealcppproject2\source\unrealcppproject2\Utilities/CHelpers.h] [Line: 45] 
[2021.12.31-03.22.23:140][565]LogWindows: Error: asset.Succeeded()
[2021.12.31-03.22.23:140][565]LogWindows: Error: 
[2021.12.31-03.22.23:140][565]LogWindows: Error: 
[2021.12.31-03.22.23:140][565]LogWindows: Error: [Callstack] 0x00007ffb44e94f69 KERNELBASE.dll!UnknownFunction []
[2021.12.31-03.22.23:140][565]LogWindows: Error: [Callstack] 0x00007ffaff04ec66 UE4Editor-Core.dll!UnknownFunction []
[2021.12.31-03.22.23:140][565]LogWindows: Error: [Callstack] 0x00007ffaff052048 UE4Editor-Core.dll!UnknownFunction []
[2021.12.31-03.22.23:140][565]LogWindows: Error: [Callstack] 0x00007ffafedde52d UE4Editor-Core.dll!UnknownFunction []
[2021.12.31-03.22.23:141][565]LogWindows: Error: [Callstack] 0x00007ffafed697c5 UE4Editor-Core.dll!UnknownFunction []
[2021.12.31-03.22.23:141][565]LogWindows: Error: [Callstack] 0x00007ffafed6bb00 UE4Editor-Core.dll!UnknownFunction []
[2021.12.31-03.22.23:141][565]LogWindows: Error: [Callstack] 0x00007ffacb79d045 UE4Editor-UnrealCppProject2-2141.dll!CHelpers::GetClass<UCUserWidget_ActionList>() [d:\github\github\unrealengineproject\unrealcppproject2\source\unrealcppproject2\utilities\chelpers.h:45]
[2021.12.31-03.22.23:141][565]LogWindows: Error: [Callstack] 0x00007ffacb79d4b5 UE4Editor-UnrealCppProject2-2141.dll!ACPlayer::ACPlayer() [d:\github\github\unrealengineproject\unrealcppproject2\source\unrealcppproject2\characters\cplayer.cpp:32]
[2021.12.31-03.22.23:141][565]LogWindows: Error: [Callstack] 0x00007ffb083cc273 UE4Editor-CoreUObject.dll!UnknownFunction []
[2021.12.31-03.22.23:141][565]LogWindows: Error: [Callstack] 0x00007ffb08678451 UE4Editor-CoreUObject.dll!UnknownFunction []
[2021.12.31-03.22.23:141][565]LogWindows: Error: [Callstack] 0x00007ffb08655bbf UE4Editor-CoreUObject.dll!UnknownFunction []
[2021.12.31-03.22.23:141][565]LogWindows: Error: [Callstack] 0x00007ffb08574465 UE4Editor-CoreUObject.dll!UnknownFunction []
[2021.12.31-03.22.23:141][565]LogWindows: Error: [Callstack] 0x00007ffafee1986a UE4Editor-Core.dll!UnknownFunction []
[2021.12.31-03.22.23:141][565]LogWindows: Error: [Callstack] 0x00007ffafee399f0 UE4Editor-Core.dll!UnknownFunction []
[2021.12.31-03.22.23:141][565]LogWindows: Error: [Callstack] 0x00007ffafee38b08 UE4Editor-Core.dll!UnknownFunction []
[2021.12.31-03.22.23:141][565]LogWindows: Error: [Callstack] 0x00007ffae054b9b2 UE4Editor-HotReload.dll!UnknownFunction []
[2021.12.31-03.22.23:141][565]LogWindows: Error: [Callstack] 0x00007ffae0549617 UE4Editor-HotReload.dll!UnknownFunction []
[2021.12.31-03.22.23:141][565]LogWindows: Error: [Callstack] 0x00007ffae054a1ad UE4Editor-HotReload.dll!UnknownFunction []
[2021.12.31-03.22.23:141][565]LogWindows: Error: [Callstack] 0x00007ffae055c057 UE4Editor-HotReload.dll!UnknownFunction []
[2021.12.31-03.22.23:141][565]LogWindows: Error: [Callstack] 0x00007ffafeb9d0a9 UE4Editor-Core.dll!UnknownFunction []
[2021.12.31-03.22.23:141][565]LogWindows: Error: [Callstack] 0x00007ff72fbba213 UE4Editor.exe!UnknownFunction []
[2021.12.31-03.22.23:141][565]LogWindows: Error: [Callstack] 0x00007ff72fbcba7c UE4Editor.exe!UnknownFunction []
[2021.12.31-03.22.23:141][565]LogWindows: Error: [Callstack] 0x00007ff72fbcbb5a UE4Editor.exe!UnknownFunction []
[2021.12.31-03.22.23:141][565]LogWindows: Error: [Callstack] 0x00007ff72fbde31d UE4Editor.exe!UnknownFunction []
[2021.12.31-03.22.23:141][565]LogWindows: Error: [Callstack] 0x00007ff72fbe145a UE4Editor.exe!UnknownFunction []
[2021.12.31-03.22.23:141][565]LogWindows: Error: [Callstack] 0x00007ffb46c27034 KERNEL32.DLL!UnknownFunction []
[2021.12.31-03.22.23:141][565]LogWindows: Error: [Callstack] 0x00007ffb472e2651 ntdll.dll!UnknownFunction []
[2021.12.31-03.22.23:141][565]LogWindows: Error: 
[2021.12.31-03.22.23:151][565]LogExit: Executing StaticShutdownAfterError
[2021.12.31-03.22.23:154][565]LogWindows: FPlatformMisc::RequestExit(1)
[2021.12.31-03.22.23:154][565]LogCore: Engine exit requested (reason: Win RequestExit)
[2021.12.31-03.22.23:157][565]Log file closed, 12/31/21 12:22:23
