Log file open, 10/27/21 11:01:56
LogInit: Display: Running engine for game: UnrealCppProject
LogPlatformFile: Not using cached read wrapper
LogTaskGraph: Started task graph with 5 named threads and 20 total threads with 3 sets of task threads.
LogStats: Stats thread started at 0.171627
LogD3D11RHI: Loaded GFSDK_Aftermath_Lib.x64.dll
LogICUInternationalization: ICU TimeZone Detection - Raw Offset: +9:00, Platform Override: ''
LogPluginManager: Mounting plugin Paper2D
LogPluginManager: Mounting plugin AISupport
LogPluginManager: Mounting plugin LightPropagationVolume
LogPluginManager: Mounting plugin CameraShakePreviewer
LogPluginManager: Mounting plugin ActorLayerUtilities
LogPluginManager: Mounting plugin AnimationSharing
LogPluginManager: Mounting plugin CLionSourceCodeAccess
LogPluginManager: Mounting plugin CodeLiteSourceCodeAccess
LogPluginManager: Mounting plugin GitSourceControl
LogPluginManager: Mounting plugin KDevelopSourceCodeAccess
LogPluginManager: Mounting plugin NullSourceCodeAccess
LogPluginManager: Mounting plugin PerforceSourceControl
LogPluginManager: Mounting plugin PlasticSourceControl
LogPluginManager: Mounting plugin RiderSourceCodeAccess
LogPluginManager: Mounting plugin SubversionSourceControl
LogPluginManager: Mounting plugin UObjectPlugin
LogPluginManager: Mounting plugin VisualStudioCodeSourceCodeAccess
LogPluginManager: Mounting plugin VisualStudioSourceCodeAccess
LogPluginManager: Mounting plugin XCodeSourceCodeAccess
LogPluginManager: Mounting plugin AssetManagerEditor
LogPluginManager: Mounting plugin CryptoKeys
LogPluginManager: Mounting plugin CurveEditorTools
LogPluginManager: Mounting plugin DataValidation
LogPluginManager: Mounting plugin EditorScriptingUtilities
LogPluginManager: Mounting plugin FacialAnimation
LogPluginManager: Mounting plugin GameplayTagsEditor
LogPluginManager: Mounting plugin GeometryMode
LogPluginManager: Mounting plugin MacGraphicsSwitching
LogPluginManager: Mounting plugin MaterialAnalyzer
LogPluginManager: Mounting plugin MobileLauncherProfileWizard
LogPluginManager: Mounting plugin PluginBrowser
LogPluginManager: Mounting plugin SpeedTreeImporter
LogPluginManager: Mounting plugin DatasmithContent
LogPluginManager: Mounting plugin VariantManagerContent
LogPluginManager: Mounting plugin AlembicImporter
LogPluginManager: Mounting plugin AutomationUtils
LogPluginManager: Mounting plugin BackChannel
LogPluginManager: Mounting plugin ChaosCloth
LogPluginManager: Mounting plugin ChaosClothEditor
LogPluginManager: Mounting plugin ChaosEditor
LogPluginManager: Mounting plugin ChaosNiagara
LogPluginManager: Mounting plugin ChaosSolverPlugin
LogPluginManager: Mounting plugin CharacterAI
LogPluginManager: Mounting plugin GeometryCache
LogPluginManager: Mounting plugin GeometryCollectionPlugin
LogPluginManager: Mounting plugin GeometryProcessing
LogPluginManager: Mounting plugin PlanarCut
LogPluginManager: Mounting plugin PlatformCrypto
LogPluginManager: Mounting plugin ProxyLODPlugin
LogPluginManager: Mounting plugin SkeletalReduction
LogPluginManager: Mounting plugin Niagara
LogPluginManager: Mounting plugin MagicLeap
LogPluginManager: Mounting plugin MagicLeapLightEstimation
LogPluginManager: Mounting plugin MagicLeapMedia
LogPluginManager: Mounting plugin MagicLeapPassableWorld
LogPluginManager: Mounting plugin MLSDK
LogPluginManager: Mounting plugin AndroidMedia
LogPluginManager: Mounting plugin AvfMedia
LogPluginManager: Mounting plugin ImgMedia
LogPluginManager: Mounting plugin MediaCompositing
LogPluginManager: Mounting plugin MediaPlayerEditor
LogPluginManager: Mounting plugin WebMMedia
LogPluginManager: Mounting plugin WmfMedia
LogPluginManager: Mounting plugin MeshPainting
LogPluginManager: Mounting plugin TcpMessaging
LogPluginManager: Mounting plugin UdpMessaging
LogPluginManager: Mounting plugin ActorSequence
LogPluginManager: Mounting plugin LevelSequenceEditor
LogPluginManager: Mounting plugin MatineeToLevelSequence
LogPluginManager: Mounting plugin MovieRenderPipeline
LogPluginManager: Mounting plugin TemplateSequence
LogPluginManager: Mounting plugin NetcodeUnitTest
LogPluginManager: Mounting plugin NUTUnrealEngine4
LogPluginManager: Mounting plugin OnlineSubsystemGooglePlay
LogPluginManager: Mounting plugin OnlineSubsystemIOS
LogPluginManager: Mounting plugin OnlineSubsystem
LogPluginManager: Mounting plugin OnlineSubsystemNull
LogPluginManager: Mounting plugin OnlineSubsystemUtils
LogPluginManager: Mounting plugin LauncherChunkInstaller
LogPluginManager: Mounting plugin AndroidDeviceProfileSelector
LogPluginManager: Mounting plugin AndroidMoviePlayer
LogPluginManager: Mounting plugin AndroidPermission
LogPluginManager: Mounting plugin AppleImageUtils
LogPluginManager: Mounting plugin AppleMoviePlayer
LogPluginManager: Mounting plugin ArchVisCharacter
LogPluginManager: Mounting plugin AssetTags
LogPluginManager: Mounting plugin AudioCapture
LogPluginManager: Mounting plugin CableComponent
LogPluginManager: Mounting plugin CustomMeshComponent
LogPluginManager: Mounting plugin EditableMesh
LogPluginManager: Mounting plugin ExampleDeviceProfileSelector
LogPluginManager: Mounting plugin GoogleCloudMessaging
LogPluginManager: Mounting plugin GooglePAD
LogPluginManager: Mounting plugin IOSDeviceProfileSelector
LogPluginManager: Mounting plugin LinuxDeviceProfileSelector
LogPluginManager: Mounting plugin LocationServicesBPLibrary
LogPluginManager: Mounting plugin MobilePatchingUtils
LogPluginManager: Mounting plugin OculusVR
LogPluginManager: Mounting plugin PhysXVehicles
LogPluginManager: Mounting plugin PostSplashScreen
LogPluginManager: Mounting plugin ProceduralMeshComponent
LogPluginManager: Mounting plugin RuntimePhysXCooking
LogPluginManager: Mounting plugin SignificanceManager
LogPluginManager: Mounting plugin SoundFields
LogPluginManager: Mounting plugin SteamVR
LogPluginManager: Mounting plugin Synthesis
LogPluginManager: Mounting plugin WebMMoviePlayer
LogPluginManager: Mounting plugin WindowsMoviePlayer
LogPluginManager: Mounting plugin ScreenshotTools
LogInit: Using libcurl 7.55.1-DEV
LogInit:  - built for x86_64-pc-win32
LogInit:  - supports SSL with OpenSSL/1.1.1
LogInit:  - supports HTTP deflate (compression) using libz 1.2.8
LogInit:  - other features:
LogInit:      CURL_VERSION_SSL
LogInit:      CURL_VERSION_LIBZ
LogInit:      CURL_VERSION_IPV6
LogInit:      CURL_VERSION_ASYNCHDNS
LogInit:      CURL_VERSION_LARGEFILE
LogInit:      CURL_VERSION_IDN
LogInit:  CurlRequestOptions (configurable via config and command line):
LogInit:  - bVerifyPeer = true  - Libcurl will verify peer certificate
LogInit:  - bUseHttpProxy = false  - Libcurl will NOT use HTTP proxy
LogInit:  - bDontReuseConnections = false  - Libcurl will reuse connections
LogInit:  - MaxHostConnections = 16  - Libcurl will limit the number of connections to a host
LogInit:  - LocalHostAddr = Default
LogInit:  - BufferSize = 65536
LogOnline: OSS: Creating online subsystem instance for: NULL
LogInit: WinSock: version 1.1 (2.2), MaxSocks=32767, MaxUdp=65467
LogOnline: OSS: TryLoadSubsystemAndSetDefault: Loaded subsystem for module [NULL]
LogInit: Build: ++UE4+Release-4.25-CL-14469661
LogInit: Engine Version: 4.25.4-14469661+++UE4+Release-4.25
LogInit: Compatible Engine Version: 4.25.0-13144385+++UE4+Release-4.25
LogInit: Net CL: 13144385
LogInit: OS: Windows 10 (Release 2009) (), CPU: AMD Ryzen 5 3500 6-Core Processor              , GPU: NVIDIA GeForce GTX 1070
LogInit: Compiled (64-bit): Oct 11 2020 08:10:49
LogInit: Compiled with Visual C++: 19.24.28315.00
LogInit: Build Configuration: Development
LogInit: Branch Name: ++UE4+Release-4.25
LogInit: Command Line: 
LogInit: Base Directory: D:/Epic Games/UE_4.25/Engine/Binaries/Win64/
LogInit: Allocator: TBB
LogInit: Installed Engine Build: 1
LogDevObjectVersion: Number of dev versions registered: 26
LogDevObjectVersion:   Dev-Blueprints (B0D832E4-1F89-4F0D-ACCF-7EB736FD4AA2): 10
LogDevObjectVersion:   Dev-Build (E1C64328-A22C-4D53-A36C-8E866417BD8C): 0
LogDevObjectVersion:   Dev-Core (375EC13C-06E4-48FB-B500-84F0262A717E): 4
LogDevObjectVersion:   Dev-Editor (E4B068ED-F494-42E9-A231-DA0B2E46BB41): 38
LogDevObjectVersion:   Dev-Framework (CFFC743F-43B0-4480-9391-14DF171D2073): 37
LogDevObjectVersion:   Dev-Mobile (B02B49B5-BB20-44E9-A304-32B752E40360): 2
LogDevObjectVersion:   Dev-Networking (A4E4105C-59A1-49B5-A7C5-40C4547EDFEE): 0
LogDevObjectVersion:   Dev-Online (39C831C9-5AE6-47DC-9A44-9C173E1C8E7C): 0
LogDevObjectVersion:   Dev-Physics (78F01B33-EBEA-4F98-B9B4-84EACCB95AA2): 4
LogDevObjectVersion:   Dev-Platform (6631380F-2D4D-43E0-8009-CF276956A95A): 0
LogDevObjectVersion:   Dev-Rendering (12F88B9F-8875-4AFC-A67C-D90C383ABD29): 43
LogDevObjectVersion:   Dev-Sequencer (7B5AE74C-D270-4C10-A958-57980B212A5A): 12
LogDevObjectVersion:   Dev-VR (D7296918-1DD6-4BDD-9DE2-64A83CC13884): 3
LogDevObjectVersion:   Dev-LoadTimes (C2A15278-BFE7-4AFE-6C17-90FF531DF755): 1
LogDevObjectVersion:   Private-Geometry (6EACA3D4-40EC-4CC1-B786-8BED09428FC5): 3
LogDevObjectVersion:   Dev-AnimPhys (29E575DD-E0A3-4627-9D10-D276232CDCEA): 17
LogDevObjectVersion:   Dev-Anim (AF43A65D-7FD3-4947-9873-3E8ED9C1BB05): 7
LogDevObjectVersion:   Dev-ReflectionCapture (6B266CEC-1EC7-4B8F-A30B-E4D90942FC07): 1
LogDevObjectVersion:   Dev-Automation (0DF73D61-A23F-47EA-B727-89E90C41499A): 1
LogDevObjectVersion:   FortniteMain (601D1886-AC64-4F84-AA16-D3DE0DEAC7D6): 31
LogDevObjectVersion:   Dev-Enterprise (9DFFBCD6-494F-0158-E221-12823C92A888): 10
LogDevObjectVersion:   Dev-Niagara (F2AED0AC-9AFE-416F-8664-AA7FFA26D6FC): 1
LogDevObjectVersion:   Dev-Destruction (174F1F0B-B4C6-45A5-B13F-2EE8D0FB917D): 10
LogDevObjectVersion:   Dev-Physics-Ext (35F94A83-E258-406C-A318-09F59610247C): 37
LogDevObjectVersion:   Dev-PhysicsMaterial-Chaos (B68FC16E-8B1B-42E2-B453-215C058844FE): 1
LogDevObjectVersion:   Dev-CineCamera (B2E18506-4273-CFC2-A54E-F4BB758BBA07): 1
LogInit: Presizing for max 25165824 objects, including 0 objects not considered by GC, pre-allocating 0 bytes for permanent pool.
LogConfig: Applying CVar settings from Section [/Script/Engine.StreamingSettings] File [D:/Github/GitHub/UnrealEngineProject/UnrealCppProject/Saved/Config/Windows/Engine.ini]
LogConfig: Setting CVar [[s.MinBulkDataSizeForAsyncLoading:131072]]
LogConfig: Setting CVar [[s.AsyncLoadingThreadEnabled:0]]
LogConfig: Setting CVar [[s.EventDrivenLoaderEnabled:1]]
LogConfig: Setting CVar [[s.WarnIfTimeLimitExceeded:0]]
LogConfig: Setting CVar [[s.TimeLimitExceededMultiplier:1.5]]
LogConfig: Setting CVar [[s.TimeLimitExceededMinTime:0.005]]
LogConfig: Setting CVar [[s.UseBackgroundLevelStreaming:1]]
LogConfig: Setting CVar [[s.PriorityAsyncLoadingExtraTime:15.0]]
LogConfig: Setting CVar [[s.LevelStreamingActorsUpdateTimeLimit:5.0]]
LogConfig: Setting CVar [[s.PriorityLevelStreamingActorsUpdateExtraTime:5.0]]
LogConfig: Setting CVar [[s.LevelStreamingComponentsRegistrationGranularity:10]]
LogConfig: Setting CVar [[s.UnregisterComponentsTimeLimit:1.0]]
LogConfig: Setting CVar [[s.LevelStreamingComponentsUnregistrationGranularity:5]]
LogConfig: Setting CVar [[s.FlushStreamingOnExit:1]]
LogInit: Object subsystem initialized
LogConfig: Setting CVar [[con.DebugEarlyDefault:1]]
LogConfig: Setting CVar [[r.setres:1280x720]]
[2021.10.27-02.01.56:716][  0]LogConfig: Setting CVar [[r.VSync:0]]
[2021.10.27-02.01.56:716][  0]LogConfig: Setting CVar [[r.RHICmdBypass:0]]
[2021.10.27-02.01.56:716][  0]LogConfig: Applying CVar settings from Section [/Script/Engine.RendererSettings] File [D:/Github/GitHub/UnrealEngineProject/UnrealCppProject/Saved/Config/Windows/Engine.ini]
[2021.10.27-02.01.56:716][  0]LogConfig: Setting CVar [[r.GPUCrashDebugging:0]]
[2021.10.27-02.01.56:716][  0]LogConfig: Applying CVar settings from Section [/Script/Engine.RendererOverrideSettings] File [D:/Github/GitHub/UnrealEngineProject/UnrealCppProject/Saved/Config/Windows/Engine.ini]
[2021.10.27-02.01.56:716][  0]LogConfig: Applying CVar settings from Section [/Script/Engine.StreamingSettings] File [D:/Github/GitHub/UnrealEngineProject/UnrealCppProject/Saved/Config/Windows/Engine.ini]
[2021.10.27-02.01.56:716][  0]LogConfig: Setting CVar [[s.MinBulkDataSizeForAsyncLoading:131072]]
[2021.10.27-02.01.56:716][  0]LogConfig: Setting CVar [[s.AsyncLoadingThreadEnabled:0]]
[2021.10.27-02.01.56:716][  0]LogConfig: Setting CVar [[s.EventDrivenLoaderEnabled:1]]
[2021.10.27-02.01.56:716][  0]LogConfig: Setting CVar [[s.WarnIfTimeLimitExceeded:0]]
[2021.10.27-02.01.56:716][  0]LogConfig: Setting CVar [[s.TimeLimitExceededMultiplier:1.5]]
[2021.10.27-02.01.56:716][  0]LogConfig: Setting CVar [[s.TimeLimitExceededMinTime:0.005]]
[2021.10.27-02.01.56:716][  0]LogConfig: Setting CVar [[s.UseBackgroundLevelStreaming:1]]
[2021.10.27-02.01.56:716][  0]LogConfig: Setting CVar [[s.PriorityAsyncLoadingExtraTime:15.0]]
[2021.10.27-02.01.56:716][  0]LogConfig: Setting CVar [[s.LevelStreamingActorsUpdateTimeLimit:5.0]]
[2021.10.27-02.01.56:716][  0]LogConfig: Setting CVar [[s.PriorityLevelStreamingActorsUpdateExtraTime:5.0]]
[2021.10.27-02.01.56:716][  0]LogConfig: Setting CVar [[s.LevelStreamingComponentsRegistrationGranularity:10]]
[2021.10.27-02.01.56:716][  0]LogConfig: Setting CVar [[s.UnregisterComponentsTimeLimit:1.0]]
[2021.10.27-02.01.56:716][  0]LogConfig: Setting CVar [[s.LevelStreamingComponentsUnregistrationGranularity:5]]
[2021.10.27-02.01.56:716][  0]LogConfig: Setting CVar [[s.FlushStreamingOnExit:1]]
[2021.10.27-02.01.56:716][  0]LogConfig: Applying CVar settings from Section [/Script/Engine.GarbageCollectionSettings] File [D:/Github/GitHub/UnrealEngineProject/UnrealCppProject/Saved/Config/Windows/Engine.ini]
[2021.10.27-02.01.56:716][  0]LogConfig: Setting CVar [[gc.MaxObjectsNotConsideredByGC:1]]
[2021.10.27-02.01.56:716][  0]LogConfig: Setting CVar [[gc.SizeOfPermanentObjectPool:0]]
[2021.10.27-02.01.56:716][  0]LogConfig: Setting CVar [[gc.FlushStreamingOnGC:0]]
[2021.10.27-02.01.56:716][  0]LogConfig: Setting CVar [[gc.NumRetriesBeforeForcingGC:10]]
[2021.10.27-02.01.56:716][  0]LogConfig: Setting CVar [[gc.AllowParallelGC:1]]
[2021.10.27-02.01.56:716][  0]LogConfig: Setting CVar [[gc.TimeBetweenPurgingPendingKillObjects:61.1]]
[2021.10.27-02.01.56:716][  0]LogConfig: Setting CVar [[gc.MaxObjectsInEditor:25165824]]
[2021.10.27-02.01.56:716][  0]LogConfig: Setting CVar [[gc.IncrementalBeginDestroyEnabled:1]]
[2021.10.27-02.01.56:716][  0]LogConfig: Setting CVar [[gc.CreateGCClusters:1]]
[2021.10.27-02.01.56:716][  0]LogConfig: Setting CVar [[gc.MinGCClusterSize:5]]
[2021.10.27-02.01.56:716][  0]LogConfig: Setting CVar [[gc.ActorClusteringEnabled:0]]
[2021.10.27-02.01.56:716][  0]LogConfig: Setting CVar [[gc.BlueprintClusteringEnabled:0]]
[2021.10.27-02.01.56:716][  0]LogConfig: Setting CVar [[gc.UseDisregardForGCOnDedicatedServers:0]]
[2021.10.27-02.01.56:716][  0]LogConfig: Applying CVar settings from Section [/Script/Engine.NetworkSettings] File [D:/Github/GitHub/UnrealEngineProject/UnrealCppProject/Saved/Config/Windows/Engine.ini]
[2021.10.27-02.01.56:716][  0]LogConfig: Applying CVar settings from Section [/Script/UnrealEd.CookerSettings] File [D:/Github/GitHub/UnrealEngineProject/UnrealCppProject/Saved/Config/Windows/Engine.ini]
[2021.10.27-02.01.56:721][  0]LogConfig: Applying CVar settings from Section [ViewDistanceQuality@3] File [D:/Github/GitHub/UnrealEngineProject/UnrealCppProject/Saved/Config/Windows/Scalability.ini]
[2021.10.27-02.01.56:721][  0]LogConfig: Setting CVar [[r.SkeletalMeshLODBias:0]]
[2021.10.27-02.01.56:721][  0]LogConfig: Setting CVar [[r.ViewDistanceScale:1.0]]
[2021.10.27-02.01.56:721][  0]LogConfig: Applying CVar settings from Section [AntiAliasingQuality@3] File [D:/Github/GitHub/UnrealEngineProject/UnrealCppProject/Saved/Config/Windows/Scalability.ini]
[2021.10.27-02.01.56:721][  0]LogConfig: Setting CVar [[r.PostProcessAAQuality:4]]
[2021.10.27-02.01.56:721][  0]LogConfig: Applying CVar settings from Section [ShadowQuality@3] File [D:/Github/GitHub/UnrealEngineProject/UnrealCppProject/Saved/Config/Windows/Scalability.ini]
[2021.10.27-02.01.56:721][  0]LogConfig: Setting CVar [[r.LightFunctionQuality:1]]
[2021.10.27-02.01.56:721][  0]LogConfig: Setting CVar [[r.ShadowQuality:5]]
[2021.10.27-02.01.56:721][  0]LogConfig: Setting CVar [[r.Shadow.CSM.MaxCascades:10]]
[2021.10.27-02.01.56:721][  0]LogConfig: Setting CVar [[r.Shadow.MaxResolution:2048]]
[2021.10.27-02.01.56:721][  0]LogConfig: Setting CVar [[r.Shadow.MaxCSMResolution:2048]]
[2021.10.27-02.01.56:721][  0]LogConfig: Setting CVar [[r.Shadow.RadiusThreshold:0.01]]
[2021.10.27-02.01.56:721][  0]LogConfig: Setting CVar [[r.Shadow.DistanceScale:1.0]]
[2021.10.27-02.01.56:721][  0]LogConfig: Setting CVar [[r.Shadow.CSM.TransitionScale:1.0]]
[2021.10.27-02.01.56:721][  0]LogConfig: Setting CVar [[r.Shadow.PreShadowResolutionFactor:1.0]]
[2021.10.27-02.01.56:721][  0]LogConfig: Setting CVar [[r.DistanceFieldShadowing:1]]
[2021.10.27-02.01.56:721][  0]LogConfig: Setting CVar [[r.DistanceFieldAO:1]]
[2021.10.27-02.01.56:721][  0]LogConfig: Setting CVar [[r.AOQuality:2]]
[2021.10.27-02.01.56:721][  0]LogConfig: Setting CVar [[r.VolumetricFog:1]]
[2021.10.27-02.01.56:721][  0]LogConfig: Setting CVar [[r.VolumetricFog.GridPixelSize:8]]
[2021.10.27-02.01.56:721][  0]LogConfig: Setting CVar [[r.VolumetricFog.GridSizeZ:128]]
[2021.10.27-02.01.56:721][  0]LogConfig: Setting CVar [[r.VolumetricFog.HistoryMissSupersampleCount:4]]
[2021.10.27-02.01.56:721][  0]LogConfig: Setting CVar [[r.LightMaxDrawDistanceScale:1]]
[2021.10.27-02.01.56:721][  0]LogConfig: Setting CVar [[r.CapsuleShadows:1]]
[2021.10.27-02.01.56:721][  0]LogConfig: Applying CVar settings from Section [PostProcessQuality@3] File [D:/Github/GitHub/UnrealEngineProject/UnrealCppProject/Saved/Config/Windows/Scalability.ini]
[2021.10.27-02.01.56:721][  0]LogConfig: Setting CVar [[r.MotionBlurQuality:4]]
[2021.10.27-02.01.56:722][  0]LogConfig: Setting CVar [[r.AmbientOcclusionMipLevelFactor:0.4]]
[2021.10.27-02.01.56:722][  0]LogConfig: Setting CVar [[r.AmbientOcclusionMaxQuality:100]]
[2021.10.27-02.01.56:722][  0]LogConfig: Setting CVar [[r.AmbientOcclusionLevels:-1]]
[2021.10.27-02.01.56:722][  0]LogConfig: Setting CVar [[r.AmbientOcclusionRadiusScale:1.0]]
[2021.10.27-02.01.56:722][  0]LogConfig: Setting CVar [[r.DepthOfFieldQuality:2]]
[2021.10.27-02.01.56:722][  0]LogConfig: Setting CVar [[r.RenderTargetPoolMin:400]]
[2021.10.27-02.01.56:722][  0]LogConfig: Setting CVar [[r.LensFlareQuality:2]]
[2021.10.27-02.01.56:722][  0]LogConfig: Setting CVar [[r.SceneColorFringeQuality:1]]
[2021.10.27-02.01.56:722][  0]LogConfig: Setting CVar [[r.EyeAdaptationQuality:2]]
[2021.10.27-02.01.56:722][  0]LogConfig: Setting CVar [[r.BloomQuality:5]]
[2021.10.27-02.01.56:722][  0]LogConfig: Setting CVar [[r.FastBlurThreshold:100]]
[2021.10.27-02.01.56:722][  0]LogConfig: Setting CVar [[r.Upscale.Quality:3]]
[2021.10.27-02.01.56:722][  0]LogConfig: Setting CVar [[r.Tonemapper.GrainQuantization:1]]
[2021.10.27-02.01.56:722][  0]LogConfig: Setting CVar [[r.LightShaftQuality:1]]
[2021.10.27-02.01.56:722][  0]LogConfig: Setting CVar [[r.Filter.SizeScale:1]]
[2021.10.27-02.01.56:722][  0]LogConfig: Setting CVar [[r.Tonemapper.Quality:5]]
[2021.10.27-02.01.56:722][  0]LogConfig: Setting CVar [[r.DOF.Gather.AccumulatorQuality:1        ; higher gathering accumulator quality]]
[2021.10.27-02.01.56:722][  0]LogConfig: Setting CVar [[r.DOF.Gather.PostfilterMethod:1          ; Median3x3 postfilering method]]
[2021.10.27-02.01.56:722][  0]LogConfig: Setting CVar [[r.DOF.Gather.EnableBokehSettings:0       ; no bokeh simulation when gathering]]
[2021.10.27-02.01.56:722][  0]LogConfig: Setting CVar [[r.DOF.Gather.RingCount:4                 ; medium number of samples when gathering]]
[2021.10.27-02.01.56:722][  0]LogConfig: Setting CVar [[r.DOF.Scatter.ForegroundCompositing:1    ; additive foreground scattering]]
[2021.10.27-02.01.56:722][  0]LogConfig: Setting CVar [[r.DOF.Scatter.BackgroundCompositing:2    ; additive background scattering]]
[2021.10.27-02.01.56:722][  0]LogConfig: Setting CVar [[r.DOF.Scatter.EnableBokehSettings:1      ; bokeh simulation when scattering]]
[2021.10.27-02.01.56:722][  0]LogConfig: Setting CVar [[r.DOF.Scatter.MaxSpriteRatio:0.1         ; only a maximum of 10% of scattered bokeh]]
[2021.10.27-02.01.56:722][  0]LogConfig: Setting CVar [[r.DOF.Recombine.Quality:1                ; cheap slight out of focus]]
[2021.10.27-02.01.56:722][  0]LogConfig: Setting CVar [[r.DOF.Recombine.EnableBokehSettings:0    ; no bokeh simulation on slight out of focus]]
[2021.10.27-02.01.56:722][  0]LogConfig: Setting CVar [[r.DOF.TemporalAAQuality:1                ; more stable temporal accumulation]]
[2021.10.27-02.01.56:722][  0]LogConfig: Setting CVar [[r.DOF.Kernel.MaxForegroundRadius:0.025]]
[2021.10.27-02.01.56:722][  0]LogConfig: Setting CVar [[r.DOF.Kernel.MaxBackgroundRadius:0.025]]
[2021.10.27-02.01.56:722][  0]LogConfig: Applying CVar settings from Section [TextureQuality@3] File [D:/Github/GitHub/UnrealEngineProject/UnrealCppProject/Saved/Config/Windows/Scalability.ini]
[2021.10.27-02.01.56:722][  0]LogConfig: Setting CVar [[r.Streaming.MipBias:0]]
[2021.10.27-02.01.56:722][  0]LogConfig: Setting CVar [[r.Streaming.AmortizeCPUToGPUCopy:0]]
[2021.10.27-02.01.56:722][  0]LogConfig: Setting CVar [[r.Streaming.MaxNumTexturesToStreamPerFrame:0]]
[2021.10.27-02.01.56:722][  0]LogConfig: Setting CVar [[r.Streaming.Boost:1]]
[2021.10.27-02.01.56:722][  0]LogConfig: Setting CVar [[r.MaxAnisotropy:8]]
[2021.10.27-02.01.56:722][  0]LogConfig: Setting CVar [[r.VT.MaxAnisotropy:8]]
[2021.10.27-02.01.56:722][  0]LogConfig: Setting CVar [[r.Streaming.LimitPoolSizeToVRAM:0]]
[2021.10.27-02.01.56:722][  0]LogConfig: Setting CVar [[r.Streaming.PoolSize:1000]]
[2021.10.27-02.01.56:722][  0]LogConfig: Setting CVar [[r.Streaming.MaxEffectiveScreenSize:0]]
[2021.10.27-02.01.56:722][  0]LogConfig: Applying CVar settings from Section [EffectsQuality@3] File [D:/Github/GitHub/UnrealEngineProject/UnrealCppProject/Saved/Config/Windows/Scalability.ini]
[2021.10.27-02.01.56:722][  0]LogConfig: Setting CVar [[r.TranslucencyLightingVolumeDim:64]]
[2021.10.27-02.01.56:722][  0]LogConfig: Setting CVar [[r.RefractionQuality:2]]
[2021.10.27-02.01.56:722][  0]LogConfig: Setting CVar [[r.SSR.Quality:3]]
[2021.10.27-02.01.56:722][  0]LogConfig: Setting CVar [[r.SSR.HalfResSceneColor:0]]
[2021.10.27-02.01.56:722][  0]LogConfig: Setting CVar [[r.SceneColorFormat:4]]
[2021.10.27-02.01.56:722][  0]LogConfig: Setting CVar [[r.DetailMode:2]]
[2021.10.27-02.01.56:722][  0]LogConfig: Setting CVar [[r.TranslucencyVolumeBlur:1]]
[2021.10.27-02.01.56:722][  0]LogConfig: Setting CVar [[r.MaterialQualityLevel:1 ; High quality]]
[2021.10.27-02.01.56:722][  0]LogConfig: Setting CVar [[r.SSS.Scale:1]]
[2021.10.27-02.01.56:722][  0]LogConfig: Setting CVar [[r.SSS.SampleSet:2]]
[2021.10.27-02.01.56:722][  0]LogConfig: Setting CVar [[r.SSS.Quality:1]]
[2021.10.27-02.01.56:722][  0]LogConfig: Setting CVar [[r.SSS.HalfRes:0]]
[2021.10.27-02.01.56:722][  0]LogConfig: Setting CVar [[r.SSGI.Quality:3]]
[2021.10.27-02.01.56:722][  0]LogConfig: Setting CVar [[r.EmitterSpawnRateScale:1.0]]
[2021.10.27-02.01.56:722][  0]LogConfig: Setting CVar [[r.ParticleLightQuality:2]]
[2021.10.27-02.01.56:722][  0]LogConfig: Setting CVar [[r.SkyAtmosphere.AerialPerspectiveLUT.FastApplyOnOpaque:1 ; Always have FastSkyLUT 1 in this case to avoid wrong sky]]
[2021.10.27-02.01.56:722][  0]LogConfig: Setting CVar [[r.SkyAtmosphere.AerialPerspectiveLUT.SampleCountPerSlice:1]]
[2021.10.27-02.01.56:722][  0]LogConfig: Setting CVar [[r.SkyAtmosphere.AerialPerspectiveLUT.DepthResolution:16.0]]
[2021.10.27-02.01.56:722][  0]LogConfig: Setting CVar [[r.SkyAtmosphere.FastSkyLUT:1]]
[2021.10.27-02.01.56:722][  0]LogConfig: Setting CVar [[r.SkyAtmosphere.FastSkyLUT.SampleCountMin:4.0]]
[2021.10.27-02.01.56:722][  0]LogConfig: Setting CVar [[r.SkyAtmosphere.FastSkyLUT.SampleCountMax:32.0]]
[2021.10.27-02.01.56:722][  0]LogConfig: Setting CVar [[r.SkyAtmosphere.SampleCountMin:4.0]]
[2021.10.27-02.01.56:722][  0]LogConfig: Setting CVar [[r.SkyAtmosphere.SampleCountMax:32.0]]
[2021.10.27-02.01.56:722][  0]LogConfig: Setting CVar [[r.SkyAtmosphere.TransmittanceLUT.UseSmallFormat:0]]
[2021.10.27-02.01.56:722][  0]LogConfig: Setting CVar [[r.SkyAtmosphere.TransmittanceLUT.SampleCount:10.0]]
[2021.10.27-02.01.56:722][  0]LogConfig: Setting CVar [[r.SkyAtmosphere.MultiScatteringLUT.SampleCount:15.0]]
[2021.10.27-02.01.56:722][  0]LogConfig: Applying CVar settings from Section [FoliageQuality@3] File [D:/Github/GitHub/UnrealEngineProject/UnrealCppProject/Saved/Config/Windows/Scalability.ini]
[2021.10.27-02.01.56:722][  0]LogConfig: Setting CVar [[foliage.DensityScale:1.0]]
[2021.10.27-02.01.56:722][  0]LogConfig: Setting CVar [[grass.DensityScale:1.0]]
[2021.10.27-02.01.56:722][  0]LogConfig: Applying CVar settings from Section [ShadingQuality@3] File [D:/Github/GitHub/UnrealEngineProject/UnrealCppProject/Saved/Config/Windows/Scalability.ini]
[2021.10.27-02.01.56:722][  0]LogConfig: Setting CVar [[r.HairStrands.SkyLighting.SampleCount:16]]
[2021.10.27-02.01.56:722][  0]LogConfig: Setting CVar [[r.HairStrands.SkyLighting.JitterIntegration:0]]
[2021.10.27-02.01.56:722][  0]LogConfig: Setting CVar [[r.HairStrands.SkyAO.SampleCount:16]]
[2021.10.27-02.01.56:722][  0]LogConfig: Setting CVar [[r.HairStrands.DeepShadow.SuperSampling:0]]
[2021.10.27-02.01.56:722][  0]LogConfig: Setting CVar [[r.HairStrands.VisibilityPPLL:0]]
[2021.10.27-02.01.56:722][  0]LogConfig: Setting CVar [[r.HairStrands.RasterizationScale:0.5]]
[2021.10.27-02.01.56:722][  0]LogConfig: Setting CVar [[r.HairStrands.VelocityRasterizationScale:1]]
[2021.10.27-02.01.56:722][  0]LogInit: Selected Device Profile: [Windows]
[2021.10.27-02.01.56:722][  0]LogInit: Applying CVar settings loaded from the selected device profile: [Windows]
[2021.10.27-02.01.56:722][  0]LogHAL: Display: Platform has ~ 16 GB [17126019072 / 17179869184 / 16], which maps to Larger [LargestMinGB=32, LargerMinGB=12, DefaultMinGB=8, SmallerMinGB=6, SmallestMinGB=0)
[2021.10.27-02.01.56:722][  0]LogInit: Going up to parent DeviceProfile []
[2021.10.27-02.01.56:723][  0]LogConfig: Applying CVar settings from Section [ViewDistanceQuality@3] File [D:/Github/GitHub/UnrealEngineProject/UnrealCppProject/Saved/Config/Windows/Scalability.ini]
[2021.10.27-02.01.56:723][  0]LogConfig: Setting CVar [[r.SkeletalMeshLODBias:0]]
[2021.10.27-02.01.56:723][  0]LogConfig: Setting CVar [[r.ViewDistanceScale:1.0]]
[2021.10.27-02.01.56:723][  0]LogConfig: Applying CVar settings from Section [AntiAliasingQuality@3] File [D:/Github/GitHub/UnrealEngineProject/UnrealCppProject/Saved/Config/Windows/Scalability.ini]
[2021.10.27-02.01.56:723][  0]LogConfig: Setting CVar [[r.PostProcessAAQuality:4]]
[2021.10.27-02.01.56:723][  0]LogConfig: Applying CVar settings from Section [ShadowQuality@3] File [D:/Github/GitHub/UnrealEngineProject/UnrealCppProject/Saved/Config/Windows/Scalability.ini]
[2021.10.27-02.01.56:723][  0]LogConfig: Setting CVar [[r.LightFunctionQuality:1]]
[2021.10.27-02.01.56:723][  0]LogConfig: Setting CVar [[r.ShadowQuality:5]]
[2021.10.27-02.01.56:723][  0]LogConfig: Setting CVar [[r.Shadow.CSM.MaxCascades:10]]
[2021.10.27-02.01.56:723][  0]LogConfig: Setting CVar [[r.Shadow.MaxResolution:2048]]
[2021.10.27-02.01.56:723][  0]LogConfig: Setting CVar [[r.Shadow.MaxCSMResolution:2048]]
[2021.10.27-02.01.56:723][  0]LogConfig: Setting CVar [[r.Shadow.RadiusThreshold:0.01]]
[2021.10.27-02.01.56:723][  0]LogConfig: Setting CVar [[r.Shadow.DistanceScale:1.0]]
[2021.10.27-02.01.56:723][  0]LogConfig: Setting CVar [[r.Shadow.CSM.TransitionScale:1.0]]
[2021.10.27-02.01.56:723][  0]LogConfig: Setting CVar [[r.Shadow.PreShadowResolutionFactor:1.0]]
[2021.10.27-02.01.56:723][  0]LogConfig: Setting CVar [[r.DistanceFieldShadowing:1]]
[2021.10.27-02.01.56:723][  0]LogConfig: Setting CVar [[r.DistanceFieldAO:1]]
[2021.10.27-02.01.56:723][  0]LogConfig: Setting CVar [[r.AOQuality:2]]
[2021.10.27-02.01.56:723][  0]LogConfig: Setting CVar [[r.VolumetricFog:1]]
[2021.10.27-02.01.56:723][  0]LogConfig: Setting CVar [[r.VolumetricFog.GridPixelSize:8]]
[2021.10.27-02.01.56:723][  0]LogConfig: Setting CVar [[r.VolumetricFog.GridSizeZ:128]]
[2021.10.27-02.01.56:723][  0]LogConfig: Setting CVar [[r.VolumetricFog.HistoryMissSupersampleCount:4]]
[2021.10.27-02.01.56:723][  0]LogConfig: Setting CVar [[r.LightMaxDrawDistanceScale:1]]
[2021.10.27-02.01.56:723][  0]LogConfig: Setting CVar [[r.CapsuleShadows:1]]
[2021.10.27-02.01.56:723][  0]LogConfig: Applying CVar settings from Section [PostProcessQuality@3] File [D:/Github/GitHub/UnrealEngineProject/UnrealCppProject/Saved/Config/Windows/Scalability.ini]
[2021.10.27-02.01.56:723][  0]LogConfig: Setting CVar [[r.MotionBlurQuality:4]]
[2021.10.27-02.01.56:723][  0]LogConfig: Setting CVar [[r.AmbientOcclusionMipLevelFactor:0.4]]
[2021.10.27-02.01.56:723][  0]LogConfig: Setting CVar [[r.AmbientOcclusionMaxQuality:100]]
[2021.10.27-02.01.56:723][  0]LogConfig: Setting CVar [[r.AmbientOcclusionLevels:-1]]
[2021.10.27-02.01.56:723][  0]LogConfig: Setting CVar [[r.AmbientOcclusionRadiusScale:1.0]]
[2021.10.27-02.01.56:723][  0]LogConfig: Setting CVar [[r.DepthOfFieldQuality:2]]
[2021.10.27-02.01.56:723][  0]LogConfig: Setting CVar [[r.RenderTargetPoolMin:400]]
[2021.10.27-02.01.56:723][  0]LogConfig: Setting CVar [[r.LensFlareQuality:2]]
[2021.10.27-02.01.56:723][  0]LogConfig: Setting CVar [[r.SceneColorFringeQuality:1]]
[2021.10.27-02.01.56:723][  0]LogConfig: Setting CVar [[r.EyeAdaptationQuality:2]]
[2021.10.27-02.01.56:723][  0]LogConfig: Setting CVar [[r.BloomQuality:5]]
[2021.10.27-02.01.56:723][  0]LogConfig: Setting CVar [[r.FastBlurThreshold:100]]
[2021.10.27-02.01.56:723][  0]LogConfig: Setting CVar [[r.Upscale.Quality:3]]
[2021.10.27-02.01.56:723][  0]LogConfig: Setting CVar [[r.Tonemapper.GrainQuantization:1]]
[2021.10.27-02.01.56:723][  0]LogConfig: Setting CVar [[r.LightShaftQuality:1]]
[2021.10.27-02.01.56:723][  0]LogConfig: Setting CVar [[r.Filter.SizeScale:1]]
[2021.10.27-02.01.56:723][  0]LogConfig: Setting CVar [[r.Tonemapper.Quality:5]]
[2021.10.27-02.01.56:723][  0]LogConfig: Setting CVar [[r.DOF.Gather.AccumulatorQuality:1        ; higher gathering accumulator quality]]
[2021.10.27-02.01.56:723][  0]LogConfig: Setting CVar [[r.DOF.Gather.PostfilterMethod:1          ; Median3x3 postfilering method]]
[2021.10.27-02.01.56:723][  0]LogConfig: Setting CVar [[r.DOF.Gather.EnableBokehSettings:0       ; no bokeh simulation when gathering]]
[2021.10.27-02.01.56:723][  0]LogConfig: Setting CVar [[r.DOF.Gather.RingCount:4                 ; medium number of samples when gathering]]
[2021.10.27-02.01.56:723][  0]LogConfig: Setting CVar [[r.DOF.Scatter.ForegroundCompositing:1    ; additive foreground scattering]]
[2021.10.27-02.01.56:723][  0]LogConfig: Setting CVar [[r.DOF.Scatter.BackgroundCompositing:2    ; additive background scattering]]
[2021.10.27-02.01.56:723][  0]LogConfig: Setting CVar [[r.DOF.Scatter.EnableBokehSettings:1      ; bokeh simulation when scattering]]
[2021.10.27-02.01.56:723][  0]LogConfig: Setting CVar [[r.DOF.Scatter.MaxSpriteRatio:0.1         ; only a maximum of 10% of scattered bokeh]]
[2021.10.27-02.01.56:723][  0]LogConfig: Setting CVar [[r.DOF.Recombine.Quality:1                ; cheap slight out of focus]]
[2021.10.27-02.01.56:723][  0]LogConfig: Setting CVar [[r.DOF.Recombine.EnableBokehSettings:0    ; no bokeh simulation on slight out of focus]]
[2021.10.27-02.01.56:723][  0]LogConfig: Setting CVar [[r.DOF.TemporalAAQuality:1                ; more stable temporal accumulation]]
[2021.10.27-02.01.56:723][  0]LogConfig: Setting CVar [[r.DOF.Kernel.MaxForegroundRadius:0.025]]
[2021.10.27-02.01.56:723][  0]LogConfig: Setting CVar [[r.DOF.Kernel.MaxBackgroundRadius:0.025]]
[2021.10.27-02.01.56:723][  0]LogConfig: Applying CVar settings from Section [TextureQuality@3] File [D:/Github/GitHub/UnrealEngineProject/UnrealCppProject/Saved/Config/Windows/Scalability.ini]
[2021.10.27-02.01.56:723][  0]LogConfig: Setting CVar [[r.Streaming.MipBias:0]]
[2021.10.27-02.01.56:723][  0]LogConfig: Setting CVar [[r.Streaming.AmortizeCPUToGPUCopy:0]]
[2021.10.27-02.01.56:723][  0]LogConfig: Setting CVar [[r.Streaming.MaxNumTexturesToStreamPerFrame:0]]
[2021.10.27-02.01.56:723][  0]LogConfig: Setting CVar [[r.Streaming.Boost:1]]
[2021.10.27-02.01.56:723][  0]LogConfig: Setting CVar [[r.MaxAnisotropy:8]]
[2021.10.27-02.01.56:723][  0]LogConfig: Setting CVar [[r.VT.MaxAnisotropy:8]]
[2021.10.27-02.01.56:723][  0]LogConfig: Setting CVar [[r.Streaming.LimitPoolSizeToVRAM:0]]
[2021.10.27-02.01.56:723][  0]LogConfig: Setting CVar [[r.Streaming.PoolSize:1000]]
[2021.10.27-02.01.56:723][  0]LogConfig: Setting CVar [[r.Streaming.MaxEffectiveScreenSize:0]]
[2021.10.27-02.01.56:723][  0]LogConfig: Applying CVar settings from Section [EffectsQuality@3] File [D:/Github/GitHub/UnrealEngineProject/UnrealCppProject/Saved/Config/Windows/Scalability.ini]
[2021.10.27-02.01.56:723][  0]LogConfig: Setting CVar [[r.TranslucencyLightingVolumeDim:64]]
[2021.10.27-02.01.56:723][  0]LogConfig: Setting CVar [[r.RefractionQuality:2]]
[2021.10.27-02.01.56:723][  0]LogConfig: Setting CVar [[r.SSR.Quality:3]]
[2021.10.27-02.01.56:723][  0]LogConfig: Setting CVar [[r.SSR.HalfResSceneColor:0]]
[2021.10.27-02.01.56:723][  0]LogConfig: Setting CVar [[r.SceneColorFormat:4]]
[2021.10.27-02.01.56:723][  0]LogConfig: Setting CVar [[r.DetailMode:2]]
[2021.10.27-02.01.56:723][  0]LogConfig: Setting CVar [[r.TranslucencyVolumeBlur:1]]
[2021.10.27-02.01.56:723][  0]LogConfig: Setting CVar [[r.MaterialQualityLevel:1 ; High quality]]
[2021.10.27-02.01.56:723][  0]LogConfig: Setting CVar [[r.SSS.Scale:1]]
[2021.10.27-02.01.56:723][  0]LogConfig: Setting CVar [[r.SSS.SampleSet:2]]
[2021.10.27-02.01.56:723][  0]LogConfig: Setting CVar [[r.SSS.Quality:1]]
[2021.10.27-02.01.56:723][  0]LogConfig: Setting CVar [[r.SSS.HalfRes:0]]
[2021.10.27-02.01.56:723][  0]LogConfig: Setting CVar [[r.SSGI.Quality:3]]
[2021.10.27-02.01.56:723][  0]LogConfig: Setting CVar [[r.EmitterSpawnRateScale:1.0]]
[2021.10.27-02.01.56:723][  0]LogConfig: Setting CVar [[r.ParticleLightQuality:2]]
[2021.10.27-02.01.56:723][  0]LogConfig: Setting CVar [[r.SkyAtmosphere.AerialPerspectiveLUT.FastApplyOnOpaque:1 ; Always have FastSkyLUT 1 in this case to avoid wrong sky]]
[2021.10.27-02.01.56:723][  0]LogConfig: Setting CVar [[r.SkyAtmosphere.AerialPerspectiveLUT.SampleCountPerSlice:1]]
[2021.10.27-02.01.56:723][  0]LogConfig: Setting CVar [[r.SkyAtmosphere.AerialPerspectiveLUT.DepthResolution:16.0]]
[2021.10.27-02.01.56:723][  0]LogConfig: Setting CVar [[r.SkyAtmosphere.FastSkyLUT:1]]
[2021.10.27-02.01.56:723][  0]LogConfig: Setting CVar [[r.SkyAtmosphere.FastSkyLUT.SampleCountMin:4.0]]
[2021.10.27-02.01.56:723][  0]LogConfig: Setting CVar [[r.SkyAtmosphere.FastSkyLUT.SampleCountMax:32.0]]
[2021.10.27-02.01.56:723][  0]LogConfig: Setting CVar [[r.SkyAtmosphere.SampleCountMin:4.0]]
[2021.10.27-02.01.56:723][  0]LogConfig: Setting CVar [[r.SkyAtmosphere.SampleCountMax:32.0]]
[2021.10.27-02.01.56:723][  0]LogConfig: Setting CVar [[r.SkyAtmosphere.TransmittanceLUT.UseSmallFormat:0]]
[2021.10.27-02.01.56:723][  0]LogConfig: Setting CVar [[r.SkyAtmosphere.TransmittanceLUT.SampleCount:10.0]]
[2021.10.27-02.01.56:723][  0]LogConfig: Setting CVar [[r.SkyAtmosphere.MultiScatteringLUT.SampleCount:15.0]]
[2021.10.27-02.01.56:723][  0]LogConfig: Applying CVar settings from Section [FoliageQuality@3] File [D:/Github/GitHub/UnrealEngineProject/UnrealCppProject/Saved/Config/Windows/Scalability.ini]
[2021.10.27-02.01.56:723][  0]LogConfig: Setting CVar [[foliage.DensityScale:1.0]]
[2021.10.27-02.01.56:723][  0]LogConfig: Setting CVar [[grass.DensityScale:1.0]]
[2021.10.27-02.01.56:723][  0]LogConfig: Applying CVar settings from Section [ShadingQuality@3] File [D:/Github/GitHub/UnrealEngineProject/UnrealCppProject/Saved/Config/Windows/Scalability.ini]
[2021.10.27-02.01.56:723][  0]LogConfig: Setting CVar [[r.HairStrands.SkyLighting.SampleCount:16]]
[2021.10.27-02.01.56:723][  0]LogConfig: Setting CVar [[r.HairStrands.SkyLighting.JitterIntegration:0]]
[2021.10.27-02.01.56:723][  0]LogConfig: Setting CVar [[r.HairStrands.SkyAO.SampleCount:16]]
[2021.10.27-02.01.56:723][  0]LogConfig: Setting CVar [[r.HairStrands.DeepShadow.SuperSampling:0]]
[2021.10.27-02.01.56:724][  0]LogConfig: Setting CVar [[r.HairStrands.VisibilityPPLL:0]]
[2021.10.27-02.01.56:724][  0]LogConfig: Setting CVar [[r.HairStrands.RasterizationScale:0.5]]
[2021.10.27-02.01.56:724][  0]LogConfig: Setting CVar [[r.HairStrands.VelocityRasterizationScale:1]]
[2021.10.27-02.01.56:724][  0]LogConfig: Applying CVar settings from Section [Startup] File [../../../Engine/Config/ConsoleVariables.ini]
[2021.10.27-02.01.56:724][  0]LogConfig: Setting CVar [[net.UseAdaptiveNetUpdateFrequency:0]]
[2021.10.27-02.01.56:724][  0]LogConfig: Setting CVar [[p.chaos.AllowCreatePhysxBodies:1]]
[2021.10.27-02.01.56:724][  0]LogConfig: Setting CVar [[fx.SkipVectorVMBackendOptimizations:1]]
[2021.10.27-02.01.56:724][  0]LogConfig: Applying CVar settings from Section [ConsoleVariables] File [D:/Github/GitHub/UnrealEngineProject/UnrealCppProject/Saved/Config/Windows/Engine.ini]
[2021.10.27-02.01.56:724][  0]LogInit: Computer: SUHYUN
[2021.10.27-02.01.56:724][  0]LogInit: User: 이수현
[2021.10.27-02.01.56:724][  0]LogInit: CPU Page size=4096, Cores=6
[2021.10.27-02.01.56:724][  0]LogInit: High frequency timer resolution =10.000000 MHz
[2021.10.27-02.01.56:724][  0]LogMemory: Memory total: Physical=15.9GB (16GB approx)
[2021.10.27-02.01.56:724][  0]LogMemory: Platform Memory Stats for Windows
[2021.10.27-02.01.56:724][  0]LogMemory: Process Physical Memory: 115.85 MB used, 115.86 MB peak
[2021.10.27-02.01.56:724][  0]LogMemory: Process Virtual Memory: 104.01 MB used, 104.01 MB peak
[2021.10.27-02.01.56:724][  0]LogMemory: Physical Memory: 5910.51 MB used,  10422.14 MB free, 16332.64 MB total
[2021.10.27-02.01.56:724][  0]LogMemory: Virtual Memory: 5147.47 MB used,  134212584.00 MB free, 134217728.00 MB total
[2021.10.27-02.01.56:729][  0]LogWindows: WindowsPlatformFeatures enabled
[2021.10.27-02.01.56:770][  0]LogInit: Physics initialised using underlying interface: PhysX
[2021.10.27-02.01.56:770][  0]LogInit: Using OS detected language (ko-KR).
[2021.10.27-02.01.56:770][  0]LogInit: Using OS detected locale (ko-KR).
[2021.10.27-02.01.56:772][  0]LogTextLocalizationManager: No specific localization for 'ko-KR' exists, so the 'ko' localization will be used.
[2021.10.27-02.01.56:853][  0]LogInit: Setting process to per monitor DPI aware
[2021.10.27-02.01.56:890][  0]LogSlate: New Slate User Created.  User Index 0, Is Virtual User: 0
[2021.10.27-02.01.56:890][  0]LogSlate: Slate User Registered.  User Index 0, Is Virtual User: 0
[2021.10.27-02.01.57:060][  0]LogHMD: Failed to initialize OpenVR with code 110
[2021.10.27-02.01.57:060][  0]LogD3D11RHI: D3D11 min allowed feature level: 11_0
[2021.10.27-02.01.57:060][  0]LogD3D11RHI: D3D11 max allowed feature level: 11_0
[2021.10.27-02.01.57:061][  0]LogD3D11RHI: D3D11 adapters:
[2021.10.27-02.01.57:150][  0]LogD3D11RHI:    0. 'NVIDIA GeForce GTX 1070' (Feature Level 11_0)
[2021.10.27-02.01.57:150][  0]LogD3D11RHI:       8088/0/8166 MB DedicatedVideo/DedicatedSystem/SharedSystem, Outputs:1, VendorId:0x10de
[2021.10.27-02.01.57:152][  0]LogD3D11RHI:    1. 'Microsoft Basic Render Driver' (Feature Level 11_0)
[2021.10.27-02.01.57:152][  0]LogD3D11RHI:       0/0/8166 MB DedicatedVideo/DedicatedSystem/SharedSystem, Outputs:0, VendorId:0x1414
[2021.10.27-02.01.57:152][  0]LogD3D11RHI: Chosen D3D11 Adapter: 0
[2021.10.27-02.01.57:157][  0]LogD3D11RHI: Creating new Direct3DDevice
[2021.10.27-02.01.57:157][  0]LogD3D11RHI:     GPU DeviceId: 0x1b81 (for the marketing name, search the web for "GPU Device Id")
[2021.10.27-02.01.57:157][  0]LogWindows: EnumDisplayDevices:
[2021.10.27-02.01.57:157][  0]LogWindows:    0. 'NVIDIA GeForce GTX 1070' (P:1 D:1)
[2021.10.27-02.01.57:157][  0]LogWindows:    1. 'NVIDIA GeForce GTX 1070' (P:0 D:0)
[2021.10.27-02.01.57:158][  0]LogWindows:    2. 'NVIDIA GeForce GTX 1070' (P:0 D:0)
[2021.10.27-02.01.57:158][  0]LogWindows:    3. 'NVIDIA GeForce GTX 1070' (P:0 D:0)
[2021.10.27-02.01.57:158][  0]LogWindows: DebugString: FoundDriverCount:4 
[2021.10.27-02.01.57:158][  0]LogD3D11RHI:     Adapter Name: NVIDIA GeForce GTX 1070
[2021.10.27-02.01.57:158][  0]LogD3D11RHI:   Driver Version: 496.13 (internal:30.0.14.9613, unified:496.13)
[2021.10.27-02.01.57:158][  0]LogD3D11RHI:      Driver Date: 10-6-2021
[2021.10.27-02.01.57:158][  0]LogRHI: Texture pool is 5661 MB (70% of 8088 MB)
[2021.10.27-02.01.57:212][  0]LogD3D11RHI: RHI has support for 64 bit atomics
[2021.10.27-02.01.57:212][  0]LogD3D11RHI: Async texture creation enabled
[2021.10.27-02.01.57:212][  0]LogD3D11RHI: Array index from any shader is supported
[2021.10.27-02.01.57:235][  0]LogD3D11RHI: GPU Timing Frequency: 1000.000000 (Debug: 2 1)
[2021.10.27-02.01.57:499][  0]LogTargetPlatformManager: Display: Loaded TargetPlatform 'AllDesktop'
[2021.10.27-02.01.57:519][  0]LogTargetPlatformManager: Display: Loaded TargetPlatform 'Android'
[2021.10.27-02.01.57:519][  0]LogTargetPlatformManager: Display: Loaded TargetPlatform 'Android_ASTC'
[2021.10.27-02.01.57:519][  0]LogTargetPlatformManager: Display: Loaded TargetPlatform 'Android_DXT'
[2021.10.27-02.01.57:519][  0]LogTargetPlatformManager: Display: Loaded TargetPlatform 'Android_ETC2'
[2021.10.27-02.01.57:519][  0]LogTargetPlatformManager: Display: Loaded TargetPlatform 'AndroidClient'
[2021.10.27-02.01.57:519][  0]LogTargetPlatformManager: Display: Loaded TargetPlatform 'Android_ASTCClient'
[2021.10.27-02.01.57:519][  0]LogTargetPlatformManager: Display: Loaded TargetPlatform 'Android_DXTClient'
[2021.10.27-02.01.57:519][  0]LogTargetPlatformManager: Display: Loaded TargetPlatform 'Android_ETC2Client'
[2021.10.27-02.01.57:519][  0]LogTargetPlatformManager: Display: Loaded TargetPlatform 'Android_Multi'
[2021.10.27-02.01.57:519][  0]LogTargetPlatformManager: Display: Loaded TargetPlatform 'Android_MultiClient'
[2021.10.27-02.01.57:542][  0]LogTargetPlatformManager: Display: Loaded TargetPlatform 'IOSClient'
[2021.10.27-02.01.57:542][  0]LogTargetPlatformManager: Display: Loaded TargetPlatform 'IOS'
[2021.10.27-02.01.57:552][  0]LogTargetPlatformManager: Display: Loaded TargetPlatform 'Linux'
[2021.10.27-02.01.57:561][  0]LogTargetPlatformManager: Display: Loaded TargetPlatform 'LinuxNoEditor'
[2021.10.27-02.01.57:570][  0]LogTargetPlatformManager: Display: Loaded TargetPlatform 'LinuxClient'
[2021.10.27-02.01.57:578][  0]LogTargetPlatformManager: Display: Loaded TargetPlatform 'LinuxServer'
[2021.10.27-02.01.57:587][  0]LogTargetPlatformManager: Display: Loaded TargetPlatform 'LinuxAArch64NoEditor'
[2021.10.27-02.01.57:595][  0]LogTargetPlatformManager: Display: Loaded TargetPlatform 'LinuxAArch64Client'
[2021.10.27-02.01.57:603][  0]LogTargetPlatformManager: Display: Loaded TargetPlatform 'LinuxAArch64Server'
[2021.10.27-02.01.57:626][  0]LogTargetPlatformManager: Display: Loaded TargetPlatform 'Lumin'
[2021.10.27-02.01.57:626][  0]LogTargetPlatformManager: Display: Loaded TargetPlatform 'LuminClient'
[2021.10.27-02.01.57:641][  0]LogTargetPlatformManager: Display: Loaded TargetPlatform 'TVOSClient'
[2021.10.27-02.01.57:641][  0]LogTargetPlatformManager: Display: Loaded TargetPlatform 'TVOS'
[2021.10.27-02.01.57:649][  0]LogTargetPlatformManager: Display: Loaded TargetPlatform 'WindowsNoEditor'
[2021.10.27-02.01.57:658][  0]LogTargetPlatformManager: Display: Loaded TargetPlatform 'Windows'
[2021.10.27-02.01.57:666][  0]LogTargetPlatformManager: Display: Loaded TargetPlatform 'WindowsClient'
[2021.10.27-02.01.57:674][  0]LogTargetPlatformManager: Display: Loaded TargetPlatform 'WindowsServer'
[2021.10.27-02.01.57:674][  0]LogTargetPlatformManager: Display: Building Assets For Windows
[2021.10.27-02.01.57:680][  0]LogAudioDebug: Display: Lib vorbis DLL was dynamically loaded.
[2021.10.27-02.01.57:726][  0]LogShaderCompilers: Guid format shader working directory is -21 characters bigger than the processId version (../../../../../Github/GitHub/UnrealEngineProject/UnrealCppProject/Intermediate/Shaders/WorkingDirectory/9800/).
[2021.10.27-02.01.57:727][  0]LogShaderCompilers: Cleaned the shader compiler working directory 'C:/Users/이수현/AppData/Local/Temp/UnrealShaderWorkingDir/6D86204C4C3B4E60AFFA9BB5C0E54747/'.
[2021.10.27-02.01.57:727][  0]LogXGEController: Cannot use XGE Controller as Incredibuild is not installed on this machine.
[2021.10.27-02.01.57:727][  0]LogShaderCompilers: Cannot use XGE Shader Compiler as Incredibuild is not installed on this machine.
[2021.10.27-02.01.57:727][  0]LogShaderCompilers: Display: Using Local Shader Compiler.
[2021.10.27-02.01.58:366][  0]LogDerivedDataCache: Display: Max Cache Size: 512 MB
[2021.10.27-02.01.58:405][  0]LogDerivedDataCache: Loaded boot cache 0.04s 78MB C:/Users/이수현/AppData/Local/UnrealEngine/4.25/DerivedDataCache/Boot.ddc.
[2021.10.27-02.01.58:405][  0]LogDerivedDataCache: Display: Loaded Boot cache: C:/Users/이수현/AppData/Local/UnrealEngine/4.25/DerivedDataCache/Boot.ddc
[2021.10.27-02.01.58:405][  0]LogDerivedDataCache: FDerivedDataBackendGraph:  Pak pak cache file ../../../../../Github/GitHub/UnrealEngineProject/UnrealCppProject/DerivedDataCache/DDC.ddp not found, will not use a pak cache.
[2021.10.27-02.01.58:405][  0]LogDerivedDataCache: Unable to find inner node Pak for hierarchical cache Hierarchy.
[2021.10.27-02.01.58:405][  0]LogDerivedDataCache: FDerivedDataBackendGraph:  CompressedPak pak cache file ../../../../../Github/GitHub/UnrealEngineProject/UnrealCppProject/DerivedDataCache/Compressed.ddp not found, will not use a pak cache.
[2021.10.27-02.01.58:406][  0]LogDerivedDataCache: Unable to find inner node CompressedPak for hierarchical cache Hierarchy.
[2021.10.27-02.01.58:415][  0]LogDerivedDataCache: Display: Pak cache opened for reading ../../../Engine/DerivedDataCache/Compressed.ddp.
[2021.10.27-02.01.58:415][  0]LogDerivedDataCache: FDerivedDataBackendGraph:  EnterprisePak pak cache file ../../../Enterprise/DerivedDataCache/Compressed.ddp not found, will not use a pak cache.
[2021.10.27-02.01.58:415][  0]LogDerivedDataCache: Unable to find inner node EnterprisePak for hierarchical cache Hierarchy.
[2021.10.27-02.01.58:417][  0]LogDerivedDataCache: Using Local data cache path C:/Users/이수현/AppData/Local/UnrealEngine/Common/DerivedDataCache: Writable
[2021.10.27-02.01.58:417][  0]LogDerivedDataCache: Shared data cache path not found in *engine.ini, will not use an Shared cache.
[2021.10.27-02.01.58:417][  0]LogDerivedDataCache: Unable to find inner node Shared for hierarchical cache Hierarchy.
[2021.10.27-02.01.58:459][  0]LogSlate: Using FreeType 2.10.0
[2021.10.27-02.01.58:460][  0]LogSlate: SlateFontServices - WITH_FREETYPE: 1, WITH_HARFBUZZ: 1
[2021.10.27-02.01.58:482][  0]LogAssetRegistry: FAssetRegistry took 0.0024 seconds to start up
[2021.10.27-02.01.58:699][  0]LogInit: Selected Device Profile: [Windows]
[2021.10.27-02.01.58:829][  0]LogMeshReduction: Using QuadricMeshReduction for automatic static mesh reduction
[2021.10.27-02.01.58:829][  0]LogMeshReduction: Using SimplygonMeshReduction for automatic skeletal mesh reduction
[2021.10.27-02.01.58:829][  0]LogMeshReduction: Using ProxyLODMeshReduction for automatic mesh merging
[2021.10.27-02.01.58:829][  0]LogMeshReduction: No distributed automatic mesh merging module available
[2021.10.27-02.01.58:829][  0]LogMeshMerging: No distributed automatic mesh merging module available
[2021.10.27-02.01.58:845][  0]LogNetVersion: UnrealCppProject 1.0.0, NetCL: 13144385, EngineNetVer: 14, GameNetVer: 0 (Checksum: 3259928815)
[2021.10.27-02.01.59:270][  0]LogAISub: UAISubsystem::UAISubsystem AISubsystem (0000011CA5E21640), frame # 0
[2021.10.27-02.01.59:270][  0]LogAISub: UAISubsystem::UAISubsystem AIPerceptionSystem (0000011CA5D66AC0), frame # 0
[2021.10.27-02.01.59:271][  0]LogAISub: UAISubsystem::UAISubsystem EnvQueryManager (0000011CA5DE8800), frame # 0
[2021.10.27-02.01.59:323][  0]LogPackageLocalizationCache: Processed 19 localized package path(s) for 1 prioritized culture(s) in 0.047118 seconds
[2021.10.27-02.01.59:328][  0]LogUObjectArray: 15917 objects as part of root set at end of initial load.
[2021.10.27-02.01.59:328][  0]LogUObjectAllocator: 3965568 out of 0 bytes used by permanent object pool.
[2021.10.27-02.01.59:328][  0]LogUObjectArray: CloseDisregardForGC: 0/0 objects in disregard for GC pool
[2021.10.27-02.01.59:615][  0]LogTcpMessaging: Initializing TcpMessaging bridge
[2021.10.27-02.01.59:618][  0]LogUdpMessaging: Initializing bridge on interface 0.0.0.0:0 to multicast group 230.0.0.1:6666.
[2021.10.27-02.01.59:962][  0]SourceControl: 소스 컨트롤이 꺼졌습니다.
[2021.10.27-02.01.59:962][  0]SourceControl: 소스 컨트롤이 꺼졌습니다.
[2021.10.27-02.01.59:965][  0]SourceControl: 소스 컨트롤이 꺼졌습니다.
[2021.10.27-02.01.59:967][  0]SourceControl: 소스 컨트롤이 꺼졌습니다.
[2021.10.27-02.01.59:973][  0]SourceControl: 소스 컨트롤이 꺼졌습니다.
[2021.10.27-02.02.00:188][  0]LogAndroidPermission: UAndroidPermissionCallbackProxy::GetInstance
[2021.10.27-02.02.00:205][  0]LogAudioCaptureCore: Display: No Audio Capture implementations found. Audio input will be silent.
[2021.10.27-02.02.00:205][  0]LogAudioCaptureCore: Display: No Audio Capture implementations found. Audio input will be silent.
[2021.10.27-02.02.00:248][  0]LogOcInput: OculusInput pre-init called
[2021.10.27-02.02.00:258][  0]LogWindows: Failed to load 'OVRPlugin.dll' (GetLastError=126)
[2021.10.27-02.02.00:258][  0]LogWindows: File 'OVRPlugin.dll' does not exist
[2021.10.27-02.02.00:315][  0]LogEngine: Initializing Engine...
[2021.10.27-02.02.00:316][  0]LogHMD: Failed to initialize OpenVR with code 110
[2021.10.27-02.02.00:316][  0]LogMagicLeap: Warning: VR disabled because ZI is not enabled.  To enable, in the editor, Edit -> Project Settings -> Plugins -> Magic Leap Plugin -> Enable Zero Iteration
[2021.10.27-02.02.00:317][  0]LogStats: UGameplayTagsManager::InitializeManager -  0.000 s
[2021.10.27-02.02.00:407][  0]LogInit: Initializing FReadOnlyCVARCache
[2021.10.27-02.02.00:414][  0]LogAIModule: Creating AISystem for world Untitled
[2021.10.27-02.02.00:414][  0]LogAISub: UAISubsystem::UAISubsystem EnvQueryManager (0000011CACE27C00), frame # 0
[2021.10.27-02.02.00:414][  0]LogAISub: UAISubsystem::UAISubsystem AIPerceptionSystem (0000011CACE62FC0), frame # 0
[2021.10.27-02.02.00:424][  0]LogAudioMixer: Display: Audio Mixer Platform Settings:
[2021.10.27-02.02.00:424][  0]LogAudioMixer: Display: 	Sample Rate:						  48000
[2021.10.27-02.02.00:424][  0]LogAudioMixer: Display: 	Callback Buffer Frame Size Requested: 1024
[2021.10.27-02.02.00:424][  0]LogAudioMixer: Display: 	Callback Buffer Frame Size To Use:	  1024
[2021.10.27-02.02.00:424][  0]LogAudioMixer: Display: 	Number of buffers to queue:			  2
[2021.10.27-02.02.00:424][  0]LogAudioMixer: Display: 	Max Channels (voices):				  32
[2021.10.27-02.02.00:424][  0]LogAudioMixer: Display: 	Number of Async Source Workers:		  0
[2021.10.27-02.02.00:424][  0]LogAudio: Display: AudioDevice MaxSources: 32
[2021.10.27-02.02.00:425][  0]LogAudio: Display: Using built-in audio occlusion.
[2021.10.27-02.02.00:425][  0]LogAudioMixer: Display: Initializing audio mixer.
[2021.10.27-02.02.00:433][  0]LogAudioMixer: Display: 0: FrontLeft
[2021.10.27-02.02.00:433][  0]LogAudioMixer: Display: 1: FrontRight
[2021.10.27-02.02.00:483][  0]LogAudioMixer: Display: Using Audio Device 스피커(Realtek(R) Audio)
[2021.10.27-02.02.00:485][  0]LogAudioMixer: Display: Initializing Sound Submixes...
[2021.10.27-02.02.00:487][  0]LogAudioMixer: Display: Creating Master Submix 'MasterSubmixDefault'
[2021.10.27-02.02.00:487][  0]LogAudioMixer: Display: Creating Master Submix 'MasterReverbSubmixDefault'
[2021.10.27-02.02.00:488][  0]LogAudioMixer: Display: Creating Master Submix 'MasterEQSubmixDefault'
[2021.10.27-02.02.00:489][  0]LogInit: FAudioDevice initialized.
[2021.10.27-02.02.00:489][  0]LogNetVersion: Set ProjectVersion to 1.0.0.0. Version Checksum will be recalculated on next use.
[2021.10.27-02.02.00:562][  0]LogDerivedDataCache: Saved boot cache 0.07s 78MB C:/Users/이수현/AppData/Local/UnrealEngine/4.25/DerivedDataCache/Boot.ddc.
[2021.10.27-02.02.00:563][  0]LogInit: Texture streaming: Enabled
[2021.10.27-02.02.00:576][  0]LogEngineSessionManager: EngineSessionManager initialized
[2021.10.27-02.02.00:576][  0]LogEditorSessionSummary: Verbose: Initializing EditorSessionSummaryWriter for editor session tracking
[2021.10.27-02.02.00:577][  0]LogEditorSessionSummary: EditorSessionSummaryWriter initialized
[2021.10.27-02.02.00:611][  0]LogInit: Transaction tracking system initialized
[2021.10.27-02.02.00:629][  0]BlueprintLog: New page: 에디터 로드
[2021.10.27-02.02.00:686][  0]LocalizationService: 현지화 서비스가 비활성화되었습니다.
[2021.10.27-02.02.00:812][  0]LogCook: Display: Max memory allowance for cook 16384mb min free memory 0mb
[2021.10.27-02.02.00:812][  0]LogCook: Display: Mobile HDR setting 1
[2021.10.27-02.02.00:923][  0]LogFileCache: Scanning file cache for directory 'D:/Github/GitHub/UnrealEngineProject/UnrealCppProject/Content/' took 0.01s
[2021.10.27-02.02.01:125][  0]SourceControl: 소스 컨트롤이 꺼졌습니다.
[2021.10.27-02.02.01:125][  0]LogUnrealEdMisc: Loading editor; pre map load, took 6.058
[2021.10.27-02.02.01:125][  0]Cmd: MAP LOAD FILE="../../../../../Github/GitHub/UnrealEngineProject/UnrealCppProject/Content/Levels/01Actor.umap" TEMPLATE=0 SHOWPROGRESS=1 FEATURELEVEL=3
[2021.10.27-02.02.01:130][  0]LightingResults: New page: 라이팅 빌드
[2021.10.27-02.02.01:131][  0]LogWorld: UWorld::CleanupWorld for Untitled, bSessionEnded=true, bCleanupResources=true
[2021.10.27-02.02.01:131][  0]LogSlate: InvalidateAllWidgets triggered.  All widgets were invalidated
[2021.10.27-02.02.01:131][  0]MapCheck: New page: 맵 체크
[2021.10.27-02.02.01:131][  0]LightingResults: New page: 라이팅 빌드
[2021.10.27-02.02.01:139][  0]LogAISub: UAISubsystem::~UAISubsystem EnvQueryManager (0000011CACE27C00), frame # 0
[2021.10.27-02.02.01:139][  0]LogAISub: UAISubsystem::~UAISubsystem AIPerceptionSystem (0000011CACE62FC0), frame # 0
[2021.10.27-02.02.01:139][  0]LogUObjectHash: Compacting FUObjectHashTables data took   0.70ms
[2021.10.27-02.02.01:259][  0]LogAIModule: Creating AISystem for world 01Actor
[2021.10.27-02.02.01:259][  0]LogAISub: UAISubsystem::UAISubsystem EnvQueryManager (0000011C99F02200), frame # 0
[2021.10.27-02.02.01:259][  0]LogAISub: UAISubsystem::UAISubsystem AIPerceptionSystem (0000011C9A0F8F40), frame # 0
[2021.10.27-02.02.01:264][  0]LogEditorServer: Finished looking for orphan Actors (0.000 secs)
[2021.10.27-02.02.01:277][  0]LogUObjectHash: Compacting FUObjectHashTables data took   1.78ms
[2021.10.27-02.02.01:278][  0]Cmd: MAP CHECKDEP NOCLEARLOG
[2021.10.27-02.02.01:278][  0]MapCheck: 맵 체크 완료: 오류 0 회, 경고 0 회, 소요 시간 0.199ms.
[2021.10.27-02.02.01:278][  0]LogFileHelpers: Loading map '01Actor' took 0.154
[2021.10.27-02.02.01:283][  0]LogUnrealEdMisc: Total Editor Startup Time, took 6.217
[2021.10.27-02.02.01:415][  0]LogSlate: Updating window title bar state: overlay mode, drag disabled, window buttons hidden, title bar hidden
[2021.10.27-02.02.01:422][  0]LogSlate: Updating window title bar state: overlay mode, drag disabled, window buttons hidden, title bar hidden
[2021.10.27-02.02.01:428][  0]LogSlate: Updating window title bar state: overlay mode, drag disabled, window buttons hidden, title bar hidden
[2021.10.27-02.02.01:434][  0]LogSlate: Updating window title bar state: overlay mode, drag disabled, window buttons hidden, title bar hidden
[2021.10.27-02.02.01:443][  0]LogCollectionManager: Loaded 0 collections in 0.000844 seconds
[2021.10.27-02.02.01:480][  0]LogFileCache: Scanning file cache for directory 'D:/Github/GitHub/UnrealEngineProject/UnrealCppProject/Saved/Collections/' took 0.00s
[2021.10.27-02.02.01:480][  0]LogFileCache: Scanning file cache for directory 'D:/Github/GitHub/UnrealEngineProject/UnrealCppProject/Content/Developers/이수현/Collections/' took 0.00s
[2021.10.27-02.02.01:480][  0]LogFileCache: Scanning file cache for directory 'D:/Github/GitHub/UnrealEngineProject/UnrealCppProject/Content/Collections/' took 0.00s
[2021.10.27-02.02.01:480][  0]LogContentBrowser: Native class hierarchy populated in 0.0100 seconds. Added 3438 classes and 826 folders.
[2021.10.27-02.02.01:487][  0]LogContentBrowser: Native class hierarchy updated for 'WidgetCarousel' in 0.0004 seconds. Added 0 classes and 0 folders.
[2021.10.27-02.02.01:899][  0]LogContentBrowser: Native class hierarchy updated for 'AddContentDialog' in 0.0005 seconds. Added 0 classes and 0 folders.
[2021.10.27-02.02.01:908][  0]LogContentBrowser: Native class hierarchy updated for 'SceneOutliner' in 0.0004 seconds. Added 2 classes and 0 folders.
[2021.10.27-02.02.01:968][  0]LogContentBrowser: Native class hierarchy updated for 'HierarchicalLODOutliner' in 0.0005 seconds. Added 0 classes and 0 folders.
[2021.10.27-02.02.01:968][  0]LogLoad: (Engine Initialization) Total time: 6.90 seconds
[2021.10.27-02.02.01:968][  0]LogLoad: (Engine Initialization) Total Blueprint compile time: 0.00 seconds
[2021.10.27-02.02.02:011][  0]LogAssetRegistry: Asset discovery search completed in 3.5296 seconds
[2021.10.27-02.02.02:014][  0]LogCollectionManager: Fixed up redirectors for 0 collections in 0.000001 seconds (updated 0 objects)
[2021.10.27-02.02.02:015][  0]LogContentStreaming: Texture pool size now 1000 MB
[2021.10.27-02.02.02:021][  0]LogSlate: Took 0.000212 seconds to synchronously load lazily loaded font '../../../Engine/Content/Slate/Fonts/Roboto-Regular.ttf' (155K)
[2021.10.27-02.02.02:023][  0]LogSlate: Took 0.001343 seconds to synchronously load lazily loaded font '../../../Engine/Content/Editor/Slate/Fonts/NanumGothic.ttf' (4243K)
[2021.10.27-02.02.02:030][  0]LogSlate: Took 0.006151 seconds to synchronously load lazily loaded font '../../../Engine/Content/Editor/Slate/Fonts/FontAwesome.ttf' (139K)
[2021.10.27-02.02.02:032][  0]LogSlate: Took 0.001262 seconds to synchronously load lazily loaded font '../../../Engine/Content/Editor/Slate/Fonts/NanumGothicBold.ttf' (4188K)
[2021.10.27-02.02.02:032][  0]LogSlate: Took 0.000320 seconds to synchronously load lazily loaded font '../../../Engine/Content/Slate/Fonts/Roboto-Bold.ttf' (160K)
[2021.10.27-02.02.02:038][  0]LogSlate: Took 0.005977 seconds to synchronously load lazily loaded font '../../../Engine/Content/Slate/Fonts/DroidSansMono.ttf' (77K)
[2021.10.27-02.02.02:086][  0]LogSlate: Took 0.020484 seconds to synchronously load lazily loaded font '../../../Engine/Content/Editor/Slate/Fonts/NanumGothicExtraBold.ttf' (4074K)
[2021.10.27-02.02.02:185][  0]LogRenderer: Reallocating scene render targets to support 1180x588 Format 10 NumSamples 1 (Frame:1).
[2021.10.27-02.02.02:185][  0]LogSlate: Took 0.007145 seconds to synchronously load lazily loaded font '../../../Engine/Content/Slate/Fonts/Roboto-Light.ttf' (167K)
[2021.10.27-02.04.53:696][393]LogSlate: Took 0.000200 seconds to synchronously load lazily loaded font '../../../Engine/Content/Slate/Fonts/Roboto-Light.ttf' (167K)
[2021.10.27-02.04.53:732][393]LogSlate: WidgetSwitcher ('None') active index changed to -1
[2021.10.27-02.04.53:732][393]LogSlate: WidgetSwitcher ('None') active index changed to 0
[2021.10.27-02.04.53:808][393]LogSlate: Took 0.000256 seconds to synchronously load lazily loaded font '../../../Engine/Content/Slate/Fonts/Roboto-BoldCondensed.ttf' (158K)
[2021.10.27-02.04.58:391][893]LogSlate: WidgetSwitcher ('None') active index changed to 1
[2021.10.27-02.05.08:715][121]Running D:/Epic Games/UE_4.25/Engine/Binaries/DotNET/UnrealBuildTool.exe  -projectfiles -project="D:/Github/GitHub/UnrealEngineProject/UnrealCppProject/UnrealCppProject.uproject" -game -rocket -progress
[2021.10.27-02.05.09:020][121]Discovering modules, targets and source code for project...
[2021.10.27-02.05.11:033][121]Binding IntelliSense data...
[2021.10.27-02.05.17:305][121]Binding IntelliSense data... 100%
[2021.10.27-02.05.17:305][121]Writing project files...
[2021.10.27-02.05.21:953][121]Writing project files... 100%
[2021.10.27-02.05.22:068][121]LogVSAccessor: Warning: Couldn't access Visual Studio
[2021.10.27-02.05.22:073][121]Candidate modules for hot reload:
[2021.10.27-02.05.22:073][121]  UnrealCppProject
[2021.10.27-02.05.22:073][121]Launching UnrealBuildTool... [D:/Epic Games/UE_4.25/Engine/Binaries/DotNET/UnrealBuildTool.exe  -ModuleWithSuffix=UnrealCppProject,2352 UnrealCppProjectEditor Win64 Development -Project="D:/Github/GitHub/UnrealEngineProject/UnrealCppProject/UnrealCppProject.uproject" "D:/Github/GitHub/UnrealEngineProject/UnrealCppProject/UnrealCppProject.uproject"  -IgnoreJunk]
[2021.10.27-02.05.51:674][121]CompilerResultsLog: New page: 컴파일 - 2021. 10. 27. 오후 8:05:51
[2021.10.27-02.05.51:674][121]CompilerResultsLog: Using 'git status' to determine working set for adaptive non-unity build (D:\Github\GitHub\UnrealEngineProject).
[2021.10.27-02.05.51:674][121]CompilerResultsLog: Creating makefile for UnrealCppProjectEditor (no existing makefile)
[2021.10.27-02.05.51:675][121]CompilerResultsLog: Parsing headers for UnrealCppProjectEditor
[2021.10.27-02.05.51:675][121]CompilerResultsLog:   Running UnrealHeaderTool "D:\Github\GitHub\UnrealEngineProject\UnrealCppProject\UnrealCppProject.uproject" "D:\Github\GitHub\UnrealEngineProject\UnrealCppProject\Intermediate\Build\Win64\UnrealCppProjectEditor\Development\UnrealCppProjectEditor.uhtmanifest" -LogCmds="loginit warning, logexit warning, logdatabase error" -Unattended -WarningsAsErrors -abslog="C:\Users\?̼???\AppData\Local\UnrealBuildTool\Log_UHT.txt" -installed
[2021.10.27-02.05.51:675][121]CompilerResultsLog: Reflection code generated for UnrealCppProjectEditor in 20.528419 seconds
[2021.10.27-02.05.51:675][121]CompilerResultsLog: Building UnrealCppProjectEditor...
[2021.10.27-02.05.51:675][121]CompilerResultsLog: Using Visual Studio 2017 14.16.27045 toolchain (D:\Program Files\Microsoft Visual Studio\2017\Community\VC\Tools\MSVC\14.16.27023) and Windows 10.0.16299.0 SDK (D:\Windows Kits\10).
[2021.10.27-02.05.51:675][121]CompilerResultsLog: Building 6 actions with 6 processes...
[2021.10.27-02.05.51:675][121]CompilerResultsLog:   [1/6] UnrealCppProject.init.gen.cpp
[2021.10.27-02.05.51:675][121]CompilerResultsLog:   [2/6] CComponentOverlap.cpp
[2021.10.27-02.05.51:675][121]CompilerResultsLog:   [3/6] CComponentOverlap.gen.cpp
[2021.10.27-02.05.51:675][121]CompilerResultsLog:   [4/6] UE4Editor-UnrealCppProject-2352.lib
[2021.10.27-02.05.51:675][121]CompilerResultsLog:      D:\Github\GitHub\UnrealEngineProject\UnrealCppProject\Intermediate\Build\Win64\UE4Editor\Development\UnrealCppProject\UE4Editor-UnrealCppProject-2352.lib ???̺귯?? ?? D:\Github\GitHub\UnrealEngineProject\UnrealCppProject\Intermediate\Build\Win64\UE4Editor\Development\UnrealCppProject\UE4Editor-UnrealCppProject-2352.exp ??ü?? ?????ϰ? ?ֽ??ϴ?.
[2021.10.27-02.05.51:675][121]CompilerResultsLog:   [5/6] UE4Editor-UnrealCppProject-2352.dll
[2021.10.27-02.05.51:675][121]CompilerResultsLog:      D:\Github\GitHub\UnrealEngineProject\UnrealCppProject\Intermediate\Build\Win64\UE4Editor\Development\UnrealCppProject\UE4Editor-UnrealCppProject-2352.suppressed.lib ???̺귯?? ?? D:\Github\GitHub\UnrealEngineProject\UnrealCppProject\Intermediate\Build\Win64\UE4Editor\Development\UnrealCppProject\UE4Editor-UnrealCppProject-2352.suppressed.exp ??ü?? ?????ϰ? ?ֽ??ϴ?.
[2021.10.27-02.05.51:675][121]CompilerResultsLog:   [6/6] UnrealCppProjectEditor.target
[2021.10.27-02.05.51:675][121]CompilerResultsLog: Total time in Parallel executor: 6.60 seconds
[2021.10.27-02.05.51:675][121]CompilerResultsLog: Total execution time: 29.51 seconds
[2021.10.27-02.05.51:675][121]LogMainFrame: MainFrame: Module compiling took 29.606 seconds
[2021.10.27-02.05.51:698][121]LogClass: Could not find existing class CComponentOverlap in package /Script/UnrealCppProject for HotReload, assuming new class
[2021.10.27-02.05.51:712][121]LogContentBrowser: Native class hierarchy updated for 'UnrealCppProject' in 0.0005 seconds. Added 12 classes and 5 folders.
[2021.10.27-02.05.51:713][121]Display: HotReload successful (3 functions remapped  0 scriptstructs remapped)
[2021.10.27-02.05.51:763][121]LogContentBrowser: Native class hierarchy populated in 0.0096 seconds. Added 3439 classes and 826 folders.
[2021.10.27-02.05.51:763][121]Display: HotReload took 29.7s.
[2021.10.27-02.05.51:780][121]Warning: HotReload operation took 29.7s.
[2021.10.27-02.05.51:819][121]LogSlate: Window 'C++ 클래스 추가' being destroyed
[2021.10.27-02.05.51:834][121]LogHotReload: New module detected: UE4Editor-UnrealCppProject-2352.dll
[2021.10.27-02.05.51:930][121]LogSlate: Took 0.021027 seconds to synchronously load lazily loaded font '../../../Engine/Content/Slate/Fonts/DroidSansFallback.ttf' (3848K)
[2021.10.27-02.05.51:930][121]LogSlate: Last resort fallback font was requested. Font: '../../../Engine/Content/Slate/Fonts/DroidSansFallback.ttf', Character: 'ϰ (U+03f0)'
[2021.10.27-02.05.51:958][121]LogSlate: Took 0.026921 seconds to synchronously load lazily loaded font '../../../Engine/Content/SlateDebug/Fonts/LastResort.ttf' (5269K)
[2021.10.27-02.05.52:007][122]LogHotReload: Starting Hot-Reload from IDE
[2021.10.27-02.05.52:220][122]LogContentBrowser: Native class hierarchy updated for 'UnrealCppProject' in 0.0006 seconds. Added 12 classes and 5 folders.
[2021.10.27-02.05.52:221][122]Display: HotReload successful (0 functions remapped  0 scriptstructs remapped)
[2021.10.27-02.05.52:236][122]LogContentBrowser: Native class hierarchy populated in 0.0096 seconds. Added 3439 classes and 826 folders.
[2021.10.27-02.05.52:240][122]Display: HotReload took  0.2s.
[2021.10.27-02.05.53:413][124]LogVSAccessor: Warning: Visual Studio is open but could not be queried - it may be blocked by a modal operation
[2021.10.27-02.22.22:800][752]LogHotReload: New module detected: UE4Editor-UnrealCppProject-0004.dll
[2021.10.27-02.22.24:142][757]LogHotReload: Starting Hot-Reload from IDE
[2021.10.27-02.22.24:180][757]LogClass: Could not find existing class CComponentOverlap in package /Script/UnrealCppProject for HotReload, assuming new class
[2021.10.27-02.22.24:180][757]LogClass: Function ComponentBeginOverlap is new.
[2021.10.27-02.22.24:180][757]LogClass: Function ComponentEndOverlap is new.
[2021.10.27-02.22.24:186][757]LogHotReload: Re-instancing CComponentOverlap after hot-reload.
[2021.10.27-02.22.24:195][757]LogContentBrowser: Native class hierarchy updated for 'UnrealCppProject' in 0.0006 seconds. Added 12 classes and 5 folders.
[2021.10.27-02.22.24:196][757]Display: HotReload successful (3 functions remapped  0 scriptstructs remapped)
[2021.10.27-02.22.24:235][757]LogContentBrowser: Native class hierarchy populated in 0.0090 seconds. Added 3439 classes and 826 folders.
[2021.10.27-02.22.24:238][757]Display: HotReload took  0.1s.
[2021.10.27-02.24.27:713][  9]LogEditor: Attempting to add actor of class 'CComponentOverlap' to level at 1310.00,-320.00,50.00
[2021.10.27-02.24.28:881][137]LogEditor: Attempting to add actor of class 'CComponentOverlap' to level at 1580.00,-750.00,50.00
[2021.10.27-02.24.32:115][517]LogTemp: Repeating last play command: 선택된 뷰포트
[2021.10.27-02.24.32:129][517]LogPlayLevel: PlayLevel: No blueprints needed recompiling
[2021.10.27-02.24.32:129][517]PIE: New page: PIE 세션: 01Actor (2021. 10. 27. 오후 8:24:32)
[2021.10.27-02.24.32:131][517]LogOnline: OSS: Creating online subsystem instance for: NULL
[2021.10.27-02.24.32:133][517]LogOnline: OSS: TryLoadSubsystemAndSetDefault: Loaded subsystem for module [NULL]
[2021.10.27-02.24.32:133][517]LogPlayLevel: Creating play world package: /Game/Levels/UEDPIE_0_01Actor
[2021.10.27-02.24.32:136][517]LogPlayLevel: PIE: StaticDuplicateObject took: (0.003284s)
[2021.10.27-02.24.32:137][517]LogAIModule: Creating AISystem for world 01Actor
[2021.10.27-02.24.32:137][517]LogAISub: UAISubsystem::UAISubsystem EnvQueryManager (0000011CDE72CA00), frame # 12517
[2021.10.27-02.24.32:137][517]LogAISub: UAISubsystem::UAISubsystem AIPerceptionSystem (0000011CDDBC1800), frame # 12517
[2021.10.27-02.24.32:138][517]LogPlayLevel: PIE: World Init took: (0.001530s)
[2021.10.27-02.24.32:138][517]LogPlayLevel: PIE: Created PIE world by copying editor world from /Game/Levels/01Actor.01Actor to /Game/Levels/UEDPIE_0_01Actor.01Actor (0.004967s)
[2021.10.27-02.24.32:147][517]LogUObjectHash: Compacting FUObjectHashTables data took   0.68ms
[2021.10.27-02.24.32:148][517]LogAudioMixer: Display: Audio Mixer Platform Settings:
[2021.10.27-02.24.32:149][517]LogAudioMixer: Display: 	Sample Rate:						  48000
[2021.10.27-02.24.32:149][517]LogAudioMixer: Display: 	Callback Buffer Frame Size Requested: 1024
[2021.10.27-02.24.32:149][517]LogAudioMixer: Display: 	Callback Buffer Frame Size To Use:	  1024
[2021.10.27-02.24.32:149][517]LogAudioMixer: Display: 	Number of buffers to queue:			  2
[2021.10.27-02.24.32:149][517]LogAudioMixer: Display: 	Max Channels (voices):				  32
[2021.10.27-02.24.32:149][517]LogAudioMixer: Display: 	Number of Async Source Workers:		  0
[2021.10.27-02.24.32:149][517]LogAudio: Display: AudioDevice MaxSources: 32
[2021.10.27-02.24.32:149][517]LogAudio: Display: Using built-in audio occlusion.
[2021.10.27-02.24.32:149][517]LogAudioMixer: Display: Initializing audio mixer.
[2021.10.27-02.24.32:152][517]LogAudioMixer: Display: 0: FrontLeft
[2021.10.27-02.24.32:152][517]LogAudioMixer: Display: 1: FrontRight
[2021.10.27-02.24.32:171][517]LogAudioMixer: Display: Using Audio Device 스피커(Realtek(R) Audio)
[2021.10.27-02.24.32:171][517]LogAudioMixer: Display: Initializing Sound Submixes...
[2021.10.27-02.24.32:171][517]LogAudioMixer: Display: Creating Master Submix 'MasterSubmixDefault'
[2021.10.27-02.24.32:171][517]LogAudioMixer: Display: Creating Master Submix 'MasterReverbSubmixDefault'
[2021.10.27-02.24.32:172][517]LogAudioMixer: Display: Creating Master Submix 'MasterEQSubmixDefault'
[2021.10.27-02.24.32:183][517]LogInit: FAudioDevice initialized.
[2021.10.27-02.24.32:193][517]LogLoad: Game class is 'UnrealCppProjectGameModeBase'
[2021.10.27-02.24.32:195][517]LogWorld: Bringing World /Game/Levels/UEDPIE_0_01Actor.01Actor up for play (max tick rate 0) at 2021.10.27-11.24.32
[2021.10.27-02.24.32:195][517]LogWorld: Bringing up level for play took: 0.000738
[2021.10.27-02.24.32:195][517]LogOnline: OSS: Creating online subsystem instance for: :Context_4
[2021.10.27-02.24.32:225][517]LogContentBrowser: Native class hierarchy updated for 'MovieSceneCapture' in 0.0005 seconds. Added 20 classes and 0 folders.
[2021.10.27-02.24.32:229][517]A : 10 , B : 20 , C : 30 , D : 40
[2021.10.27-02.24.32:229][517]A : 10 , B : 20 , C : 30 , D : 40
[2021.10.27-02.24.32:229][517]A : 10 , B : 20 , C : 30 , D : 40
[2021.10.27-02.24.32:230][517]GameProject: Display: 33
[2021.10.27-02.24.32:230][517]GameProject: Display: 3.141593
[2021.10.27-02.24.32:230][517]GameProject: Display: UnrealCppProject
[2021.10.27-02.24.32:230][517]GameProject: Display: X=990.000 Y=-950.000 Z=350.000
[2021.10.27-02.24.32:230][517]GameProject: Display: P=0.000000 Y=0.000000 R=0.000000
[2021.10.27-02.24.32:230][517]GameProject: Display: BP_CLogActor_2 Not NULL
[2021.10.27-02.24.32:230][517]GameProject: Display: ACLogActor::BeginPlay , 31
[2021.10.27-02.24.32:230][517]PIE: 서버가 로그인했습니다.
[2021.10.27-02.24.32:232][517]PIE: 에디터에서 플레이 총 시작 시간 0.106초입니다.
[2021.10.27-02.24.41:323][594]LogSlate: Updating window title bar state: overlay mode, drag disabled, window buttons hidden, title bar hidden
[2021.10.27-02.24.41:323][594]LogWorld: BeginTearingDown for /Game/Levels/UEDPIE_0_01Actor
[2021.10.27-02.24.41:323][594]LogWorld: UWorld::CleanupWorld for 01Actor, bSessionEnded=true, bCleanupResources=true
[2021.10.27-02.24.41:324][594]LogSlate: InvalidateAllWidgets triggered.  All widgets were invalidated
[2021.10.27-02.24.41:329][594]LogPlayLevel: Display: Shutting down PIE online subsystems
[2021.10.27-02.24.41:330][594]LogSlate: InvalidateAllWidgets triggered.  All widgets were invalidated
[2021.10.27-02.24.41:351][594]LogSlate: Updating window title bar state: overlay mode, drag disabled, window buttons hidden, title bar hidden
[2021.10.27-02.24.41:352][594]LogAISub: UAISubsystem::~UAISubsystem EnvQueryManager (0000011CDE72CA00), frame # 13594
[2021.10.27-02.24.41:352][594]LogAISub: UAISubsystem::~UAISubsystem AIPerceptionSystem (0000011CDDBC1800), frame # 13594
[2021.10.27-02.24.41:353][594]LogUObjectHash: Compacting FUObjectHashTables data took   0.65ms
[2021.10.27-02.24.41:403][596]LogPlayLevel: Display: Destroying online subsystem :Context_4
[2021.10.27-02.24.42:771][744]LogRenderer: Reallocating scene render targets to support 1192x604 Format 10 NumSamples 1 (Frame:8677).
[2021.10.27-02.25.08:811][ 39]LogUObjectHash: Compacting FUObjectHashTables data took   0.67ms
[2021.10.27-02.25.08:829][ 39]LogSavePackage: Moving '../../../../../Github/GitHub/UnrealEngineProject/UnrealCppProject/Saved/01Actor_Auto1286D9ECE4D615CBFBD1C20A23A290831.tmp' to '../../../../../Github/GitHub/UnrealEngineProject/UnrealCppProject/Saved/Autosaves/Game/Levels/01Actor_Auto1.umap'
[2021.10.27-02.25.08:831][ 39]LogFileHelpers: Editor autosave (incl. sublevels) for '/Game/Levels/01Actor' took 0.029
[2021.10.27-02.25.08:831][ 39]LogFileHelpers: Editor autosave (incl. sublevels) for all levels took 0.029
