Log file open, 10/29/21 11:40:32
LogInit: Display: Running engine for game: UnrealCppProject
LogPlatformFile: Not using cached read wrapper
LogTaskGraph: Started task graph with 5 named threads and 20 total threads with 3 sets of task threads.
LogStats: Stats thread started at 0.152199
LogD3D11RHI: Loaded GFSDK_Aftermath_Lib.x64.dll
LogICUInternationalization: ICU TimeZone Detection - Raw Offset: +9:00, Platform Override: ''
LogPluginManager: Mounting plugin Paper2D
LogPluginManager: Mounting plugin AISupport
LogPluginManager: Mounting plugin LightPropagationVolume
LogPluginManager: Mounting plugin CameraShakePreviewer
LogPluginManager: Mounting plugin ActorLayerUtilities
LogPluginManager: Mounting plugin AnimationSharing
LogPluginManager: Mounting plugin CLionSourceCodeAccess
LogPluginManager: Mounting plugin CodeLiteSourceCodeAccess
LogPluginManager: Mounting plugin GitSourceControl
LogPluginManager: Mounting plugin KDevelopSourceCodeAccess
LogPluginManager: Mounting plugin NullSourceCodeAccess
LogPluginManager: Mounting plugin PerforceSourceControl
LogPluginManager: Mounting plugin PlasticSourceControl
LogPluginManager: Mounting plugin RiderSourceCodeAccess
LogPluginManager: Mounting plugin SubversionSourceControl
LogPluginManager: Mounting plugin UObjectPlugin
LogPluginManager: Mounting plugin VisualStudioCodeSourceCodeAccess
LogPluginManager: Mounting plugin VisualStudioSourceCodeAccess
LogPluginManager: Mounting plugin XCodeSourceCodeAccess
LogPluginManager: Mounting plugin AssetManagerEditor
LogPluginManager: Mounting plugin CryptoKeys
LogPluginManager: Mounting plugin CurveEditorTools
LogPluginManager: Mounting plugin DataValidation
LogPluginManager: Mounting plugin EditorScriptingUtilities
LogPluginManager: Mounting plugin FacialAnimation
LogPluginManager: Mounting plugin GameplayTagsEditor
LogPluginManager: Mounting plugin GeometryMode
LogPluginManager: Mounting plugin MacGraphicsSwitching
LogPluginManager: Mounting plugin MaterialAnalyzer
LogPluginManager: Mounting plugin MobileLauncherProfileWizard
LogPluginManager: Mounting plugin PluginBrowser
LogPluginManager: Mounting plugin SpeedTreeImporter
LogPluginManager: Mounting plugin DatasmithContent
LogPluginManager: Mounting plugin VariantManagerContent
LogPluginManager: Mounting plugin AlembicImporter
LogPluginManager: Mounting plugin AutomationUtils
LogPluginManager: Mounting plugin BackChannel
LogPluginManager: Mounting plugin ChaosCloth
LogPluginManager: Mounting plugin ChaosClothEditor
LogPluginManager: Mounting plugin ChaosEditor
LogPluginManager: Mounting plugin ChaosNiagara
LogPluginManager: Mounting plugin ChaosSolverPlugin
LogPluginManager: Mounting plugin CharacterAI
LogPluginManager: Mounting plugin GeometryCache
LogPluginManager: Mounting plugin GeometryCollectionPlugin
LogPluginManager: Mounting plugin GeometryProcessing
LogPluginManager: Mounting plugin PlanarCut
LogPluginManager: Mounting plugin PlatformCrypto
LogPluginManager: Mounting plugin ProxyLODPlugin
LogPluginManager: Mounting plugin SkeletalReduction
LogPluginManager: Mounting plugin Niagara
LogPluginManager: Mounting plugin MagicLeap
LogPluginManager: Mounting plugin MagicLeapLightEstimation
LogPluginManager: Mounting plugin MagicLeapMedia
LogPluginManager: Mounting plugin MagicLeapPassableWorld
LogPluginManager: Mounting plugin MLSDK
LogPluginManager: Mounting plugin AndroidMedia
LogPluginManager: Mounting plugin AvfMedia
LogPluginManager: Mounting plugin ImgMedia
LogPluginManager: Mounting plugin MediaCompositing
LogPluginManager: Mounting plugin MediaPlayerEditor
LogPluginManager: Mounting plugin WebMMedia
LogPluginManager: Mounting plugin WmfMedia
LogPluginManager: Mounting plugin MeshPainting
LogPluginManager: Mounting plugin TcpMessaging
LogPluginManager: Mounting plugin UdpMessaging
LogPluginManager: Mounting plugin ActorSequence
LogPluginManager: Mounting plugin LevelSequenceEditor
LogPluginManager: Mounting plugin MatineeToLevelSequence
LogPluginManager: Mounting plugin MovieRenderPipeline
LogPluginManager: Mounting plugin TemplateSequence
LogPluginManager: Mounting plugin NetcodeUnitTest
LogPluginManager: Mounting plugin NUTUnrealEngine4
LogPluginManager: Mounting plugin OnlineSubsystemGooglePlay
LogPluginManager: Mounting plugin OnlineSubsystemIOS
LogPluginManager: Mounting plugin OnlineSubsystem
LogPluginManager: Mounting plugin OnlineSubsystemNull
LogPluginManager: Mounting plugin OnlineSubsystemUtils
LogPluginManager: Mounting plugin LauncherChunkInstaller
LogPluginManager: Mounting plugin AndroidDeviceProfileSelector
LogPluginManager: Mounting plugin AndroidMoviePlayer
LogPluginManager: Mounting plugin AndroidPermission
LogPluginManager: Mounting plugin AppleImageUtils
LogPluginManager: Mounting plugin AppleMoviePlayer
LogPluginManager: Mounting plugin ArchVisCharacter
LogPluginManager: Mounting plugin AssetTags
LogPluginManager: Mounting plugin AudioCapture
LogPluginManager: Mounting plugin CableComponent
LogPluginManager: Mounting plugin CustomMeshComponent
LogPluginManager: Mounting plugin EditableMesh
LogPluginManager: Mounting plugin ExampleDeviceProfileSelector
LogPluginManager: Mounting plugin GoogleCloudMessaging
LogPluginManager: Mounting plugin GooglePAD
LogPluginManager: Mounting plugin IOSDeviceProfileSelector
LogPluginManager: Mounting plugin LinuxDeviceProfileSelector
LogPluginManager: Mounting plugin LocationServicesBPLibrary
LogPluginManager: Mounting plugin MobilePatchingUtils
LogPluginManager: Mounting plugin OculusVR
LogPluginManager: Mounting plugin PhysXVehicles
LogPluginManager: Mounting plugin PostSplashScreen
LogPluginManager: Mounting plugin ProceduralMeshComponent
LogPluginManager: Mounting plugin RuntimePhysXCooking
LogPluginManager: Mounting plugin SignificanceManager
LogPluginManager: Mounting plugin SoundFields
LogPluginManager: Mounting plugin SteamVR
LogPluginManager: Mounting plugin Synthesis
LogPluginManager: Mounting plugin WebMMoviePlayer
LogPluginManager: Mounting plugin WindowsMoviePlayer
LogPluginManager: Mounting plugin ScreenshotTools
LogInit: Using libcurl 7.55.1-DEV
LogInit:  - built for x86_64-pc-win32
LogInit:  - supports SSL with OpenSSL/1.1.1
LogInit:  - supports HTTP deflate (compression) using libz 1.2.8
LogInit:  - other features:
LogInit:      CURL_VERSION_SSL
LogInit:      CURL_VERSION_LIBZ
LogInit:      CURL_VERSION_IPV6
LogInit:      CURL_VERSION_ASYNCHDNS
LogInit:      CURL_VERSION_LARGEFILE
LogInit:      CURL_VERSION_IDN
LogInit:  CurlRequestOptions (configurable via config and command line):
LogInit:  - bVerifyPeer = true  - Libcurl will verify peer certificate
LogInit:  - bUseHttpProxy = false  - Libcurl will NOT use HTTP proxy
LogInit:  - bDontReuseConnections = false  - Libcurl will reuse connections
LogInit:  - MaxHostConnections = 16  - Libcurl will limit the number of connections to a host
LogInit:  - LocalHostAddr = Default
LogInit:  - BufferSize = 65536
LogOnline: OSS: Creating online subsystem instance for: NULL
LogInit: WinSock: version 1.1 (2.2), MaxSocks=32767, MaxUdp=65467
LogOnline: OSS: TryLoadSubsystemAndSetDefault: Loaded subsystem for module [NULL]
LogInit: Build: ++UE4+Release-4.25-CL-14469661
LogInit: Engine Version: 4.25.4-14469661+++UE4+Release-4.25
LogInit: Compatible Engine Version: 4.25.0-13144385+++UE4+Release-4.25
LogInit: Net CL: 13144385
LogInit: OS: Windows 10 (Release 2009) (), CPU: AMD Ryzen 5 3500 6-Core Processor              , GPU: NVIDIA GeForce GTX 1070
LogInit: Compiled (64-bit): Oct 11 2020 08:10:49
LogInit: Compiled with Visual C++: 19.24.28315.00
LogInit: Build Configuration: Development
LogInit: Branch Name: ++UE4+Release-4.25
LogInit: Command Line: 
LogInit: Base Directory: D:/Epic Games/UE_4.25/Engine/Binaries/Win64/
LogInit: Allocator: TBB
LogInit: Installed Engine Build: 1
LogDevObjectVersion: Number of dev versions registered: 26
LogDevObjectVersion:   Dev-Blueprints (B0D832E4-1F89-4F0D-ACCF-7EB736FD4AA2): 10
LogDevObjectVersion:   Dev-Build (E1C64328-A22C-4D53-A36C-8E866417BD8C): 0
LogDevObjectVersion:   Dev-Core (375EC13C-06E4-48FB-B500-84F0262A717E): 4
LogDevObjectVersion:   Dev-Editor (E4B068ED-F494-42E9-A231-DA0B2E46BB41): 38
LogDevObjectVersion:   Dev-Framework (CFFC743F-43B0-4480-9391-14DF171D2073): 37
LogDevObjectVersion:   Dev-Mobile (B02B49B5-BB20-44E9-A304-32B752E40360): 2
LogDevObjectVersion:   Dev-Networking (A4E4105C-59A1-49B5-A7C5-40C4547EDFEE): 0
LogDevObjectVersion:   Dev-Online (39C831C9-5AE6-47DC-9A44-9C173E1C8E7C): 0
LogDevObjectVersion:   Dev-Physics (78F01B33-EBEA-4F98-B9B4-84EACCB95AA2): 4
LogDevObjectVersion:   Dev-Platform (6631380F-2D4D-43E0-8009-CF276956A95A): 0
LogDevObjectVersion:   Dev-Rendering (12F88B9F-8875-4AFC-A67C-D90C383ABD29): 43
LogDevObjectVersion:   Dev-Sequencer (7B5AE74C-D270-4C10-A958-57980B212A5A): 12
LogDevObjectVersion:   Dev-VR (D7296918-1DD6-4BDD-9DE2-64A83CC13884): 3
LogDevObjectVersion:   Dev-LoadTimes (C2A15278-BFE7-4AFE-6C17-90FF531DF755): 1
LogDevObjectVersion:   Private-Geometry (6EACA3D4-40EC-4CC1-B786-8BED09428FC5): 3
LogDevObjectVersion:   Dev-AnimPhys (29E575DD-E0A3-4627-9D10-D276232CDCEA): 17
LogDevObjectVersion:   Dev-Anim (AF43A65D-7FD3-4947-9873-3E8ED9C1BB05): 7
LogDevObjectVersion:   Dev-ReflectionCapture (6B266CEC-1EC7-4B8F-A30B-E4D90942FC07): 1
LogDevObjectVersion:   Dev-Automation (0DF73D61-A23F-47EA-B727-89E90C41499A): 1
LogDevObjectVersion:   FortniteMain (601D1886-AC64-4F84-AA16-D3DE0DEAC7D6): 31
LogDevObjectVersion:   Dev-Enterprise (9DFFBCD6-494F-0158-E221-12823C92A888): 10
LogDevObjectVersion:   Dev-Niagara (F2AED0AC-9AFE-416F-8664-AA7FFA26D6FC): 1
LogDevObjectVersion:   Dev-Destruction (174F1F0B-B4C6-45A5-B13F-2EE8D0FB917D): 10
LogDevObjectVersion:   Dev-Physics-Ext (35F94A83-E258-406C-A318-09F59610247C): 37
LogDevObjectVersion:   Dev-PhysicsMaterial-Chaos (B68FC16E-8B1B-42E2-B453-215C058844FE): 1
LogDevObjectVersion:   Dev-CineCamera (B2E18506-4273-CFC2-A54E-F4BB758BBA07): 1
LogInit: Presizing for max 25165824 objects, including 0 objects not considered by GC, pre-allocating 0 bytes for permanent pool.
LogConfig: Applying CVar settings from Section [/Script/Engine.StreamingSettings] File [D:/Github/GitHub/UnrealEngineProject/UnrealCppProject/Saved/Config/Windows/Engine.ini]
LogConfig: Setting CVar [[s.MinBulkDataSizeForAsyncLoading:131072]]
LogConfig: Setting CVar [[s.AsyncLoadingThreadEnabled:0]]
LogConfig: Setting CVar [[s.EventDrivenLoaderEnabled:1]]
LogConfig: Setting CVar [[s.WarnIfTimeLimitExceeded:0]]
LogConfig: Setting CVar [[s.TimeLimitExceededMultiplier:1.5]]
LogConfig: Setting CVar [[s.TimeLimitExceededMinTime:0.005]]
LogConfig: Setting CVar [[s.UseBackgroundLevelStreaming:1]]
LogConfig: Setting CVar [[s.PriorityAsyncLoadingExtraTime:15.0]]
LogConfig: Setting CVar [[s.LevelStreamingActorsUpdateTimeLimit:5.0]]
LogConfig: Setting CVar [[s.PriorityLevelStreamingActorsUpdateExtraTime:5.0]]
LogConfig: Setting CVar [[s.LevelStreamingComponentsRegistrationGranularity:10]]
LogConfig: Setting CVar [[s.UnregisterComponentsTimeLimit:1.0]]
LogConfig: Setting CVar [[s.LevelStreamingComponentsUnregistrationGranularity:5]]
LogConfig: Setting CVar [[s.FlushStreamingOnExit:1]]
LogInit: Object subsystem initialized
LogConfig: Setting CVar [[con.DebugEarlyDefault:1]]
LogConfig: Setting CVar [[r.setres:1280x720]]
[2021.10.29-02.40.32:622][  0]LogConfig: Setting CVar [[r.VSync:0]]
[2021.10.29-02.40.32:622][  0]LogConfig: Setting CVar [[r.RHICmdBypass:0]]
[2021.10.29-02.40.32:622][  0]LogConfig: Applying CVar settings from Section [/Script/Engine.RendererSettings] File [D:/Github/GitHub/UnrealEngineProject/UnrealCppProject/Saved/Config/Windows/Engine.ini]
[2021.10.29-02.40.32:622][  0]LogConfig: Setting CVar [[r.GPUCrashDebugging:0]]
[2021.10.29-02.40.32:622][  0]LogConfig: Applying CVar settings from Section [/Script/Engine.RendererOverrideSettings] File [D:/Github/GitHub/UnrealEngineProject/UnrealCppProject/Saved/Config/Windows/Engine.ini]
[2021.10.29-02.40.32:622][  0]LogConfig: Applying CVar settings from Section [/Script/Engine.StreamingSettings] File [D:/Github/GitHub/UnrealEngineProject/UnrealCppProject/Saved/Config/Windows/Engine.ini]
[2021.10.29-02.40.32:622][  0]LogConfig: Setting CVar [[s.MinBulkDataSizeForAsyncLoading:131072]]
[2021.10.29-02.40.32:622][  0]LogConfig: Setting CVar [[s.AsyncLoadingThreadEnabled:0]]
[2021.10.29-02.40.32:622][  0]LogConfig: Setting CVar [[s.EventDrivenLoaderEnabled:1]]
[2021.10.29-02.40.32:622][  0]LogConfig: Setting CVar [[s.WarnIfTimeLimitExceeded:0]]
[2021.10.29-02.40.32:622][  0]LogConfig: Setting CVar [[s.TimeLimitExceededMultiplier:1.5]]
[2021.10.29-02.40.32:622][  0]LogConfig: Setting CVar [[s.TimeLimitExceededMinTime:0.005]]
[2021.10.29-02.40.32:622][  0]LogConfig: Setting CVar [[s.UseBackgroundLevelStreaming:1]]
[2021.10.29-02.40.32:622][  0]LogConfig: Setting CVar [[s.PriorityAsyncLoadingExtraTime:15.0]]
[2021.10.29-02.40.32:622][  0]LogConfig: Setting CVar [[s.LevelStreamingActorsUpdateTimeLimit:5.0]]
[2021.10.29-02.40.32:622][  0]LogConfig: Setting CVar [[s.PriorityLevelStreamingActorsUpdateExtraTime:5.0]]
[2021.10.29-02.40.32:622][  0]LogConfig: Setting CVar [[s.LevelStreamingComponentsRegistrationGranularity:10]]
[2021.10.29-02.40.32:622][  0]LogConfig: Setting CVar [[s.UnregisterComponentsTimeLimit:1.0]]
[2021.10.29-02.40.32:622][  0]LogConfig: Setting CVar [[s.LevelStreamingComponentsUnregistrationGranularity:5]]
[2021.10.29-02.40.32:622][  0]LogConfig: Setting CVar [[s.FlushStreamingOnExit:1]]
[2021.10.29-02.40.32:622][  0]LogConfig: Applying CVar settings from Section [/Script/Engine.GarbageCollectionSettings] File [D:/Github/GitHub/UnrealEngineProject/UnrealCppProject/Saved/Config/Windows/Engine.ini]
[2021.10.29-02.40.32:622][  0]LogConfig: Setting CVar [[gc.MaxObjectsNotConsideredByGC:1]]
[2021.10.29-02.40.32:622][  0]LogConfig: Setting CVar [[gc.SizeOfPermanentObjectPool:0]]
[2021.10.29-02.40.32:622][  0]LogConfig: Setting CVar [[gc.FlushStreamingOnGC:0]]
[2021.10.29-02.40.32:622][  0]LogConfig: Setting CVar [[gc.NumRetriesBeforeForcingGC:10]]
[2021.10.29-02.40.32:622][  0]LogConfig: Setting CVar [[gc.AllowParallelGC:1]]
[2021.10.29-02.40.32:622][  0]LogConfig: Setting CVar [[gc.TimeBetweenPurgingPendingKillObjects:61.1]]
[2021.10.29-02.40.32:622][  0]LogConfig: Setting CVar [[gc.MaxObjectsInEditor:25165824]]
[2021.10.29-02.40.32:622][  0]LogConfig: Setting CVar [[gc.IncrementalBeginDestroyEnabled:1]]
[2021.10.29-02.40.32:622][  0]LogConfig: Setting CVar [[gc.CreateGCClusters:1]]
[2021.10.29-02.40.32:622][  0]LogConfig: Setting CVar [[gc.MinGCClusterSize:5]]
[2021.10.29-02.40.32:622][  0]LogConfig: Setting CVar [[gc.ActorClusteringEnabled:0]]
[2021.10.29-02.40.32:622][  0]LogConfig: Setting CVar [[gc.BlueprintClusteringEnabled:0]]
[2021.10.29-02.40.32:622][  0]LogConfig: Setting CVar [[gc.UseDisregardForGCOnDedicatedServers:0]]
[2021.10.29-02.40.32:622][  0]LogConfig: Applying CVar settings from Section [/Script/Engine.NetworkSettings] File [D:/Github/GitHub/UnrealEngineProject/UnrealCppProject/Saved/Config/Windows/Engine.ini]
[2021.10.29-02.40.32:622][  0]LogConfig: Applying CVar settings from Section [/Script/UnrealEd.CookerSettings] File [D:/Github/GitHub/UnrealEngineProject/UnrealCppProject/Saved/Config/Windows/Engine.ini]
[2021.10.29-02.40.32:624][  0]LogConfig: Applying CVar settings from Section [ViewDistanceQuality@3] File [D:/Github/GitHub/UnrealEngineProject/UnrealCppProject/Saved/Config/Windows/Scalability.ini]
[2021.10.29-02.40.32:624][  0]LogConfig: Setting CVar [[r.SkeletalMeshLODBias:0]]
[2021.10.29-02.40.32:624][  0]LogConfig: Setting CVar [[r.ViewDistanceScale:1.0]]
[2021.10.29-02.40.32:624][  0]LogConfig: Applying CVar settings from Section [AntiAliasingQuality@3] File [D:/Github/GitHub/UnrealEngineProject/UnrealCppProject/Saved/Config/Windows/Scalability.ini]
[2021.10.29-02.40.32:624][  0]LogConfig: Setting CVar [[r.PostProcessAAQuality:4]]
[2021.10.29-02.40.32:624][  0]LogConfig: Applying CVar settings from Section [ShadowQuality@3] File [D:/Github/GitHub/UnrealEngineProject/UnrealCppProject/Saved/Config/Windows/Scalability.ini]
[2021.10.29-02.40.32:624][  0]LogConfig: Setting CVar [[r.LightFunctionQuality:1]]
[2021.10.29-02.40.32:624][  0]LogConfig: Setting CVar [[r.ShadowQuality:5]]
[2021.10.29-02.40.32:624][  0]LogConfig: Setting CVar [[r.Shadow.CSM.MaxCascades:10]]
[2021.10.29-02.40.32:624][  0]LogConfig: Setting CVar [[r.Shadow.MaxResolution:2048]]
[2021.10.29-02.40.32:624][  0]LogConfig: Setting CVar [[r.Shadow.MaxCSMResolution:2048]]
[2021.10.29-02.40.32:624][  0]LogConfig: Setting CVar [[r.Shadow.RadiusThreshold:0.01]]
[2021.10.29-02.40.32:624][  0]LogConfig: Setting CVar [[r.Shadow.DistanceScale:1.0]]
[2021.10.29-02.40.32:624][  0]LogConfig: Setting CVar [[r.Shadow.CSM.TransitionScale:1.0]]
[2021.10.29-02.40.32:624][  0]LogConfig: Setting CVar [[r.Shadow.PreShadowResolutionFactor:1.0]]
[2021.10.29-02.40.32:624][  0]LogConfig: Setting CVar [[r.DistanceFieldShadowing:1]]
[2021.10.29-02.40.32:624][  0]LogConfig: Setting CVar [[r.DistanceFieldAO:1]]
[2021.10.29-02.40.32:624][  0]LogConfig: Setting CVar [[r.AOQuality:2]]
[2021.10.29-02.40.32:624][  0]LogConfig: Setting CVar [[r.VolumetricFog:1]]
[2021.10.29-02.40.32:624][  0]LogConfig: Setting CVar [[r.VolumetricFog.GridPixelSize:8]]
[2021.10.29-02.40.32:624][  0]LogConfig: Setting CVar [[r.VolumetricFog.GridSizeZ:128]]
[2021.10.29-02.40.32:624][  0]LogConfig: Setting CVar [[r.VolumetricFog.HistoryMissSupersampleCount:4]]
[2021.10.29-02.40.32:624][  0]LogConfig: Setting CVar [[r.LightMaxDrawDistanceScale:1]]
[2021.10.29-02.40.32:624][  0]LogConfig: Setting CVar [[r.CapsuleShadows:1]]
[2021.10.29-02.40.32:624][  0]LogConfig: Applying CVar settings from Section [PostProcessQuality@3] File [D:/Github/GitHub/UnrealEngineProject/UnrealCppProject/Saved/Config/Windows/Scalability.ini]
[2021.10.29-02.40.32:624][  0]LogConfig: Setting CVar [[r.MotionBlurQuality:4]]
[2021.10.29-02.40.32:624][  0]LogConfig: Setting CVar [[r.AmbientOcclusionMipLevelFactor:0.4]]
[2021.10.29-02.40.32:624][  0]LogConfig: Setting CVar [[r.AmbientOcclusionMaxQuality:100]]
[2021.10.29-02.40.32:624][  0]LogConfig: Setting CVar [[r.AmbientOcclusionLevels:-1]]
[2021.10.29-02.40.32:624][  0]LogConfig: Setting CVar [[r.AmbientOcclusionRadiusScale:1.0]]
[2021.10.29-02.40.32:625][  0]LogConfig: Setting CVar [[r.DepthOfFieldQuality:2]]
[2021.10.29-02.40.32:625][  0]LogConfig: Setting CVar [[r.RenderTargetPoolMin:400]]
[2021.10.29-02.40.32:625][  0]LogConfig: Setting CVar [[r.LensFlareQuality:2]]
[2021.10.29-02.40.32:625][  0]LogConfig: Setting CVar [[r.SceneColorFringeQuality:1]]
[2021.10.29-02.40.32:625][  0]LogConfig: Setting CVar [[r.EyeAdaptationQuality:2]]
[2021.10.29-02.40.32:625][  0]LogConfig: Setting CVar [[r.BloomQuality:5]]
[2021.10.29-02.40.32:625][  0]LogConfig: Setting CVar [[r.FastBlurThreshold:100]]
[2021.10.29-02.40.32:625][  0]LogConfig: Setting CVar [[r.Upscale.Quality:3]]
[2021.10.29-02.40.32:625][  0]LogConfig: Setting CVar [[r.Tonemapper.GrainQuantization:1]]
[2021.10.29-02.40.32:625][  0]LogConfig: Setting CVar [[r.LightShaftQuality:1]]
[2021.10.29-02.40.32:625][  0]LogConfig: Setting CVar [[r.Filter.SizeScale:1]]
[2021.10.29-02.40.32:625][  0]LogConfig: Setting CVar [[r.Tonemapper.Quality:5]]
[2021.10.29-02.40.32:625][  0]LogConfig: Setting CVar [[r.DOF.Gather.AccumulatorQuality:1        ; higher gathering accumulator quality]]
[2021.10.29-02.40.32:625][  0]LogConfig: Setting CVar [[r.DOF.Gather.PostfilterMethod:1          ; Median3x3 postfilering method]]
[2021.10.29-02.40.32:625][  0]LogConfig: Setting CVar [[r.DOF.Gather.EnableBokehSettings:0       ; no bokeh simulation when gathering]]
[2021.10.29-02.40.32:625][  0]LogConfig: Setting CVar [[r.DOF.Gather.RingCount:4                 ; medium number of samples when gathering]]
[2021.10.29-02.40.32:625][  0]LogConfig: Setting CVar [[r.DOF.Scatter.ForegroundCompositing:1    ; additive foreground scattering]]
[2021.10.29-02.40.32:625][  0]LogConfig: Setting CVar [[r.DOF.Scatter.BackgroundCompositing:2    ; additive background scattering]]
[2021.10.29-02.40.32:625][  0]LogConfig: Setting CVar [[r.DOF.Scatter.EnableBokehSettings:1      ; bokeh simulation when scattering]]
[2021.10.29-02.40.32:625][  0]LogConfig: Setting CVar [[r.DOF.Scatter.MaxSpriteRatio:0.1         ; only a maximum of 10% of scattered bokeh]]
[2021.10.29-02.40.32:625][  0]LogConfig: Setting CVar [[r.DOF.Recombine.Quality:1                ; cheap slight out of focus]]
[2021.10.29-02.40.32:625][  0]LogConfig: Setting CVar [[r.DOF.Recombine.EnableBokehSettings:0    ; no bokeh simulation on slight out of focus]]
[2021.10.29-02.40.32:625][  0]LogConfig: Setting CVar [[r.DOF.TemporalAAQuality:1                ; more stable temporal accumulation]]
[2021.10.29-02.40.32:625][  0]LogConfig: Setting CVar [[r.DOF.Kernel.MaxForegroundRadius:0.025]]
[2021.10.29-02.40.32:625][  0]LogConfig: Setting CVar [[r.DOF.Kernel.MaxBackgroundRadius:0.025]]
[2021.10.29-02.40.32:625][  0]LogConfig: Applying CVar settings from Section [TextureQuality@3] File [D:/Github/GitHub/UnrealEngineProject/UnrealCppProject/Saved/Config/Windows/Scalability.ini]
[2021.10.29-02.40.32:625][  0]LogConfig: Setting CVar [[r.Streaming.MipBias:0]]
[2021.10.29-02.40.32:625][  0]LogConfig: Setting CVar [[r.Streaming.AmortizeCPUToGPUCopy:0]]
[2021.10.29-02.40.32:625][  0]LogConfig: Setting CVar [[r.Streaming.MaxNumTexturesToStreamPerFrame:0]]
[2021.10.29-02.40.32:625][  0]LogConfig: Setting CVar [[r.Streaming.Boost:1]]
[2021.10.29-02.40.32:625][  0]LogConfig: Setting CVar [[r.MaxAnisotropy:8]]
[2021.10.29-02.40.32:625][  0]LogConfig: Setting CVar [[r.VT.MaxAnisotropy:8]]
[2021.10.29-02.40.32:625][  0]LogConfig: Setting CVar [[r.Streaming.LimitPoolSizeToVRAM:0]]
[2021.10.29-02.40.32:625][  0]LogConfig: Setting CVar [[r.Streaming.PoolSize:1000]]
[2021.10.29-02.40.32:625][  0]LogConfig: Setting CVar [[r.Streaming.MaxEffectiveScreenSize:0]]
[2021.10.29-02.40.32:625][  0]LogConfig: Applying CVar settings from Section [EffectsQuality@3] File [D:/Github/GitHub/UnrealEngineProject/UnrealCppProject/Saved/Config/Windows/Scalability.ini]
[2021.10.29-02.40.32:625][  0]LogConfig: Setting CVar [[r.TranslucencyLightingVolumeDim:64]]
[2021.10.29-02.40.32:625][  0]LogConfig: Setting CVar [[r.RefractionQuality:2]]
[2021.10.29-02.40.32:625][  0]LogConfig: Setting CVar [[r.SSR.Quality:3]]
[2021.10.29-02.40.32:625][  0]LogConfig: Setting CVar [[r.SSR.HalfResSceneColor:0]]
[2021.10.29-02.40.32:625][  0]LogConfig: Setting CVar [[r.SceneColorFormat:4]]
[2021.10.29-02.40.32:625][  0]LogConfig: Setting CVar [[r.DetailMode:2]]
[2021.10.29-02.40.32:625][  0]LogConfig: Setting CVar [[r.TranslucencyVolumeBlur:1]]
[2021.10.29-02.40.32:625][  0]LogConfig: Setting CVar [[r.MaterialQualityLevel:1 ; High quality]]
[2021.10.29-02.40.32:625][  0]LogConfig: Setting CVar [[r.SSS.Scale:1]]
[2021.10.29-02.40.32:625][  0]LogConfig: Setting CVar [[r.SSS.SampleSet:2]]
[2021.10.29-02.40.32:625][  0]LogConfig: Setting CVar [[r.SSS.Quality:1]]
[2021.10.29-02.40.32:625][  0]LogConfig: Setting CVar [[r.SSS.HalfRes:0]]
[2021.10.29-02.40.32:625][  0]LogConfig: Setting CVar [[r.SSGI.Quality:3]]
[2021.10.29-02.40.32:625][  0]LogConfig: Setting CVar [[r.EmitterSpawnRateScale:1.0]]
[2021.10.29-02.40.32:625][  0]LogConfig: Setting CVar [[r.ParticleLightQuality:2]]
[2021.10.29-02.40.32:625][  0]LogConfig: Setting CVar [[r.SkyAtmosphere.AerialPerspectiveLUT.FastApplyOnOpaque:1 ; Always have FastSkyLUT 1 in this case to avoid wrong sky]]
[2021.10.29-02.40.32:625][  0]LogConfig: Setting CVar [[r.SkyAtmosphere.AerialPerspectiveLUT.SampleCountPerSlice:1]]
[2021.10.29-02.40.32:625][  0]LogConfig: Setting CVar [[r.SkyAtmosphere.AerialPerspectiveLUT.DepthResolution:16.0]]
[2021.10.29-02.40.32:625][  0]LogConfig: Setting CVar [[r.SkyAtmosphere.FastSkyLUT:1]]
[2021.10.29-02.40.32:625][  0]LogConfig: Setting CVar [[r.SkyAtmosphere.FastSkyLUT.SampleCountMin:4.0]]
[2021.10.29-02.40.32:625][  0]LogConfig: Setting CVar [[r.SkyAtmosphere.FastSkyLUT.SampleCountMax:32.0]]
[2021.10.29-02.40.32:625][  0]LogConfig: Setting CVar [[r.SkyAtmosphere.SampleCountMin:4.0]]
[2021.10.29-02.40.32:625][  0]LogConfig: Setting CVar [[r.SkyAtmosphere.SampleCountMax:32.0]]
[2021.10.29-02.40.32:625][  0]LogConfig: Setting CVar [[r.SkyAtmosphere.TransmittanceLUT.UseSmallFormat:0]]
[2021.10.29-02.40.32:625][  0]LogConfig: Setting CVar [[r.SkyAtmosphere.TransmittanceLUT.SampleCount:10.0]]
[2021.10.29-02.40.32:625][  0]LogConfig: Setting CVar [[r.SkyAtmosphere.MultiScatteringLUT.SampleCount:15.0]]
[2021.10.29-02.40.32:625][  0]LogConfig: Applying CVar settings from Section [FoliageQuality@3] File [D:/Github/GitHub/UnrealEngineProject/UnrealCppProject/Saved/Config/Windows/Scalability.ini]
[2021.10.29-02.40.32:625][  0]LogConfig: Setting CVar [[foliage.DensityScale:1.0]]
[2021.10.29-02.40.32:625][  0]LogConfig: Setting CVar [[grass.DensityScale:1.0]]
[2021.10.29-02.40.32:625][  0]LogConfig: Applying CVar settings from Section [ShadingQuality@3] File [D:/Github/GitHub/UnrealEngineProject/UnrealCppProject/Saved/Config/Windows/Scalability.ini]
[2021.10.29-02.40.32:625][  0]LogConfig: Setting CVar [[r.HairStrands.SkyLighting.SampleCount:16]]
[2021.10.29-02.40.32:625][  0]LogConfig: Setting CVar [[r.HairStrands.SkyLighting.JitterIntegration:0]]
[2021.10.29-02.40.32:625][  0]LogConfig: Setting CVar [[r.HairStrands.SkyAO.SampleCount:16]]
[2021.10.29-02.40.32:625][  0]LogConfig: Setting CVar [[r.HairStrands.DeepShadow.SuperSampling:0]]
[2021.10.29-02.40.32:625][  0]LogConfig: Setting CVar [[r.HairStrands.VisibilityPPLL:0]]
[2021.10.29-02.40.32:625][  0]LogConfig: Setting CVar [[r.HairStrands.RasterizationScale:0.5]]
[2021.10.29-02.40.32:625][  0]LogConfig: Setting CVar [[r.HairStrands.VelocityRasterizationScale:1]]
[2021.10.29-02.40.32:625][  0]LogInit: Selected Device Profile: [Windows]
[2021.10.29-02.40.32:625][  0]LogInit: Applying CVar settings loaded from the selected device profile: [Windows]
[2021.10.29-02.40.32:625][  0]LogHAL: Display: Platform has ~ 16 GB [17126019072 / 17179869184 / 16], which maps to Larger [LargestMinGB=32, LargerMinGB=12, DefaultMinGB=8, SmallerMinGB=6, SmallestMinGB=0)
[2021.10.29-02.40.32:625][  0]LogInit: Going up to parent DeviceProfile []
[2021.10.29-02.40.32:625][  0]LogConfig: Applying CVar settings from Section [ViewDistanceQuality@3] File [D:/Github/GitHub/UnrealEngineProject/UnrealCppProject/Saved/Config/Windows/Scalability.ini]
[2021.10.29-02.40.32:625][  0]LogConfig: Setting CVar [[r.SkeletalMeshLODBias:0]]
[2021.10.29-02.40.32:625][  0]LogConfig: Setting CVar [[r.ViewDistanceScale:1.0]]
[2021.10.29-02.40.32:625][  0]LogConfig: Applying CVar settings from Section [AntiAliasingQuality@3] File [D:/Github/GitHub/UnrealEngineProject/UnrealCppProject/Saved/Config/Windows/Scalability.ini]
[2021.10.29-02.40.32:625][  0]LogConfig: Setting CVar [[r.PostProcessAAQuality:4]]
[2021.10.29-02.40.32:625][  0]LogConfig: Applying CVar settings from Section [ShadowQuality@3] File [D:/Github/GitHub/UnrealEngineProject/UnrealCppProject/Saved/Config/Windows/Scalability.ini]
[2021.10.29-02.40.32:625][  0]LogConfig: Setting CVar [[r.LightFunctionQuality:1]]
[2021.10.29-02.40.32:625][  0]LogConfig: Setting CVar [[r.ShadowQuality:5]]
[2021.10.29-02.40.32:625][  0]LogConfig: Setting CVar [[r.Shadow.CSM.MaxCascades:10]]
[2021.10.29-02.40.32:625][  0]LogConfig: Setting CVar [[r.Shadow.MaxResolution:2048]]
[2021.10.29-02.40.32:625][  0]LogConfig: Setting CVar [[r.Shadow.MaxCSMResolution:2048]]
[2021.10.29-02.40.32:625][  0]LogConfig: Setting CVar [[r.Shadow.RadiusThreshold:0.01]]
[2021.10.29-02.40.32:625][  0]LogConfig: Setting CVar [[r.Shadow.DistanceScale:1.0]]
[2021.10.29-02.40.32:626][  0]LogConfig: Setting CVar [[r.Shadow.CSM.TransitionScale:1.0]]
[2021.10.29-02.40.32:626][  0]LogConfig: Setting CVar [[r.Shadow.PreShadowResolutionFactor:1.0]]
[2021.10.29-02.40.32:626][  0]LogConfig: Setting CVar [[r.DistanceFieldShadowing:1]]
[2021.10.29-02.40.32:626][  0]LogConfig: Setting CVar [[r.DistanceFieldAO:1]]
[2021.10.29-02.40.32:626][  0]LogConfig: Setting CVar [[r.AOQuality:2]]
[2021.10.29-02.40.32:626][  0]LogConfig: Setting CVar [[r.VolumetricFog:1]]
[2021.10.29-02.40.32:626][  0]LogConfig: Setting CVar [[r.VolumetricFog.GridPixelSize:8]]
[2021.10.29-02.40.32:626][  0]LogConfig: Setting CVar [[r.VolumetricFog.GridSizeZ:128]]
[2021.10.29-02.40.32:626][  0]LogConfig: Setting CVar [[r.VolumetricFog.HistoryMissSupersampleCount:4]]
[2021.10.29-02.40.32:626][  0]LogConfig: Setting CVar [[r.LightMaxDrawDistanceScale:1]]
[2021.10.29-02.40.32:626][  0]LogConfig: Setting CVar [[r.CapsuleShadows:1]]
[2021.10.29-02.40.32:626][  0]LogConfig: Applying CVar settings from Section [PostProcessQuality@3] File [D:/Github/GitHub/UnrealEngineProject/UnrealCppProject/Saved/Config/Windows/Scalability.ini]
[2021.10.29-02.40.32:626][  0]LogConfig: Setting CVar [[r.MotionBlurQuality:4]]
[2021.10.29-02.40.32:626][  0]LogConfig: Setting CVar [[r.AmbientOcclusionMipLevelFactor:0.4]]
[2021.10.29-02.40.32:626][  0]LogConfig: Setting CVar [[r.AmbientOcclusionMaxQuality:100]]
[2021.10.29-02.40.32:626][  0]LogConfig: Setting CVar [[r.AmbientOcclusionLevels:-1]]
[2021.10.29-02.40.32:626][  0]LogConfig: Setting CVar [[r.AmbientOcclusionRadiusScale:1.0]]
[2021.10.29-02.40.32:626][  0]LogConfig: Setting CVar [[r.DepthOfFieldQuality:2]]
[2021.10.29-02.40.32:626][  0]LogConfig: Setting CVar [[r.RenderTargetPoolMin:400]]
[2021.10.29-02.40.32:626][  0]LogConfig: Setting CVar [[r.LensFlareQuality:2]]
[2021.10.29-02.40.32:626][  0]LogConfig: Setting CVar [[r.SceneColorFringeQuality:1]]
[2021.10.29-02.40.32:626][  0]LogConfig: Setting CVar [[r.EyeAdaptationQuality:2]]
[2021.10.29-02.40.32:626][  0]LogConfig: Setting CVar [[r.BloomQuality:5]]
[2021.10.29-02.40.32:626][  0]LogConfig: Setting CVar [[r.FastBlurThreshold:100]]
[2021.10.29-02.40.32:626][  0]LogConfig: Setting CVar [[r.Upscale.Quality:3]]
[2021.10.29-02.40.32:626][  0]LogConfig: Setting CVar [[r.Tonemapper.GrainQuantization:1]]
[2021.10.29-02.40.32:626][  0]LogConfig: Setting CVar [[r.LightShaftQuality:1]]
[2021.10.29-02.40.32:626][  0]LogConfig: Setting CVar [[r.Filter.SizeScale:1]]
[2021.10.29-02.40.32:626][  0]LogConfig: Setting CVar [[r.Tonemapper.Quality:5]]
[2021.10.29-02.40.32:626][  0]LogConfig: Setting CVar [[r.DOF.Gather.AccumulatorQuality:1        ; higher gathering accumulator quality]]
[2021.10.29-02.40.32:626][  0]LogConfig: Setting CVar [[r.DOF.Gather.PostfilterMethod:1          ; Median3x3 postfilering method]]
[2021.10.29-02.40.32:626][  0]LogConfig: Setting CVar [[r.DOF.Gather.EnableBokehSettings:0       ; no bokeh simulation when gathering]]
[2021.10.29-02.40.32:626][  0]LogConfig: Setting CVar [[r.DOF.Gather.RingCount:4                 ; medium number of samples when gathering]]
[2021.10.29-02.40.32:626][  0]LogConfig: Setting CVar [[r.DOF.Scatter.ForegroundCompositing:1    ; additive foreground scattering]]
[2021.10.29-02.40.32:626][  0]LogConfig: Setting CVar [[r.DOF.Scatter.BackgroundCompositing:2    ; additive background scattering]]
[2021.10.29-02.40.32:626][  0]LogConfig: Setting CVar [[r.DOF.Scatter.EnableBokehSettings:1      ; bokeh simulation when scattering]]
[2021.10.29-02.40.32:626][  0]LogConfig: Setting CVar [[r.DOF.Scatter.MaxSpriteRatio:0.1         ; only a maximum of 10% of scattered bokeh]]
[2021.10.29-02.40.32:626][  0]LogConfig: Setting CVar [[r.DOF.Recombine.Quality:1                ; cheap slight out of focus]]
[2021.10.29-02.40.32:626][  0]LogConfig: Setting CVar [[r.DOF.Recombine.EnableBokehSettings:0    ; no bokeh simulation on slight out of focus]]
[2021.10.29-02.40.32:626][  0]LogConfig: Setting CVar [[r.DOF.TemporalAAQuality:1                ; more stable temporal accumulation]]
[2021.10.29-02.40.32:626][  0]LogConfig: Setting CVar [[r.DOF.Kernel.MaxForegroundRadius:0.025]]
[2021.10.29-02.40.32:626][  0]LogConfig: Setting CVar [[r.DOF.Kernel.MaxBackgroundRadius:0.025]]
[2021.10.29-02.40.32:626][  0]LogConfig: Applying CVar settings from Section [TextureQuality@3] File [D:/Github/GitHub/UnrealEngineProject/UnrealCppProject/Saved/Config/Windows/Scalability.ini]
[2021.10.29-02.40.32:626][  0]LogConfig: Setting CVar [[r.Streaming.MipBias:0]]
[2021.10.29-02.40.32:626][  0]LogConfig: Setting CVar [[r.Streaming.AmortizeCPUToGPUCopy:0]]
[2021.10.29-02.40.32:626][  0]LogConfig: Setting CVar [[r.Streaming.MaxNumTexturesToStreamPerFrame:0]]
[2021.10.29-02.40.32:626][  0]LogConfig: Setting CVar [[r.Streaming.Boost:1]]
[2021.10.29-02.40.32:626][  0]LogConfig: Setting CVar [[r.MaxAnisotropy:8]]
[2021.10.29-02.40.32:626][  0]LogConfig: Setting CVar [[r.VT.MaxAnisotropy:8]]
[2021.10.29-02.40.32:626][  0]LogConfig: Setting CVar [[r.Streaming.LimitPoolSizeToVRAM:0]]
[2021.10.29-02.40.32:626][  0]LogConfig: Setting CVar [[r.Streaming.PoolSize:1000]]
[2021.10.29-02.40.32:626][  0]LogConfig: Setting CVar [[r.Streaming.MaxEffectiveScreenSize:0]]
[2021.10.29-02.40.32:626][  0]LogConfig: Applying CVar settings from Section [EffectsQuality@3] File [D:/Github/GitHub/UnrealEngineProject/UnrealCppProject/Saved/Config/Windows/Scalability.ini]
[2021.10.29-02.40.32:626][  0]LogConfig: Setting CVar [[r.TranslucencyLightingVolumeDim:64]]
[2021.10.29-02.40.32:626][  0]LogConfig: Setting CVar [[r.RefractionQuality:2]]
[2021.10.29-02.40.32:626][  0]LogConfig: Setting CVar [[r.SSR.Quality:3]]
[2021.10.29-02.40.32:626][  0]LogConfig: Setting CVar [[r.SSR.HalfResSceneColor:0]]
[2021.10.29-02.40.32:626][  0]LogConfig: Setting CVar [[r.SceneColorFormat:4]]
[2021.10.29-02.40.32:626][  0]LogConfig: Setting CVar [[r.DetailMode:2]]
[2021.10.29-02.40.32:626][  0]LogConfig: Setting CVar [[r.TranslucencyVolumeBlur:1]]
[2021.10.29-02.40.32:626][  0]LogConfig: Setting CVar [[r.MaterialQualityLevel:1 ; High quality]]
[2021.10.29-02.40.32:626][  0]LogConfig: Setting CVar [[r.SSS.Scale:1]]
[2021.10.29-02.40.32:626][  0]LogConfig: Setting CVar [[r.SSS.SampleSet:2]]
[2021.10.29-02.40.32:626][  0]LogConfig: Setting CVar [[r.SSS.Quality:1]]
[2021.10.29-02.40.32:626][  0]LogConfig: Setting CVar [[r.SSS.HalfRes:0]]
[2021.10.29-02.40.32:626][  0]LogConfig: Setting CVar [[r.SSGI.Quality:3]]
[2021.10.29-02.40.32:626][  0]LogConfig: Setting CVar [[r.EmitterSpawnRateScale:1.0]]
[2021.10.29-02.40.32:626][  0]LogConfig: Setting CVar [[r.ParticleLightQuality:2]]
[2021.10.29-02.40.32:626][  0]LogConfig: Setting CVar [[r.SkyAtmosphere.AerialPerspectiveLUT.FastApplyOnOpaque:1 ; Always have FastSkyLUT 1 in this case to avoid wrong sky]]
[2021.10.29-02.40.32:626][  0]LogConfig: Setting CVar [[r.SkyAtmosphere.AerialPerspectiveLUT.SampleCountPerSlice:1]]
[2021.10.29-02.40.32:626][  0]LogConfig: Setting CVar [[r.SkyAtmosphere.AerialPerspectiveLUT.DepthResolution:16.0]]
[2021.10.29-02.40.32:626][  0]LogConfig: Setting CVar [[r.SkyAtmosphere.FastSkyLUT:1]]
[2021.10.29-02.40.32:626][  0]LogConfig: Setting CVar [[r.SkyAtmosphere.FastSkyLUT.SampleCountMin:4.0]]
[2021.10.29-02.40.32:626][  0]LogConfig: Setting CVar [[r.SkyAtmosphere.FastSkyLUT.SampleCountMax:32.0]]
[2021.10.29-02.40.32:626][  0]LogConfig: Setting CVar [[r.SkyAtmosphere.SampleCountMin:4.0]]
[2021.10.29-02.40.32:626][  0]LogConfig: Setting CVar [[r.SkyAtmosphere.SampleCountMax:32.0]]
[2021.10.29-02.40.32:626][  0]LogConfig: Setting CVar [[r.SkyAtmosphere.TransmittanceLUT.UseSmallFormat:0]]
[2021.10.29-02.40.32:626][  0]LogConfig: Setting CVar [[r.SkyAtmosphere.TransmittanceLUT.SampleCount:10.0]]
[2021.10.29-02.40.32:626][  0]LogConfig: Setting CVar [[r.SkyAtmosphere.MultiScatteringLUT.SampleCount:15.0]]
[2021.10.29-02.40.32:626][  0]LogConfig: Applying CVar settings from Section [FoliageQuality@3] File [D:/Github/GitHub/UnrealEngineProject/UnrealCppProject/Saved/Config/Windows/Scalability.ini]
[2021.10.29-02.40.32:626][  0]LogConfig: Setting CVar [[foliage.DensityScale:1.0]]
[2021.10.29-02.40.32:626][  0]LogConfig: Setting CVar [[grass.DensityScale:1.0]]
[2021.10.29-02.40.32:626][  0]LogConfig: Applying CVar settings from Section [ShadingQuality@3] File [D:/Github/GitHub/UnrealEngineProject/UnrealCppProject/Saved/Config/Windows/Scalability.ini]
[2021.10.29-02.40.32:626][  0]LogConfig: Setting CVar [[r.HairStrands.SkyLighting.SampleCount:16]]
[2021.10.29-02.40.32:626][  0]LogConfig: Setting CVar [[r.HairStrands.SkyLighting.JitterIntegration:0]]
[2021.10.29-02.40.32:626][  0]LogConfig: Setting CVar [[r.HairStrands.SkyAO.SampleCount:16]]
[2021.10.29-02.40.32:626][  0]LogConfig: Setting CVar [[r.HairStrands.DeepShadow.SuperSampling:0]]
[2021.10.29-02.40.32:626][  0]LogConfig: Setting CVar [[r.HairStrands.VisibilityPPLL:0]]
[2021.10.29-02.40.32:626][  0]LogConfig: Setting CVar [[r.HairStrands.RasterizationScale:0.5]]
[2021.10.29-02.40.32:626][  0]LogConfig: Setting CVar [[r.HairStrands.VelocityRasterizationScale:1]]
[2021.10.29-02.40.32:626][  0]LogConfig: Applying CVar settings from Section [Startup] File [../../../Engine/Config/ConsoleVariables.ini]
[2021.10.29-02.40.32:627][  0]LogConfig: Setting CVar [[net.UseAdaptiveNetUpdateFrequency:0]]
[2021.10.29-02.40.32:627][  0]LogConfig: Setting CVar [[p.chaos.AllowCreatePhysxBodies:1]]
[2021.10.29-02.40.32:627][  0]LogConfig: Setting CVar [[fx.SkipVectorVMBackendOptimizations:1]]
[2021.10.29-02.40.32:627][  0]LogConfig: Applying CVar settings from Section [ConsoleVariables] File [D:/Github/GitHub/UnrealEngineProject/UnrealCppProject/Saved/Config/Windows/Engine.ini]
[2021.10.29-02.40.32:627][  0]LogInit: Computer: SUHYUN
[2021.10.29-02.40.32:627][  0]LogInit: User: 이수현
[2021.10.29-02.40.32:627][  0]LogInit: CPU Page size=4096, Cores=6
[2021.10.29-02.40.32:627][  0]LogInit: High frequency timer resolution =10.000000 MHz
[2021.10.29-02.40.32:627][  0]LogMemory: Memory total: Physical=15.9GB (16GB approx)
[2021.10.29-02.40.32:627][  0]LogMemory: Platform Memory Stats for Windows
[2021.10.29-02.40.32:627][  0]LogMemory: Process Physical Memory: 116.48 MB used, 116.48 MB peak
[2021.10.29-02.40.32:627][  0]LogMemory: Process Virtual Memory: 97.87 MB used, 97.87 MB peak
[2021.10.29-02.40.32:627][  0]LogMemory: Physical Memory: 5755.91 MB used,  10576.74 MB free, 16332.64 MB total
[2021.10.29-02.40.32:627][  0]LogMemory: Virtual Memory: 5141.29 MB used,  134212584.00 MB free, 134217728.00 MB total
[2021.10.29-02.40.32:631][  0]LogWindows: WindowsPlatformFeatures enabled
[2021.10.29-02.40.32:669][  0]LogInit: Physics initialised using underlying interface: PhysX
[2021.10.29-02.40.32:670][  0]LogInit: Using OS detected language (ko-KR).
[2021.10.29-02.40.32:670][  0]LogInit: Using OS detected locale (ko-KR).
[2021.10.29-02.40.32:672][  0]LogTextLocalizationManager: No specific localization for 'ko-KR' exists, so the 'ko' localization will be used.
[2021.10.29-02.40.32:749][  0]LogInit: Setting process to per monitor DPI aware
[2021.10.29-02.40.32:786][  0]LogSlate: New Slate User Created.  User Index 0, Is Virtual User: 0
[2021.10.29-02.40.32:786][  0]LogSlate: Slate User Registered.  User Index 0, Is Virtual User: 0
[2021.10.29-02.40.32:964][  0]LogHMD: Failed to initialize OpenVR with code 110
[2021.10.29-02.40.32:964][  0]LogD3D11RHI: D3D11 min allowed feature level: 11_0
[2021.10.29-02.40.32:964][  0]LogD3D11RHI: D3D11 max allowed feature level: 11_0
[2021.10.29-02.40.32:964][  0]LogD3D11RHI: D3D11 adapters:
[2021.10.29-02.40.33:043][  0]LogD3D11RHI:    0. 'NVIDIA GeForce GTX 1070' (Feature Level 11_0)
[2021.10.29-02.40.33:043][  0]LogD3D11RHI:       8088/0/8166 MB DedicatedVideo/DedicatedSystem/SharedSystem, Outputs:1, VendorId:0x10de
[2021.10.29-02.40.33:045][  0]LogD3D11RHI:    1. 'Microsoft Basic Render Driver' (Feature Level 11_0)
[2021.10.29-02.40.33:045][  0]LogD3D11RHI:       0/0/8166 MB DedicatedVideo/DedicatedSystem/SharedSystem, Outputs:0, VendorId:0x1414
[2021.10.29-02.40.33:045][  0]LogD3D11RHI: Chosen D3D11 Adapter: 0
[2021.10.29-02.40.33:050][  0]LogD3D11RHI: Creating new Direct3DDevice
[2021.10.29-02.40.33:050][  0]LogD3D11RHI:     GPU DeviceId: 0x1b81 (for the marketing name, search the web for "GPU Device Id")
[2021.10.29-02.40.33:050][  0]LogWindows: EnumDisplayDevices:
[2021.10.29-02.40.33:050][  0]LogWindows:    0. 'NVIDIA GeForce GTX 1070' (P:1 D:1)
[2021.10.29-02.40.33:051][  0]LogWindows:    1. 'NVIDIA GeForce GTX 1070' (P:0 D:0)
[2021.10.29-02.40.33:051][  0]LogWindows:    2. 'NVIDIA GeForce GTX 1070' (P:0 D:0)
[2021.10.29-02.40.33:051][  0]LogWindows:    3. 'NVIDIA GeForce GTX 1070' (P:0 D:0)
[2021.10.29-02.40.33:051][  0]LogWindows: DebugString: FoundDriverCount:4 
[2021.10.29-02.40.33:051][  0]LogD3D11RHI:     Adapter Name: NVIDIA GeForce GTX 1070
[2021.10.29-02.40.33:051][  0]LogD3D11RHI:   Driver Version: 496.49 (internal:30.0.14.9649, unified:496.49)
[2021.10.29-02.40.33:051][  0]LogD3D11RHI:      Driver Date: 10-20-2021
[2021.10.29-02.40.33:051][  0]LogRHI: Texture pool is 5661 MB (70% of 8088 MB)
[2021.10.29-02.40.33:123][  0]LogD3D11RHI: RHI has support for 64 bit atomics
[2021.10.29-02.40.33:123][  0]LogD3D11RHI: Async texture creation enabled
[2021.10.29-02.40.33:123][  0]LogD3D11RHI: Array index from any shader is supported
[2021.10.29-02.40.33:143][  0]LogD3D11RHI: GPU Timing Frequency: 1000.000000 (Debug: 2 1)
[2021.10.29-02.40.33:362][  0]LogTargetPlatformManager: Display: Loaded TargetPlatform 'AllDesktop'
[2021.10.29-02.40.33:382][  0]LogTargetPlatformManager: Display: Loaded TargetPlatform 'Android'
[2021.10.29-02.40.33:382][  0]LogTargetPlatformManager: Display: Loaded TargetPlatform 'Android_ASTC'
[2021.10.29-02.40.33:382][  0]LogTargetPlatformManager: Display: Loaded TargetPlatform 'Android_DXT'
[2021.10.29-02.40.33:382][  0]LogTargetPlatformManager: Display: Loaded TargetPlatform 'Android_ETC2'
[2021.10.29-02.40.33:382][  0]LogTargetPlatformManager: Display: Loaded TargetPlatform 'AndroidClient'
[2021.10.29-02.40.33:382][  0]LogTargetPlatformManager: Display: Loaded TargetPlatform 'Android_ASTCClient'
[2021.10.29-02.40.33:382][  0]LogTargetPlatformManager: Display: Loaded TargetPlatform 'Android_DXTClient'
[2021.10.29-02.40.33:382][  0]LogTargetPlatformManager: Display: Loaded TargetPlatform 'Android_ETC2Client'
[2021.10.29-02.40.33:382][  0]LogTargetPlatformManager: Display: Loaded TargetPlatform 'Android_Multi'
[2021.10.29-02.40.33:382][  0]LogTargetPlatformManager: Display: Loaded TargetPlatform 'Android_MultiClient'
[2021.10.29-02.40.33:403][  0]LogTargetPlatformManager: Display: Loaded TargetPlatform 'IOSClient'
[2021.10.29-02.40.33:403][  0]LogTargetPlatformManager: Display: Loaded TargetPlatform 'IOS'
[2021.10.29-02.40.33:412][  0]LogTargetPlatformManager: Display: Loaded TargetPlatform 'Linux'
[2021.10.29-02.40.33:420][  0]LogTargetPlatformManager: Display: Loaded TargetPlatform 'LinuxNoEditor'
[2021.10.29-02.40.33:428][  0]LogTargetPlatformManager: Display: Loaded TargetPlatform 'LinuxClient'
[2021.10.29-02.40.33:437][  0]LogTargetPlatformManager: Display: Loaded TargetPlatform 'LinuxServer'
[2021.10.29-02.40.33:445][  0]LogTargetPlatformManager: Display: Loaded TargetPlatform 'LinuxAArch64NoEditor'
[2021.10.29-02.40.33:453][  0]LogTargetPlatformManager: Display: Loaded TargetPlatform 'LinuxAArch64Client'
[2021.10.29-02.40.33:461][  0]LogTargetPlatformManager: Display: Loaded TargetPlatform 'LinuxAArch64Server'
[2021.10.29-02.40.33:485][  0]LogTargetPlatformManager: Display: Loaded TargetPlatform 'Lumin'
[2021.10.29-02.40.33:485][  0]LogTargetPlatformManager: Display: Loaded TargetPlatform 'LuminClient'
[2021.10.29-02.40.33:499][  0]LogTargetPlatformManager: Display: Loaded TargetPlatform 'TVOSClient'
[2021.10.29-02.40.33:499][  0]LogTargetPlatformManager: Display: Loaded TargetPlatform 'TVOS'
[2021.10.29-02.40.33:507][  0]LogTargetPlatformManager: Display: Loaded TargetPlatform 'WindowsNoEditor'
[2021.10.29-02.40.33:516][  0]LogTargetPlatformManager: Display: Loaded TargetPlatform 'Windows'
[2021.10.29-02.40.33:524][  0]LogTargetPlatformManager: Display: Loaded TargetPlatform 'WindowsClient'
[2021.10.29-02.40.33:532][  0]LogTargetPlatformManager: Display: Loaded TargetPlatform 'WindowsServer'
[2021.10.29-02.40.33:532][  0]LogTargetPlatformManager: Display: Building Assets For Windows
[2021.10.29-02.40.33:538][  0]LogAudioDebug: Display: Lib vorbis DLL was dynamically loaded.
[2021.10.29-02.40.33:586][  0]LogShaderCompilers: Guid format shader working directory is -22 characters bigger than the processId version (../../../../../Github/GitHub/UnrealEngineProject/UnrealCppProject/Intermediate/Shaders/WorkingDirectory/15564/).
[2021.10.29-02.40.33:586][  0]LogShaderCompilers: Cleaned the shader compiler working directory 'C:/Users/이수현/AppData/Local/Temp/UnrealShaderWorkingDir/5F20A7824328E73A2CEAF6BB4752B70D/'.
[2021.10.29-02.40.33:587][  0]LogXGEController: Cannot use XGE Controller as Incredibuild is not installed on this machine.
[2021.10.29-02.40.33:587][  0]LogShaderCompilers: Cannot use XGE Shader Compiler as Incredibuild is not installed on this machine.
[2021.10.29-02.40.33:587][  0]LogShaderCompilers: Display: Using Local Shader Compiler.
[2021.10.29-02.40.34:218][  0]LogDerivedDataCache: Display: Max Cache Size: 512 MB
[2021.10.29-02.40.34:260][  0]LogDerivedDataCache: Loaded boot cache 0.04s 87MB C:/Users/이수현/AppData/Local/UnrealEngine/4.25/DerivedDataCache/Boot.ddc.
[2021.10.29-02.40.34:260][  0]LogDerivedDataCache: Display: Loaded Boot cache: C:/Users/이수현/AppData/Local/UnrealEngine/4.25/DerivedDataCache/Boot.ddc
[2021.10.29-02.40.34:260][  0]LogDerivedDataCache: FDerivedDataBackendGraph:  Pak pak cache file ../../../../../Github/GitHub/UnrealEngineProject/UnrealCppProject/DerivedDataCache/DDC.ddp not found, will not use a pak cache.
[2021.10.29-02.40.34:260][  0]LogDerivedDataCache: Unable to find inner node Pak for hierarchical cache Hierarchy.
[2021.10.29-02.40.34:260][  0]LogDerivedDataCache: FDerivedDataBackendGraph:  CompressedPak pak cache file ../../../../../Github/GitHub/UnrealEngineProject/UnrealCppProject/DerivedDataCache/Compressed.ddp not found, will not use a pak cache.
[2021.10.29-02.40.34:260][  0]LogDerivedDataCache: Unable to find inner node CompressedPak for hierarchical cache Hierarchy.
[2021.10.29-02.40.34:270][  0]LogDerivedDataCache: Display: Pak cache opened for reading ../../../Engine/DerivedDataCache/Compressed.ddp.
[2021.10.29-02.40.34:270][  0]LogDerivedDataCache: FDerivedDataBackendGraph:  EnterprisePak pak cache file ../../../Enterprise/DerivedDataCache/Compressed.ddp not found, will not use a pak cache.
[2021.10.29-02.40.34:270][  0]LogDerivedDataCache: Unable to find inner node EnterprisePak for hierarchical cache Hierarchy.
[2021.10.29-02.40.34:272][  0]LogDerivedDataCache: Using Local data cache path C:/Users/이수현/AppData/Local/UnrealEngine/Common/DerivedDataCache: Writable
[2021.10.29-02.40.34:272][  0]LogDerivedDataCache: Shared data cache path not found in *engine.ini, will not use an Shared cache.
[2021.10.29-02.40.34:272][  0]LogDerivedDataCache: Unable to find inner node Shared for hierarchical cache Hierarchy.
[2021.10.29-02.40.34:315][  0]LogSlate: Using FreeType 2.10.0
[2021.10.29-02.40.34:315][  0]LogSlate: SlateFontServices - WITH_FREETYPE: 1, WITH_HARFBUZZ: 1
[2021.10.29-02.40.34:337][  0]LogAssetRegistry: FAssetRegistry took 0.0023 seconds to start up
[2021.10.29-02.40.34:538][  0]LogInit: Selected Device Profile: [Windows]
[2021.10.29-02.40.34:629][  0]LogMeshReduction: Using QuadricMeshReduction for automatic static mesh reduction
[2021.10.29-02.40.34:629][  0]LogMeshReduction: Using SimplygonMeshReduction for automatic skeletal mesh reduction
[2021.10.29-02.40.34:629][  0]LogMeshReduction: Using ProxyLODMeshReduction for automatic mesh merging
[2021.10.29-02.40.34:629][  0]LogMeshReduction: No distributed automatic mesh merging module available
[2021.10.29-02.40.34:629][  0]LogMeshMerging: No distributed automatic mesh merging module available
[2021.10.29-02.40.34:642][  0]LogNetVersion: UnrealCppProject 1.0.0, NetCL: 13144385, EngineNetVer: 14, GameNetVer: 0 (Checksum: 3259928815)
[2021.10.29-02.40.35:005][  0]LogAISub: UAISubsystem::UAISubsystem AISubsystem (0000016A4C0DD640), frame # 0
[2021.10.29-02.40.35:005][  0]LogAISub: UAISubsystem::UAISubsystem AIPerceptionSystem (0000016A4C02EAC0), frame # 0
[2021.10.29-02.40.35:006][  0]LogAISub: UAISubsystem::UAISubsystem EnvQueryManager (0000016A4C07DE00), frame # 0
[2021.10.29-02.40.35:037][  0]LogPackageLocalizationCache: Processed 19 localized package path(s) for 1 prioritized culture(s) in 0.025110 seconds
[2021.10.29-02.40.35:041][  0]LogUObjectArray: 15917 objects as part of root set at end of initial load.
[2021.10.29-02.40.35:041][  0]LogUObjectAllocator: 3965568 out of 0 bytes used by permanent object pool.
[2021.10.29-02.40.35:041][  0]LogUObjectArray: CloseDisregardForGC: 0/0 objects in disregard for GC pool
[2021.10.29-02.40.35:324][  0]LogTcpMessaging: Initializing TcpMessaging bridge
[2021.10.29-02.40.35:328][  0]LogUdpMessaging: Initializing bridge on interface 0.0.0.0:0 to multicast group 230.0.0.1:6666.
[2021.10.29-02.40.35:380][  0]LogPackageName: Warning: Asset path "StaticMesh'FX_Meshes_IB.SM_Debris_Box_RadialFull'" is in short form, which is unsupported and -- even if valid -- resolving it will be really slow.
[2021.10.29-02.40.35:380][  0]LogPackageName: Warning: Please consider resaving package in order to speed-up loading.
[2021.10.29-02.40.35:486][  0]LogPackageName: SearchForPackageOnDisk took   0.107s, but failed to resolve StaticMesh'FX_Meshes_IB.
[2021.10.29-02.40.35:487][  0]LogPackageName: Warning: Asset path "StaticMesh'FX_Meshes_IB.SM_Debris_Box_RadialFull'" could not be resolved.
[2021.10.29-02.40.35:511][  0]LogMaterial: Display: Missing cached shader map for material M_Add_Sprite_2Sided_Master, compiling. 
[2021.10.29-02.40.35:540][  0]LogMaterial: Display: Missing cached shader map for material M_Add_Sprite_SubUV_Master, compiling. 
[2021.10.29-02.40.35:553][  0]LogShaderCompilers: Display: Worker (1/3): shaders left to compile 42
[2021.10.29-02.40.35:553][  0]LogShaderCompilers: Display: Worker (2/3): shaders left to compile 32
[2021.10.29-02.40.35:553][  0]LogShaderCompilers: Display: Worker (3/3): shaders left to compile 22
[2021.10.29-02.40.35:553][  0]LogMaterial: Display: Missing cached shader map for material M_Opaque_MeshEmit_Emis_Master_Surface, compiling. 
[2021.10.29-02.40.35:582][  0]LogMaterial: Display: Missing cached shader map for material M_IceChunksBase, compiling. 
[2021.10.29-02.40.35:596][  0]LogMaterial: Display: Missing cached shader map for material M_IceBlastBase, compiling. 
[2021.10.29-02.40.35:784][  0]SourceControl: 소스 컨트롤이 꺼졌습니다.
[2021.10.29-02.40.35:784][  0]SourceControl: 소스 컨트롤이 꺼졌습니다.
[2021.10.29-02.40.35:787][  0]SourceControl: 소스 컨트롤이 꺼졌습니다.
[2021.10.29-02.40.35:790][  0]SourceControl: 소스 컨트롤이 꺼졌습니다.
[2021.10.29-02.40.35:797][  0]SourceControl: 소스 컨트롤이 꺼졌습니다.
[2021.10.29-02.40.36:057][  0]LogAndroidPermission: UAndroidPermissionCallbackProxy::GetInstance
[2021.10.29-02.40.36:078][  0]LogAudioCaptureCore: Display: No Audio Capture implementations found. Audio input will be silent.
[2021.10.29-02.40.36:078][  0]LogAudioCaptureCore: Display: No Audio Capture implementations found. Audio input will be silent.
[2021.10.29-02.40.36:126][  0]LogOcInput: OculusInput pre-init called
[2021.10.29-02.40.36:136][  0]LogWindows: Failed to load 'OVRPlugin.dll' (GetLastError=126)
[2021.10.29-02.40.36:136][  0]LogWindows: File 'OVRPlugin.dll' does not exist
[2021.10.29-02.40.36:198][  0]LogEngine: Initializing Engine...
[2021.10.29-02.40.36:198][  0]LogHMD: Failed to initialize OpenVR with code 110
[2021.10.29-02.40.36:199][  0]LogMagicLeap: Warning: VR disabled because ZI is not enabled.  To enable, in the editor, Edit -> Project Settings -> Plugins -> Magic Leap Plugin -> Enable Zero Iteration
[2021.10.29-02.40.36:199][  0]LogStats: UGameplayTagsManager::InitializeManager -  0.000 s
[2021.10.29-02.40.36:307][  0]LogInit: Initializing FReadOnlyCVARCache
[2021.10.29-02.40.36:314][  0]LogAIModule: Creating AISystem for world Untitled
[2021.10.29-02.40.36:314][  0]LogAISub: UAISubsystem::UAISubsystem EnvQueryManager (0000016A55423C00), frame # 0
[2021.10.29-02.40.36:314][  0]LogAISub: UAISubsystem::UAISubsystem AIPerceptionSystem (0000016A5541FB00), frame # 0
[2021.10.29-02.40.36:327][  0]LogAudioMixer: Display: Audio Mixer Platform Settings:
[2021.10.29-02.40.36:327][  0]LogAudioMixer: Display: 	Sample Rate:						  48000
[2021.10.29-02.40.36:327][  0]LogAudioMixer: Display: 	Callback Buffer Frame Size Requested: 1024
[2021.10.29-02.40.36:327][  0]LogAudioMixer: Display: 	Callback Buffer Frame Size To Use:	  1024
[2021.10.29-02.40.36:327][  0]LogAudioMixer: Display: 	Number of buffers to queue:			  2
[2021.10.29-02.40.36:327][  0]LogAudioMixer: Display: 	Max Channels (voices):				  32
[2021.10.29-02.40.36:327][  0]LogAudioMixer: Display: 	Number of Async Source Workers:		  0
[2021.10.29-02.40.36:327][  0]LogAudio: Display: AudioDevice MaxSources: 32
[2021.10.29-02.40.36:327][  0]LogAudio: Display: Using built-in audio occlusion.
[2021.10.29-02.40.36:328][  0]LogAudioMixer: Display: Initializing audio mixer.
[2021.10.29-02.40.36:337][  0]LogAudioMixer: Display: 0: FrontLeft
[2021.10.29-02.40.36:337][  0]LogAudioMixer: Display: 1: FrontRight
[2021.10.29-02.40.36:395][  0]LogAudioMixer: Display: Using Audio Device 스피커(Realtek(R) Audio)
[2021.10.29-02.40.36:399][  0]LogAudioMixer: Display: Initializing Sound Submixes...
[2021.10.29-02.40.36:401][  0]LogAudioMixer: Display: Creating Master Submix 'MasterSubmixDefault'
[2021.10.29-02.40.36:401][  0]LogAudioMixer: Display: Creating Master Submix 'MasterReverbSubmixDefault'
[2021.10.29-02.40.36:402][  0]LogAudioMixer: Display: Creating Master Submix 'MasterEQSubmixDefault'
[2021.10.29-02.40.36:403][  0]LogInit: FAudioDevice initialized.
[2021.10.29-02.40.36:403][  0]LogNetVersion: Set ProjectVersion to 1.0.0.0. Version Checksum will be recalculated on next use.
[2021.10.29-02.40.36:493][  0]LogDerivedDataCache: Saved boot cache 0.09s 87MB C:/Users/이수현/AppData/Local/UnrealEngine/4.25/DerivedDataCache/Boot.ddc.
[2021.10.29-02.40.36:494][  0]LogInit: Texture streaming: Enabled
[2021.10.29-02.40.36:509][  0]LogEngineSessionManager: EngineSessionManager initialized
[2021.10.29-02.40.36:509][  0]LogEditorSessionSummary: Verbose: Initializing EditorSessionSummaryWriter for editor session tracking
[2021.10.29-02.40.36:510][  0]LogEditorSessionSummary: EditorSessionSummaryWriter initialized
[2021.10.29-02.40.36:549][  0]LogInit: Transaction tracking system initialized
[2021.10.29-02.40.36:570][  0]BlueprintLog: New page: 에디터 로드
[2021.10.29-02.40.36:643][  0]LocalizationService: 현지화 서비스가 비활성화되었습니다.
[2021.10.29-02.40.36:782][  0]LogCook: Display: Max memory allowance for cook 16384mb min free memory 0mb
[2021.10.29-02.40.36:783][  0]LogCook: Display: Mobile HDR setting 1
[2021.10.29-02.40.36:914][  0]LogFileCache: Scanning file cache for directory 'D:/Github/GitHub/UnrealEngineProject/UnrealCppProject/Content/' took 0.01s
[2021.10.29-02.40.37:190][  0]SourceControl: 소스 컨트롤이 꺼졌습니다.
[2021.10.29-02.40.37:190][  0]LogUnrealEdMisc: Loading editor; pre map load, took 6.077
[2021.10.29-02.40.37:190][  0]Cmd: MAP LOAD FILE="../../../../../Github/GitHub/UnrealEngineProject/UnrealCppProject/Content/Levels/01Actor.umap" TEMPLATE=0 SHOWPROGRESS=1 FEATURELEVEL=3
[2021.10.29-02.40.37:190][  0]LightingResults: New page: 라이팅 빌드
[2021.10.29-02.40.37:191][  0]LogShaderCompilers: Display: Worker (3/3): shaders left to compile 222
[2021.10.29-02.40.37:191][  0]LogWorld: UWorld::CleanupWorld for Untitled, bSessionEnded=true, bCleanupResources=true
[2021.10.29-02.40.37:191][  0]LogSlate: InvalidateAllWidgets triggered.  All widgets were invalidated
[2021.10.29-02.40.37:191][  0]MapCheck: New page: 맵 체크
[2021.10.29-02.40.37:191][  0]LightingResults: New page: 라이팅 빌드
[2021.10.29-02.40.37:205][  0]LogAISub: UAISubsystem::~UAISubsystem EnvQueryManager (0000016A55423C00), frame # 0
[2021.10.29-02.40.37:205][  0]LogAISub: UAISubsystem::~UAISubsystem AIPerceptionSystem (0000016A5541FB00), frame # 0
[2021.10.29-02.40.37:206][  0]LogUObjectHash: Compacting FUObjectHashTables data took   0.83ms
[2021.10.29-02.40.37:287][  0]LogAIModule: Creating AISystem for world 01Actor
[2021.10.29-02.40.37:287][  0]LogAISub: UAISubsystem::UAISubsystem EnvQueryManager (0000016A4586B000), frame # 0
[2021.10.29-02.40.37:287][  0]LogAISub: UAISubsystem::UAISubsystem AIPerceptionSystem (0000016A45AC8A40), frame # 0
[2021.10.29-02.40.37:292][  0]LogEditorServer: Finished looking for orphan Actors (0.000 secs)
[2021.10.29-02.40.37:320][  0]LogUObjectHash: Compacting FUObjectHashTables data took   1.03ms
[2021.10.29-02.40.37:320][  0]Cmd: MAP CHECKDEP NOCLEARLOG
[2021.10.29-02.40.37:321][  0]MapCheck: 맵 체크 완료: 오류 0 회, 경고 0 회, 소요 시간 0.092ms.
[2021.10.29-02.40.37:321][  0]LogFileHelpers: Loading map '01Actor' took 0.131
[2021.10.29-02.40.37:323][  0]LogUnrealEdMisc: Total Editor Startup Time, took 6.210
[2021.10.29-02.40.37:446][  0]LogSlate: Updating window title bar state: overlay mode, drag disabled, window buttons hidden, title bar hidden
[2021.10.29-02.40.37:454][  0]LogSlate: Updating window title bar state: overlay mode, drag disabled, window buttons hidden, title bar hidden
[2021.10.29-02.40.37:461][  0]LogSlate: Updating window title bar state: overlay mode, drag disabled, window buttons hidden, title bar hidden
[2021.10.29-02.40.37:468][  0]LogSlate: Updating window title bar state: overlay mode, drag disabled, window buttons hidden, title bar hidden
[2021.10.29-02.40.37:475][  0]LogCollectionManager: Loaded 0 collections in 0.001110 seconds
[2021.10.29-02.40.37:492][  0]LogFileCache: Scanning file cache for directory 'D:/Github/GitHub/UnrealEngineProject/UnrealCppProject/Saved/Collections/' took 0.00s
[2021.10.29-02.40.37:492][  0]LogFileCache: Scanning file cache for directory 'D:/Github/GitHub/UnrealEngineProject/UnrealCppProject/Content/Developers/이수현/Collections/' took 0.00s
[2021.10.29-02.40.37:492][  0]LogFileCache: Scanning file cache for directory 'D:/Github/GitHub/UnrealEngineProject/UnrealCppProject/Content/Collections/' took 0.00s
[2021.10.29-02.40.37:492][  0]LogContentBrowser: Native class hierarchy populated in 0.0106 seconds. Added 3446 classes and 826 folders.
[2021.10.29-02.40.37:497][  0]LogContentBrowser: Native class hierarchy updated for 'WidgetCarousel' in 0.0005 seconds. Added 0 classes and 0 folders.
[2021.10.29-02.40.37:559][  0]LogShaderCompilers: Display: Worker (1/3): shaders left to compile 212
[2021.10.29-02.40.37:559][  0]LogContentBrowser: Native class hierarchy updated for 'AddContentDialog' in 0.0006 seconds. Added 0 classes and 0 folders.
[2021.10.29-02.40.37:565][  0]LogContentBrowser: Native class hierarchy updated for 'SceneOutliner' in 0.0006 seconds. Added 2 classes and 0 folders.
[2021.10.29-02.40.37:587][  0]LogContentBrowser: Native class hierarchy updated for 'HierarchicalLODOutliner' in 0.0005 seconds. Added 0 classes and 0 folders.
[2021.10.29-02.40.37:587][  0]LogLoad: (Engine Initialization) Total time: 6.47 seconds
[2021.10.29-02.40.37:587][  0]LogLoad: (Engine Initialization) Total Blueprint compile time: 0.00 seconds
[2021.10.29-02.40.37:630][  0]LogAssetRegistry: Asset discovery search completed in 3.2933 seconds
[2021.10.29-02.40.37:633][  0]LogCollectionManager: Fixed up redirectors for 0 collections in 0.000002 seconds (updated 0 objects)
[2021.10.29-02.40.37:635][  0]LogContentStreaming: Texture pool size now 1000 MB
[2021.10.29-02.40.37:642][  0]LogSlate: Took 0.000291 seconds to synchronously load lazily loaded font '../../../Engine/Content/Slate/Fonts/Roboto-Regular.ttf' (155K)
[2021.10.29-02.40.37:645][  0]LogSlate: Took 0.001589 seconds to synchronously load lazily loaded font '../../../Engine/Content/Editor/Slate/Fonts/NanumGothic.ttf' (4243K)
[2021.10.29-02.40.37:646][  0]LogSlate: Took 0.000290 seconds to synchronously load lazily loaded font '../../../Engine/Content/Editor/Slate/Fonts/FontAwesome.ttf' (139K)
[2021.10.29-02.40.37:647][  0]LogSlate: Took 0.001560 seconds to synchronously load lazily loaded font '../../../Engine/Content/Editor/Slate/Fonts/NanumGothicBold.ttf' (4188K)
[2021.10.29-02.40.37:648][  0]LogSlate: Took 0.000284 seconds to synchronously load lazily loaded font '../../../Engine/Content/Slate/Fonts/Roboto-Bold.ttf' (160K)
[2021.10.29-02.40.37:648][  0]LogSlate: Took 0.000127 seconds to synchronously load lazily loaded font '../../../Engine/Content/Slate/Fonts/DroidSansMono.ttf' (77K)
[2021.10.29-02.40.37:676][  0]LogSlate: Took 0.001388 seconds to synchronously load lazily loaded font '../../../Engine/Content/Editor/Slate/Fonts/NanumGothicExtraBold.ttf' (4074K)
[2021.10.29-02.40.37:752][  0]LogShaderCompilers: Display: Worker (2/3): shaders left to compile 202
[2021.10.29-02.40.37:752][  0]LogRenderer: Reallocating scene render targets to support 1256x588 Format 10 NumSamples 1 (Frame:1).
[2021.10.29-02.40.37:752][  0]LogSlate: Took 0.000412 seconds to synchronously load lazily loaded font '../../../Engine/Content/Slate/Fonts/Roboto-Light.ttf' (167K)
[2021.10.29-02.40.39:373][ 33]LogShaderCompilers: Display: Worker (1/3): shaders left to compile 192
[2021.10.29-02.40.39:656][ 58]LogShaderCompilers: Display: Worker (2/3): shaders left to compile 182
[2021.10.29-02.40.41:355][239]LogShaderCompilers: Display: Worker (1/3): shaders left to compile 172
[2021.10.29-02.40.41:590][258]LogShaderCompilers: Display: Worker (2/3): shaders left to compile 162
[2021.10.29-02.40.43:607][447]LogShaderCompilers: Display: Worker (1/3): shaders left to compile 152
[2021.10.29-02.40.44:700][566]LogShaderCompilers: Display: Worker (2/3): shaders left to compile 142
[2021.10.29-02.40.45:234][625]LogShaderCompilers: Display: Worker (1/3): shaders left to compile 132
[2021.10.29-02.40.45:236][625]LogSlate: Took 0.000191 seconds to synchronously load lazily loaded font '../../../Engine/Content/Slate/Fonts/Roboto-Light.ttf' (167K)
[2021.10.29-02.40.46:620][625]LogShaderCompilers: Display: Worker (2/3): shaders left to compile 122
[2021.10.29-02.40.46:794][625]LogShaderCompilers: Display: Worker (1/3): shaders left to compile 112
[2021.10.29-02.40.48:352][625]LogShaderCompilers: Display: Worker (2/3): shaders left to compile 102
[2021.10.29-02.40.49:049][625]LogShaderCompilers: Display: Worker (1/3): shaders left to compile 92
[2021.10.29-02.40.50:772][625]LogShaderCompilers: Display: Worker (2/3): shaders left to compile 82
[2021.10.29-02.40.51:433][625]LogShaderCompilers: Display: Worker (1/3): shaders left to compile 72
[2021.10.29-02.40.52:806][625]LogShaderCompilers: Display: Worker (2/3): shaders left to compile 62
[2021.10.29-02.40.53:916][625]LogShaderCompilers: Display: Worker (1/3): shaders left to compile 52
[2021.10.29-02.40.55:070][625]LogShaderCompilers: Display: Worker (2/3): shaders left to compile 42
[2021.10.29-02.40.55:527][625]LogShaderCompilers: Display: Worker (1/3): shaders left to compile 32
[2021.10.29-02.40.57:354][625]LogShaderCompilers: Display: Worker (2/3): shaders left to compile 22
[2021.10.29-02.40.58:169][625]LogShaderCompilers: Display: Worker (1/3): shaders left to compile 12
[2021.10.29-02.40.59:682][625]LogShaderCompilers: Display: Worker (2/3): shaders left to compile 5
[2021.10.29-02.41.00:154][625]LogShaderCompilers: Display: Worker (1/3): shaders left to compile 2
[2021.10.29-02.41.28:310][625]LogSlate: Window '부모 클래스 선택' being destroyed
[2021.10.29-02.42.00:587][416]LogUObjectHash: Compacting FUObjectHashTables data took   0.62ms
[2021.10.29-02.42.01:690][416]LogSlate: Window 'Delete Assets' being destroyed
[2021.10.29-02.42.01:748][416]LogUObjectHash: Compacting FUObjectHashTables data took   0.62ms
[2021.10.29-02.42.10:655][439]LogSlate: WidgetSwitcher ('None') active index changed to -1
[2021.10.29-02.42.10:655][439]LogSlate: WidgetSwitcher ('None') active index changed to 1
[2021.10.29-02.42.10:708][439]LogSlate: Took 0.000321 seconds to synchronously load lazily loaded font '../../../Engine/Content/Slate/Fonts/Roboto-BoldCondensed.ttf' (158K)
[2021.10.29-02.42.24:652][ 88]LogAssetEditorSubsystem: Opening Asset editor for Blueprint /Game/BluePrint/Collision/BP_CParticles.BP_CParticles
[2021.10.29-02.42.25:098][ 88]LogContentBrowser: Native class hierarchy updated for 'BlueprintGraph' in 0.0007 seconds. Added 125 classes and 0 folders.
[2021.10.29-02.42.25:914][ 88]LogSlate: Window '블루프린트 클래스 추가' being destroyed
[2021.10.29-02.42.49:698][160]LogSlate: Took 0.000213 seconds to synchronously load lazily loaded font '../../../Engine/Content/Slate/Fonts/Roboto-Italic.ttf' (157K)
[2021.10.29-02.43.13:907][482]Cmd: OBJ SAVEPACKAGE PACKAGE="/Game/BluePrint/Collision/BP_CParticles" FILE="../../../../../Github/GitHub/UnrealEngineProject/UnrealCppProject/Content/BluePrint/Collision/BP_CParticles.uasset" SILENT=true
[2021.10.29-02.43.13:916][482]LogSavePackage: Moving '../../../../../Github/GitHub/UnrealEngineProject/UnrealCppProject/Saved/BP_CParticles6B0AA3414D15E7E5E2C7B0A2D5D02824.tmp' to '../../../../../Github/GitHub/UnrealEngineProject/UnrealCppProject/Content/BluePrint/Collision/BP_CParticles.uasset'
[2021.10.29-02.43.13:932][482]AssetCheck: New page: 애셋 저장: BP_CParticles
[2021.10.29-02.43.13:932][482]LogContentValidation: Display: Blueprint /Game/BluePrint/Collision/BP_CParticles.BP_CParticles 유효성 검사
[2021.10.29-02.43.25:528][803]BlueprintLog: New page: BP_CParticles 컴파일
[2021.10.29-02.43.25:564][803]LogUObjectHash: Compacting FUObjectHashTables data took   2.21ms
[2021.10.29-02.43.26:965][965]Cmd: OBJ SAVEPACKAGE PACKAGE="/Game/BluePrint/Collision/BP_CParticles" FILE="../../../../../Github/GitHub/UnrealEngineProject/UnrealCppProject/Content/BluePrint/Collision/BP_CParticles.uasset" SILENT=true
[2021.10.29-02.43.26:972][965]LogSavePackage: Moving '../../../../../Github/GitHub/UnrealEngineProject/UnrealCppProject/Saved/BP_CParticles568E2D594A59E88DDA2CB5AD50BAA189.tmp' to '../../../../../Github/GitHub/UnrealEngineProject/UnrealCppProject/Content/BluePrint/Collision/BP_CParticles.uasset'
[2021.10.29-02.43.26:981][965]AssetCheck: New page: 애셋 저장: BP_CParticles
[2021.10.29-02.43.26:981][965]LogContentValidation: Display: Blueprint /Game/BluePrint/Collision/BP_CParticles.BP_CParticles 유효성 검사
[2021.10.29-02.43.32:748][589]LogSlate: Window 'BP_CParticles' being destroyed
[2021.10.29-02.43.32:752][589]LogSlate: Window 'BP_CParticles' being destroyed
[2021.10.29-02.43.32:765][589]LogWorld: UWorld::CleanupWorld for World_5, bSessionEnded=true, bCleanupResources=true
[2021.10.29-02.43.32:765][589]LogSlate: InvalidateAllWidgets triggered.  All widgets were invalidated
[2021.10.29-02.44.29:414][704]Cmd: DELETE
[2021.10.29-02.44.29:414][704]Cmd: ACTOR DELETE
[2021.10.29-02.44.29:427][704]LogEditorActor: Deleted Actor: BP_CParticles_C
[2021.10.29-02.44.29:443][704]LogUObjectHash: Compacting FUObjectHashTables data took   1.86ms
[2021.10.29-02.44.29:451][704]LogEditorActor: Deleted 1 Actors (0.029 secs)
[2021.10.29-02.44.30:601][838]LogAssetEditorSubsystem: Opening Asset editor for Blueprint /Game/BluePrint/Collision/BP_CParticles.BP_CParticles
[2021.10.29-02.44.32:239][988]LogSlate: Window 'BP_CParticles' being destroyed
[2021.10.29-02.44.32:252][988]LogWorld: UWorld::CleanupWorld for World_6, bSessionEnded=true, bCleanupResources=true
[2021.10.29-02.44.32:252][988]LogSlate: InvalidateAllWidgets triggered.  All widgets were invalidated
[2021.10.29-02.44.32:313][988]LogAssetEditorSubsystem: Opening Asset editor for Blueprint /Game/BluePrint/Collision/BP_CParticles.BP_CParticles
[2021.10.29-02.45.14:016][431]LogHotReload: New module detected: UE4Editor-UnrealCppProject-0001.dll
[2021.10.29-02.45.15:035][435]LogHotReload: Starting Hot-Reload from IDE
[2021.10.29-02.45.15:119][435]LogHotReload: Re-instancing CComponentOverlap after hot-reload.
[2021.10.29-02.45.15:133][435]LogHotReload: Re-instancing CMulticastTrigger after hot-reload.
[2021.10.29-02.45.15:145][435]LogHotReload: Re-instancing CParticles after hot-reload.
[2021.10.29-02.45.15:183][435]LogHotReload: Re-instancing CTrigger after hot-reload.
[2021.10.29-02.45.15:195][435]LogContentBrowser: Native class hierarchy updated for 'UnrealCppProject' in 0.0006 seconds. Added 19 classes and 5 folders.
[2021.10.29-02.45.15:198][435]Display: HotReload successful (17 functions remapped  0 scriptstructs remapped)
[2021.10.29-02.45.15:270][435]LogContentBrowser: Native class hierarchy populated in 0.0088 seconds. Added 3446 classes and 826 folders.
[2021.10.29-02.45.15:273][435]Display: HotReload took  0.2s.
[2021.10.29-02.45.22:611][899]LogSlate: Window 'BP_CParticles' being destroyed
[2021.10.29-02.45.22:615][899]LogSlate: Window 'BP_CParticles' being destroyed
[2021.10.29-02.45.22:624][899]LogWorld: UWorld::CleanupWorld for World_7, bSessionEnded=true, bCleanupResources=true
[2021.10.29-02.45.22:624][899]LogSlate: InvalidateAllWidgets triggered.  All widgets were invalidated
[2021.10.29-02.45.23:630][  9]LogAssetEditorSubsystem: Opening Asset editor for Blueprint /Game/BluePrint/Collision/BP_CParticles.BP_CParticles
[2021.10.29-02.46.13:459][922]LogSlate: Window 'BP_CParticles' being destroyed
[2021.10.29-02.46.13:463][922]LogSlate: Window 'BP_CParticles' being destroyed
[2021.10.29-02.46.13:463][922]LogWorld: UWorld::CleanupWorld for World_8, bSessionEnded=true, bCleanupResources=true
[2021.10.29-02.46.13:463][922]LogSlate: InvalidateAllWidgets triggered.  All widgets were invalidated
[2021.10.29-02.46.23:061][ 44]LogTemp: Repeating last play command: 선택된 뷰포트
[2021.10.29-02.46.23:075][ 44]LogPlayLevel: PlayLevel: No blueprints needed recompiling
[2021.10.29-02.46.23:075][ 44]PIE: New page: PIE 세션: 01Actor (2021. 10. 29. 오후 8:46:23)
[2021.10.29-02.46.23:076][ 44]LogOnline: OSS: Creating online subsystem instance for: NULL
[2021.10.29-02.46.23:078][ 44]LogOnline: OSS: TryLoadSubsystemAndSetDefault: Loaded subsystem for module [NULL]
[2021.10.29-02.46.23:078][ 44]LogPlayLevel: Creating play world package: /Game/Levels/UEDPIE_0_01Actor
[2021.10.29-02.46.23:082][ 44]LogPlayLevel: PIE: StaticDuplicateObject took: (0.003726s)
[2021.10.29-02.46.23:083][ 44]LogAIModule: Creating AISystem for world 01Actor
[2021.10.29-02.46.23:083][ 44]LogAISub: UAISubsystem::UAISubsystem EnvQueryManager (0000016A9079F800), frame # 20044
[2021.10.29-02.46.23:083][ 44]LogAISub: UAISubsystem::UAISubsystem AIPerceptionSystem (0000016A7EA7C2C0), frame # 20044
[2021.10.29-02.46.23:083][ 44]LogPlayLevel: PIE: World Init took: (0.001403s)
[2021.10.29-02.46.23:083][ 44]LogPlayLevel: PIE: Created PIE world by copying editor world from /Game/Levels/01Actor.01Actor to /Game/Levels/UEDPIE_0_01Actor.01Actor (0.005273s)
[2021.10.29-02.46.23:150][ 44]LogUObjectHash: Compacting FUObjectHashTables data took   3.44ms
[2021.10.29-02.46.23:154][ 44]LogAudioMixer: Display: Audio Mixer Platform Settings:
[2021.10.29-02.46.23:154][ 44]LogAudioMixer: Display: 	Sample Rate:						  48000
[2021.10.29-02.46.23:154][ 44]LogAudioMixer: Display: 	Callback Buffer Frame Size Requested: 1024
[2021.10.29-02.46.23:154][ 44]LogAudioMixer: Display: 	Callback Buffer Frame Size To Use:	  1024
[2021.10.29-02.46.23:154][ 44]LogAudioMixer: Display: 	Number of buffers to queue:			  2
[2021.10.29-02.46.23:154][ 44]LogAudioMixer: Display: 	Max Channels (voices):				  32
[2021.10.29-02.46.23:154][ 44]LogAudioMixer: Display: 	Number of Async Source Workers:		  0
[2021.10.29-02.46.23:154][ 44]LogAudio: Display: AudioDevice MaxSources: 32
[2021.10.29-02.46.23:154][ 44]LogAudio: Display: Using built-in audio occlusion.
[2021.10.29-02.46.23:154][ 44]LogAudioMixer: Display: Initializing audio mixer.
[2021.10.29-02.46.23:157][ 44]LogAudioMixer: Display: 0: FrontLeft
[2021.10.29-02.46.23:157][ 44]LogAudioMixer: Display: 1: FrontRight
[2021.10.29-02.46.23:175][ 44]LogAudioMixer: Display: Using Audio Device 스피커(Realtek(R) Audio)
[2021.10.29-02.46.23:175][ 44]LogAudioMixer: Display: Initializing Sound Submixes...
[2021.10.29-02.46.23:175][ 44]LogAudioMixer: Display: Creating Master Submix 'MasterSubmixDefault'
[2021.10.29-02.46.23:175][ 44]LogAudioMixer: Display: Creating Master Submix 'MasterReverbSubmixDefault'
[2021.10.29-02.46.23:176][ 44]LogAudioMixer: Display: Creating Master Submix 'MasterEQSubmixDefault'
[2021.10.29-02.46.23:187][ 44]LogInit: FAudioDevice initialized.
[2021.10.29-02.46.23:192][ 44]LogLoad: Game class is 'UnrealCppProjectGameModeBase'
[2021.10.29-02.46.23:194][ 44]LogWorld: Bringing World /Game/Levels/UEDPIE_0_01Actor.01Actor up for play (max tick rate 0) at 2021.10.29-11.46.23
[2021.10.29-02.46.23:194][ 44]LogWorld: Bringing up level for play took: 0.000996
[2021.10.29-02.46.23:194][ 44]LogOnline: OSS: Creating online subsystem instance for: :Context_10
[2021.10.29-02.46.23:221][ 44]LogContentBrowser: Native class hierarchy updated for 'MovieSceneCapture' in 0.0005 seconds. Added 20 classes and 0 folders.
[2021.10.29-02.46.23:222][ 44]A : 10 , B : 20 , C : 30 , D : 40
[2021.10.29-02.46.23:222][ 44]A : 10 , B : 20 , C : 30 , D : 40
[2021.10.29-02.46.23:222][ 44]A : 10 , B : 20 , C : 30 , D : 40
[2021.10.29-02.46.23:222][ 44]GameProject: Display: 33
[2021.10.29-02.46.23:222][ 44]GameProject: Display: 3.141593
[2021.10.29-02.46.23:222][ 44]GameProject: Display: UnrealCppProject
[2021.10.29-02.46.23:223][ 44]GameProject: Display: X=990.000 Y=-950.000 Z=350.000
[2021.10.29-02.46.23:223][ 44]GameProject: Display: P=0.000000 Y=0.000000 R=0.000000
[2021.10.29-02.46.23:223][ 44]GameProject: Display: BP_CLogActor_2 Not NULL
[2021.10.29-02.46.23:223][ 44]GameProject: Display: ACLogActor::BeginPlay , 31
[2021.10.29-02.46.23:223][ 44]GameProject: Display: Connected !!! ~~~~~~~~~~~~~~~~~~~~~~
[2021.10.29-02.46.23:223][ 44]LogOutputDevice: Warning: 

Script Stack (0 frames):

[2021.10.29-02.46.23:223][ 44]LogWindows: Windows GetLastError: 작업을 완료했습니다. (0)
[2021.10.29-02.46.24:651][ 44]LogWindows: Error: === Critical error: ===
[2021.10.29-02.46.24:651][ 44]LogWindows: Error: 
[2021.10.29-02.46.24:651][ 44]LogWindows: Error: Assertion failed: (Index >= 0) & (Index < ArrayNum) [File:D:\Epic Games\UE_4.25\Engine\Source\Runtime\Core\Public\Containers/Array.h] [Line: 674] 
[2021.10.29-02.46.24:651][ 44]LogWindows: Error: Array index out of bounds: 0 from an array of size 0
[2021.10.29-02.46.24:651][ 44]LogWindows: Error: 
[2021.10.29-02.46.24:651][ 44]LogWindows: Error: 
[2021.10.29-02.46.24:651][ 44]LogWindows: Error: [Callstack] 0x00007ffd89384f99 KERNELBASE.dll!UnknownFunction []
[2021.10.29-02.46.24:651][ 44]LogWindows: Error: [Callstack] 0x00007ffd3f93ec66 UE4Editor-Core.dll!UnknownFunction []
[2021.10.29-02.46.24:651][ 44]LogWindows: Error: [Callstack] 0x00007ffd3f942048 UE4Editor-Core.dll!UnknownFunction []
[2021.10.29-02.46.24:651][ 44]LogWindows: Error: [Callstack] 0x00007ffd3f6ce52d UE4Editor-Core.dll!UnknownFunction []
[2021.10.29-02.46.24:651][ 44]LogWindows: Error: [Callstack] 0x00007ffd3f6597c5 UE4Editor-Core.dll!UnknownFunction []
[2021.10.29-02.46.24:651][ 44]LogWindows: Error: [Callstack] 0x00007ffd3f65bb00 UE4Editor-Core.dll!UnknownFunction []
[2021.10.29-02.46.24:651][ 44]LogWindows: Error: [Callstack] 0x00007ffd24242d68 UE4Editor-UnrealCppProject-0001.dll!DispatchCheckVerify<void,<lambda_1964cd9d24090237d1b432eca494dcc0> >() [d:\epic games\ue_4.25\engine\source\runtime\core\public\misc\assertionmacros.h:162]
[2021.10.29-02.46.24:651][ 44]LogWindows: Error: [Callstack] 0x00007ffd2422f5a7 UE4Editor-UnrealCppProject-0001.dll!ACParticles::BeginPlay() [d:\github\github\unrealengineproject\unrealcppproject\source\unrealcppproject\collision\cparticles.cpp:33]
[2021.10.29-02.46.24:651][ 44]LogWindows: Error: [Callstack] 0x00007ffd3995097c UE4Editor-Engine.dll!UnknownFunction []
[2021.10.29-02.46.24:651][ 44]LogWindows: Error: [Callstack] 0x00007ffd3abf958d UE4Editor-Engine.dll!UnknownFunction []
[2021.10.29-02.46.24:651][ 44]LogWindows: Error: [Callstack] 0x00007ffd3a033151 UE4Editor-Engine.dll!UnknownFunction []
[2021.10.29-02.46.24:651][ 44]LogWindows: Error: [Callstack] 0x00007ffd3aba3a2e UE4Editor-Engine.dll!UnknownFunction []
[2021.10.29-02.46.24:651][ 44]LogWindows: Error: [Callstack] 0x00007ffd3a0544e9 UE4Editor-Engine.dll!UnknownFunction []
[2021.10.29-02.46.24:651][ 44]LogWindows: Error: [Callstack] 0x00007ffd378c595c UE4Editor-UnrealEd.dll!UnknownFunction []
[2021.10.29-02.46.24:651][ 44]LogWindows: Error: [Callstack] 0x00007ffd378e682c UE4Editor-UnrealEd.dll!UnknownFunction []
[2021.10.29-02.46.24:651][ 44]LogWindows: Error: [Callstack] 0x00007ffd378c6899 UE4Editor-UnrealEd.dll!UnknownFunction []
[2021.10.29-02.46.24:651][ 44]LogWindows: Error: [Callstack] 0x00007ffd379023da UE4Editor-UnrealEd.dll!UnknownFunction []
[2021.10.29-02.46.24:651][ 44]LogWindows: Error: [Callstack] 0x00007ffd3790569d UE4Editor-UnrealEd.dll!UnknownFunction []
[2021.10.29-02.46.24:651][ 44]LogWindows: Error: [Callstack] 0x00007ffd37905078 UE4Editor-UnrealEd.dll!UnknownFunction []
[2021.10.29-02.46.24:651][ 44]LogWindows: Error: [Callstack] 0x00007ffd3738a854 UE4Editor-UnrealEd.dll!UnknownFunction []
[2021.10.29-02.46.24:651][ 44]LogWindows: Error: [Callstack] 0x00007ffd37c637e6 UE4Editor-UnrealEd.dll!UnknownFunction []
[2021.10.29-02.46.24:651][ 44]LogWindows: Error: [Callstack] 0x00007ff7b5ef7800 UE4Editor.exe!UnknownFunction []
[2021.10.29-02.46.24:651][ 44]LogWindows: Error: [Callstack] 0x00007ff7b5f0ba7c UE4Editor.exe!UnknownFunction []
[2021.10.29-02.46.24:651][ 44]LogWindows: Error: [Callstack] 0x00007ff7b5f0bb5a UE4Editor.exe!UnknownFunction []
[2021.10.29-02.46.24:651][ 44]LogWindows: Error: [Callstack] 0x00007ff7b5f1e31d UE4Editor.exe!UnknownFunction []
[2021.10.29-02.46.24:651][ 44]LogWindows: Error: [Callstack] 0x00007ff7b5f2145a UE4Editor.exe!UnknownFunction []
[2021.10.29-02.46.24:651][ 44]LogWindows: Error: [Callstack] 0x00007ffd8a3e7034 KERNEL32.DLL!UnknownFunction []
[2021.10.29-02.46.24:651][ 44]LogWindows: Error: [Callstack] 0x00007ffd8b782651 ntdll.dll!UnknownFunction []
[2021.10.29-02.46.24:651][ 44]LogWindows: Error: 
[2021.10.29-02.46.24:664][ 44]LogExit: Executing StaticShutdownAfterError
[2021.10.29-02.46.24:667][ 44]LogWindows: FPlatformMisc::RequestExit(1)
[2021.10.29-02.46.24:667][ 44]LogCore: Engine exit requested (reason: Win RequestExit)
[2021.10.29-02.46.24:670][ 44]Log file closed, 10/29/21 11:46:24
